[0m08:50:46  Running with dbt=1.8.9
[0m08:50:47  Registered adapter: postgres=1.8.2
[0m08:50:47  Unable to do partial parsing because saved manifest not found. Starting full parse.
[0m08:50:51  [[33mWARNING[0m]: Deprecated functionality
The `tests` config has been renamed to `data_tests`. Please see
https://docs.getdbt.com/docs/build/data-tests#new-data_tests-syntax for more
information.
[0m08:50:52  Found 48 models, 123 data tests, 2 operations, 12 sources, 1618 macros
[0m08:50:52  
[0m08:50:56  
[0m08:50:56  Running 1 on-run-start hook
[0m08:50:56  Elementary: Runtime data: {"config": {}, "dbt_version": "1.8.9", "elementary_version": "0.19.4", "database": "postgres", "schema": "elementary"}
[0m08:50:57  1 of 1 START hook: elementary.on-run-start.0 ................................... [RUN]
[0m08:50:57  1 of 1 OK hook: elementary.on-run-start.0 ...................................... [[32mOK[0m in 0.00s]
[0m08:50:57  
[0m08:50:57  Concurrency: 4 threads (target='prod')
[0m08:50:57  
[0m08:50:57  1 of 171 START sql incremental model elementary.data_monitoring_metrics ........ [RUN]
[0m08:50:57  2 of 171 START sql incremental model elementary.dbt_columns .................... [RUN]
[0m08:50:57  3 of 171 START sql incremental model elementary.dbt_exposures .................. [RUN]
[0m08:50:57  4 of 171 START sql incremental model elementary.dbt_groups ..................... [RUN]
[0m08:50:59  1 of 171 OK created sql incremental model elementary.data_monitoring_metrics ... [[32mINSERT 0 0[0m in 2.59s]
[0m08:50:59  5 of 171 START sql incremental model elementary.dbt_invocations ................ [RUN]
[0m08:51:00  3 of 171 OK created sql incremental model elementary.dbt_exposures ............. [[32mINSERT 0 0[0m in 3.03s]
[0m08:51:00  4 of 171 OK created sql incremental model elementary.dbt_groups ................ [[32mINSERT 0 0[0m in 3.03s]
[0m08:51:00  6 of 171 START sql incremental model elementary.dbt_metrics .................... [RUN]
[0m08:51:00  7 of 171 START sql incremental model elementary.dbt_models ..................... [RUN]
[0m08:51:00  2 of 171 OK created sql incremental model elementary.dbt_columns ............... [[32mINSERT 0 0[0m in 3.17s]
[0m08:51:00  8 of 171 START sql incremental model elementary.dbt_run_results ................ [RUN]
[0m08:51:02  5 of 171 OK created sql incremental model elementary.dbt_invocations ........... [[32mINSERT 0 0[0m in 2.30s]
[0m08:51:02  9 of 171 START sql incremental model elementary.dbt_seeds ...................... [RUN]
[0m08:51:02  6 of 171 OK created sql incremental model elementary.dbt_metrics ............... [[32mINSERT 0 0[0m in 2.25s]
[0m08:51:02  10 of 171 START sql incremental model elementary.dbt_snapshots ................. [RUN]
[0m08:51:02  8 of 171 OK created sql incremental model elementary.dbt_run_results ........... [[32mINSERT 0 0[0m in 2.22s]
[0m08:51:02  11 of 171 START sql incremental model elementary.dbt_source_freshness_results .. [RUN]
[0m08:51:02  7 of 171 OK created sql incremental model elementary.dbt_models ................ [[32mINSERT 0 0[0m in 2.41s]
[0m08:51:02  12 of 171 START sql incremental model elementary.dbt_sources ................... [RUN]
[0m08:51:04  9 of 171 OK created sql incremental model elementary.dbt_seeds ................. [[32mINSERT 0 0[0m in 2.41s]
[0m08:51:04  13 of 171 START sql incremental model elementary.dbt_tests ..................... [RUN]
[0m08:51:04  11 of 171 OK created sql incremental model elementary.dbt_source_freshness_results  [[32mINSERT 0 0[0m in 2.13s]
[0m08:51:04  14 of 171 START sql incremental model elementary.elementary_test_results ....... [RUN]
[0m08:51:04  10 of 171 OK created sql incremental model elementary.dbt_snapshots ............ [[32mINSERT 0 0[0m in 2.32s]
[0m08:51:04  15 of 171 START sql table model elementary.metadata ............................ [RUN]
[0m08:51:04  12 of 171 OK created sql incremental model elementary.dbt_sources .............. [[32mINSERT 0 0[0m in 2.25s]
[0m08:51:04  16 of 171 START sql incremental model elementary.schema_columns_snapshot ....... [RUN]
[0m08:51:06  15 of 171 OK created sql table model elementary.metadata ....................... [[32mSELECT 1[0m in 1.89s]
[0m08:51:06  17 of 171 START sql view model public.stg_workable_jobs ........................ [RUN]
[0m08:51:07  14 of 171 OK created sql incremental model elementary.elementary_test_results .. [[32mINSERT 0 0[0m in 2.24s]
[0m08:51:07  18 of 171 START test dbt_expectations_source_expect_table_columns_to_match_set_ashby_ashby_job_departments_id__levergreen_id__created_at__updated_at__company_name__ashby_job_board_source__run_hash__raw_json_file_location__existing_json_used__department_id__department_name__parent_department_id  [RUN]
[0m08:51:07  13 of 171 OK created sql incremental model elementary.dbt_tests ................ [[32mINSERT 0 0[0m in 2.70s]
[0m08:51:07  19 of 171 START test dbt_expectations_source_expect_table_columns_to_match_set_ashby_ashby_job_locations_id__levergreen_id__created_at__updated_at__company_name__ashby_job_board_source__run_hash__raw_json_file_location__existing_json_used__opening_id__secondary_location_id__secondary_location_name  [RUN]
[0m08:51:07  16 of 171 OK created sql incremental model elementary.schema_columns_snapshot .. [[32mINSERT 0 0[0m in 2.42s]
[0m08:51:07  20 of 171 START test dbt_expectations_source_expect_table_columns_to_match_set_ashby_ashby_jobs_outline_id__levergreen_id__created_at__updated_at__company_name__source__run_hash__raw_json_file_location__existing_json_used__opening_id__opening_name__department_id__location_id__location_name__employment_type__compensation_tier__opening_link  [RUN]
[0m08:51:08  [[33mWARNING[0m]: Installed package 'elementary' is overriding the built-in
materialization 'test'. Overrides of built-in materializations from installed
packages will be deprecated in future versions of dbt. Please refer to https://d
ocs.getdbt.com/reference/global-configs/legacy-behaviors#require_explicit_packag
e_overrides_for_builtin_materializations for detailed documentation and
suggested workarounds.
[0m08:51:08  17 of 171 ERROR creating sql view model public.stg_workable_jobs ............... [[31mERROR[0m in 1.64s]
[0m08:51:08  21 of 171 START test dbt_expectations_source_expect_table_columns_to_match_set_greenhouse_greenhouse_job_departments_id__levergreen_id__created_at__updated_at__source__company_name__department_category__department_id__department_name__existing_html_used__raw_html_file_location__run_hash  [RUN]
[0m08:51:08  18 of 171 PASS dbt_expectations_source_expect_table_columns_to_match_set_ashby_ashby_job_departments_id__levergreen_id__created_at__updated_at__company_name__ashby_job_board_source__run_hash__raw_json_file_location__existing_json_used__department_id__department_name__parent_department_id  [[32mPASS[0m in 1.62s]
[0m08:51:08  22 of 171 START test dbt_expectations_source_expect_table_columns_to_match_set_greenhouse_greenhouse_jobs_outline_id__levergreen_id__created_at__updated_at__source__department_ids__location__office_ids__opening_link__opening_title__existing_html_used__run_hash__raw_html_file_location  [RUN]
[0m08:51:08  20 of 171 PASS dbt_expectations_source_expect_table_columns_to_match_set_ashby_ashby_jobs_outline_id__levergreen_id__created_at__updated_at__company_name__source__run_hash__raw_json_file_location__existing_json_used__opening_id__opening_name__department_id__location_id__location_name__employment_type__compensation_tier__opening_link  [[32mPASS[0m in 1.48s]
[0m08:51:08  23 of 171 START test dbt_expectations_source_expect_table_columns_to_match_set_lever_lever_jobs_outline_id__levergreen_id__created_at__updated_at__source__department_names__location__workplace_type__opening_link__opening_title__company_name__existing_html_used__raw_html_file_location__run_hash  [RUN]
[0m08:51:08  19 of 171 PASS dbt_expectations_source_expect_table_columns_to_match_set_ashby_ashby_job_locations_id__levergreen_id__created_at__updated_at__company_name__ashby_job_board_source__run_hash__raw_json_file_location__existing_json_used__opening_id__secondary_location_id__secondary_location_name  [[32mPASS[0m in 1.55s]
[0m08:51:08  24 of 171 START test dbt_expectations_source_expect_table_columns_to_match_set_levergreen_job_board_urls_id__company_url__is_enabled__is_prospect__is_web_scraped__ats__company  [RUN]
[0m08:51:09  21 of 171 PASS dbt_expectations_source_expect_table_columns_to_match_set_greenhouse_greenhouse_job_departments_id__levergreen_id__created_at__updated_at__source__company_name__department_category__department_id__department_name__existing_html_used__raw_html_file_location__run_hash  [[32mPASS[0m in 1.52s]
[0m08:51:09  25 of 171 START test dbt_expectations_source_expect_table_columns_to_match_set_rippling_rippling_jobs_outline_id__job_id__created_at__title__url__location__board_token__department__run_hash__api_endpoint  [RUN]
[0m08:51:10  22 of 171 PASS dbt_expectations_source_expect_table_columns_to_match_set_greenhouse_greenhouse_jobs_outline_id__levergreen_id__created_at__updated_at__source__department_ids__location__office_ids__opening_link__opening_title__existing_html_used__run_hash__raw_html_file_location  [[32mPASS[0m in 1.54s]
[0m08:51:10  26 of 171 START test source_accepted_values_ashby_ashby_jobs_outline_employment_type__Intern__Contract__PartTime__FullTime__Temporary  [RUN]
[0m08:51:10  23 of 171 PASS dbt_expectations_source_expect_table_columns_to_match_set_lever_lever_jobs_outline_id__levergreen_id__created_at__updated_at__source__department_names__location__workplace_type__opening_link__opening_title__company_name__existing_html_used__raw_html_file_location__run_hash  [[32mPASS[0m in 1.66s]
[0m08:51:10  27 of 171 START test source_accepted_values_greenhouse_greenhouse_job_departments_department_category__level_0__level_1__level_2__level_3__level_4__level_5  [RUN]
[0m08:51:10  24 of 171 FAIL 2 dbt_expectations_source_expect_table_columns_to_match_set_levergreen_job_board_urls_id__company_url__is_enabled__is_prospect__is_web_scraped__ats__company  [[31mFAIL 2[0m in 1.78s]
[0m08:51:10  28 of 171 START test source_accepted_values_lever_lever_jobs_outline_workplace_type__On_site__Remote__Hybrid  [RUN]
[0m08:51:11  26 of 171 PASS source_accepted_values_ashby_ashby_jobs_outline_employment_type__Intern__Contract__PartTime__FullTime__Temporary  [[32mPASS[0m in 1.41s]
[0m08:51:11  29 of 171 START test source_not_null_ashby_ashby_job_departments_company_name .. [RUN]
[0m08:51:11  25 of 171 FAIL 1 dbt_expectations_source_expect_table_columns_to_match_set_rippling_rippling_jobs_outline_id__job_id__created_at__title__url__location__board_token__department__run_hash__api_endpoint  [[31mFAIL 1[0m in 1.70s]
[0m08:51:11  30 of 171 START test source_not_null_ashby_ashby_job_departments_created_at .... [RUN]
[0m08:51:11  27 of 171 PASS source_accepted_values_greenhouse_greenhouse_job_departments_department_category__level_0__level_1__level_2__level_3__level_4__level_5  [[32mPASS[0m in 1.42s]
[0m08:51:11  31 of 171 START test source_not_null_ashby_ashby_job_departments_id ............ [RUN]
[0m08:51:12  28 of 171 PASS source_accepted_values_lever_lever_jobs_outline_workplace_type__On_site__Remote__Hybrid  [[32mPASS[0m in 1.41s]
[0m08:51:12  32 of 171 START test source_not_null_ashby_ashby_job_departments_levergreen_id . [RUN]
[0m08:51:13  30 of 171 PASS source_not_null_ashby_ashby_job_departments_created_at .......... [[32mPASS[0m in 1.41s]
[0m08:51:13  29 of 171 PASS source_not_null_ashby_ashby_job_departments_company_name ........ [[32mPASS[0m in 1.42s]
[0m08:51:13  33 of 171 START test source_not_null_ashby_ashby_job_departments_source ........ [RUN]
[0m08:51:13  34 of 171 START test source_not_null_ashby_ashby_job_departments_updated_at .... [RUN]
[0m08:51:13  32 of 171 PASS source_not_null_ashby_ashby_job_departments_levergreen_id ....... [[32mPASS[0m in 1.32s]
[0m08:51:13  35 of 171 START test source_not_null_ashby_ashby_job_locations_company_name .... [RUN]
[0m08:51:13  31 of 171 PASS source_not_null_ashby_ashby_job_departments_id .................. [[32mPASS[0m in 1.46s]
[0m08:51:13  36 of 171 START test source_not_null_ashby_ashby_job_locations_created_at ...... [RUN]
[0m08:51:14  33 of 171 ERROR source_not_null_ashby_ashby_job_departments_source ............. [[31mERROR[0m in 1.36s]
[0m08:51:14  37 of 171 START test source_not_null_ashby_ashby_job_locations_id .............. [RUN]
[0m08:51:14  34 of 171 PASS source_not_null_ashby_ashby_job_departments_updated_at .......... [[32mPASS[0m in 1.40s]
[0m08:51:14  38 of 171 START test source_not_null_ashby_ashby_job_locations_levergreen_id ... [RUN]
[0m08:51:14  35 of 171 PASS source_not_null_ashby_ashby_job_locations_company_name .......... [[32mPASS[0m in 1.39s]
[0m08:51:14  39 of 171 START test source_not_null_ashby_ashby_job_locations_source .......... [RUN]
[0m08:51:14  36 of 171 PASS source_not_null_ashby_ashby_job_locations_created_at ............ [[32mPASS[0m in 1.38s]
[0m08:51:14  40 of 171 START test source_not_null_ashby_ashby_job_locations_updated_at ...... [RUN]
[0m08:51:15  37 of 171 PASS source_not_null_ashby_ashby_job_locations_id .................... [[32mPASS[0m in 1.30s]
[0m08:51:15  41 of 171 START test source_not_null_ashby_ashby_jobs_outline_ashby_job_board_source  [RUN]
[0m08:51:15  38 of 171 PASS source_not_null_ashby_ashby_job_locations_levergreen_id ......... [[32mPASS[0m in 1.37s]
[0m08:51:15  42 of 171 START test source_not_null_ashby_ashby_jobs_outline_company_name ..... [RUN]
[0m08:51:16  39 of 171 ERROR source_not_null_ashby_ashby_job_locations_source ............... [[31mERROR[0m in 1.39s]
[0m08:51:16  43 of 171 START test source_not_null_ashby_ashby_jobs_outline_created_at ....... [RUN]
[0m08:51:16  40 of 171 PASS source_not_null_ashby_ashby_job_locations_updated_at ............ [[32mPASS[0m in 1.49s]
[0m08:51:16  44 of 171 START test source_not_null_ashby_ashby_jobs_outline_id ............... [RUN]
[0m08:51:16  41 of 171 ERROR source_not_null_ashby_ashby_jobs_outline_ashby_job_board_source  [[31mERROR[0m in 1.32s]
[0m08:51:16  45 of 171 START test source_not_null_ashby_ashby_jobs_outline_levergreen_id .... [RUN]
[0m08:51:17  42 of 171 PASS source_not_null_ashby_ashby_jobs_outline_company_name ........... [[32mPASS[0m in 1.37s]
[0m08:51:17  46 of 171 START test source_not_null_ashby_ashby_jobs_outline_location_id ...... [RUN]
[0m08:51:17  43 of 171 PASS source_not_null_ashby_ashby_jobs_outline_created_at ............. [[32mPASS[0m in 1.48s]
[0m08:51:17  47 of 171 START test source_not_null_ashby_ashby_jobs_outline_location_name .... [RUN]
[0m08:51:17  44 of 171 PASS source_not_null_ashby_ashby_jobs_outline_id ..................... [[32mPASS[0m in 1.41s]
[0m08:51:17  48 of 171 START test source_not_null_ashby_ashby_jobs_outline_opening_id ....... [RUN]
[0m08:51:18  45 of 171 PASS source_not_null_ashby_ashby_jobs_outline_levergreen_id .......... [[32mPASS[0m in 1.38s]
[0m08:51:18  49 of 171 START test source_not_null_ashby_ashby_jobs_outline_opening_name ..... [RUN]
[0m08:51:18  46 of 171 PASS source_not_null_ashby_ashby_jobs_outline_location_id ............ [[32mPASS[0m in 1.37s]
[0m08:51:18  50 of 171 START test source_not_null_ashby_ashby_jobs_outline_updated_at ....... [RUN]
[0m08:51:18  47 of 171 PASS source_not_null_ashby_ashby_jobs_outline_location_name .......... [[32mPASS[0m in 1.32s]
[0m08:51:18  51 of 171 START test source_not_null_greenhouse_greenhouse_job_departments_company_name  [RUN]
[0m08:51:19  48 of 171 PASS source_not_null_ashby_ashby_jobs_outline_opening_id ............. [[32mPASS[0m in 1.39s]
[0m08:51:19  52 of 171 START test source_not_null_greenhouse_greenhouse_job_departments_created_at  [RUN]
[0m08:51:19  49 of 171 PASS source_not_null_ashby_ashby_jobs_outline_opening_name ........... [[32mPASS[0m in 1.42s]
[0m08:51:19  53 of 171 START test source_not_null_greenhouse_greenhouse_job_departments_id .. [RUN]
[0m08:51:19  50 of 171 PASS source_not_null_ashby_ashby_jobs_outline_updated_at ............. [[32mPASS[0m in 1.40s]
[0m08:51:19  54 of 171 START test source_not_null_greenhouse_greenhouse_job_departments_levergreen_id  [RUN]
[0m08:51:20  51 of 171 PASS source_not_null_greenhouse_greenhouse_job_departments_company_name  [[32mPASS[0m in 1.39s]
[0m08:51:20  55 of 171 START test source_not_null_greenhouse_greenhouse_job_departments_source  [RUN]
[0m08:51:20  52 of 171 PASS source_not_null_greenhouse_greenhouse_job_departments_created_at  [[32mPASS[0m in 1.30s]
[0m08:51:20  56 of 171 START test source_not_null_greenhouse_greenhouse_job_departments_updated_at  [RUN]
[0m08:51:21  53 of 171 PASS source_not_null_greenhouse_greenhouse_job_departments_id ........ [[32mPASS[0m in 1.37s]
[0m08:51:21  57 of 171 START test source_not_null_greenhouse_greenhouse_jobs_outline_created_at  [RUN]
[0m08:51:21  54 of 171 PASS source_not_null_greenhouse_greenhouse_job_departments_levergreen_id  [[32mPASS[0m in 1.35s]
[0m08:51:21  58 of 171 START test source_not_null_greenhouse_greenhouse_jobs_outline_id ..... [RUN]
[0m08:51:21  55 of 171 PASS source_not_null_greenhouse_greenhouse_job_departments_source .... [[32mPASS[0m in 1.36s]
[0m08:51:21  59 of 171 START test source_not_null_greenhouse_greenhouse_jobs_outline_levergreen_id  [RUN]
[0m08:51:21  56 of 171 PASS source_not_null_greenhouse_greenhouse_job_departments_updated_at  [[32mPASS[0m in 1.40s]
[0m08:51:21  60 of 171 START test source_not_null_greenhouse_greenhouse_jobs_outline_location  [RUN]
[0m08:51:22  57 of 171 PASS source_not_null_greenhouse_greenhouse_jobs_outline_created_at ... [[32mPASS[0m in 1.33s]
[0m08:51:22  61 of 171 START test source_not_null_greenhouse_greenhouse_jobs_outline_opening_link  [RUN]
[0m08:51:22  58 of 171 PASS source_not_null_greenhouse_greenhouse_jobs_outline_id ........... [[32mPASS[0m in 1.32s]
[0m08:51:22  62 of 171 START test source_not_null_greenhouse_greenhouse_jobs_outline_opening_title  [RUN]
[0m08:51:23  59 of 171 PASS source_not_null_greenhouse_greenhouse_jobs_outline_levergreen_id  [[32mPASS[0m in 1.38s]
[0m08:51:23  63 of 171 START test source_not_null_greenhouse_greenhouse_jobs_outline_source . [RUN]
[0m08:51:23  60 of 171 PASS source_not_null_greenhouse_greenhouse_jobs_outline_location ..... [[32mPASS[0m in 1.39s]
[0m08:51:23  64 of 171 START test source_not_null_greenhouse_greenhouse_jobs_outline_updated_at  [RUN]
[0m08:51:23  61 of 171 PASS source_not_null_greenhouse_greenhouse_jobs_outline_opening_link . [[32mPASS[0m in 1.38s]
[0m08:51:23  65 of 171 START test source_not_null_lever_lever_jobs_outline_created_at ....... [RUN]
[0m08:51:24  62 of 171 PASS source_not_null_greenhouse_greenhouse_jobs_outline_opening_title  [[32mPASS[0m in 1.46s]
[0m08:51:24  66 of 171 START test source_not_null_lever_lever_jobs_outline_department_names . [RUN]
[0m08:51:24  63 of 171 PASS source_not_null_greenhouse_greenhouse_jobs_outline_source ....... [[32mPASS[0m in 1.38s]
[0m08:51:24  67 of 171 START test source_not_null_lever_lever_jobs_outline_id ............... [RUN]
[0m08:51:24  64 of 171 PASS source_not_null_greenhouse_greenhouse_jobs_outline_updated_at ... [[32mPASS[0m in 1.38s]
[0m08:51:24  68 of 171 START test source_not_null_lever_lever_jobs_outline_levergreen_id .... [RUN]
[0m08:51:25  65 of 171 PASS source_not_null_lever_lever_jobs_outline_created_at ............. [[32mPASS[0m in 1.38s]
[0m08:51:25  69 of 171 START test source_not_null_lever_lever_jobs_outline_location ......... [RUN]
[0m08:51:25  66 of 171 PASS source_not_null_lever_lever_jobs_outline_department_names ....... [[32mPASS[0m in 1.40s]
[0m08:51:25  70 of 171 START test source_not_null_lever_lever_jobs_outline_opening_link ..... [RUN]
[0m08:51:25  67 of 171 PASS source_not_null_lever_lever_jobs_outline_id ..................... [[32mPASS[0m in 1.41s]
[0m08:51:25  71 of 171 START test source_not_null_lever_lever_jobs_outline_opening_title .... [RUN]
[0m08:51:25  68 of 171 PASS source_not_null_lever_lever_jobs_outline_levergreen_id .......... [[32mPASS[0m in 1.38s]
[0m08:51:25  72 of 171 START test source_not_null_lever_lever_jobs_outline_source ........... [RUN]
[0m08:51:26  69 of 171 PASS source_not_null_lever_lever_jobs_outline_location ............... [[32mPASS[0m in 1.39s]
[0m08:51:26  73 of 171 START test source_not_null_lever_lever_jobs_outline_updated_at ....... [RUN]
[0m08:51:26  70 of 171 PASS source_not_null_lever_lever_jobs_outline_opening_link ........... [[32mPASS[0m in 1.38s]
[0m08:51:26  74 of 171 START test source_not_null_levergreen_job_board_urls_company_url ..... [RUN]
[0m08:51:27  71 of 171 PASS source_not_null_lever_lever_jobs_outline_opening_title .......... [[32mPASS[0m in 1.35s]
[0m08:51:27  75 of 171 START test source_not_null_levergreen_job_board_urls_id .............. [RUN]
[0m08:51:27  72 of 171 PASS source_not_null_lever_lever_jobs_outline_source ................. [[32mPASS[0m in 1.39s]
[0m08:51:27  76 of 171 START test source_not_null_rippling_rippling_jobs_outline_api_endpoint  [RUN]
[0m08:51:28  73 of 171 PASS source_not_null_lever_lever_jobs_outline_updated_at ............. [[32mPASS[0m in 1.42s]
[0m08:51:28  77 of 171 START test source_not_null_rippling_rippling_jobs_outline_board_token  [RUN]
[0m08:51:28  74 of 171 PASS source_not_null_levergreen_job_board_urls_company_url ........... [[32mPASS[0m in 1.30s]
[0m08:51:28  78 of 171 START test source_not_null_rippling_rippling_jobs_outline_created_at . [RUN]
[0m08:51:28  75 of 171 PASS source_not_null_levergreen_job_board_urls_id .................... [[32mPASS[0m in 1.37s]
[0m08:51:28  79 of 171 START test source_not_null_rippling_rippling_jobs_outline_department . [RUN]
[0m08:51:28  76 of 171 PASS source_not_null_rippling_rippling_jobs_outline_api_endpoint ..... [[32mPASS[0m in 1.39s]
[0m08:51:28  80 of 171 START test source_not_null_rippling_rippling_jobs_outline_id ......... [RUN]
[0m08:51:29  77 of 171 PASS source_not_null_rippling_rippling_jobs_outline_board_token ...... [[32mPASS[0m in 1.39s]
[0m08:51:29  81 of 171 START test source_not_null_rippling_rippling_jobs_outline_job_id ..... [RUN]
[0m08:51:29  78 of 171 PASS source_not_null_rippling_rippling_jobs_outline_created_at ....... [[32mPASS[0m in 1.35s]
[0m08:51:29  82 of 171 START test source_not_null_rippling_rippling_jobs_outline_location ... [RUN]
[0m08:51:29  79 of 171 PASS source_not_null_rippling_rippling_jobs_outline_department ....... [[32mPASS[0m in 1.32s]
[0m08:51:29  83 of 171 START test source_not_null_rippling_rippling_jobs_outline_run_hash ... [RUN]
[0m08:51:30  80 of 171 PASS source_not_null_rippling_rippling_jobs_outline_id ............... [[32mPASS[0m in 1.32s]
[0m08:51:30  84 of 171 START test source_not_null_rippling_rippling_jobs_outline_title ...... [RUN]
[0m08:51:30  81 of 171 PASS source_not_null_rippling_rippling_jobs_outline_job_id ........... [[32mPASS[0m in 1.39s]
[0m08:51:30  85 of 171 START test source_not_null_rippling_rippling_jobs_outline_url ........ [RUN]
[0m08:51:30  82 of 171 PASS source_not_null_rippling_rippling_jobs_outline_location ......... [[32mPASS[0m in 1.44s]
[0m08:51:30  86 of 171 START test source_unique_ashby_ashby_job_departments_id .............. [RUN]
[0m08:51:31  83 of 171 PASS source_not_null_rippling_rippling_jobs_outline_run_hash ......... [[32mPASS[0m in 1.31s]
[0m08:51:31  87 of 171 START test source_unique_ashby_ashby_job_locations_id ................ [RUN]
[0m08:51:31  84 of 171 PASS source_not_null_rippling_rippling_jobs_outline_title ............ [[32mPASS[0m in 1.39s]
[0m08:51:31  88 of 171 START test source_unique_ashby_ashby_jobs_outline_id ................. [RUN]
[0m08:51:32  85 of 171 PASS source_not_null_rippling_rippling_jobs_outline_url .............. [[32mPASS[0m in 1.36s]
[0m08:51:32  89 of 171 START test source_unique_greenhouse_greenhouse_job_departments_id .... [RUN]
[0m08:51:32  86 of 171 PASS source_unique_ashby_ashby_job_departments_id .................... [[32mPASS[0m in 1.38s]
[0m08:51:32  90 of 171 START test source_unique_greenhouse_greenhouse_jobs_outline_id ....... [RUN]
[0m08:51:32  87 of 171 PASS source_unique_ashby_ashby_job_locations_id ...................... [[32mPASS[0m in 1.41s]
[0m08:51:32  91 of 171 START test source_unique_lever_lever_jobs_outline_id ................. [RUN]
[0m08:51:33  88 of 171 PASS source_unique_ashby_ashby_jobs_outline_id ....................... [[32mPASS[0m in 1.57s]
[0m08:51:33  92 of 171 START test source_unique_levergreen_job_board_urls_company_url ....... [RUN]
[0m08:51:33  89 of 171 PASS source_unique_greenhouse_greenhouse_job_departments_id .......... [[32mPASS[0m in 1.39s]
[0m08:51:33  93 of 171 START test source_unique_levergreen_job_board_urls_id ................ [RUN]
[0m08:51:33  90 of 171 PASS source_unique_greenhouse_greenhouse_jobs_outline_id ............. [[32mPASS[0m in 1.38s]
[0m08:51:33  94 of 171 START test source_unique_rippling_rippling_jobs_outline_id ........... [RUN]
[0m08:51:34  92 of 171 PASS source_unique_levergreen_job_board_urls_company_url ............. [[32mPASS[0m in 1.40s]
[0m08:51:34  95 of 171 START sql view model elementary.metrics_anomaly_score ................ [RUN]
[0m08:51:34  91 of 171 PASS source_unique_lever_lever_jobs_outline_id ....................... [[32mPASS[0m in 1.82s]
[0m08:51:34  96 of 171 START sql view model elementary.monitors_runs ........................ [RUN]
[0m08:51:34  93 of 171 PASS source_unique_levergreen_job_board_urls_id ...................... [[32mPASS[0m in 1.35s]
[0m08:51:34  97 of 171 START sql view model elementary.job_run_results ...................... [RUN]
[0m08:51:35  94 of 171 PASS source_unique_rippling_rippling_jobs_outline_id ................. [[32mPASS[0m in 1.42s]
[0m08:51:35  98 of 171 START sql view model elementary.model_run_results .................... [RUN]
[0m08:51:36  95 of 171 OK created sql view model elementary.metrics_anomaly_score ........... [[32mCREATE VIEW[0m in 1.82s]
[0m08:51:36  99 of 171 START sql view model elementary.seed_run_results ..................... [RUN]
[0m08:51:36  96 of 171 OK created sql view model elementary.monitors_runs ................... [[32mCREATE VIEW[0m in 2.44s]
[0m08:51:36  100 of 171 START sql view model elementary.snapshot_run_results ................ [RUN]
[0m08:51:37  97 of 171 OK created sql view model elementary.job_run_results ................. [[32mCREATE VIEW[0m in 2.04s]
[0m08:51:37  101 of 171 START sql view model elementary.alerts_dbt_source_freshness ......... [RUN]
[0m08:51:37  98 of 171 OK created sql view model elementary.model_run_results ............... [[32mCREATE VIEW[0m in 1.97s]
[0m08:51:37  102 of 171 START sql view model elementary.alerts_anomaly_detection ............ [RUN]
[0m08:51:38  99 of 171 OK created sql view model elementary.seed_run_results ................ [[32mCREATE VIEW[0m in 1.94s]
[0m08:51:38  103 of 171 START sql view model elementary.alerts_dbt_tests .................... [RUN]
[0m08:51:38  100 of 171 OK created sql view model elementary.snapshot_run_results ........... [[32mCREATE VIEW[0m in 1.75s]
[0m08:51:38  104 of 171 START sql view model elementary.alerts_schema_changes ............... [RUN]
[0m08:51:38  101 of 171 OK created sql view model elementary.alerts_dbt_source_freshness .... [[32mCREATE VIEW[0m in 1.81s]
[0m08:51:38  105 of 171 START sql incremental model elementary.test_result_rows ............. [RUN]
[0m08:51:39  102 of 171 OK created sql view model elementary.alerts_anomaly_detection ....... [[32mCREATE VIEW[0m in 1.85s]
[0m08:51:39  106 of 171 START sql view model elementary.dbt_artifacts_hashes ................ [RUN]
[0m08:51:40  103 of 171 OK created sql view model elementary.alerts_dbt_tests ............... [[32mCREATE VIEW[0m in 1.83s]
[0m08:51:40  107 of 171 SKIP test not_null_stg_workable_jobs_id ............................. [[33mSKIP[0m]
[0m08:51:40  108 of 171 SKIP test not_null_stg_workable_jobs_job_title ...................... [[33mSKIP[0m]
[0m08:51:40  109 of 171 SKIP test not_null_stg_workable_jobs_job_url ........................ [[33mSKIP[0m]
[0m08:51:40  110 of 171 SKIP test unique_stg_workable_jobs_id ............................... [[33mSKIP[0m]
[0m08:51:40  111 of 171 SKIP test unique_stg_workable_jobs_job_url .......................... [[33mSKIP[0m]
[0m08:51:40  112 of 171 SKIP relation public.stg_ashby__job_departments ..................... [[33mSKIP[0m]
[0m08:51:40  113 of 171 SKIP relation public.stg_ashby__job_locations ....................... [[33mSKIP[0m]
[0m08:51:40  114 of 171 SKIP relation public.stg_ashby__jobs_outline ........................ [[33mSKIP[0m]
[0m08:51:40  115 of 171 START sql view model public.stg_greenhouse__job_departments ......... [RUN]
[0m08:51:40  104 of 171 OK created sql view model elementary.alerts_schema_changes .......... [[32mCREATE VIEW[0m in 1.83s]
[0m08:51:40  116 of 171 START sql view model public.stg_greenhouse__jobs_outline ............ [RUN]
[0m08:51:40  105 of 171 OK created sql incremental model elementary.test_result_rows ........ [[32mINSERT 0 0[0m in 2.12s]
[0m08:51:40  117 of 171 START sql view model public.stg_lever__jobs_outline ................. [RUN]
[0m08:51:41  106 of 171 OK created sql view model elementary.dbt_artifacts_hashes ........... [[32mCREATE VIEW[0m in 1.94s]
[0m08:51:41  118 of 171 SKIP relation public.stg_rippling__jobs_outline ..................... [[33mSKIP[0m]
[0m08:51:41  119 of 171 START sql view model elementary.anomaly_threshold_sensitivity ....... [RUN]
[0m08:51:41  115 of 171 OK created sql view model public.stg_greenhouse__job_departments .... [[32mCREATE VIEW[0m in 1.82s]
[0m08:51:41  120 of 171 START sql view model elementary.alerts_dbt_models ................... [RUN]
[0m08:51:42  116 of 171 OK created sql view model public.stg_greenhouse__jobs_outline ....... [[32mCREATE VIEW[0m in 1.93s]
[0m08:51:42  121 of 171 SKIP relation public.combined_job_sources ........................... [[33mSKIP[0m]
[0m08:51:42  122 of 171 SKIP relation public.int_ashby_departments_expanded ................. [[33mSKIP[0m]
[0m08:51:42  123 of 171 SKIP relation public.int_ashby_locations_expanded ................... [[33mSKIP[0m]
[0m08:51:42  124 of 171 START test accepted_values_stg_greenhouse__job_departments_job_board__greenhouse  [RUN]
[0m08:51:42  117 of 171 OK created sql view model public.stg_lever__jobs_outline ............ [[32mCREATE VIEW[0m in 1.82s]
[0m08:51:42  125 of 171 START test dbt_expectations_expect_table_columns_to_match_set_stg_greenhouse__job_departments_id__levergreen_id__created_at_utc__updated_at_utc__created_date_utc__updated_date_utc__source__company_name__department_category__department_id__department_name__uses_existing__raw_html_file_location__run_hash__job_board  [RUN]
[0m08:51:42  119 of 171 OK created sql view model elementary.anomaly_threshold_sensitivity .. [[32mCREATE VIEW[0m in 1.70s]
[0m08:51:42  126 of 171 START test accepted_values_stg_greenhouse__jobs_outline_job_board__greenhouse  [RUN]
[0m08:51:43  120 of 171 OK created sql view model elementary.alerts_dbt_models .............. [[32mCREATE VIEW[0m in 1.68s]
[0m08:51:43  127 of 171 START test dbt_expectations_expect_table_columns_to_match_set_stg_greenhouse__jobs_outline_id__levergreen_id__created_at_utc__updated_at_utc__created_date_utc__updated_date_utc__source__department_ids__location__office_ids__full_opening_link__opening_title__uses_existing__raw_html_file_location__run_hash__job_board__company_name  [RUN]
[0m08:51:43  124 of 171 PASS accepted_values_stg_greenhouse__job_departments_job_board__greenhouse  [[32mPASS[0m in 1.42s]
[0m08:51:43  128 of 171 SKIP relation public.int_ashby_outline_finalized .................... [[33mSKIP[0m]
[0m08:51:43  129 of 171 START test accepted_values_stg_lever__jobs_outline_job_board__lever . [RUN]
[0m08:51:44  125 of 171 PASS dbt_expectations_expect_table_columns_to_match_set_stg_greenhouse__job_departments_id__levergreen_id__created_at_utc__updated_at_utc__created_date_utc__updated_date_utc__source__company_name__department_category__department_id__department_name__uses_existing__raw_html_file_location__run_hash__job_board  [[32mPASS[0m in 1.44s]
[0m08:51:44  130 of 171 START test dbt_expectations_expect_table_columns_to_match_set_stg_lever__jobs_outline_id__levergreen_id__created_at_utc__updated_at_utc__source__department_names__location__workplace_type__full_opening_link__opening_title__company_name__uses_existing__raw_html_file_location__run_hash__created_date_utc__updated_date_utc__job_board  [RUN]
[0m08:51:44  126 of 171 PASS accepted_values_stg_greenhouse__jobs_outline_job_board__greenhouse  [[32mPASS[0m in 1.35s]
[0m08:51:45  127 of 171 PASS dbt_expectations_expect_table_columns_to_match_set_stg_greenhouse__jobs_outline_id__levergreen_id__created_at_utc__updated_at_utc__created_date_utc__updated_date_utc__source__department_ids__location__office_ids__full_opening_link__opening_title__uses_existing__raw_html_file_location__run_hash__job_board__company_name  [[32mPASS[0m in 1.46s]
[0m08:51:45  131 of 171 START sql table model public.int_greenhouse_departments_expanded_with_outline  [RUN]
[0m08:51:45  129 of 171 PASS accepted_values_stg_lever__jobs_outline_job_board__lever ....... [[32mPASS[0m in 1.37s]
[0m08:51:45  130 of 171 PASS dbt_expectations_expect_table_columns_to_match_set_stg_lever__jobs_outline_id__levergreen_id__created_at_utc__updated_at_utc__source__department_names__location__workplace_type__full_opening_link__opening_title__company_name__uses_existing__raw_html_file_location__run_hash__created_date_utc__updated_date_utc__job_board  [[32mPASS[0m in 1.50s]
[0m08:51:45  132 of 171 START sql table model public.int_lever_departments_expanded ......... [RUN]
[0m08:51:46  131 of 171 OK created sql table model public.int_greenhouse_departments_expanded_with_outline  [[32mSELECT 0[0m in 1.83s]
[0m08:51:47  132 of 171 OK created sql table model public.int_lever_departments_expanded .... [[32mSELECT 0[0m in 1.76s]
[0m08:51:47  133 of 171 SKIP relation core.all_job_postings ................................. [[33mSKIP[0m]
[0m08:51:47  134 of 171 SKIP test accepted_values_all_job_postings_job_board__greenhouse__lever__ashby__rippling  [[33mSKIP[0m]
[0m08:51:47  135 of 171 SKIP test accepted_values_all_job_postings_opening_category__Data__Software_Engineering__Product__Sales__Finance_Accounting__Operations__Other  [[33mSKIP[0m]
[0m08:51:47  136 of 171 SKIP test accepted_values_all_job_postings_posting_length_category__Inactive__Stale__Old__Medium__Recent__New  [[33mSKIP[0m]
[0m08:51:47  137 of 171 SKIP test check_sneaky_returning_job ................................ [[33mSKIP[0m]
[0m08:51:47  138 of 171 SKIP test dbt_expectations_expect_table_columns_to_match_set_all_job_postings_id__levergreen_id__created_date_utc__updated_date_utc__source__company_name__uses_existing__location__full_opening_link__opening_title__is_remote__primary_department__secondary_department__tertiary_department__quaternary_department__run_hash__job_board__is_active__earliest_opening_date__latest_opening_date__days_active__posting_length_category__opening_category  [[33mSKIP[0m]
[0m08:51:47  139 of 171 SKIP test not_null_all_job_postings_id .............................. [[33mSKIP[0m]
[0m08:51:47  140 of 171 SKIP test not_null_all_job_postings_levergreen_id ................... [[33mSKIP[0m]
[0m08:51:47  141 of 171 SKIP test unique_all_job_postings_id ................................ [[33mSKIP[0m]
[0m08:51:47  142 of 171 SKIP test unique_all_job_postings_levergreen_id ..................... [[33mSKIP[0m]
[0m08:51:47  143 of 171 SKIP relation core.active_job_postings .............................. [[33mSKIP[0m]
[0m08:51:47  144 of 171 SKIP test accepted_values_active_job_postings_job_board__greenhouse__lever__ashby__rippling  [[33mSKIP[0m]
[0m08:51:47  145 of 171 SKIP test accepted_values_active_job_postings_opening_category__Data__Software_Engineering__Product__Sales__Finance_Accounting__Operations__Other  [[33mSKIP[0m]
[0m08:51:47  146 of 171 SKIP test accepted_values_active_job_postings_posting_length_category__Inactive__Stale__Old__Medium__Recent__New  [[33mSKIP[0m]
[0m08:51:47  147 of 171 SKIP test check_expected_careers_pages_scraped ...................... [[33mSKIP[0m]
[0m08:51:47  148 of 171 SKIP test confirm_active_jobs_per_company_scraped ................... [[33mSKIP[0m]
[0m08:51:47  149 of 171 SKIP test dbt_expectations_expect_table_columns_to_match_set_active_job_postings_id__levergreen_id__created_date_utc__updated_date_utc__source__company_name__uses_existing__location__full_opening_link__opening_title__is_remote__primary_department__secondary_department__tertiary_department__quaternary_department__run_hash__job_board__is_active__earliest_opening_date__latest_opening_date__days_active__posting_length_category__opening_category  [[33mSKIP[0m]
[0m08:51:47  150 of 171 SKIP test not_null_active_job_postings_id ........................... [[33mSKIP[0m]
[0m08:51:47  151 of 171 SKIP test not_null_active_job_postings_levergreen_id ................ [[33mSKIP[0m]
[0m08:51:47  152 of 171 SKIP test unique_active_job_postings_id ............................. [[33mSKIP[0m]
[0m08:51:47  153 of 171 SKIP test unique_active_job_postings_levergreen_id .................. [[33mSKIP[0m]
[0m08:51:47  154 of 171 SKIP relation core.active_job_postings_default ...................... [[33mSKIP[0m]
[0m08:51:47  155 of 171 SKIP relation core.active_job_postings_prospect ..................... [[33mSKIP[0m]
[0m08:51:47  156 of 171 SKIP test accepted_values_active_job_postings_default_job_board__greenhouse__lever__ashby  [[33mSKIP[0m]
[0m08:51:47  157 of 171 SKIP test accepted_values_active_job_postings_default_opening_category__Data__Software_Engineering__Product__Sales__Finance_Accounting__Operations__Other  [[33mSKIP[0m]
[0m08:51:47  158 of 171 SKIP test accepted_values_active_job_postings_default_posting_length_category__Inactive__Stale__Old__Medium__Recent__New  [[33mSKIP[0m]
[0m08:51:47  159 of 171 SKIP test dbt_expectations_expect_table_columns_to_match_set_active_job_postings_default_id__levergreen_id__created_date_utc__updated_date_utc__source__company_name__uses_existing__location__full_opening_link__opening_title__is_remote__primary_department__secondary_department__tertiary_department__quaternary_department__run_hash__job_board__is_active__earliest_opening_date__latest_opening_date__days_active__posting_length_category__opening_category  [[33mSKIP[0m]
[0m08:51:47  160 of 171 SKIP test not_null_active_job_postings_default_id ................... [[33mSKIP[0m]
[0m08:51:47  161 of 171 SKIP test not_null_active_job_postings_default_levergreen_id ........ [[33mSKIP[0m]
[0m08:51:47  162 of 171 SKIP test unique_active_job_postings_default_id ..................... [[33mSKIP[0m]
[0m08:51:47  163 of 171 SKIP test unique_active_job_postings_default_levergreen_id .......... [[33mSKIP[0m]
[0m08:51:47  164 of 171 SKIP test accepted_values_active_job_postings_prospect_job_board__greenhouse__lever__ashby__rippling  [[33mSKIP[0m]
[0m08:51:47  165 of 171 SKIP test accepted_values_active_job_postings_prospect_opening_category__Data__Software_Engineering__Product__Sales__Finance_Accounting__Operations__Other  [[33mSKIP[0m]
[0m08:51:47  166 of 171 SKIP test accepted_values_active_job_postings_prospect_posting_length_category__Inactive__Stale__Old__Medium__Recent__New  [[33mSKIP[0m]
[0m08:51:47  167 of 171 SKIP test dbt_expectations_expect_table_columns_to_match_set_active_job_postings_prospect_id__levergreen_id__created_date_utc__updated_date_utc__source__company_name__uses_existing__location__full_opening_link__opening_title__is_remote__primary_department__secondary_department__tertiary_department__quaternary_department__run_hash__job_board__is_active__earliest_opening_date__latest_opening_date__days_active__posting_length_category__opening_category  [[33mSKIP[0m]
[0m08:51:47  168 of 171 SKIP test not_null_active_job_postings_prospect_id .................. [[33mSKIP[0m]
[0m08:51:47  169 of 171 SKIP test not_null_active_job_postings_prospect_levergreen_id ....... [[33mSKIP[0m]
[0m08:51:47  170 of 171 SKIP test unique_active_job_postings_prospect_id .................... [[33mSKIP[0m]
[0m08:51:47  171 of 171 SKIP test unique_active_job_postings_prospect_levergreen_id ......... [[33mSKIP[0m]
[0m08:51:48  
[0m08:51:48  Running 1 on-run-end hook
[0m08:51:56  1 of 1 START hook: elementary.on-run-end.0 ..................................... [RUN]
[0m08:51:56  1 of 1 OK hook: elementary.on-run-end.0 ........................................ [[32mOK[0m in 0.00s]
[0m08:51:56  
[0m08:51:56  
[0m08:51:56  Finished running 16 incremental models, 10 table models, 22 view models, 123 data tests, 2 project hooks in 0 hours 1 minutes and 4.20 seconds (64.20s).
[0m08:51:56  
[0m08:51:56  [31mCompleted with 6 errors and 0 warnings:[0m
[0m08:51:56  
[0m08:51:56    Database Error in model stg_workable_jobs (models/staging/stg_workable_jobs.sql)
  cross-database references are not implemented: "your_database.public.workable_jobs"
  LINE 9:     from "your_database"."public"."workable_jobs"
                   ^
  compiled code at target/run/levergreen_dbt/models/staging/stg_workable_jobs.sql
[0m08:51:56  
[0m08:51:56  [31mFailure in test dbt_expectations_source_expect_table_columns_to_match_set_levergreen_job_board_urls_id__company_url__is_enabled__is_prospect__is_web_scraped__ats__company (models/staging/levergreen/_levergreen__sources.yml)[0m
[0m08:51:56    Got 2 results, configured to fail if != 0
[0m08:51:56  
[0m08:51:56    compiled code at target/compiled/levergreen_dbt/models/staging/levergreen/_levergreen__sources.yml/dbt_expectations_source_expect_e20d05a7198ee9a0ca1390263d9da25b.sql
[0m08:51:56  
[0m08:51:56  [31mFailure in test dbt_expectations_source_expect_table_columns_to_match_set_rippling_rippling_jobs_outline_id__job_id__created_at__title__url__location__board_token__department__run_hash__api_endpoint (models/staging/rippling/_rippling__sources.yml)[0m
[0m08:51:56    Got 1 result, configured to fail if != 0
[0m08:51:56  
[0m08:51:56    compiled code at target/compiled/levergreen_dbt/models/staging/rippling/_rippling__sources.yml/dbt_expectations_source_expect_fe65d6ff9a8f8e2096636d19ee6d1fba.sql
[0m08:51:56  
[0m08:51:56    Database Error in test source_not_null_ashby_ashby_job_departments_source (models/staging/ashby/_ashby__sources.yml)
  column "source" does not exist
  LINE 16: select source
                  ^
  compiled code at target/run/levergreen_dbt/models/staging/ashby/_ashby__sources.yml/source_not_null_ashby_ashby_job_departments_source.sql
[0m08:51:56  
[0m08:51:56    Database Error in test source_not_null_ashby_ashby_job_locations_source (models/staging/ashby/_ashby__sources.yml)
  column "source" does not exist
  LINE 16: select source
                  ^
  compiled code at target/run/levergreen_dbt/models/staging/ashby/_ashby__sources.yml/source_not_null_ashby_ashby_job_locations_source.sql
[0m08:51:56  
[0m08:51:56    Database Error in test source_not_null_ashby_ashby_jobs_outline_ashby_job_board_source (models/staging/ashby/_ashby__sources.yml)
  column "ashby_job_board_source" does not exist
  LINE 16: select ashby_job_board_source
                  ^
  compiled code at target/run/levergreen_dbt/models/staging/ashby/_ashby__sources.yml/source_not_null_ashby_ashby_jobs_outline_ashby_job_board_source.sql
[0m08:51:56  
[0m08:51:56  Done. PASS=113 WARN=0 ERROR=6 SKIP=52 TOTAL=171
