[0m08:06:03  Running with dbt=1.8.9
[0m08:06:03  Registered adapter: postgres=1.8.2
[0m08:06:03  Unable to do partial parsing because saved manifest not found. Starting full parse.
[0m08:06:08  [[33mWARNING[0m]: Deprecated functionality
The `tests` config has been renamed to `data_tests`. Please see
https://docs.getdbt.com/docs/build/data-tests#new-data_tests-syntax for more
information.
[0m08:06:09  Found 48 models, 123 data tests, 2 operations, 12 sources, 1617 macros
[0m08:06:09  
[0m08:06:13  
[0m08:06:13  Running 1 on-run-start hook
[0m08:06:13  Elementary: Runtime data: {"config": {}, "dbt_version": "1.8.9", "elementary_version": "0.19.3", "database": "postgres", "schema": "elementary"}
[0m08:06:13  1 of 1 START hook: elementary.on-run-start.0 ................................... [RUN]
[0m08:06:13  1 of 1 OK hook: elementary.on-run-start.0 ...................................... [[32mOK[0m in 0.00s]
[0m08:06:13  
[0m08:06:13  Concurrency: 4 threads (target='prod')
[0m08:06:13  
[0m08:06:13  1 of 171 START sql incremental model elementary.data_monitoring_metrics ........ [RUN]
[0m08:06:13  2 of 171 START sql incremental model elementary.dbt_columns .................... [RUN]
[0m08:06:13  3 of 171 START sql incremental model elementary.dbt_exposures .................. [RUN]
[0m08:06:13  4 of 171 START sql incremental model elementary.dbt_groups ..................... [RUN]
[0m08:06:15  1 of 171 OK created sql incremental model elementary.data_monitoring_metrics ... [[32mINSERT 0 0[0m in 2.19s]
[0m08:06:15  5 of 171 START sql incremental model elementary.dbt_invocations ................ [RUN]
[0m08:06:15  3 of 171 OK created sql incremental model elementary.dbt_exposures ............. [[32mINSERT 0 0[0m in 2.33s]
[0m08:06:15  6 of 171 START sql incremental model elementary.dbt_metrics .................... [RUN]
[0m08:06:15  4 of 171 OK created sql incremental model elementary.dbt_groups ................ [[32mINSERT 0 0[0m in 2.38s]
[0m08:06:15  7 of 171 START sql incremental model elementary.dbt_models ..................... [RUN]
[0m08:06:16  2 of 171 OK created sql incremental model elementary.dbt_columns ............... [[32mINSERT 0 0[0m in 2.77s]
[0m08:06:16  8 of 171 START sql incremental model elementary.dbt_run_results ................ [RUN]
[0m08:06:17  5 of 171 OK created sql incremental model elementary.dbt_invocations ........... [[32mINSERT 0 0[0m in 1.59s]
[0m08:06:17  9 of 171 START sql incremental model elementary.dbt_seeds ...................... [RUN]
[0m08:06:17  6 of 171 OK created sql incremental model elementary.dbt_metrics ............... [[32mINSERT 0 0[0m in 1.80s]
[0m08:06:17  10 of 171 START sql incremental model elementary.dbt_snapshots ................. [RUN]
[0m08:06:17  7 of 171 OK created sql incremental model elementary.dbt_models ................ [[32mINSERT 0 0[0m in 1.79s]
[0m08:06:17  11 of 171 START sql incremental model elementary.dbt_source_freshness_results .. [RUN]
[0m08:06:17  8 of 171 OK created sql incremental model elementary.dbt_run_results ........... [[32mINSERT 0 0[0m in 1.71s]
[0m08:06:17  12 of 171 START sql incremental model elementary.dbt_sources ................... [RUN]
[0m08:06:18  9 of 171 OK created sql incremental model elementary.dbt_seeds ................. [[32mINSERT 0 0[0m in 1.62s]
[0m08:06:18  13 of 171 START sql incremental model elementary.dbt_tests ..................... [RUN]
[0m08:06:19  11 of 171 OK created sql incremental model elementary.dbt_source_freshness_results  [[32mINSERT 0 0[0m in 1.57s]
[0m08:06:19  14 of 171 START sql incremental model elementary.elementary_test_results ....... [RUN]
[0m08:06:19  10 of 171 OK created sql incremental model elementary.dbt_snapshots ............ [[32mINSERT 0 0[0m in 1.65s]
[0m08:06:19  15 of 171 START sql table model elementary.metadata ............................ [RUN]
[0m08:06:19  12 of 171 OK created sql incremental model elementary.dbt_sources .............. [[32mINSERT 0 0[0m in 1.68s]
[0m08:06:19  16 of 171 START sql incremental model elementary.schema_columns_snapshot ....... [RUN]
[0m08:06:20  15 of 171 OK created sql table model elementary.metadata ....................... [[32mSELECT 1[0m in 1.63s]
[0m08:06:20  17 of 171 START sql view model public.stg_workable_jobs ........................ [RUN]
[0m08:06:20  14 of 171 OK created sql incremental model elementary.elementary_test_results .. [[32mINSERT 0 0[0m in 1.72s]
[0m08:06:20  18 of 171 START test dbt_expectations_source_expect_table_columns_to_match_set_ashby_ashby_job_departments_id__levergreen_id__created_at__updated_at__company_name__ashby_job_board_source__run_hash__raw_json_file_location__existing_json_used__department_id__department_name__parent_department_id  [RUN]
[0m08:06:20  13 of 171 OK created sql incremental model elementary.dbt_tests ................ [[32mINSERT 0 0[0m in 2.17s]
[0m08:06:20  19 of 171 START test dbt_expectations_source_expect_table_columns_to_match_set_ashby_ashby_job_locations_id__levergreen_id__created_at__updated_at__company_name__ashby_job_board_source__run_hash__raw_json_file_location__existing_json_used__opening_id__secondary_location_id__secondary_location_name  [RUN]
[0m08:06:21  16 of 171 OK created sql incremental model elementary.schema_columns_snapshot .. [[32mINSERT 0 0[0m in 1.82s]
[0m08:06:21  20 of 171 START test dbt_expectations_source_expect_table_columns_to_match_set_ashby_ashby_jobs_outline_id__levergreen_id__created_at__updated_at__company_name__source__run_hash__raw_json_file_location__existing_json_used__opening_id__opening_name__department_id__location_id__location_name__employment_type__compensation_tier__opening_link  [RUN]
[0m08:06:21  [[33mWARNING[0m]: Installed package 'elementary' is overriding the built-in
materialization 'test'. Overrides of built-in materializations from installed
packages will be deprecated in future versions of dbt. Please refer to https://d
ocs.getdbt.com/reference/global-configs/legacy-behaviors#require_explicit_packag
e_overrides_for_builtin_materializations for detailed documentation and
suggested workarounds.
[0m08:06:21  17 of 171 ERROR creating sql view model public.stg_workable_jobs ............... [[31mERROR[0m in 1.00s]
[0m08:06:21  21 of 171 START test dbt_expectations_source_expect_table_columns_to_match_set_greenhouse_greenhouse_job_departments_id__levergreen_id__created_at__updated_at__source__company_name__department_category__department_id__department_name__existing_html_used__raw_html_file_location__run_hash  [RUN]
[0m08:06:22  18 of 171 PASS dbt_expectations_source_expect_table_columns_to_match_set_ashby_ashby_job_departments_id__levergreen_id__created_at__updated_at__company_name__ashby_job_board_source__run_hash__raw_json_file_location__existing_json_used__department_id__department_name__parent_department_id  [[32mPASS[0m in 1.19s]
[0m08:06:22  22 of 171 START test dbt_expectations_source_expect_table_columns_to_match_set_greenhouse_greenhouse_jobs_outline_id__levergreen_id__created_at__updated_at__source__department_ids__location__office_ids__opening_link__opening_title__existing_html_used__run_hash__raw_html_file_location  [RUN]
[0m08:06:22  19 of 171 PASS dbt_expectations_source_expect_table_columns_to_match_set_ashby_ashby_job_locations_id__levergreen_id__created_at__updated_at__company_name__ashby_job_board_source__run_hash__raw_json_file_location__existing_json_used__opening_id__secondary_location_id__secondary_location_name  [[32mPASS[0m in 1.19s]
[0m08:06:22  23 of 171 START test dbt_expectations_source_expect_table_columns_to_match_set_lever_lever_jobs_outline_id__levergreen_id__created_at__updated_at__source__department_names__location__workplace_type__opening_link__opening_title__company_name__existing_html_used__raw_html_file_location__run_hash  [RUN]
[0m08:06:22  20 of 171 PASS dbt_expectations_source_expect_table_columns_to_match_set_ashby_ashby_jobs_outline_id__levergreen_id__created_at__updated_at__company_name__source__run_hash__raw_json_file_location__existing_json_used__opening_id__opening_name__department_id__location_id__location_name__employment_type__compensation_tier__opening_link  [[32mPASS[0m in 1.11s]
[0m08:06:22  24 of 171 START test dbt_expectations_source_expect_table_columns_to_match_set_levergreen_job_board_urls_id__company_url__is_enabled__is_prospect__is_web_scraped__ats__company  [RUN]
[0m08:06:22  21 of 171 PASS dbt_expectations_source_expect_table_columns_to_match_set_greenhouse_greenhouse_job_departments_id__levergreen_id__created_at__updated_at__source__company_name__department_category__department_id__department_name__existing_html_used__raw_html_file_location__run_hash  [[32mPASS[0m in 1.17s]
[0m08:06:22  25 of 171 START test dbt_expectations_source_expect_table_columns_to_match_set_rippling_rippling_jobs_outline_id__job_id__created_at__title__url__location__board_token__department__run_hash__api_endpoint  [RUN]
[0m08:06:23  22 of 171 PASS dbt_expectations_source_expect_table_columns_to_match_set_greenhouse_greenhouse_jobs_outline_id__levergreen_id__created_at__updated_at__source__department_ids__location__office_ids__opening_link__opening_title__existing_html_used__run_hash__raw_html_file_location  [[32mPASS[0m in 1.16s]
[0m08:06:23  26 of 171 START test source_accepted_values_ashby_ashby_jobs_outline_employment_type__Intern__Contract__PartTime__FullTime__Temporary  [RUN]
[0m08:06:23  23 of 171 PASS dbt_expectations_source_expect_table_columns_to_match_set_lever_lever_jobs_outline_id__levergreen_id__created_at__updated_at__source__department_names__location__workplace_type__opening_link__opening_title__company_name__existing_html_used__raw_html_file_location__run_hash  [[32mPASS[0m in 1.11s]
[0m08:06:23  27 of 171 START test source_accepted_values_greenhouse_greenhouse_job_departments_department_category__level_0__level_1__level_2__level_3__level_4__level_5  [RUN]
[0m08:06:23  24 of 171 FAIL 2 dbt_expectations_source_expect_table_columns_to_match_set_levergreen_job_board_urls_id__company_url__is_enabled__is_prospect__is_web_scraped__ats__company  [[31mFAIL 2[0m in 1.24s]
[0m08:06:23  28 of 171 START test source_accepted_values_lever_lever_jobs_outline_workplace_type__On_site__Remote__Hybrid  [RUN]
[0m08:06:24  25 of 171 FAIL 1 dbt_expectations_source_expect_table_columns_to_match_set_rippling_rippling_jobs_outline_id__job_id__created_at__title__url__location__board_token__department__run_hash__api_endpoint  [[31mFAIL 1[0m in 1.41s]
[0m08:06:24  29 of 171 START test source_not_null_ashby_ashby_job_departments_company_name .. [RUN]
[0m08:06:25  26 of 171 PASS source_accepted_values_ashby_ashby_jobs_outline_employment_type__Intern__Contract__PartTime__FullTime__Temporary  [[32mPASS[0m in 1.85s]
[0m08:06:25  30 of 171 START test source_not_null_ashby_ashby_job_departments_created_at .... [RUN]
[0m08:06:25  29 of 171 PASS source_not_null_ashby_ashby_job_departments_company_name ........ [[32mPASS[0m in 1.15s]
[0m08:06:25  31 of 171 START test source_not_null_ashby_ashby_job_departments_id ............ [RUN]
[0m08:06:25  27 of 171 WARN 33 source_accepted_values_greenhouse_greenhouse_job_departments_department_category__level_0__level_1__level_2__level_3__level_4__level_5  [[33mWARN 33[0m in 2.54s]
[0m08:06:25  32 of 171 START test source_not_null_ashby_ashby_job_departments_levergreen_id . [RUN]
[0m08:06:25  28 of 171 PASS source_accepted_values_lever_lever_jobs_outline_workplace_type__On_site__Remote__Hybrid  [[32mPASS[0m in 2.15s]
[0m08:06:25  33 of 171 START test source_not_null_ashby_ashby_job_departments_source ........ [RUN]
[0m08:06:26  30 of 171 FAIL 6 source_not_null_ashby_ashby_job_departments_created_at ........ [[31mFAIL 6[0m in 1.06s]
[0m08:06:26  34 of 171 START test source_not_null_ashby_ashby_job_departments_updated_at .... [RUN]
[0m08:06:26  31 of 171 PASS source_not_null_ashby_ashby_job_departments_id .................. [[32mPASS[0m in 0.97s]
[0m08:06:26  35 of 171 START test source_not_null_ashby_ashby_job_locations_company_name .... [RUN]
[0m08:06:26  32 of 171 PASS source_not_null_ashby_ashby_job_departments_levergreen_id ....... [[32mPASS[0m in 0.97s]
[0m08:06:26  36 of 171 START test source_not_null_ashby_ashby_job_locations_created_at ...... [RUN]
[0m08:06:26  33 of 171 ERROR source_not_null_ashby_ashby_job_departments_source ............. [[31mERROR[0m in 0.98s]
[0m08:06:26  37 of 171 START test source_not_null_ashby_ashby_job_locations_id .............. [RUN]
[0m08:06:27  34 of 171 PASS source_not_null_ashby_ashby_job_departments_updated_at .......... [[32mPASS[0m in 1.00s]
[0m08:06:27  38 of 171 START test source_not_null_ashby_ashby_job_locations_levergreen_id ... [RUN]
[0m08:06:27  37 of 171 PASS source_not_null_ashby_ashby_job_locations_id .................... [[32mPASS[0m in 1.05s]
[0m08:06:27  39 of 171 START test source_not_null_ashby_ashby_job_locations_source .......... [RUN]
[0m08:06:27  35 of 171 PASS source_not_null_ashby_ashby_job_locations_company_name .......... [[32mPASS[0m in 1.41s]
[0m08:06:27  40 of 171 START test source_not_null_ashby_ashby_job_locations_updated_at ...... [RUN]
[0m08:06:28  36 of 171 FAIL 4 source_not_null_ashby_ashby_job_locations_created_at .......... [[31mFAIL 4[0m in 1.23s]
[0m08:06:28  41 of 171 START test source_not_null_ashby_ashby_jobs_outline_ashby_job_board_source  [RUN]
[0m08:06:28  38 of 171 PASS source_not_null_ashby_ashby_job_locations_levergreen_id ......... [[32mPASS[0m in 1.10s]
[0m08:06:28  42 of 171 START test source_not_null_ashby_ashby_jobs_outline_company_name ..... [RUN]
[0m08:06:28  39 of 171 ERROR source_not_null_ashby_ashby_job_locations_source ............... [[31mERROR[0m in 1.03s]
[0m08:06:28  43 of 171 START test source_not_null_ashby_ashby_jobs_outline_created_at ....... [RUN]
[0m08:06:28  40 of 171 PASS source_not_null_ashby_ashby_job_locations_updated_at ............ [[32mPASS[0m in 1.04s]
[0m08:06:28  44 of 171 START test source_not_null_ashby_ashby_jobs_outline_id ............... [RUN]
[0m08:06:29  41 of 171 ERROR source_not_null_ashby_ashby_jobs_outline_ashby_job_board_source  [[31mERROR[0m in 1.05s]
[0m08:06:29  45 of 171 START test source_not_null_ashby_ashby_jobs_outline_levergreen_id .... [RUN]
[0m08:06:29  42 of 171 PASS source_not_null_ashby_ashby_jobs_outline_company_name ........... [[32mPASS[0m in 0.99s]
[0m08:06:29  46 of 171 START test source_not_null_ashby_ashby_jobs_outline_location_id ...... [RUN]
[0m08:06:29  43 of 171 FAIL 5 source_not_null_ashby_ashby_jobs_outline_created_at ........... [[31mFAIL 5[0m in 1.07s]
[0m08:06:30  47 of 171 START test source_not_null_ashby_ashby_jobs_outline_location_name .... [RUN]
[0m08:06:30  44 of 171 PASS source_not_null_ashby_ashby_jobs_outline_id ..................... [[32mPASS[0m in 1.06s]
[0m08:06:30  48 of 171 START test source_not_null_ashby_ashby_jobs_outline_opening_id ....... [RUN]
[0m08:06:30  45 of 171 PASS source_not_null_ashby_ashby_jobs_outline_levergreen_id .......... [[32mPASS[0m in 0.97s]
[0m08:06:30  49 of 171 START test source_not_null_ashby_ashby_jobs_outline_opening_name ..... [RUN]
[0m08:06:30  46 of 171 PASS source_not_null_ashby_ashby_jobs_outline_location_id ............ [[32mPASS[0m in 1.02s]
[0m08:06:30  50 of 171 START test source_not_null_ashby_ashby_jobs_outline_updated_at ....... [RUN]
[0m08:06:30  47 of 171 PASS source_not_null_ashby_ashby_jobs_outline_location_name .......... [[32mPASS[0m in 0.99s]
[0m08:06:30  51 of 171 START test source_not_null_greenhouse_greenhouse_job_departments_company_name  [RUN]
[0m08:06:31  48 of 171 PASS source_not_null_ashby_ashby_jobs_outline_opening_id ............. [[32mPASS[0m in 1.00s]
[0m08:06:31  52 of 171 START test source_not_null_greenhouse_greenhouse_job_departments_created_at  [RUN]
[0m08:06:31  49 of 171 PASS source_not_null_ashby_ashby_jobs_outline_opening_name ........... [[32mPASS[0m in 1.00s]
[0m08:06:31  53 of 171 START test source_not_null_greenhouse_greenhouse_job_departments_id .. [RUN]
[0m08:06:31  50 of 171 PASS source_not_null_ashby_ashby_jobs_outline_updated_at ............. [[32mPASS[0m in 0.98s]
[0m08:06:31  54 of 171 START test source_not_null_greenhouse_greenhouse_job_departments_levergreen_id  [RUN]
[0m08:06:32  51 of 171 PASS source_not_null_greenhouse_greenhouse_job_departments_company_name  [[32mPASS[0m in 1.01s]
[0m08:06:32  52 of 171 PASS source_not_null_greenhouse_greenhouse_job_departments_created_at  [[32mPASS[0m in 0.97s]
[0m08:06:32  55 of 171 START test source_not_null_greenhouse_greenhouse_job_departments_source  [RUN]
[0m08:06:32  56 of 171 START test source_not_null_greenhouse_greenhouse_job_departments_updated_at  [RUN]
[0m08:06:32  53 of 171 PASS source_not_null_greenhouse_greenhouse_job_departments_id ........ [[32mPASS[0m in 0.99s]
[0m08:06:32  57 of 171 START test source_not_null_greenhouse_greenhouse_jobs_outline_created_at  [RUN]
[0m08:06:32  54 of 171 PASS source_not_null_greenhouse_greenhouse_job_departments_levergreen_id  [[32mPASS[0m in 1.06s]
[0m08:06:32  58 of 171 START test source_not_null_greenhouse_greenhouse_jobs_outline_id ..... [RUN]
[0m08:06:32  56 of 171 PASS source_not_null_greenhouse_greenhouse_job_departments_updated_at  [[32mPASS[0m in 0.97s]
[0m08:06:32  59 of 171 START test source_not_null_greenhouse_greenhouse_jobs_outline_levergreen_id  [RUN]
[0m08:06:32  55 of 171 PASS source_not_null_greenhouse_greenhouse_job_departments_source .... [[32mPASS[0m in 0.99s]
[0m08:06:33  60 of 171 START test source_not_null_greenhouse_greenhouse_jobs_outline_location  [RUN]
[0m08:06:33  58 of 171 PASS source_not_null_greenhouse_greenhouse_jobs_outline_id ........... [[32mPASS[0m in 1.02s]
[0m08:06:33  61 of 171 START test source_not_null_greenhouse_greenhouse_jobs_outline_opening_link  [RUN]
[0m08:06:33  57 of 171 PASS source_not_null_greenhouse_greenhouse_jobs_outline_created_at ... [[32mPASS[0m in 1.33s]
[0m08:06:33  62 of 171 START test source_not_null_greenhouse_greenhouse_jobs_outline_opening_title  [RUN]
[0m08:06:33  59 of 171 PASS source_not_null_greenhouse_greenhouse_jobs_outline_levergreen_id  [[32mPASS[0m in 1.00s]
[0m08:06:33  63 of 171 START test source_not_null_greenhouse_greenhouse_jobs_outline_source . [RUN]
[0m08:06:34  60 of 171 PASS source_not_null_greenhouse_greenhouse_jobs_outline_location ..... [[32mPASS[0m in 1.18s]
[0m08:06:34  64 of 171 START test source_not_null_greenhouse_greenhouse_jobs_outline_updated_at  [RUN]
[0m08:06:34  61 of 171 PASS source_not_null_greenhouse_greenhouse_jobs_outline_opening_link . [[32mPASS[0m in 0.98s]
[0m08:06:34  65 of 171 START test source_not_null_lever_lever_jobs_outline_created_at ....... [RUN]
[0m08:06:34  62 of 171 PASS source_not_null_greenhouse_greenhouse_jobs_outline_opening_title  [[32mPASS[0m in 0.99s]
[0m08:06:34  66 of 171 START test source_not_null_lever_lever_jobs_outline_department_names . [RUN]
[0m08:06:34  63 of 171 PASS source_not_null_greenhouse_greenhouse_jobs_outline_source ....... [[32mPASS[0m in 1.00s]
[0m08:06:34  67 of 171 START test source_not_null_lever_lever_jobs_outline_id ............... [RUN]
[0m08:06:35  64 of 171 PASS source_not_null_greenhouse_greenhouse_jobs_outline_updated_at ... [[32mPASS[0m in 1.06s]
[0m08:06:35  68 of 171 START test source_not_null_lever_lever_jobs_outline_levergreen_id .... [RUN]
[0m08:06:35  65 of 171 PASS source_not_null_lever_lever_jobs_outline_created_at ............. [[32mPASS[0m in 0.97s]
[0m08:06:35  69 of 171 START test source_not_null_lever_lever_jobs_outline_location ......... [RUN]
[0m08:06:35  66 of 171 PASS source_not_null_lever_lever_jobs_outline_department_names ....... [[32mPASS[0m in 0.99s]
[0m08:06:35  70 of 171 START test source_not_null_lever_lever_jobs_outline_opening_link ..... [RUN]
[0m08:06:36  67 of 171 PASS source_not_null_lever_lever_jobs_outline_id ..................... [[32mPASS[0m in 1.06s]
[0m08:06:36  71 of 171 START test source_not_null_lever_lever_jobs_outline_opening_title .... [RUN]
[0m08:06:36  68 of 171 PASS source_not_null_lever_lever_jobs_outline_levergreen_id .......... [[32mPASS[0m in 0.99s]
[0m08:06:36  72 of 171 START test source_not_null_lever_lever_jobs_outline_source ........... [RUN]
[0m08:06:36  70 of 171 PASS source_not_null_lever_lever_jobs_outline_opening_link ........... [[32mPASS[0m in 0.98s]
[0m08:06:36  73 of 171 START test source_not_null_lever_lever_jobs_outline_updated_at ....... [RUN]
[0m08:06:36  69 of 171 WARN 8 source_not_null_lever_lever_jobs_outline_location ............. [[33mWARN 8[0m in 1.12s]
[0m08:06:36  74 of 171 START test source_not_null_levergreen_job_board_urls_company_url ..... [RUN]
[0m08:06:37  71 of 171 PASS source_not_null_lever_lever_jobs_outline_opening_title .......... [[32mPASS[0m in 0.99s]
[0m08:06:37  75 of 171 START test source_not_null_levergreen_job_board_urls_id .............. [RUN]
[0m08:06:37  72 of 171 PASS source_not_null_lever_lever_jobs_outline_source ................. [[32mPASS[0m in 1.00s]
[0m08:06:37  76 of 171 START test source_not_null_rippling_rippling_jobs_outline_api_endpoint  [RUN]
[0m08:06:37  73 of 171 PASS source_not_null_lever_lever_jobs_outline_updated_at ............. [[32mPASS[0m in 0.98s]
[0m08:06:37  77 of 171 START test source_not_null_rippling_rippling_jobs_outline_board_token  [RUN]
[0m08:06:37  74 of 171 PASS source_not_null_levergreen_job_board_urls_company_url ........... [[32mPASS[0m in 1.01s]
[0m08:06:37  78 of 171 START test source_not_null_rippling_rippling_jobs_outline_created_at . [RUN]
[0m08:06:37  75 of 171 PASS source_not_null_levergreen_job_board_urls_id .................... [[32mPASS[0m in 0.96s]
[0m08:06:37  79 of 171 START test source_not_null_rippling_rippling_jobs_outline_department . [RUN]
[0m08:06:38  76 of 171 PASS source_not_null_rippling_rippling_jobs_outline_api_endpoint ..... [[32mPASS[0m in 1.05s]
[0m08:06:38  80 of 171 START test source_not_null_rippling_rippling_jobs_outline_id ......... [RUN]
[0m08:06:38  77 of 171 PASS source_not_null_rippling_rippling_jobs_outline_board_token ...... [[32mPASS[0m in 0.99s]
[0m08:06:38  81 of 171 START test source_not_null_rippling_rippling_jobs_outline_job_id ..... [RUN]
[0m08:06:38  78 of 171 PASS source_not_null_rippling_rippling_jobs_outline_created_at ....... [[32mPASS[0m in 1.02s]
[0m08:06:38  82 of 171 START test source_not_null_rippling_rippling_jobs_outline_location ... [RUN]
[0m08:06:39  79 of 171 PASS source_not_null_rippling_rippling_jobs_outline_department ....... [[32mPASS[0m in 1.07s]
[0m08:06:39  83 of 171 START test source_not_null_rippling_rippling_jobs_outline_run_hash ... [RUN]
[0m08:06:39  80 of 171 PASS source_not_null_rippling_rippling_jobs_outline_id ............... [[32mPASS[0m in 0.96s]
[0m08:06:39  84 of 171 START test source_not_null_rippling_rippling_jobs_outline_title ...... [RUN]
[0m08:06:39  81 of 171 PASS source_not_null_rippling_rippling_jobs_outline_job_id ........... [[32mPASS[0m in 1.01s]
[0m08:06:39  85 of 171 START test source_not_null_rippling_rippling_jobs_outline_url ........ [RUN]
[0m08:06:39  82 of 171 PASS source_not_null_rippling_rippling_jobs_outline_location ......... [[32mPASS[0m in 1.00s]
[0m08:06:39  86 of 171 START test source_unique_ashby_ashby_job_departments_id .............. [RUN]
[0m08:06:40  83 of 171 PASS source_not_null_rippling_rippling_jobs_outline_run_hash ......... [[32mPASS[0m in 0.96s]
[0m08:06:40  87 of 171 START test source_unique_ashby_ashby_job_locations_id ................ [RUN]
[0m08:06:40  84 of 171 PASS source_not_null_rippling_rippling_jobs_outline_title ............ [[32mPASS[0m in 0.96s]
[0m08:06:40  88 of 171 START test source_unique_ashby_ashby_jobs_outline_id ................. [RUN]
[0m08:06:40  85 of 171 PASS source_not_null_rippling_rippling_jobs_outline_url .............. [[32mPASS[0m in 1.03s]
[0m08:06:40  89 of 171 START test source_unique_greenhouse_greenhouse_job_departments_id .... [RUN]
[0m08:06:40  86 of 171 PASS source_unique_ashby_ashby_job_departments_id .................... [[32mPASS[0m in 0.98s]
[0m08:06:40  90 of 171 START test source_unique_greenhouse_greenhouse_jobs_outline_id ....... [RUN]
[0m08:06:41  87 of 171 PASS source_unique_ashby_ashby_job_locations_id ...................... [[32mPASS[0m in 1.02s]
[0m08:06:41  91 of 171 START test source_unique_lever_lever_jobs_outline_id ................. [RUN]
[0m08:06:41  88 of 171 PASS source_unique_ashby_ashby_jobs_outline_id ....................... [[32mPASS[0m in 0.99s]
[0m08:06:41  92 of 171 START test source_unique_levergreen_job_board_urls_company_url ....... [RUN]
[0m08:06:41  90 of 171 PASS source_unique_greenhouse_greenhouse_jobs_outline_id ............. [[32mPASS[0m in 1.01s]
[0m08:06:41  93 of 171 START test source_unique_levergreen_job_board_urls_id ................ [RUN]
[0m08:06:41  89 of 171 PASS source_unique_greenhouse_greenhouse_job_departments_id .......... [[32mPASS[0m in 1.24s]
[0m08:06:41  94 of 171 START test source_unique_rippling_rippling_jobs_outline_id ........... [RUN]
[0m08:06:42  91 of 171 PASS source_unique_lever_lever_jobs_outline_id ....................... [[32mPASS[0m in 1.05s]
[0m08:06:42  95 of 171 START sql view model elementary.metrics_anomaly_score ................ [RUN]
[0m08:06:42  94 of 171 PASS source_unique_rippling_rippling_jobs_outline_id ................. [[32mPASS[0m in 0.97s]
[0m08:06:42  96 of 171 START sql view model elementary.monitors_runs ........................ [RUN]
[0m08:06:43  93 of 171 PASS source_unique_levergreen_job_board_urls_id ...................... [[32mPASS[0m in 1.67s]
[0m08:06:43  97 of 171 START sql view model elementary.job_run_results ...................... [RUN]
[0m08:06:43  92 of 171 PASS source_unique_levergreen_job_board_urls_company_url ............. [[32mPASS[0m in 2.27s]
[0m08:06:43  98 of 171 START sql view model elementary.model_run_results .................... [RUN]
[0m08:06:43  95 of 171 OK created sql view model elementary.metrics_anomaly_score ........... [[32mCREATE VIEW[0m in 1.40s]
[0m08:06:43  99 of 171 START sql view model elementary.seed_run_results ..................... [RUN]
[0m08:06:43  96 of 171 OK created sql view model elementary.monitors_runs ................... [[32mCREATE VIEW[0m in 1.32s]
[0m08:06:43  100 of 171 START sql view model elementary.snapshot_run_results ................ [RUN]
[0m08:06:44  97 of 171 OK created sql view model elementary.job_run_results ................. [[32mCREATE VIEW[0m in 1.31s]
[0m08:06:44  101 of 171 START sql view model elementary.alerts_dbt_source_freshness ......... [RUN]
[0m08:06:44  98 of 171 OK created sql view model elementary.model_run_results ............... [[32mCREATE VIEW[0m in 1.27s]
[0m08:06:44  102 of 171 START sql view model elementary.alerts_anomaly_detection ............ [RUN]
[0m08:06:44  99 of 171 OK created sql view model elementary.seed_run_results ................ [[32mCREATE VIEW[0m in 1.33s]
[0m08:06:44  103 of 171 START sql view model elementary.alerts_dbt_tests .................... [RUN]
[0m08:06:45  100 of 171 OK created sql view model elementary.snapshot_run_results ........... [[32mCREATE VIEW[0m in 1.29s]
[0m08:06:45  104 of 171 START sql view model elementary.alerts_schema_changes ............... [RUN]
[0m08:06:45  101 of 171 OK created sql view model elementary.alerts_dbt_source_freshness .... [[32mCREATE VIEW[0m in 1.36s]
[0m08:06:45  105 of 171 START sql incremental model elementary.test_result_rows ............. [RUN]
[0m08:06:46  102 of 171 OK created sql view model elementary.alerts_anomaly_detection ....... [[32mCREATE VIEW[0m in 1.31s]
[0m08:06:46  106 of 171 START sql view model elementary.dbt_artifacts_hashes ................ [RUN]
[0m08:06:46  103 of 171 OK created sql view model elementary.alerts_dbt_tests ............... [[32mCREATE VIEW[0m in 1.37s]
[0m08:06:46  107 of 171 SKIP test not_null_stg_workable_jobs_id ............................. [[33mSKIP[0m]
[0m08:06:46  108 of 171 SKIP test not_null_stg_workable_jobs_job_title ...................... [[33mSKIP[0m]
[0m08:06:46  109 of 171 SKIP test not_null_stg_workable_jobs_job_url ........................ [[33mSKIP[0m]
[0m08:06:46  110 of 171 SKIP test unique_stg_workable_jobs_id ............................... [[33mSKIP[0m]
[0m08:06:46  111 of 171 SKIP test unique_stg_workable_jobs_job_url .......................... [[33mSKIP[0m]
[0m08:06:46  112 of 171 SKIP relation public.stg_ashby__job_departments ..................... [[33mSKIP[0m]
[0m08:06:46  113 of 171 SKIP relation public.stg_ashby__job_locations ....................... [[33mSKIP[0m]
[0m08:06:46  114 of 171 SKIP relation public.stg_ashby__jobs_outline ........................ [[33mSKIP[0m]
[0m08:06:46  115 of 171 START sql view model public.stg_greenhouse__jobs_outline ............ [RUN]
[0m08:06:46  104 of 171 OK created sql view model elementary.alerts_schema_changes .......... [[32mCREATE VIEW[0m in 1.32s]
[0m08:06:46  116 of 171 START sql view model public.stg_greenhouse__job_departments ......... [RUN]
[0m08:06:47  105 of 171 OK created sql incremental model elementary.test_result_rows ........ [[32mINSERT 0 0[0m in 1.55s]
[0m08:06:47  117 of 171 START sql view model public.stg_lever__jobs_outline ................. [RUN]
[0m08:06:47  106 of 171 OK created sql view model elementary.dbt_artifacts_hashes ........... [[32mCREATE VIEW[0m in 1.37s]
[0m08:06:47  118 of 171 SKIP relation public.stg_rippling__jobs_outline ..................... [[33mSKIP[0m]
[0m08:06:47  119 of 171 START sql view model elementary.anomaly_threshold_sensitivity ....... [RUN]
[0m08:06:47  115 of 171 OK created sql view model public.stg_greenhouse__jobs_outline ....... [[32mCREATE VIEW[0m in 1.35s]
[0m08:06:47  120 of 171 START sql view model elementary.alerts_dbt_models ................... [RUN]
[0m08:06:47  116 of 171 OK created sql view model public.stg_greenhouse__job_departments .... [[32mCREATE VIEW[0m in 1.35s]
[0m08:06:47  121 of 171 SKIP relation public.combined_job_sources ........................... [[33mSKIP[0m]
[0m08:06:47  122 of 171 SKIP relation public.int_ashby_departments_expanded ................. [[33mSKIP[0m]
[0m08:06:47  123 of 171 SKIP relation public.int_ashby_locations_expanded ................... [[33mSKIP[0m]
[0m08:06:47  124 of 171 START test accepted_values_stg_greenhouse__jobs_outline_job_board__greenhouse  [RUN]
[0m08:06:48  117 of 171 OK created sql view model public.stg_lever__jobs_outline ............ [[32mCREATE VIEW[0m in 1.28s]
[0m08:06:48  125 of 171 START test dbt_expectations_expect_table_columns_to_match_set_stg_greenhouse__jobs_outline_id__levergreen_id__created_at_utc__updated_at_utc__created_date_utc__updated_date_utc__source__department_ids__location__office_ids__full_opening_link__opening_title__uses_existing__raw_html_file_location__run_hash__job_board__company_name  [RUN]
[0m08:06:48  119 of 171 OK created sql view model elementary.anomaly_threshold_sensitivity .. [[32mCREATE VIEW[0m in 1.18s]
[0m08:06:48  126 of 171 START test accepted_values_stg_greenhouse__job_departments_job_board__greenhouse  [RUN]
[0m08:06:48  120 of 171 OK created sql view model elementary.alerts_dbt_models .............. [[32mCREATE VIEW[0m in 1.17s]
[0m08:06:48  127 of 171 START test dbt_expectations_expect_table_columns_to_match_set_stg_greenhouse__job_departments_id__levergreen_id__created_at_utc__updated_at_utc__created_date_utc__updated_date_utc__source__company_name__department_category__department_id__department_name__uses_existing__raw_html_file_location__run_hash__job_board  [RUN]
[0m08:06:49  124 of 171 PASS accepted_values_stg_greenhouse__jobs_outline_job_board__greenhouse  [[32mPASS[0m in 1.14s]
[0m08:06:49  128 of 171 SKIP relation public.int_ashby_outline_finalized .................... [[33mSKIP[0m]
[0m08:06:49  129 of 171 START test accepted_values_stg_lever__jobs_outline_job_board__lever . [RUN]
[0m08:06:49  125 of 171 PASS dbt_expectations_expect_table_columns_to_match_set_stg_greenhouse__jobs_outline_id__levergreen_id__created_at_utc__updated_at_utc__created_date_utc__updated_date_utc__source__department_ids__location__office_ids__full_opening_link__opening_title__uses_existing__raw_html_file_location__run_hash__job_board__company_name  [[32mPASS[0m in 1.17s]
[0m08:06:49  130 of 171 START test dbt_expectations_expect_table_columns_to_match_set_stg_lever__jobs_outline_id__levergreen_id__created_at_utc__updated_at_utc__source__department_names__location__workplace_type__full_opening_link__opening_title__company_name__uses_existing__raw_html_file_location__run_hash__created_date_utc__updated_date_utc__job_board  [RUN]
[0m08:06:49  127 of 171 PASS dbt_expectations_expect_table_columns_to_match_set_stg_greenhouse__job_departments_id__levergreen_id__created_at_utc__updated_at_utc__created_date_utc__updated_date_utc__source__company_name__department_category__department_id__department_name__uses_existing__raw_html_file_location__run_hash__job_board  [[32mPASS[0m in 1.11s]
[0m08:06:50  126 of 171 PASS accepted_values_stg_greenhouse__job_departments_job_board__greenhouse  [[32mPASS[0m in 1.35s]
[0m08:06:50  131 of 171 START sql table model public.int_greenhouse_departments_expanded_with_outline  [RUN]
[0m08:06:50  129 of 171 PASS accepted_values_stg_lever__jobs_outline_job_board__lever ....... [[32mPASS[0m in 1.66s]
[0m08:06:50  130 of 171 PASS dbt_expectations_expect_table_columns_to_match_set_stg_lever__jobs_outline_id__levergreen_id__created_at_utc__updated_at_utc__source__department_names__location__workplace_type__full_opening_link__opening_title__company_name__uses_existing__raw_html_file_location__run_hash__created_date_utc__updated_date_utc__job_board  [[32mPASS[0m in 1.07s]
[0m08:06:50  132 of 171 START sql table model public.int_lever_departments_expanded ......... [RUN]
[0m08:06:53  131 of 171 OK created sql table model public.int_greenhouse_departments_expanded_with_outline  [[32mSELECT 14560[0m in 3.16s]
[0m08:06:55  132 of 171 OK created sql table model public.int_lever_departments_expanded .... [[32mSELECT 43084[0m in 4.73s]
[0m08:06:55  133 of 171 SKIP relation core.all_job_postings ................................. [[33mSKIP[0m]
[0m08:06:55  134 of 171 SKIP test accepted_values_all_job_postings_job_board__greenhouse__lever__ashby__rippling  [[33mSKIP[0m]
[0m08:06:55  135 of 171 SKIP test accepted_values_all_job_postings_opening_category__Data__Software_Engineering__Product__Sales__Finance_Accounting__Operations__Other  [[33mSKIP[0m]
[0m08:06:55  136 of 171 SKIP test accepted_values_all_job_postings_posting_length_category__Inactive__Stale__Old__Medium__Recent__New  [[33mSKIP[0m]
[0m08:06:55  137 of 171 SKIP test check_sneaky_returning_job ................................ [[33mSKIP[0m]
[0m08:06:55  138 of 171 SKIP test dbt_expectations_expect_table_columns_to_match_set_all_job_postings_id__levergreen_id__created_date_utc__updated_date_utc__source__company_name__uses_existing__location__full_opening_link__opening_title__is_remote__primary_department__secondary_department__tertiary_department__quaternary_department__run_hash__job_board__is_active__earliest_opening_date__latest_opening_date__days_active__posting_length_category__opening_category  [[33mSKIP[0m]
[0m08:06:55  139 of 171 SKIP test not_null_all_job_postings_id .............................. [[33mSKIP[0m]
[0m08:06:55  140 of 171 SKIP test not_null_all_job_postings_levergreen_id ................... [[33mSKIP[0m]
[0m08:06:55  141 of 171 SKIP test unique_all_job_postings_id ................................ [[33mSKIP[0m]
[0m08:06:55  142 of 171 SKIP test unique_all_job_postings_levergreen_id ..................... [[33mSKIP[0m]
[0m08:06:55  143 of 171 SKIP relation core.active_job_postings .............................. [[33mSKIP[0m]
[0m08:06:55  144 of 171 SKIP test accepted_values_active_job_postings_job_board__greenhouse__lever__ashby__rippling  [[33mSKIP[0m]
[0m08:06:55  145 of 171 SKIP test accepted_values_active_job_postings_opening_category__Data__Software_Engineering__Product__Sales__Finance_Accounting__Operations__Other  [[33mSKIP[0m]
[0m08:06:55  146 of 171 SKIP test accepted_values_active_job_postings_posting_length_category__Inactive__Stale__Old__Medium__Recent__New  [[33mSKIP[0m]
[0m08:06:55  147 of 171 SKIP test check_expected_careers_pages_scraped ...................... [[33mSKIP[0m]
[0m08:06:55  148 of 171 SKIP test confirm_active_jobs_per_company_scraped ................... [[33mSKIP[0m]
[0m08:06:55  149 of 171 SKIP test dbt_expectations_expect_table_columns_to_match_set_active_job_postings_id__levergreen_id__created_date_utc__updated_date_utc__source__company_name__uses_existing__location__full_opening_link__opening_title__is_remote__primary_department__secondary_department__tertiary_department__quaternary_department__run_hash__job_board__is_active__earliest_opening_date__latest_opening_date__days_active__posting_length_category__opening_category  [[33mSKIP[0m]
[0m08:06:55  150 of 171 SKIP test not_null_active_job_postings_id ........................... [[33mSKIP[0m]
[0m08:06:55  151 of 171 SKIP test not_null_active_job_postings_levergreen_id ................ [[33mSKIP[0m]
[0m08:06:55  152 of 171 SKIP test unique_active_job_postings_id ............................. [[33mSKIP[0m]
[0m08:06:55  153 of 171 SKIP test unique_active_job_postings_levergreen_id .................. [[33mSKIP[0m]
[0m08:06:55  154 of 171 SKIP relation core.active_job_postings_default ...................... [[33mSKIP[0m]
[0m08:06:55  155 of 171 SKIP relation core.active_job_postings_prospect ..................... [[33mSKIP[0m]
[0m08:06:55  156 of 171 SKIP test accepted_values_active_job_postings_default_job_board__greenhouse__lever__ashby  [[33mSKIP[0m]
[0m08:06:55  157 of 171 SKIP test accepted_values_active_job_postings_default_opening_category__Data__Software_Engineering__Product__Sales__Finance_Accounting__Operations__Other  [[33mSKIP[0m]
[0m08:06:55  158 of 171 SKIP test accepted_values_active_job_postings_default_posting_length_category__Inactive__Stale__Old__Medium__Recent__New  [[33mSKIP[0m]
[0m08:06:55  159 of 171 SKIP test accepted_values_active_job_postings_prospect_job_board__greenhouse__lever__ashby__rippling  [[33mSKIP[0m]
[0m08:06:55  160 of 171 SKIP test accepted_values_active_job_postings_prospect_opening_category__Data__Software_Engineering__Product__Sales__Finance_Accounting__Operations__Other  [[33mSKIP[0m]
[0m08:06:55  161 of 171 SKIP test accepted_values_active_job_postings_prospect_posting_length_category__Inactive__Stale__Old__Medium__Recent__New  [[33mSKIP[0m]
[0m08:06:55  162 of 171 SKIP test dbt_expectations_expect_table_columns_to_match_set_active_job_postings_default_id__levergreen_id__created_date_utc__updated_date_utc__source__company_name__uses_existing__location__full_opening_link__opening_title__is_remote__primary_department__secondary_department__tertiary_department__quaternary_department__run_hash__job_board__is_active__earliest_opening_date__latest_opening_date__days_active__posting_length_category__opening_category  [[33mSKIP[0m]
[0m08:06:55  163 of 171 SKIP test dbt_expectations_expect_table_columns_to_match_set_active_job_postings_prospect_id__levergreen_id__created_date_utc__updated_date_utc__source__company_name__uses_existing__location__full_opening_link__opening_title__is_remote__primary_department__secondary_department__tertiary_department__quaternary_department__run_hash__job_board__is_active__earliest_opening_date__latest_opening_date__days_active__posting_length_category__opening_category  [[33mSKIP[0m]
[0m08:06:55  164 of 171 SKIP test not_null_active_job_postings_default_id ................... [[33mSKIP[0m]
[0m08:06:55  165 of 171 SKIP test not_null_active_job_postings_default_levergreen_id ........ [[33mSKIP[0m]
[0m08:06:55  166 of 171 SKIP test not_null_active_job_postings_prospect_id .................. [[33mSKIP[0m]
[0m08:06:55  167 of 171 SKIP test not_null_active_job_postings_prospect_levergreen_id ....... [[33mSKIP[0m]
[0m08:06:55  168 of 171 SKIP test unique_active_job_postings_default_id ..................... [[33mSKIP[0m]
[0m08:06:55  169 of 171 SKIP test unique_active_job_postings_default_levergreen_id .......... [[33mSKIP[0m]
[0m08:06:55  170 of 171 SKIP test unique_active_job_postings_prospect_id .................... [[33mSKIP[0m]
[0m08:06:55  171 of 171 SKIP test unique_active_job_postings_prospect_levergreen_id ......... [[33mSKIP[0m]
[0m08:06:56  
[0m08:06:56  Running 1 on-run-end hook
[0m08:07:03  1 of 1 START hook: elementary.on-run-end.0 ..................................... [RUN]
[0m08:07:03  1 of 1 OK hook: elementary.on-run-end.0 ........................................ [[32mOK[0m in 0.00s]
[0m08:07:03  
[0m08:07:03  
[0m08:07:03  Finished running 16 incremental models, 10 table models, 22 view models, 123 data tests, 2 project hooks in 0 hours 0 minutes and 54.68 seconds (54.68s).
[0m08:07:04  
[0m08:07:04  [31mCompleted with 9 errors and 2 warnings:[0m
[0m08:07:04  
[0m08:07:04    Database Error in model stg_workable_jobs (models/staging/stg_workable_jobs.sql)
  cross-database references are not implemented: "your_database.public.workable_jobs"
  LINE 9:     from "your_database"."public"."workable_jobs"
                   ^
  compiled code at target/run/levergreen_dbt/models/staging/stg_workable_jobs.sql
[0m08:07:04  
[0m08:07:04  [31mFailure in test dbt_expectations_source_expect_table_columns_to_match_set_levergreen_job_board_urls_id__company_url__is_enabled__is_prospect__is_web_scraped__ats__company (models/staging/levergreen/_levergreen__sources.yml)[0m
[0m08:07:04    Got 2 results, configured to fail if != 0
[0m08:07:04  
[0m08:07:04    compiled code at target/compiled/levergreen_dbt/models/staging/levergreen/_levergreen__sources.yml/dbt_expectations_source_expect_e20d05a7198ee9a0ca1390263d9da25b.sql
[0m08:07:04  
[0m08:07:04  [31mFailure in test dbt_expectations_source_expect_table_columns_to_match_set_rippling_rippling_jobs_outline_id__job_id__created_at__title__url__location__board_token__department__run_hash__api_endpoint (models/staging/rippling/_rippling__sources.yml)[0m
[0m08:07:04    Got 1 result, configured to fail if != 0
[0m08:07:04  
[0m08:07:04    compiled code at target/compiled/levergreen_dbt/models/staging/rippling/_rippling__sources.yml/dbt_expectations_source_expect_fe65d6ff9a8f8e2096636d19ee6d1fba.sql
[0m08:07:04  
[0m08:07:04  [31mFailure in test source_not_null_ashby_ashby_job_departments_created_at (models/staging/ashby/_ashby__sources.yml)[0m
[0m08:07:04    Got 6 results, configured to fail if != 0
[0m08:07:04  
[0m08:07:04    compiled code at target/compiled/levergreen_dbt/models/staging/ashby/_ashby__sources.yml/source_not_null_ashby_ashby_job_departments_created_at.sql
[0m08:07:04  
[0m08:07:04    Database Error in test source_not_null_ashby_ashby_job_departments_source (models/staging/ashby/_ashby__sources.yml)
  column "source" does not exist
  LINE 16: select source
                  ^
  compiled code at target/run/levergreen_dbt/models/staging/ashby/_ashby__sources.yml/source_not_null_ashby_ashby_job_departments_source.sql
[0m08:07:04  
[0m08:07:04  [31mFailure in test source_not_null_ashby_ashby_job_locations_created_at (models/staging/ashby/_ashby__sources.yml)[0m
[0m08:07:04    Got 4 results, configured to fail if != 0
[0m08:07:04  
[0m08:07:04    compiled code at target/compiled/levergreen_dbt/models/staging/ashby/_ashby__sources.yml/source_not_null_ashby_ashby_job_locations_created_at.sql
[0m08:07:04  
[0m08:07:04    Database Error in test source_not_null_ashby_ashby_job_locations_source (models/staging/ashby/_ashby__sources.yml)
  column "source" does not exist
  LINE 16: select source
                  ^
  compiled code at target/run/levergreen_dbt/models/staging/ashby/_ashby__sources.yml/source_not_null_ashby_ashby_job_locations_source.sql
[0m08:07:04  
[0m08:07:04    Database Error in test source_not_null_ashby_ashby_jobs_outline_ashby_job_board_source (models/staging/ashby/_ashby__sources.yml)
  column "ashby_job_board_source" does not exist
  LINE 16: select ashby_job_board_source
                  ^
  compiled code at target/run/levergreen_dbt/models/staging/ashby/_ashby__sources.yml/source_not_null_ashby_ashby_jobs_outline_ashby_job_board_source.sql
[0m08:07:04  
[0m08:07:04  [31mFailure in test source_not_null_ashby_ashby_jobs_outline_created_at (models/staging/ashby/_ashby__sources.yml)[0m
[0m08:07:04    Got 5 results, configured to fail if != 0
[0m08:07:04  
[0m08:07:04    compiled code at target/compiled/levergreen_dbt/models/staging/ashby/_ashby__sources.yml/source_not_null_ashby_ashby_jobs_outline_created_at.sql
[0m08:07:04  
[0m08:07:04  [33mWarning in test source_accepted_values_greenhouse_greenhouse_job_departments_department_category__level_0__level_1__level_2__level_3__level_4__level_5 (models/staging/greenhouse/_greenhouse__sources.yml)[0m
[0m08:07:04  Got 33 results, configured to warn if != 0
[0m08:07:04  
[0m08:07:04    compiled code at target/compiled/levergreen_dbt/models/staging/greenhouse/_greenhouse__sources.yml/source_accepted_values_greenho_c1efa92ea811064d90f3fb6de8813db5.sql
[0m08:07:04  
[0m08:07:04  [33mWarning in test source_not_null_lever_lever_jobs_outline_location (models/staging/lever/_lever__sources.yml)[0m
[0m08:07:04  Got 8 results, configured to warn if != 0
[0m08:07:04  
[0m08:07:04    compiled code at target/compiled/levergreen_dbt/models/staging/lever/_lever__sources.yml/source_not_null_lever_lever_jobs_outline_location.sql
[0m08:07:04  
[0m08:07:04  Done. PASS=108 WARN=2 ERROR=9 SKIP=52 TOTAL=171
