[0m13:08:16  Running with dbt=1.8.9
[0m13:08:16  Registered adapter: postgres=1.8.2
[0m13:08:16  Unable to do partial parsing because saved manifest not found. Starting full parse.
[0m13:08:20  [[33mWARNING[0m]: Deprecated functionality
The `tests` config has been renamed to `data_tests`. Please see
https://docs.getdbt.com/docs/build/data-tests#new-data_tests-syntax for more
information.
[0m13:08:21  Found 48 models, 123 data tests, 2 operations, 12 sources, 1570 macros
[0m13:08:21  
[0m13:08:26  
[0m13:08:26  Running 1 on-run-start hook
[0m13:08:26  1 of 1 START hook: elementary.on-run-start.0 ................................... [RUN]
[0m13:08:26  1 of 1 OK hook: elementary.on-run-start.0 ...................................... [[32mOK[0m in 0.00s]
[0m13:08:26  
[0m13:08:26  Concurrency: 4 threads (target='prod')
[0m13:08:26  
[0m13:08:26  1 of 171 START sql incremental model elementary.data_monitoring_metrics ........ [RUN]
[0m13:08:26  2 of 171 START sql incremental model elementary.dbt_columns .................... [RUN]
[0m13:08:26  3 of 171 START sql incremental model elementary.dbt_exposures .................. [RUN]
[0m13:08:26  4 of 171 START sql incremental model elementary.dbt_groups ..................... [RUN]
[0m13:08:29  1 of 171 OK created sql incremental model elementary.data_monitoring_metrics ... [[32mINSERT 0 0[0m in 2.73s]
[0m13:08:29  5 of 171 START sql incremental model elementary.dbt_invocations ................ [RUN]
[0m13:08:29  4 of 171 OK created sql incremental model elementary.dbt_groups ................ [[32mINSERT 0 0[0m in 3.04s]
[0m13:08:29  3 of 171 OK created sql incremental model elementary.dbt_exposures ............. [[32mINSERT 0 0[0m in 3.04s]
[0m13:08:29  6 of 171 START sql incremental model elementary.dbt_metrics .................... [RUN]
[0m13:08:29  7 of 171 START sql incremental model elementary.dbt_models ..................... [RUN]
[0m13:08:30  2 of 171 OK created sql incremental model elementary.dbt_columns ............... [[32mINSERT 0 0[0m in 3.19s]
[0m13:08:30  8 of 171 START sql incremental model elementary.dbt_run_results ................ [RUN]
[0m13:08:32  5 of 171 OK created sql incremental model elementary.dbt_invocations ........... [[32mINSERT 0 0[0m in 2.53s]
[0m13:08:32  9 of 171 START sql incremental model elementary.dbt_seeds ...................... [RUN]
[0m13:08:32  7 of 171 OK created sql incremental model elementary.dbt_models ................ [[32mINSERT 0 0[0m in 2.52s]
[0m13:08:32  6 of 171 OK created sql incremental model elementary.dbt_metrics ............... [[32mINSERT 0 0[0m in 2.52s]
[0m13:08:32  10 of 171 START sql incremental model elementary.dbt_snapshots ................. [RUN]
[0m13:08:32  11 of 171 START sql incremental model elementary.dbt_source_freshness_results .. [RUN]
[0m13:08:32  8 of 171 OK created sql incremental model elementary.dbt_run_results ........... [[32mINSERT 0 0[0m in 2.40s]
[0m13:08:32  12 of 171 START sql incremental model elementary.dbt_sources ................... [RUN]
[0m13:08:34  9 of 171 OK created sql incremental model elementary.dbt_seeds ................. [[32mINSERT 0 0[0m in 2.41s]
[0m13:08:34  13 of 171 START sql incremental model elementary.dbt_tests ..................... [RUN]
[0m13:08:34  11 of 171 OK created sql incremental model elementary.dbt_source_freshness_results  [[32mINSERT 0 0[0m in 2.25s]
[0m13:08:34  14 of 171 START sql incremental model elementary.elementary_test_results ....... [RUN]
[0m13:08:35  10 of 171 OK created sql incremental model elementary.dbt_snapshots ............ [[32mINSERT 0 0[0m in 2.53s]
[0m13:08:35  15 of 171 START sql table model elementary.metadata ............................ [RUN]
[0m13:08:35  12 of 171 OK created sql incremental model elementary.dbt_sources .............. [[32mINSERT 0 0[0m in 2.54s]
[0m13:08:35  16 of 171 START sql incremental model elementary.schema_columns_snapshot ....... [RUN]
[0m13:08:37  15 of 171 OK created sql table model elementary.metadata ....................... [[32mSELECT 1[0m in 2.05s]
[0m13:08:37  17 of 171 START sql view model public.stg_workable_jobs ........................ [RUN]
[0m13:08:37  14 of 171 OK created sql incremental model elementary.elementary_test_results .. [[32mINSERT 0 0[0m in 2.49s]
[0m13:08:37  18 of 171 START test dbt_expectations_source_expect_table_columns_to_match_set_ashby_ashby_job_departments_id__levergreen_id__created_at__updated_at__company_name__ashby_job_board_source__run_hash__raw_json_file_location__existing_json_used__department_id__department_name__parent_department_id  [RUN]
[0m13:08:37  16 of 171 OK created sql incremental model elementary.schema_columns_snapshot .. [[32mINSERT 0 0[0m in 2.28s]
[0m13:08:37  19 of 171 START test dbt_expectations_source_expect_table_columns_to_match_set_ashby_ashby_job_locations_id__levergreen_id__created_at__updated_at__company_name__ashby_job_board_source__run_hash__raw_json_file_location__existing_json_used__opening_id__secondary_location_id__secondary_location_name  [RUN]
[0m13:08:37  13 of 171 OK created sql incremental model elementary.dbt_tests ................ [[32mINSERT 0 0[0m in 2.90s]
[0m13:08:37  20 of 171 START test dbt_expectations_source_expect_table_columns_to_match_set_ashby_ashby_jobs_outline_id__levergreen_id__created_at__updated_at__company_name__ashby_job_board_source__run_hash__raw_json_file_location__existing_json_used__opening_id__opening_name__department_id__location_id__location_name__employment_type__compensation_tier__opening_link  [RUN]
[0m13:08:38  [[33mWARNING[0m]: Installed package 'elementary' is overriding the built-in
materialization 'test'. Overrides of built-in materializations from installed
packages will be deprecated in future versions of dbt. Please refer to https://d
ocs.getdbt.com/reference/global-configs/legacy-behaviors#require_explicit_packag
e_overrides_for_builtin_materializations for detailed documentation and
suggested workarounds.
[0m13:08:38  17 of 171 ERROR creating sql view model public.stg_workable_jobs ............... [[31mERROR[0m in 1.55s]
[0m13:08:38  21 of 171 START test dbt_expectations_source_expect_table_columns_to_match_set_greenhouse_greenhouse_job_departments_id__levergreen_id__created_at__updated_at__source__company_name__department_category__department_id__department_name__existing_html_used__raw_html_file_location__run_hash  [RUN]
[0m13:08:39  19 of 171 PASS dbt_expectations_source_expect_table_columns_to_match_set_ashby_ashby_job_locations_id__levergreen_id__created_at__updated_at__company_name__ashby_job_board_source__run_hash__raw_json_file_location__existing_json_used__opening_id__secondary_location_id__secondary_location_name  [[32mPASS[0m in 1.69s]
[0m13:08:39  22 of 171 START test dbt_expectations_source_expect_table_columns_to_match_set_greenhouse_greenhouse_jobs_outline_id__levergreen_id__created_at__updated_at__source__department_ids__location__office_ids__opening_link__opening_title__existing_html_used__run_hash__raw_html_file_location  [RUN]
[0m13:08:39  18 of 171 PASS dbt_expectations_source_expect_table_columns_to_match_set_ashby_ashby_job_departments_id__levergreen_id__created_at__updated_at__company_name__ashby_job_board_source__run_hash__raw_json_file_location__existing_json_used__department_id__department_name__parent_department_id  [[32mPASS[0m in 1.83s]
[0m13:08:39  23 of 171 START test dbt_expectations_source_expect_table_columns_to_match_set_lever_lever_jobs_outline_id__levergreen_id__created_at__updated_at__source__department_names__location__workplace_type__opening_link__opening_title__company_name__existing_html_used__raw_html_file_location__run_hash  [RUN]
[0m13:08:39  20 of 171 FAIL 2 dbt_expectations_source_expect_table_columns_to_match_set_ashby_ashby_jobs_outline_id__levergreen_id__created_at__updated_at__company_name__ashby_job_board_source__run_hash__raw_json_file_location__existing_json_used__opening_id__opening_name__department_id__location_id__location_name__employment_type__compensation_tier__opening_link  [[31mFAIL 2[0m in 1.87s]
[0m13:08:39  24 of 171 START test dbt_expectations_source_expect_table_columns_to_match_set_levergreen_job_board_urls_id__company_url__is_enabled__is_prospect__is_web_scraped__ats__company  [RUN]
[0m13:08:40  21 of 171 PASS dbt_expectations_source_expect_table_columns_to_match_set_greenhouse_greenhouse_job_departments_id__levergreen_id__created_at__updated_at__source__company_name__department_category__department_id__department_name__existing_html_used__raw_html_file_location__run_hash  [[32mPASS[0m in 1.63s]
[0m13:08:40  25 of 171 START test dbt_expectations_source_expect_table_columns_to_match_set_rippling_rippling_jobs_outline_id__job_id__created_at__title__url__location__board_token__department__run_hash__api_endpoint  [RUN]
[0m13:08:40  22 of 171 PASS dbt_expectations_source_expect_table_columns_to_match_set_greenhouse_greenhouse_jobs_outline_id__levergreen_id__created_at__updated_at__source__department_ids__location__office_ids__opening_link__opening_title__existing_html_used__run_hash__raw_html_file_location  [[32mPASS[0m in 1.64s]
[0m13:08:40  26 of 171 START test source_accepted_values_ashby_ashby_jobs_outline_employment_type__Intern__Contract__PartTime__FullTime__Temporary  [RUN]
[0m13:08:40  23 of 171 PASS dbt_expectations_source_expect_table_columns_to_match_set_lever_lever_jobs_outline_id__levergreen_id__created_at__updated_at__source__department_names__location__workplace_type__opening_link__opening_title__company_name__existing_html_used__raw_html_file_location__run_hash  [[32mPASS[0m in 1.64s]
[0m13:08:40  27 of 171 START test source_accepted_values_greenhouse_greenhouse_job_departments_department_category__level_0__level_1__level_2__level_3__level_4__level_5  [RUN]
[0m13:08:41  24 of 171 FAIL 2 dbt_expectations_source_expect_table_columns_to_match_set_levergreen_job_board_urls_id__company_url__is_enabled__is_prospect__is_web_scraped__ats__company  [[31mFAIL 2[0m in 1.77s]
[0m13:08:41  28 of 171 START test source_accepted_values_lever_lever_jobs_outline_workplace_type__On_site__Remote__Hybrid  [RUN]
[0m13:08:42  25 of 171 FAIL 1 dbt_expectations_source_expect_table_columns_to_match_set_rippling_rippling_jobs_outline_id__job_id__created_at__title__url__location__board_token__department__run_hash__api_endpoint  [[31mFAIL 1[0m in 1.72s]
[0m13:08:42  29 of 171 START test source_not_null_ashby_ashby_job_departments_ashby_job_board_source  [RUN]
[0m13:08:42  26 of 171 PASS source_accepted_values_ashby_ashby_jobs_outline_employment_type__Intern__Contract__PartTime__FullTime__Temporary  [[32mPASS[0m in 1.84s]
[0m13:08:42  30 of 171 START test source_not_null_ashby_ashby_job_departments_company_name .. [RUN]
[0m13:08:42  28 of 171 PASS source_accepted_values_lever_lever_jobs_outline_workplace_type__On_site__Remote__Hybrid  [[32mPASS[0m in 1.58s]
[0m13:08:42  31 of 171 START test source_not_null_ashby_ashby_job_departments_created_at .... [RUN]
[0m13:08:42  27 of 171 WARN 33 source_accepted_values_greenhouse_greenhouse_job_departments_department_category__level_0__level_1__level_2__level_3__level_4__level_5  [[33mWARN 33[0m in 2.14s]
[0m13:08:42  32 of 171 START test source_not_null_ashby_ashby_job_departments_id ............ [RUN]
[0m13:08:43  29 of 171 PASS source_not_null_ashby_ashby_job_departments_ashby_job_board_source  [[32mPASS[0m in 1.51s]
[0m13:08:43  33 of 171 START test source_not_null_ashby_ashby_job_departments_levergreen_id . [RUN]
[0m13:08:44  30 of 171 PASS source_not_null_ashby_ashby_job_departments_company_name ........ [[32mPASS[0m in 1.49s]
[0m13:08:44  34 of 171 START test source_not_null_ashby_ashby_job_departments_updated_at .... [RUN]
[0m13:08:44  32 of 171 PASS source_not_null_ashby_ashby_job_departments_id .................. [[32mPASS[0m in 1.47s]
[0m13:08:44  35 of 171 START test source_not_null_ashby_ashby_job_locations_ashby_job_board_source  [RUN]
[0m13:08:44  31 of 171 FAIL 6 source_not_null_ashby_ashby_job_departments_created_at ........ [[31mFAIL 6[0m in 1.61s]
[0m13:08:44  36 of 171 START test source_not_null_ashby_ashby_job_locations_company_name .... [RUN]
[0m13:08:44  33 of 171 PASS source_not_null_ashby_ashby_job_departments_levergreen_id ....... [[32mPASS[0m in 1.41s]
[0m13:08:44  37 of 171 START test source_not_null_ashby_ashby_job_locations_created_at ...... [RUN]
[0m13:08:45  34 of 171 PASS source_not_null_ashby_ashby_job_departments_updated_at .......... [[32mPASS[0m in 1.51s]
[0m13:08:45  38 of 171 START test source_not_null_ashby_ashby_job_locations_id .............. [RUN]
[0m13:08:45  35 of 171 PASS source_not_null_ashby_ashby_job_locations_ashby_job_board_source  [[32mPASS[0m in 1.52s]
[0m13:08:45  39 of 171 START test source_not_null_ashby_ashby_job_locations_levergreen_id ... [RUN]
[0m13:08:45  36 of 171 PASS source_not_null_ashby_ashby_job_locations_company_name .......... [[32mPASS[0m in 1.50s]
[0m13:08:45  40 of 171 START test source_not_null_ashby_ashby_job_locations_updated_at ...... [RUN]
[0m13:08:46  37 of 171 FAIL 4 source_not_null_ashby_ashby_job_locations_created_at .......... [[31mFAIL 4[0m in 1.56s]
[0m13:08:46  41 of 171 START test source_not_null_ashby_ashby_jobs_outline_ashby_job_board_source  [RUN]
[0m13:08:47  40 of 171 PASS source_not_null_ashby_ashby_job_locations_updated_at ............ [[32mPASS[0m in 1.69s]
[0m13:08:47  42 of 171 START test source_not_null_ashby_ashby_jobs_outline_company_name ..... [RUN]
[0m13:08:47  39 of 171 PASS source_not_null_ashby_ashby_job_locations_levergreen_id ......... [[32mPASS[0m in 1.71s]
[0m13:08:47  38 of 171 PASS source_not_null_ashby_ashby_job_locations_id .................... [[32mPASS[0m in 2.02s]
[0m13:08:47  43 of 171 START test source_not_null_ashby_ashby_jobs_outline_created_at ....... [RUN]
[0m13:08:47  44 of 171 START test source_not_null_ashby_ashby_jobs_outline_id ............... [RUN]
[0m13:08:48  41 of 171 ERROR source_not_null_ashby_ashby_jobs_outline_ashby_job_board_source  [[31mERROR[0m in 1.47s]
[0m13:08:48  45 of 171 START test source_not_null_ashby_ashby_jobs_outline_levergreen_id .... [RUN]
[0m13:08:48  44 of 171 PASS source_not_null_ashby_ashby_jobs_outline_id ..................... [[32mPASS[0m in 1.41s]
[0m13:08:48  46 of 171 START test source_not_null_ashby_ashby_jobs_outline_location_id ...... [RUN]
[0m13:08:49  42 of 171 PASS source_not_null_ashby_ashby_jobs_outline_company_name ........... [[32mPASS[0m in 1.48s]
[0m13:08:49  47 of 171 START test source_not_null_ashby_ashby_jobs_outline_location_name .... [RUN]
[0m13:08:49  43 of 171 FAIL 5 source_not_null_ashby_ashby_jobs_outline_created_at ........... [[31mFAIL 5[0m in 1.58s]
[0m13:08:49  48 of 171 START test source_not_null_ashby_ashby_jobs_outline_opening_id ....... [RUN]
[0m13:08:49  45 of 171 PASS source_not_null_ashby_ashby_jobs_outline_levergreen_id .......... [[32mPASS[0m in 1.45s]
[0m13:08:49  49 of 171 START test source_not_null_ashby_ashby_jobs_outline_opening_name ..... [RUN]
[0m13:08:50  46 of 171 PASS source_not_null_ashby_ashby_jobs_outline_location_id ............ [[32mPASS[0m in 1.48s]
[0m13:08:50  47 of 171 PASS source_not_null_ashby_ashby_jobs_outline_location_name .......... [[32mPASS[0m in 1.43s]
[0m13:08:50  50 of 171 START test source_not_null_ashby_ashby_jobs_outline_updated_at ....... [RUN]
[0m13:08:50  51 of 171 START test source_not_null_greenhouse_greenhouse_job_departments_company_name  [RUN]
[0m13:08:50  48 of 171 PASS source_not_null_ashby_ashby_jobs_outline_opening_id ............. [[32mPASS[0m in 1.46s]
[0m13:08:50  52 of 171 START test source_not_null_greenhouse_greenhouse_job_departments_created_at  [RUN]
[0m13:08:50  49 of 171 PASS source_not_null_ashby_ashby_jobs_outline_opening_name ........... [[32mPASS[0m in 1.47s]
[0m13:08:50  53 of 171 START test source_not_null_greenhouse_greenhouse_job_departments_id .. [RUN]
[0m13:08:52  51 of 171 PASS source_not_null_greenhouse_greenhouse_job_departments_company_name  [[32mPASS[0m in 1.58s]
[0m13:08:52  54 of 171 START test source_not_null_greenhouse_greenhouse_job_departments_levergreen_id  [RUN]
[0m13:08:52  52 of 171 PASS source_not_null_greenhouse_greenhouse_job_departments_created_at  [[32mPASS[0m in 1.46s]
[0m13:08:52  55 of 171 START test source_not_null_greenhouse_greenhouse_job_departments_source  [RUN]
[0m13:08:52  50 of 171 PASS source_not_null_ashby_ashby_jobs_outline_updated_at ............. [[32mPASS[0m in 1.64s]
[0m13:08:52  56 of 171 START test source_not_null_greenhouse_greenhouse_job_departments_updated_at  [RUN]
[0m13:08:52  53 of 171 PASS source_not_null_greenhouse_greenhouse_job_departments_id ........ [[32mPASS[0m in 1.41s]
[0m13:08:52  57 of 171 START test source_not_null_greenhouse_greenhouse_jobs_outline_created_at  [RUN]
[0m13:08:53  54 of 171 PASS source_not_null_greenhouse_greenhouse_job_departments_levergreen_id  [[32mPASS[0m in 1.43s]
[0m13:08:53  58 of 171 START test source_not_null_greenhouse_greenhouse_jobs_outline_id ..... [RUN]
[0m13:08:53  55 of 171 PASS source_not_null_greenhouse_greenhouse_job_departments_source .... [[32mPASS[0m in 1.48s]
[0m13:08:53  59 of 171 START test source_not_null_greenhouse_greenhouse_jobs_outline_levergreen_id  [RUN]
[0m13:08:53  56 of 171 PASS source_not_null_greenhouse_greenhouse_job_departments_updated_at  [[32mPASS[0m in 1.49s]
[0m13:08:53  60 of 171 START test source_not_null_greenhouse_greenhouse_jobs_outline_location  [RUN]
[0m13:08:53  57 of 171 PASS source_not_null_greenhouse_greenhouse_jobs_outline_created_at ... [[32mPASS[0m in 1.49s]
[0m13:08:53  61 of 171 START test source_not_null_greenhouse_greenhouse_jobs_outline_opening_link  [RUN]
[0m13:08:54  58 of 171 PASS source_not_null_greenhouse_greenhouse_jobs_outline_id ........... [[32mPASS[0m in 1.46s]
[0m13:08:54  62 of 171 START test source_not_null_greenhouse_greenhouse_jobs_outline_opening_title  [RUN]
[0m13:08:55  59 of 171 PASS source_not_null_greenhouse_greenhouse_jobs_outline_levergreen_id  [[32mPASS[0m in 1.46s]
[0m13:08:55  63 of 171 START test source_not_null_greenhouse_greenhouse_jobs_outline_source . [RUN]
[0m13:08:55  60 of 171 PASS source_not_null_greenhouse_greenhouse_jobs_outline_location ..... [[32mPASS[0m in 1.52s]
[0m13:08:55  64 of 171 START test source_not_null_greenhouse_greenhouse_jobs_outline_updated_at  [RUN]
[0m13:08:55  61 of 171 PASS source_not_null_greenhouse_greenhouse_jobs_outline_opening_link . [[32mPASS[0m in 1.47s]
[0m13:08:55  65 of 171 START test source_not_null_lever_lever_jobs_outline_created_at ....... [RUN]
[0m13:08:56  62 of 171 PASS source_not_null_greenhouse_greenhouse_jobs_outline_opening_title  [[32mPASS[0m in 1.42s]
[0m13:08:56  66 of 171 START test source_not_null_lever_lever_jobs_outline_department_names . [RUN]
[0m13:08:56  63 of 171 PASS source_not_null_greenhouse_greenhouse_jobs_outline_source ....... [[32mPASS[0m in 1.46s]
[0m13:08:56  67 of 171 START test source_not_null_lever_lever_jobs_outline_id ............... [RUN]
[0m13:08:56  64 of 171 PASS source_not_null_greenhouse_greenhouse_jobs_outline_updated_at ... [[32mPASS[0m in 1.47s]
[0m13:08:56  68 of 171 START test source_not_null_lever_lever_jobs_outline_levergreen_id .... [RUN]
[0m13:08:56  65 of 171 PASS source_not_null_lever_lever_jobs_outline_created_at ............. [[32mPASS[0m in 1.44s]
[0m13:08:56  69 of 171 START test source_not_null_lever_lever_jobs_outline_location ......... [RUN]
[0m13:08:57  67 of 171 PASS source_not_null_lever_lever_jobs_outline_id ..................... [[32mPASS[0m in 1.43s]
[0m13:08:57  70 of 171 START test source_not_null_lever_lever_jobs_outline_opening_link ..... [RUN]
[0m13:08:57  66 of 171 PASS source_not_null_lever_lever_jobs_outline_department_names ....... [[32mPASS[0m in 1.58s]
[0m13:08:57  71 of 171 START test source_not_null_lever_lever_jobs_outline_opening_title .... [RUN]
[0m13:08:58  68 of 171 PASS source_not_null_lever_lever_jobs_outline_levergreen_id .......... [[32mPASS[0m in 1.44s]
[0m13:08:58  72 of 171 START test source_not_null_lever_lever_jobs_outline_source ........... [RUN]
[0m13:08:58  69 of 171 WARN 8 source_not_null_lever_lever_jobs_outline_location ............. [[33mWARN 8[0m in 1.57s]
[0m13:08:58  73 of 171 START test source_not_null_lever_lever_jobs_outline_updated_at ....... [RUN]
[0m13:08:59  71 of 171 PASS source_not_null_lever_lever_jobs_outline_opening_title .......... [[32mPASS[0m in 1.48s]
[0m13:08:59  74 of 171 START test source_not_null_levergreen_job_board_urls_company_url ..... [RUN]
[0m13:08:59  70 of 171 PASS source_not_null_lever_lever_jobs_outline_opening_link ........... [[32mPASS[0m in 1.53s]
[0m13:08:59  75 of 171 START test source_not_null_levergreen_job_board_urls_id .............. [RUN]
[0m13:08:59  72 of 171 PASS source_not_null_lever_lever_jobs_outline_source ................. [[32mPASS[0m in 1.47s]
[0m13:08:59  76 of 171 START test source_not_null_rippling_rippling_jobs_outline_api_endpoint  [RUN]
[0m13:08:59  73 of 171 PASS source_not_null_lever_lever_jobs_outline_updated_at ............. [[32mPASS[0m in 1.43s]
[0m13:08:59  77 of 171 START test source_not_null_rippling_rippling_jobs_outline_board_token  [RUN]
[0m13:09:00  74 of 171 PASS source_not_null_levergreen_job_board_urls_company_url ........... [[32mPASS[0m in 1.41s]
[0m13:09:00  78 of 171 START test source_not_null_rippling_rippling_jobs_outline_created_at . [RUN]
[0m13:09:00  75 of 171 PASS source_not_null_levergreen_job_board_urls_id .................... [[32mPASS[0m in 1.45s]
[0m13:09:00  79 of 171 START test source_not_null_rippling_rippling_jobs_outline_department . [RUN]
[0m13:09:01  76 of 171 PASS source_not_null_rippling_rippling_jobs_outline_api_endpoint ..... [[32mPASS[0m in 1.56s]
[0m13:09:01  80 of 171 START test source_not_null_rippling_rippling_jobs_outline_id ......... [RUN]
[0m13:09:01  77 of 171 PASS source_not_null_rippling_rippling_jobs_outline_board_token ...... [[32mPASS[0m in 1.40s]
[0m13:09:01  81 of 171 START test source_not_null_rippling_rippling_jobs_outline_job_id ..... [RUN]
[0m13:09:02  78 of 171 PASS source_not_null_rippling_rippling_jobs_outline_created_at ....... [[32mPASS[0m in 1.41s]
[0m13:09:02  82 of 171 START test source_not_null_rippling_rippling_jobs_outline_location ... [RUN]
[0m13:09:02  79 of 171 PASS source_not_null_rippling_rippling_jobs_outline_department ....... [[32mPASS[0m in 1.47s]
[0m13:09:02  83 of 171 START test source_not_null_rippling_rippling_jobs_outline_run_hash ... [RUN]
[0m13:09:02  80 of 171 PASS source_not_null_rippling_rippling_jobs_outline_id ............... [[32mPASS[0m in 1.41s]
[0m13:09:02  84 of 171 START test source_not_null_rippling_rippling_jobs_outline_title ...... [RUN]
[0m13:09:02  81 of 171 PASS source_not_null_rippling_rippling_jobs_outline_job_id ........... [[32mPASS[0m in 1.47s]
[0m13:09:02  85 of 171 START test source_not_null_rippling_rippling_jobs_outline_url ........ [RUN]
[0m13:09:03  82 of 171 PASS source_not_null_rippling_rippling_jobs_outline_location ......... [[32mPASS[0m in 1.46s]
[0m13:09:03  86 of 171 START test source_unique_ashby_ashby_job_departments_id .............. [RUN]
[0m13:09:03  83 of 171 PASS source_not_null_rippling_rippling_jobs_outline_run_hash ......... [[32mPASS[0m in 1.41s]
[0m13:09:03  87 of 171 START test source_unique_ashby_ashby_job_locations_id ................ [RUN]
[0m13:09:04  84 of 171 PASS source_not_null_rippling_rippling_jobs_outline_title ............ [[32mPASS[0m in 1.55s]
[0m13:09:04  88 of 171 START test source_unique_ashby_ashby_jobs_outline_id ................. [RUN]
[0m13:09:04  85 of 171 PASS source_not_null_rippling_rippling_jobs_outline_url .............. [[32mPASS[0m in 1.47s]
[0m13:09:04  89 of 171 START test source_unique_greenhouse_greenhouse_job_departments_id .... [RUN]
[0m13:09:05  86 of 171 PASS source_unique_ashby_ashby_job_departments_id .................... [[32mPASS[0m in 1.47s]
[0m13:09:05  90 of 171 START test source_unique_greenhouse_greenhouse_jobs_outline_id ....... [RUN]
[0m13:09:05  87 of 171 PASS source_unique_ashby_ashby_job_locations_id ...................... [[32mPASS[0m in 1.47s]
[0m13:09:05  91 of 171 START test source_unique_lever_lever_jobs_outline_id ................. [RUN]
[0m13:09:05  88 of 171 PASS source_unique_ashby_ashby_jobs_outline_id ....................... [[32mPASS[0m in 1.47s]
[0m13:09:05  92 of 171 START test source_unique_levergreen_job_board_urls_company_url ....... [RUN]
[0m13:09:05  89 of 171 PASS source_unique_greenhouse_greenhouse_job_departments_id .......... [[32mPASS[0m in 1.57s]
[0m13:09:05  93 of 171 START test source_unique_levergreen_job_board_urls_id ................ [RUN]
[0m13:09:06  90 of 171 PASS source_unique_greenhouse_greenhouse_jobs_outline_id ............. [[32mPASS[0m in 1.47s]
[0m13:09:06  94 of 171 START test source_unique_rippling_rippling_jobs_outline_id ........... [RUN]
[0m13:09:06  91 of 171 PASS source_unique_lever_lever_jobs_outline_id ....................... [[32mPASS[0m in 1.52s]
[0m13:09:06  95 of 171 START sql view model elementary.metrics_anomaly_score ................ [RUN]
[0m13:09:07  93 of 171 PASS source_unique_levergreen_job_board_urls_id ...................... [[32mPASS[0m in 1.66s]
[0m13:09:07  96 of 171 START sql view model elementary.monitors_runs ........................ [RUN]
[0m13:09:07  92 of 171 PASS source_unique_levergreen_job_board_urls_company_url ............. [[32mPASS[0m in 1.94s]
[0m13:09:07  97 of 171 START sql view model elementary.job_run_results ...................... [RUN]
[0m13:09:08  94 of 171 PASS source_unique_rippling_rippling_jobs_outline_id ................. [[32mPASS[0m in 1.41s]
[0m13:09:08  98 of 171 START sql view model elementary.model_run_results .................... [RUN]
[0m13:09:08  95 of 171 OK created sql view model elementary.metrics_anomaly_score ........... [[32mCREATE VIEW[0m in 1.91s]
[0m13:09:08  99 of 171 START sql view model elementary.seed_run_results ..................... [RUN]
[0m13:09:09  96 of 171 OK created sql view model elementary.monitors_runs ................... [[32mCREATE VIEW[0m in 1.91s]
[0m13:09:09  100 of 171 START sql view model elementary.snapshot_run_results ................ [RUN]
[0m13:09:09  97 of 171 OK created sql view model elementary.job_run_results ................. [[32mCREATE VIEW[0m in 1.90s]
[0m13:09:09  101 of 171 START sql view model elementary.alerts_dbt_source_freshness ......... [RUN]
[0m13:09:10  98 of 171 OK created sql view model elementary.model_run_results ............... [[32mCREATE VIEW[0m in 1.91s]
[0m13:09:10  102 of 171 START sql view model elementary.alerts_anomaly_detection ............ [RUN]
[0m13:09:10  99 of 171 OK created sql view model elementary.seed_run_results ................ [[32mCREATE VIEW[0m in 1.85s]
[0m13:09:10  103 of 171 START sql view model elementary.alerts_dbt_tests .................... [RUN]
[0m13:09:11  100 of 171 OK created sql view model elementary.snapshot_run_results ........... [[32mCREATE VIEW[0m in 1.97s]
[0m13:09:11  104 of 171 START sql view model elementary.alerts_schema_changes ............... [RUN]
[0m13:09:11  101 of 171 OK created sql view model elementary.alerts_dbt_source_freshness .... [[32mCREATE VIEW[0m in 2.00s]
[0m13:09:11  105 of 171 START sql incremental model elementary.test_result_rows ............. [RUN]
[0m13:09:12  102 of 171 OK created sql view model elementary.alerts_anomaly_detection ....... [[32mCREATE VIEW[0m in 1.92s]
[0m13:09:12  106 of 171 START sql view model elementary.dbt_artifacts_hashes ................ [RUN]
[0m13:09:12  103 of 171 OK created sql view model elementary.alerts_dbt_tests ............... [[32mCREATE VIEW[0m in 1.94s]
[0m13:09:12  107 of 171 SKIP test not_null_stg_workable_jobs_id ............................. [[33mSKIP[0m]
[0m13:09:12  108 of 171 SKIP test not_null_stg_workable_jobs_job_title ...................... [[33mSKIP[0m]
[0m13:09:12  109 of 171 SKIP test not_null_stg_workable_jobs_job_url ........................ [[33mSKIP[0m]
[0m13:09:12  110 of 171 SKIP test unique_stg_workable_jobs_id ............................... [[33mSKIP[0m]
[0m13:09:12  111 of 171 SKIP test unique_stg_workable_jobs_job_url .......................... [[33mSKIP[0m]
[0m13:09:12  112 of 171 SKIP relation public.stg_ashby__job_departments ..................... [[33mSKIP[0m]
[0m13:09:12  113 of 171 SKIP relation public.stg_ashby__job_locations ....................... [[33mSKIP[0m]
[0m13:09:12  114 of 171 SKIP relation public.stg_ashby__jobs_outline ........................ [[33mSKIP[0m]
[0m13:09:12  115 of 171 START sql view model public.stg_greenhouse__job_departments ......... [RUN]
[0m13:09:13  104 of 171 OK created sql view model elementary.alerts_schema_changes .......... [[32mCREATE VIEW[0m in 1.90s]
[0m13:09:13  116 of 171 START sql view model public.stg_greenhouse__jobs_outline ............ [RUN]
[0m13:09:13  105 of 171 OK created sql incremental model elementary.test_result_rows ........ [[32mINSERT 0 0[0m in 2.26s]
[0m13:09:13  117 of 171 START sql view model public.stg_lever__jobs_outline ................. [RUN]
[0m13:09:14  115 of 171 ERROR creating sql view model public.stg_greenhouse__job_departments  [[31mERROR[0m in 1.50s]
[0m13:09:14  118 of 171 SKIP relation public.stg_rippling__jobs_outline ..................... [[33mSKIP[0m]
[0m13:09:14  119 of 171 START sql view model elementary.anomaly_threshold_sensitivity ....... [RUN]
[0m13:09:14  106 of 171 OK created sql view model elementary.dbt_artifacts_hashes ........... [[32mCREATE VIEW[0m in 1.93s]
[0m13:09:14  120 of 171 START sql view model elementary.alerts_dbt_models ................... [RUN]
[0m13:09:14  116 of 171 ERROR creating sql view model public.stg_greenhouse__jobs_outline ... [[31mERROR[0m in 1.49s]
[0m13:09:14  121 of 171 SKIP relation public.combined_job_sources ........................... [[33mSKIP[0m]
[0m13:09:14  122 of 171 SKIP relation public.int_ashby_departments_expanded ................. [[33mSKIP[0m]
[0m13:09:14  123 of 171 SKIP relation public.int_ashby_locations_expanded ................... [[33mSKIP[0m]
[0m13:09:14  124 of 171 SKIP test accepted_values_stg_greenhouse__job_departments_job_board__greenhouse  [[33mSKIP[0m]
[0m13:09:14  125 of 171 SKIP test dbt_expectations_expect_table_columns_to_match_set_stg_greenhouse__job_departments_id__levergreen_id__created_at_utc__updated_at_utc__created_date_utc__updated_date_utc__source__company_name__department_category__department_id__department_name__uses_existing__raw_html_file_location__run_hash__job_board  [[33mSKIP[0m]
[0m13:09:14  126 of 171 SKIP test accepted_values_stg_greenhouse__jobs_outline_job_board__greenhouse  [[33mSKIP[0m]
[0m13:09:14  127 of 171 SKIP test dbt_expectations_expect_table_columns_to_match_set_stg_greenhouse__jobs_outline_id__levergreen_id__created_at_utc__updated_at_utc__created_date_utc__updated_date_utc__source__department_ids__location__office_ids__full_opening_link__opening_title__uses_existing__raw_html_file_location__run_hash__job_board__company_name  [[33mSKIP[0m]
[0m13:09:14  128 of 171 SKIP relation public.int_ashby_outline_finalized .................... [[33mSKIP[0m]
[0m13:09:14  129 of 171 SKIP relation public.int_greenhouse_departments_expanded_with_outline  [[33mSKIP[0m]
[0m13:09:15  117 of 171 ERROR creating sql view model public.stg_lever__jobs_outline ........ [[31mERROR[0m in 1.42s]
[0m13:09:15  130 of 171 SKIP test accepted_values_stg_lever__jobs_outline_job_board__lever .. [[33mSKIP[0m]
[0m13:09:15  131 of 171 SKIP test dbt_expectations_expect_table_columns_to_match_set_stg_lever__jobs_outline_id__levergreen_id__created_at_utc__updated_at_utc__source__department_names__location__workplace_type__full_opening_link__opening_title__company_name__uses_existing__raw_html_file_location__run_hash__created_date_utc__updated_date_utc__job_board  [[33mSKIP[0m]
[0m13:09:15  132 of 171 SKIP relation public.int_lever_departments_expanded ................. [[33mSKIP[0m]
[0m13:09:15  133 of 171 SKIP relation core.all_job_postings ................................. [[33mSKIP[0m]
[0m13:09:15  134 of 171 SKIP test accepted_values_all_job_postings_job_board__greenhouse__lever__ashby__rippling  [[33mSKIP[0m]
[0m13:09:15  135 of 171 SKIP test accepted_values_all_job_postings_opening_category__Data__Software_Engineering__Product__Sales__Finance_Accounting__Operations__Other  [[33mSKIP[0m]
[0m13:09:15  136 of 171 SKIP test accepted_values_all_job_postings_posting_length_category__Inactive__Stale__Old__Medium__Recent__New  [[33mSKIP[0m]
[0m13:09:15  137 of 171 SKIP test check_sneaky_returning_job ................................ [[33mSKIP[0m]
[0m13:09:15  138 of 171 SKIP test dbt_expectations_expect_table_columns_to_match_set_all_job_postings_id__levergreen_id__created_date_utc__updated_date_utc__source__company_name__uses_existing__location__full_opening_link__opening_title__is_remote__primary_department__secondary_department__tertiary_department__quaternary_department__run_hash__job_board__is_active__earliest_opening_date__latest_opening_date__days_active__posting_length_category__opening_category  [[33mSKIP[0m]
[0m13:09:15  139 of 171 SKIP test not_null_all_job_postings_id .............................. [[33mSKIP[0m]
[0m13:09:15  140 of 171 SKIP test not_null_all_job_postings_levergreen_id ................... [[33mSKIP[0m]
[0m13:09:15  141 of 171 SKIP test unique_all_job_postings_id ................................ [[33mSKIP[0m]
[0m13:09:15  142 of 171 SKIP test unique_all_job_postings_levergreen_id ..................... [[33mSKIP[0m]
[0m13:09:15  143 of 171 SKIP relation core.active_job_postings .............................. [[33mSKIP[0m]
[0m13:09:15  144 of 171 SKIP test accepted_values_active_job_postings_job_board__greenhouse__lever__ashby__rippling  [[33mSKIP[0m]
[0m13:09:15  145 of 171 SKIP test accepted_values_active_job_postings_opening_category__Data__Software_Engineering__Product__Sales__Finance_Accounting__Operations__Other  [[33mSKIP[0m]
[0m13:09:15  146 of 171 SKIP test accepted_values_active_job_postings_posting_length_category__Inactive__Stale__Old__Medium__Recent__New  [[33mSKIP[0m]
[0m13:09:15  147 of 171 SKIP test check_expected_careers_pages_scraped ...................... [[33mSKIP[0m]
[0m13:09:15  148 of 171 SKIP test confirm_active_jobs_per_company_scraped ................... [[33mSKIP[0m]
[0m13:09:15  149 of 171 SKIP test dbt_expectations_expect_table_columns_to_match_set_active_job_postings_id__levergreen_id__created_date_utc__updated_date_utc__source__company_name__uses_existing__location__full_opening_link__opening_title__is_remote__primary_department__secondary_department__tertiary_department__quaternary_department__run_hash__job_board__is_active__earliest_opening_date__latest_opening_date__days_active__posting_length_category__opening_category  [[33mSKIP[0m]
[0m13:09:15  150 of 171 SKIP test not_null_active_job_postings_id ........................... [[33mSKIP[0m]
[0m13:09:15  151 of 171 SKIP test not_null_active_job_postings_levergreen_id ................ [[33mSKIP[0m]
[0m13:09:15  152 of 171 SKIP test unique_active_job_postings_id ............................. [[33mSKIP[0m]
[0m13:09:15  153 of 171 SKIP test unique_active_job_postings_levergreen_id .................. [[33mSKIP[0m]
[0m13:09:15  154 of 171 SKIP relation core.active_job_postings_default ...................... [[33mSKIP[0m]
[0m13:09:15  155 of 171 SKIP relation core.active_job_postings_prospect ..................... [[33mSKIP[0m]
[0m13:09:15  156 of 171 SKIP test accepted_values_active_job_postings_default_job_board__greenhouse__lever__ashby  [[33mSKIP[0m]
[0m13:09:15  157 of 171 SKIP test accepted_values_active_job_postings_default_opening_category__Data__Software_Engineering__Product__Sales__Finance_Accounting__Operations__Other  [[33mSKIP[0m]
[0m13:09:15  158 of 171 SKIP test accepted_values_active_job_postings_default_posting_length_category__Inactive__Stale__Old__Medium__Recent__New  [[33mSKIP[0m]
[0m13:09:15  159 of 171 SKIP test accepted_values_active_job_postings_prospect_job_board__greenhouse__lever__ashby__rippling  [[33mSKIP[0m]
[0m13:09:15  160 of 171 SKIP test accepted_values_active_job_postings_prospect_opening_category__Data__Software_Engineering__Product__Sales__Finance_Accounting__Operations__Other  [[33mSKIP[0m]
[0m13:09:15  161 of 171 SKIP test accepted_values_active_job_postings_prospect_posting_length_category__Inactive__Stale__Old__Medium__Recent__New  [[33mSKIP[0m]
[0m13:09:15  162 of 171 SKIP test dbt_expectations_expect_table_columns_to_match_set_active_job_postings_default_id__levergreen_id__created_date_utc__updated_date_utc__source__company_name__uses_existing__location__full_opening_link__opening_title__is_remote__primary_department__secondary_department__tertiary_department__quaternary_department__run_hash__job_board__is_active__earliest_opening_date__latest_opening_date__days_active__posting_length_category__opening_category  [[33mSKIP[0m]
[0m13:09:15  163 of 171 SKIP test dbt_expectations_expect_table_columns_to_match_set_active_job_postings_prospect_id__levergreen_id__created_date_utc__updated_date_utc__source__company_name__uses_existing__location__full_opening_link__opening_title__is_remote__primary_department__secondary_department__tertiary_department__quaternary_department__run_hash__job_board__is_active__earliest_opening_date__latest_opening_date__days_active__posting_length_category__opening_category  [[33mSKIP[0m]
[0m13:09:15  164 of 171 SKIP test not_null_active_job_postings_default_id ................... [[33mSKIP[0m]
[0m13:09:15  165 of 171 SKIP test not_null_active_job_postings_default_levergreen_id ........ [[33mSKIP[0m]
[0m13:09:15  166 of 171 SKIP test not_null_active_job_postings_prospect_id .................. [[33mSKIP[0m]
[0m13:09:15  167 of 171 SKIP test not_null_active_job_postings_prospect_levergreen_id ....... [[33mSKIP[0m]
[0m13:09:15  168 of 171 SKIP test unique_active_job_postings_default_id ..................... [[33mSKIP[0m]
[0m13:09:15  169 of 171 SKIP test unique_active_job_postings_default_levergreen_id .......... [[33mSKIP[0m]
[0m13:09:15  170 of 171 SKIP test unique_active_job_postings_prospect_id .................... [[33mSKIP[0m]
[0m13:09:15  171 of 171 SKIP test unique_active_job_postings_prospect_levergreen_id ......... [[33mSKIP[0m]
[0m13:09:15  119 of 171 OK created sql view model elementary.anomaly_threshold_sensitivity .. [[32mCREATE VIEW[0m in 1.80s]
[0m13:09:15  120 of 171 OK created sql view model elementary.alerts_dbt_models .............. [[32mCREATE VIEW[0m in 1.76s]
[0m13:09:17  
[0m13:09:17  Running 1 on-run-end hook
[0m13:09:25  1 of 1 START hook: elementary.on-run-end.0 ..................................... [RUN]
[0m13:09:25  1 of 1 OK hook: elementary.on-run-end.0 ........................................ [[32mOK[0m in 0.00s]
[0m13:09:25  
[0m13:09:25  
[0m13:09:25  Finished running 16 incremental models, 10 table models, 22 view models, 123 data tests, 2 project hooks in 0 hours 1 minutes and 4.05 seconds (64.05s).
[0m13:09:26  
[0m13:09:26  [31mCompleted with 11 errors and 2 warnings:[0m
[0m13:09:26  
[0m13:09:26    Database Error in model stg_workable_jobs (models/staging/stg_workable_jobs.sql)
  cross-database references are not implemented: "your_database.public.workable_jobs"
  LINE 9:     from "your_database"."public"."workable_jobs"
                   ^
  compiled code at target/run/levergreen_dbt/models/staging/stg_workable_jobs.sql
[0m13:09:26  
[0m13:09:26  [31mFailure in test dbt_expectations_source_expect_table_columns_to_match_set_ashby_ashby_jobs_outline_id__levergreen_id__created_at__updated_at__company_name__ashby_job_board_source__run_hash__raw_json_file_location__existing_json_used__opening_id__opening_name__department_id__location_id__location_name__employment_type__compensation_tier__opening_link (models/staging/ashby/_ashby__sources.yml)[0m
[0m13:09:26    Got 2 results, configured to fail if != 0
[0m13:09:26  
[0m13:09:26    compiled code at target/compiled/levergreen_dbt/models/staging/ashby/_ashby__sources.yml/dbt_expectations_source_expect_acb11cca2ccc2ec55d80925de2dfe891.sql
[0m13:09:26  
[0m13:09:26  [31mFailure in test dbt_expectations_source_expect_table_columns_to_match_set_levergreen_job_board_urls_id__company_url__is_enabled__is_prospect__is_web_scraped__ats__company (models/staging/levergreen/_levergreen__sources.yml)[0m
[0m13:09:26    Got 2 results, configured to fail if != 0
[0m13:09:26  
[0m13:09:26    compiled code at target/compiled/levergreen_dbt/models/staging/levergreen/_levergreen__sources.yml/dbt_expectations_source_expect_e20d05a7198ee9a0ca1390263d9da25b.sql
[0m13:09:26  
[0m13:09:26  [31mFailure in test dbt_expectations_source_expect_table_columns_to_match_set_rippling_rippling_jobs_outline_id__job_id__created_at__title__url__location__board_token__department__run_hash__api_endpoint (models/staging/rippling/_rippling__sources.yml)[0m
[0m13:09:26    Got 1 result, configured to fail if != 0
[0m13:09:26  
[0m13:09:26    compiled code at target/compiled/levergreen_dbt/models/staging/rippling/_rippling__sources.yml/dbt_expectations_source_expect_fe65d6ff9a8f8e2096636d19ee6d1fba.sql
[0m13:09:26  
[0m13:09:26  [31mFailure in test source_not_null_ashby_ashby_job_departments_created_at (models/staging/ashby/_ashby__sources.yml)[0m
[0m13:09:26    Got 6 results, configured to fail if != 0
[0m13:09:26  
[0m13:09:26    compiled code at target/compiled/levergreen_dbt/models/staging/ashby/_ashby__sources.yml/source_not_null_ashby_ashby_job_departments_created_at.sql
[0m13:09:26  
[0m13:09:26  [31mFailure in test source_not_null_ashby_ashby_job_locations_created_at (models/staging/ashby/_ashby__sources.yml)[0m
[0m13:09:26    Got 4 results, configured to fail if != 0
[0m13:09:26  
[0m13:09:26    compiled code at target/compiled/levergreen_dbt/models/staging/ashby/_ashby__sources.yml/source_not_null_ashby_ashby_job_locations_created_at.sql
[0m13:09:26  
[0m13:09:26    Database Error in test source_not_null_ashby_ashby_jobs_outline_ashby_job_board_source (models/staging/ashby/_ashby__sources.yml)
  column "ashby_job_board_source" does not exist
  LINE 16: select ashby_job_board_source
                  ^
  compiled code at target/run/levergreen_dbt/models/staging/ashby/_ashby__sources.yml/source_not_null_ashby_ashby_jobs_outline_ashby_job_board_source.sql
[0m13:09:26  
[0m13:09:26  [31mFailure in test source_not_null_ashby_ashby_jobs_outline_created_at (models/staging/ashby/_ashby__sources.yml)[0m
[0m13:09:26    Got 5 results, configured to fail if != 0
[0m13:09:26  
[0m13:09:26    compiled code at target/compiled/levergreen_dbt/models/staging/ashby/_ashby__sources.yml/source_not_null_ashby_ashby_jobs_outline_created_at.sql
[0m13:09:26  
[0m13:09:26    Database Error in model stg_greenhouse__job_departments (models/staging/greenhouse/stg_greenhouse__job_departments.sql)
  function to_timestamp(timestamp with time zone) does not exist
  LINE 10:         to_timestamp(created_at) at time zone 'UTC' as creat...
                   ^
  HINT:  No function matches the given name and argument types. You might need to add explicit type casts.
  compiled code at target/run/levergreen_dbt/models/staging/greenhouse/stg_greenhouse__job_departments.sql
[0m13:09:26  
[0m13:09:26    Database Error in model stg_greenhouse__jobs_outline (models/staging/greenhouse/stg_greenhouse__jobs_outline.sql)
  function to_timestamp(timestamp with time zone) does not exist
  LINE 12:         to_timestamp(created_at) at time zone 'UTC' as creat...
                   ^
  HINT:  No function matches the given name and argument types. You might need to add explicit type casts.
  compiled code at target/run/levergreen_dbt/models/staging/greenhouse/stg_greenhouse__jobs_outline.sql
[0m13:09:26  
[0m13:09:26    Database Error in model stg_lever__jobs_outline (models/staging/lever/stg_lever__jobs_outline.sql)
  function to_timestamp(timestamp with time zone) does not exist
  LINE 10:         to_timestamp(created_at) at time zone 'UTC' as creat...
                   ^
  HINT:  No function matches the given name and argument types. You might need to add explicit type casts.
  compiled code at target/run/levergreen_dbt/models/staging/lever/stg_lever__jobs_outline.sql
[0m13:09:26  
[0m13:09:26  [33mWarning in test source_accepted_values_greenhouse_greenhouse_job_departments_department_category__level_0__level_1__level_2__level_3__level_4__level_5 (models/staging/greenhouse/_greenhouse__sources.yml)[0m
[0m13:09:26  Got 33 results, configured to warn if != 0
[0m13:09:26  
[0m13:09:26    compiled code at target/compiled/levergreen_dbt/models/staging/greenhouse/_greenhouse__sources.yml/source_accepted_values_greenho_c1efa92ea811064d90f3fb6de8813db5.sql
[0m13:09:26  
[0m13:09:26  [33mWarning in test source_not_null_lever_lever_jobs_outline_location (models/staging/lever/_lever__sources.yml)[0m
[0m13:09:26  Got 8 results, configured to warn if != 0
[0m13:09:26  
[0m13:09:26    compiled code at target/compiled/levergreen_dbt/models/staging/lever/_lever__sources.yml/source_not_null_lever_lever_jobs_outline_location.sql
[0m13:09:26  
[0m13:09:26  Done. PASS=98 WARN=2 ERROR=11 SKIP=60 TOTAL=171
