[0m12:53:53  Running with dbt=1.8.9
[0m12:53:53  Registered adapter: postgres=1.8.2
[0m12:53:53  Unable to do partial parsing because saved manifest not found. Starting full parse.
[0m12:53:57  [[33mWARNING[0m]: Deprecated functionality
The `tests` config has been renamed to `data_tests`. Please see
https://docs.getdbt.com/docs/build/data-tests#new-data_tests-syntax for more
information.
[0m12:53:58  Found 48 models, 123 data tests, 2 operations, 12 sources, 1570 macros
[0m12:53:59  
[0m12:54:02  
[0m12:54:02  Running 1 on-run-start hook
[0m12:54:02  1 of 1 START hook: elementary.on-run-start.0 ................................... [RUN]
[0m12:54:02  1 of 1 OK hook: elementary.on-run-start.0 ...................................... [[32mOK[0m in 0.00s]
[0m12:54:02  
[0m12:54:02  Concurrency: 4 threads (target='prod')
[0m12:54:02  
[0m12:54:02  1 of 171 START sql incremental model elementary.data_monitoring_metrics ........ [RUN]
[0m12:54:02  2 of 171 START sql incremental model elementary.dbt_columns .................... [RUN]
[0m12:54:02  3 of 171 START sql incremental model elementary.dbt_exposures .................. [RUN]
[0m12:54:02  4 of 171 START sql incremental model elementary.dbt_groups ..................... [RUN]
[0m12:54:04  4 of 171 OK created sql incremental model elementary.dbt_groups ................ [[32mSELECT 0[0m in 1.51s]
[0m12:54:04  5 of 171 START sql incremental model elementary.dbt_invocations ................ [RUN]
[0m12:54:04  1 of 171 OK created sql incremental model elementary.data_monitoring_metrics ... [[32mINSERT 0 0[0m in 1.86s]
[0m12:54:04  6 of 171 START sql incremental model elementary.dbt_metrics .................... [RUN]
[0m12:54:04  3 of 171 OK created sql incremental model elementary.dbt_exposures ............. [[32mINSERT 0 0[0m in 2.07s]
[0m12:54:04  7 of 171 START sql incremental model elementary.dbt_models ..................... [RUN]
[0m12:54:04  2 of 171 OK created sql incremental model elementary.dbt_columns ............... [[32mINSERT 0 0[0m in 2.36s]
[0m12:54:04  8 of 171 START sql incremental model elementary.dbt_run_results ................ [RUN]
[0m12:54:05  5 of 171 OK created sql incremental model elementary.dbt_invocations ........... [[32mINSERT 0 0[0m in 1.53s]
[0m12:54:05  9 of 171 START sql incremental model elementary.dbt_seeds ...................... [RUN]
[0m12:54:06  6 of 171 OK created sql incremental model elementary.dbt_metrics ............... [[32mINSERT 0 0[0m in 1.85s]
[0m12:54:06  10 of 171 START sql incremental model elementary.dbt_snapshots ................. [RUN]
[0m12:54:06  8 of 171 OK created sql incremental model elementary.dbt_run_results ........... [[32mINSERT 0 0[0m in 1.77s]
[0m12:54:06  11 of 171 START sql incremental model elementary.dbt_source_freshness_results .. [RUN]
[0m12:54:07  9 of 171 OK created sql incremental model elementary.dbt_seeds ................. [[32mINSERT 0 0[0m in 1.97s]
[0m12:54:07  12 of 171 START sql incremental model elementary.dbt_sources ................... [RUN]
[0m12:54:08  10 of 171 OK created sql incremental model elementary.dbt_snapshots ............ [[32mINSERT 0 0[0m in 1.95s]
[0m12:54:08  13 of 171 START sql incremental model elementary.dbt_tests ..................... [RUN]
[0m12:54:08  11 of 171 OK created sql incremental model elementary.dbt_source_freshness_results  [[32mINSERT 0 0[0m in 1.75s]
[0m12:54:08  14 of 171 START sql incremental model elementary.elementary_test_results ....... [RUN]
[0m12:54:08  7 of 171 OK created sql incremental model elementary.dbt_models ................ [[32mINSERT 0 0[0m in 4.04s]
[0m12:54:08  15 of 171 START sql table model elementary.metadata ............................ [RUN]
[0m12:54:09  12 of 171 OK created sql incremental model elementary.dbt_sources .............. [[32mINSERT 0 0[0m in 1.69s]
[0m12:54:09  16 of 171 START sql incremental model elementary.schema_columns_snapshot ....... [RUN]
[0m12:54:09  15 of 171 OK created sql table model elementary.metadata ....................... [[32mSELECT 1[0m in 1.35s]
[0m12:54:10  17 of 171 START sql view model public.stg_workable_jobs ........................ [RUN]
[0m12:54:10  14 of 171 OK created sql incremental model elementary.elementary_test_results .. [[32mINSERT 0 0[0m in 1.71s]
[0m12:54:10  18 of 171 START test dbt_expectations_source_expect_table_columns_to_match_set_ashby_ashby_job_departments_id__levergreen_id__created_at__updated_at__company_name__ashby_job_board_source__run_hash__raw_json_file_location__existing_json_used__department_id__department_name__parent_department_id  [RUN]
[0m12:54:10  16 of 171 OK created sql incremental model elementary.schema_columns_snapshot .. [[32mINSERT 0 0[0m in 1.68s]
[0m12:54:10  19 of 171 START test dbt_expectations_source_expect_table_columns_to_match_set_ashby_ashby_job_locations_id__levergreen_id__created_at__updated_at__company_name__ashby_job_board_source__run_hash__raw_json_file_location__existing_json_used__opening_id__secondary_location_id__secondary_location_name  [RUN]
[0m12:54:11  [[33mWARNING[0m]: Installed package 'elementary' is overriding the built-in
materialization 'test'. Overrides of built-in materializations from installed
packages will be deprecated in future versions of dbt. Please refer to https://d
ocs.getdbt.com/reference/global-configs/legacy-behaviors#require_explicit_packag
e_overrides_for_builtin_materializations for detailed documentation and
suggested workarounds.
[0m12:54:11  17 of 171 ERROR creating sql view model public.stg_workable_jobs ............... [[31mERROR[0m in 1.37s]
[0m12:54:11  20 of 171 START test dbt_expectations_source_expect_table_columns_to_match_set_ashby_ashby_jobs_outline_id__levergreen_id__created_at__updated_at__company_name__ashby_job_board_source__run_hash__raw_json_file_location__existing_json_used__opening_id__opening_name__department_id__location_id__location_name__employment_type__compensation_tier__opening_link  [RUN]
[0m12:54:11  18 of 171 PASS dbt_expectations_source_expect_table_columns_to_match_set_ashby_ashby_job_departments_id__levergreen_id__created_at__updated_at__company_name__ashby_job_board_source__run_hash__raw_json_file_location__existing_json_used__department_id__department_name__parent_department_id  [[32mPASS[0m in 1.46s]
[0m12:54:11  21 of 171 START test dbt_expectations_source_expect_table_columns_to_match_set_greenhouse_greenhouse_job_departments_id__levergreen_id__created_at__updated_at__source__company_name__department_category__department_id__department_name__existing_html_used__raw_html_file_location__run_hash  [RUN]
[0m12:54:12  19 of 171 PASS dbt_expectations_source_expect_table_columns_to_match_set_ashby_ashby_job_locations_id__levergreen_id__created_at__updated_at__company_name__ashby_job_board_source__run_hash__raw_json_file_location__existing_json_used__opening_id__secondary_location_id__secondary_location_name  [[32mPASS[0m in 1.25s]
[0m12:54:12  22 of 171 START test dbt_expectations_source_expect_table_columns_to_match_set_greenhouse_greenhouse_jobs_outline_id__levergreen_id__created_at__updated_at__source__department_ids__location__office_ids__opening_link__opening_title__existing_html_used__run_hash__raw_html_file_location  [RUN]
[0m12:54:12  20 of 171 FAIL 2 dbt_expectations_source_expect_table_columns_to_match_set_ashby_ashby_jobs_outline_id__levergreen_id__created_at__updated_at__company_name__ashby_job_board_source__run_hash__raw_json_file_location__existing_json_used__opening_id__opening_name__department_id__location_id__location_name__employment_type__compensation_tier__opening_link  [[31mFAIL 2[0m in 1.55s]
[0m12:54:12  23 of 171 START test dbt_expectations_source_expect_table_columns_to_match_set_lever_lever_jobs_outline_id__levergreen_id__created_at__updated_at__source__department_names__location__workplace_type__opening_link__opening_title__company_name__existing_html_used__raw_html_file_location__run_hash  [RUN]
[0m12:54:13  21 of 171 PASS dbt_expectations_source_expect_table_columns_to_match_set_greenhouse_greenhouse_job_departments_id__levergreen_id__created_at__updated_at__source__company_name__department_category__department_id__department_name__existing_html_used__raw_html_file_location__run_hash  [[32mPASS[0m in 1.33s]
[0m12:54:13  24 of 171 START test dbt_expectations_source_expect_table_columns_to_match_set_levergreen_job_board_urls_id__company_url__is_enabled__is_prospect__is_web_scraped__ats__company  [RUN]
[0m12:54:13  22 of 171 PASS dbt_expectations_source_expect_table_columns_to_match_set_greenhouse_greenhouse_jobs_outline_id__levergreen_id__created_at__updated_at__source__department_ids__location__office_ids__opening_link__opening_title__existing_html_used__run_hash__raw_html_file_location  [[32mPASS[0m in 1.35s]
[0m12:54:13  25 of 171 START test dbt_expectations_source_expect_table_columns_to_match_set_rippling_rippling_jobs_outline_id__job_id__created_at__title__url__location__board_token__department__run_hash__api_endpoint  [RUN]
[0m12:54:14  23 of 171 PASS dbt_expectations_source_expect_table_columns_to_match_set_lever_lever_jobs_outline_id__levergreen_id__created_at__updated_at__source__department_names__location__workplace_type__opening_link__opening_title__company_name__existing_html_used__raw_html_file_location__run_hash  [[32mPASS[0m in 1.07s]
[0m12:54:14  26 of 171 START test source_accepted_values_ashby_ashby_jobs_outline_employment_type__Intern__Contract__PartTime__FullTime__Temporary  [RUN]
[0m12:54:14  24 of 171 FAIL 2 dbt_expectations_source_expect_table_columns_to_match_set_levergreen_job_board_urls_id__company_url__is_enabled__is_prospect__is_web_scraped__ats__company  [[31mFAIL 2[0m in 1.24s]
[0m12:54:14  27 of 171 START test source_accepted_values_greenhouse_greenhouse_job_departments_department_category__level_0__level_1__level_2__level_3__level_4__level_5  [RUN]
[0m12:54:14  13 of 171 OK created sql incremental model elementary.dbt_tests ................ [[32mINSERT 0 0[0m in 6.36s]
[0m12:54:14  28 of 171 START test source_accepted_values_lever_lever_jobs_outline_workplace_type__On_site__Remote__Hybrid  [RUN]
[0m12:54:14  25 of 171 FAIL 1 dbt_expectations_source_expect_table_columns_to_match_set_rippling_rippling_jobs_outline_id__job_id__created_at__title__url__location__board_token__department__run_hash__api_endpoint  [[31mFAIL 1[0m in 1.31s]
[0m12:54:14  29 of 171 START test source_not_null_ashby_ashby_job_departments_ashby_job_board_source  [RUN]
[0m12:54:15  26 of 171 PASS source_accepted_values_ashby_ashby_jobs_outline_employment_type__Intern__Contract__PartTime__FullTime__Temporary  [[32mPASS[0m in 1.85s]
[0m12:54:15  30 of 171 START test source_not_null_ashby_ashby_job_departments_company_name .. [RUN]
[0m12:54:16  29 of 171 PASS source_not_null_ashby_ashby_job_departments_ashby_job_board_source  [[32mPASS[0m in 1.21s]
[0m12:54:16  31 of 171 START test source_not_null_ashby_ashby_job_departments_created_at .... [RUN]
[0m12:54:16  30 of 171 PASS source_not_null_ashby_ashby_job_departments_company_name ........ [[32mPASS[0m in 0.98s]
[0m12:54:16  32 of 171 START test source_not_null_ashby_ashby_job_departments_id ............ [RUN]
[0m12:54:17  31 of 171 FAIL 6 source_not_null_ashby_ashby_job_departments_created_at ........ [[31mFAIL 6[0m in 1.15s]
[0m12:54:17  33 of 171 START test source_not_null_ashby_ashby_job_departments_levergreen_id . [RUN]
[0m12:54:17  27 of 171 WARN 33 source_accepted_values_greenhouse_greenhouse_job_departments_department_category__level_0__level_1__level_2__level_3__level_4__level_5  [[33mWARN 33[0m in 3.07s]
[0m12:54:17  34 of 171 START test source_not_null_ashby_ashby_job_departments_updated_at .... [RUN]
[0m12:54:17  32 of 171 PASS source_not_null_ashby_ashby_job_departments_id .................. [[32mPASS[0m in 0.98s]
[0m12:54:17  35 of 171 START test source_not_null_ashby_ashby_job_locations_ashby_job_board_source  [RUN]
[0m12:54:18  28 of 171 PASS source_accepted_values_lever_lever_jobs_outline_workplace_type__On_site__Remote__Hybrid  [[32mPASS[0m in 3.50s]
[0m12:54:18  36 of 171 START test source_not_null_ashby_ashby_job_locations_company_name .... [RUN]
[0m12:54:18  33 of 171 PASS source_not_null_ashby_ashby_job_departments_levergreen_id ....... [[32mPASS[0m in 0.98s]
[0m12:54:18  37 of 171 START test source_not_null_ashby_ashby_job_locations_created_at ...... [RUN]
[0m12:54:18  34 of 171 PASS source_not_null_ashby_ashby_job_departments_updated_at .......... [[32mPASS[0m in 1.00s]
[0m12:54:18  38 of 171 START test source_not_null_ashby_ashby_job_locations_id .............. [RUN]
[0m12:54:19  35 of 171 PASS source_not_null_ashby_ashby_job_locations_ashby_job_board_source  [[32mPASS[0m in 1.48s]
[0m12:54:19  36 of 171 PASS source_not_null_ashby_ashby_job_locations_company_name .......... [[32mPASS[0m in 1.30s]
[0m12:54:19  39 of 171 START test source_not_null_ashby_ashby_job_locations_levergreen_id ... [RUN]
[0m12:54:19  40 of 171 START test source_not_null_ashby_ashby_job_locations_updated_at ...... [RUN]
[0m12:54:19  38 of 171 PASS source_not_null_ashby_ashby_job_locations_id .................... [[32mPASS[0m in 1.00s]
[0m12:54:19  41 of 171 START test source_not_null_ashby_ashby_jobs_outline_ashby_job_board_source  [RUN]
[0m12:54:19  37 of 171 FAIL 4 source_not_null_ashby_ashby_job_locations_created_at .......... [[31mFAIL 4[0m in 1.19s]
[0m12:54:19  42 of 171 START test source_not_null_ashby_ashby_jobs_outline_company_name ..... [RUN]
[0m12:54:20  41 of 171 ERROR source_not_null_ashby_ashby_jobs_outline_ashby_job_board_source  [[31mERROR[0m in 0.98s]
[0m12:54:20  43 of 171 START test source_not_null_ashby_ashby_jobs_outline_created_at ....... [RUN]
[0m12:54:20  40 of 171 PASS source_not_null_ashby_ashby_job_locations_updated_at ............ [[32mPASS[0m in 1.02s]
[0m12:54:20  44 of 171 START test source_not_null_ashby_ashby_jobs_outline_id ............... [RUN]
[0m12:54:20  39 of 171 PASS source_not_null_ashby_ashby_job_locations_levergreen_id ......... [[32mPASS[0m in 1.03s]
[0m12:54:20  45 of 171 START test source_not_null_ashby_ashby_jobs_outline_levergreen_id .... [RUN]
[0m12:54:20  42 of 171 PASS source_not_null_ashby_ashby_jobs_outline_company_name ........... [[32mPASS[0m in 1.06s]
[0m12:54:20  46 of 171 START test source_not_null_ashby_ashby_jobs_outline_location_id ...... [RUN]
[0m12:54:21  44 of 171 PASS source_not_null_ashby_ashby_jobs_outline_id ..................... [[32mPASS[0m in 1.01s]
[0m12:54:21  47 of 171 START test source_not_null_ashby_ashby_jobs_outline_location_name .... [RUN]
[0m12:54:21  45 of 171 PASS source_not_null_ashby_ashby_jobs_outline_levergreen_id .......... [[32mPASS[0m in 1.03s]
[0m12:54:21  48 of 171 START test source_not_null_ashby_ashby_jobs_outline_opening_id ....... [RUN]
[0m12:54:21  46 of 171 PASS source_not_null_ashby_ashby_jobs_outline_location_id ............ [[32mPASS[0m in 0.97s]
[0m12:54:21  49 of 171 START test source_not_null_ashby_ashby_jobs_outline_opening_name ..... [RUN]
[0m12:54:21  43 of 171 FAIL 5 source_not_null_ashby_ashby_jobs_outline_created_at ........... [[31mFAIL 5[0m in 1.16s]
[0m12:54:21  50 of 171 START test source_not_null_ashby_ashby_jobs_outline_updated_at ....... [RUN]
[0m12:54:22  47 of 171 PASS source_not_null_ashby_ashby_jobs_outline_location_name .......... [[32mPASS[0m in 0.96s]
[0m12:54:22  51 of 171 START test source_not_null_greenhouse_greenhouse_job_departments_company_name  [RUN]
[0m12:54:22  48 of 171 PASS source_not_null_ashby_ashby_jobs_outline_opening_id ............. [[32mPASS[0m in 1.00s]
[0m12:54:22  52 of 171 START test source_not_null_greenhouse_greenhouse_job_departments_created_at  [RUN]
[0m12:54:22  49 of 171 PASS source_not_null_ashby_ashby_jobs_outline_opening_name ........... [[32mPASS[0m in 0.98s]
[0m12:54:22  53 of 171 START test source_not_null_greenhouse_greenhouse_job_departments_id .. [RUN]
[0m12:54:22  50 of 171 PASS source_not_null_ashby_ashby_jobs_outline_updated_at ............. [[32mPASS[0m in 0.96s]
[0m12:54:22  54 of 171 START test source_not_null_greenhouse_greenhouse_job_departments_levergreen_id  [RUN]
[0m12:54:23  51 of 171 PASS source_not_null_greenhouse_greenhouse_job_departments_company_name  [[32mPASS[0m in 1.15s]
[0m12:54:23  55 of 171 START test source_not_null_greenhouse_greenhouse_job_departments_source  [RUN]
[0m12:54:23  54 of 171 PASS source_not_null_greenhouse_greenhouse_job_departments_levergreen_id  [[32mPASS[0m in 1.02s]
[0m12:54:23  56 of 171 START test source_not_null_greenhouse_greenhouse_job_departments_updated_at  [RUN]
[0m12:54:23  52 of 171 PASS source_not_null_greenhouse_greenhouse_job_departments_created_at  [[32mPASS[0m in 1.09s]
[0m12:54:23  53 of 171 PASS source_not_null_greenhouse_greenhouse_job_departments_id ........ [[32mPASS[0m in 1.05s]
[0m12:54:23  57 of 171 START test source_not_null_greenhouse_greenhouse_jobs_outline_created_at  [RUN]
[0m12:54:23  58 of 171 START test source_not_null_greenhouse_greenhouse_jobs_outline_id ..... [RUN]
[0m12:54:24  56 of 171 PASS source_not_null_greenhouse_greenhouse_job_departments_updated_at  [[32mPASS[0m in 1.03s]
[0m12:54:24  59 of 171 START test source_not_null_greenhouse_greenhouse_jobs_outline_levergreen_id  [RUN]
[0m12:54:24  55 of 171 PASS source_not_null_greenhouse_greenhouse_job_departments_source .... [[32mPASS[0m in 1.05s]
[0m12:54:24  60 of 171 START test source_not_null_greenhouse_greenhouse_jobs_outline_location  [RUN]
[0m12:54:24  58 of 171 PASS source_not_null_greenhouse_greenhouse_jobs_outline_id ........... [[32mPASS[0m in 1.03s]
[0m12:54:24  61 of 171 START test source_not_null_greenhouse_greenhouse_jobs_outline_opening_link  [RUN]
[0m12:54:25  57 of 171 PASS source_not_null_greenhouse_greenhouse_jobs_outline_created_at ... [[32mPASS[0m in 1.64s]
[0m12:54:25  62 of 171 START test source_not_null_greenhouse_greenhouse_jobs_outline_opening_title  [RUN]
[0m12:54:25  59 of 171 PASS source_not_null_greenhouse_greenhouse_jobs_outline_levergreen_id  [[32mPASS[0m in 1.02s]
[0m12:54:25  63 of 171 START test source_not_null_greenhouse_greenhouse_jobs_outline_source . [RUN]
[0m12:54:25  60 of 171 PASS source_not_null_greenhouse_greenhouse_jobs_outline_location ..... [[32mPASS[0m in 1.03s]
[0m12:54:25  64 of 171 START test source_not_null_greenhouse_greenhouse_jobs_outline_updated_at  [RUN]
[0m12:54:25  61 of 171 PASS source_not_null_greenhouse_greenhouse_jobs_outline_opening_link . [[32mPASS[0m in 1.02s]
[0m12:54:25  65 of 171 START test source_not_null_lever_lever_jobs_outline_created_at ....... [RUN]
[0m12:54:26  62 of 171 PASS source_not_null_greenhouse_greenhouse_jobs_outline_opening_title  [[32mPASS[0m in 0.99s]
[0m12:54:26  66 of 171 START test source_not_null_lever_lever_jobs_outline_department_names . [RUN]
[0m12:54:26  63 of 171 PASS source_not_null_greenhouse_greenhouse_jobs_outline_source ....... [[32mPASS[0m in 1.05s]
[0m12:54:26  67 of 171 START test source_not_null_lever_lever_jobs_outline_id ............... [RUN]
[0m12:54:26  64 of 171 PASS source_not_null_greenhouse_greenhouse_jobs_outline_updated_at ... [[32mPASS[0m in 1.05s]
[0m12:54:26  68 of 171 START test source_not_null_lever_lever_jobs_outline_levergreen_id .... [RUN]
[0m12:54:26  65 of 171 PASS source_not_null_lever_lever_jobs_outline_created_at ............. [[32mPASS[0m in 1.12s]
[0m12:54:26  69 of 171 START test source_not_null_lever_lever_jobs_outline_location ......... [RUN]
[0m12:54:27  66 of 171 PASS source_not_null_lever_lever_jobs_outline_department_names ....... [[32mPASS[0m in 1.00s]
[0m12:54:27  70 of 171 START test source_not_null_lever_lever_jobs_outline_opening_link ..... [RUN]
[0m12:54:27  67 of 171 PASS source_not_null_lever_lever_jobs_outline_id ..................... [[32mPASS[0m in 1.00s]
[0m12:54:27  71 of 171 START test source_not_null_lever_lever_jobs_outline_opening_title .... [RUN]
[0m12:54:27  68 of 171 PASS source_not_null_lever_lever_jobs_outline_levergreen_id .......... [[32mPASS[0m in 0.99s]
[0m12:54:27  72 of 171 START test source_not_null_lever_lever_jobs_outline_source ........... [RUN]
[0m12:54:27  69 of 171 WARN 8 source_not_null_lever_lever_jobs_outline_location ............. [[33mWARN 8[0m in 1.15s]
[0m12:54:27  73 of 171 START test source_not_null_lever_lever_jobs_outline_updated_at ....... [RUN]
[0m12:54:28  70 of 171 PASS source_not_null_lever_lever_jobs_outline_opening_link ........... [[32mPASS[0m in 1.00s]
[0m12:54:28  74 of 171 START test source_not_null_levergreen_job_board_urls_company_url ..... [RUN]
[0m12:54:28  71 of 171 PASS source_not_null_lever_lever_jobs_outline_opening_title .......... [[32mPASS[0m in 1.05s]
[0m12:54:28  75 of 171 START test source_not_null_levergreen_job_board_urls_id .............. [RUN]
[0m12:54:28  72 of 171 PASS source_not_null_lever_lever_jobs_outline_source ................. [[32mPASS[0m in 1.05s]
[0m12:54:28  76 of 171 START test source_not_null_rippling_rippling_jobs_outline_api_endpoint  [RUN]
[0m12:54:28  73 of 171 PASS source_not_null_lever_lever_jobs_outline_updated_at ............. [[32mPASS[0m in 1.01s]
[0m12:54:28  77 of 171 START test source_not_null_rippling_rippling_jobs_outline_board_token  [RUN]
[0m12:54:29  74 of 171 PASS source_not_null_levergreen_job_board_urls_company_url ........... [[32mPASS[0m in 1.07s]
[0m12:54:29  78 of 171 START test source_not_null_rippling_rippling_jobs_outline_created_at . [RUN]
[0m12:54:29  75 of 171 PASS source_not_null_levergreen_job_board_urls_id .................... [[32mPASS[0m in 0.98s]
[0m12:54:29  79 of 171 START test source_not_null_rippling_rippling_jobs_outline_department . [RUN]
[0m12:54:29  76 of 171 PASS source_not_null_rippling_rippling_jobs_outline_api_endpoint ..... [[32mPASS[0m in 0.98s]
[0m12:54:29  80 of 171 START test source_not_null_rippling_rippling_jobs_outline_id ......... [RUN]
[0m12:54:29  77 of 171 PASS source_not_null_rippling_rippling_jobs_outline_board_token ...... [[32mPASS[0m in 0.95s]
[0m12:54:29  81 of 171 START test source_not_null_rippling_rippling_jobs_outline_job_id ..... [RUN]
[0m12:54:30  78 of 171 PASS source_not_null_rippling_rippling_jobs_outline_created_at ....... [[32mPASS[0m in 0.99s]
[0m12:54:30  82 of 171 START test source_not_null_rippling_rippling_jobs_outline_location ... [RUN]
[0m12:54:30  80 of 171 PASS source_not_null_rippling_rippling_jobs_outline_id ............... [[32mPASS[0m in 1.01s]
[0m12:54:30  83 of 171 START test source_not_null_rippling_rippling_jobs_outline_run_hash ... [RUN]
[0m12:54:30  79 of 171 PASS source_not_null_rippling_rippling_jobs_outline_department ....... [[32mPASS[0m in 1.04s]
[0m12:54:30  84 of 171 START test source_not_null_rippling_rippling_jobs_outline_title ...... [RUN]
[0m12:54:30  81 of 171 PASS source_not_null_rippling_rippling_jobs_outline_job_id ........... [[32mPASS[0m in 1.00s]
[0m12:54:30  85 of 171 START test source_not_null_rippling_rippling_jobs_outline_url ........ [RUN]
[0m12:54:31  82 of 171 PASS source_not_null_rippling_rippling_jobs_outline_location ......... [[32mPASS[0m in 1.00s]
[0m12:54:31  86 of 171 START test source_unique_ashby_ashby_job_departments_id .............. [RUN]
[0m12:54:31  83 of 171 PASS source_not_null_rippling_rippling_jobs_outline_run_hash ......... [[32mPASS[0m in 0.99s]
[0m12:54:31  87 of 171 START test source_unique_ashby_ashby_job_locations_id ................ [RUN]
[0m12:54:31  84 of 171 PASS source_not_null_rippling_rippling_jobs_outline_title ............ [[32mPASS[0m in 1.01s]
[0m12:54:31  88 of 171 START test source_unique_ashby_ashby_jobs_outline_id ................. [RUN]
[0m12:54:31  85 of 171 PASS source_not_null_rippling_rippling_jobs_outline_url .............. [[32mPASS[0m in 0.97s]
[0m12:54:31  89 of 171 START test source_unique_greenhouse_greenhouse_job_departments_id .... [RUN]
[0m12:54:32  86 of 171 PASS source_unique_ashby_ashby_job_departments_id .................... [[32mPASS[0m in 1.21s]
[0m12:54:32  90 of 171 START test source_unique_greenhouse_greenhouse_jobs_outline_id ....... [RUN]
[0m12:54:32  87 of 171 PASS source_unique_ashby_ashby_job_locations_id ...................... [[32mPASS[0m in 0.99s]
[0m12:54:32  91 of 171 START test source_unique_lever_lever_jobs_outline_id ................. [RUN]
[0m12:54:32  88 of 171 PASS source_unique_ashby_ashby_jobs_outline_id ....................... [[32mPASS[0m in 0.99s]
[0m12:54:32  92 of 171 START test source_unique_levergreen_job_board_urls_company_url ....... [RUN]
[0m12:54:33  89 of 171 PASS source_unique_greenhouse_greenhouse_job_departments_id .......... [[32mPASS[0m in 1.23s]
[0m12:54:33  93 of 171 START test source_unique_levergreen_job_board_urls_id ................ [RUN]
[0m12:54:33  90 of 171 PASS source_unique_greenhouse_greenhouse_jobs_outline_id ............. [[32mPASS[0m in 1.08s]
[0m12:54:33  94 of 171 START test source_unique_rippling_rippling_jobs_outline_id ........... [RUN]
[0m12:54:33  91 of 171 PASS source_unique_lever_lever_jobs_outline_id ....................... [[32mPASS[0m in 1.06s]
[0m12:54:33  95 of 171 START sql view model elementary.metrics_anomaly_score ................ [RUN]
[0m12:54:34  94 of 171 PASS source_unique_rippling_rippling_jobs_outline_id ................. [[32mPASS[0m in 0.95s]
[0m12:54:34  96 of 171 START sql view model elementary.monitors_runs ........................ [RUN]
[0m12:54:34  93 of 171 PASS source_unique_levergreen_job_board_urls_id ...................... [[32mPASS[0m in 1.64s]
[0m12:54:34  97 of 171 START sql view model elementary.job_run_results ...................... [RUN]
[0m12:54:35  95 of 171 OK created sql view model elementary.metrics_anomaly_score ........... [[32mCREATE VIEW[0m in 1.31s]
[0m12:54:35  98 of 171 START sql view model elementary.seed_run_results ..................... [RUN]
[0m12:54:35  92 of 171 PASS source_unique_levergreen_job_board_urls_company_url ............. [[32mPASS[0m in 2.59s]
[0m12:54:35  99 of 171 START sql view model elementary.snapshot_run_results ................. [RUN]
[0m12:54:35  96 of 171 OK created sql view model elementary.monitors_runs ................... [[32mCREATE VIEW[0m in 1.29s]
[0m12:54:35  100 of 171 START sql view model elementary.model_run_results ................... [RUN]
[0m12:54:35  97 of 171 OK created sql view model elementary.job_run_results ................. [[32mCREATE VIEW[0m in 1.29s]
[0m12:54:36  101 of 171 START sql view model elementary.alerts_dbt_source_freshness ......... [RUN]
[0m12:54:36  98 of 171 OK created sql view model elementary.seed_run_results ................ [[32mCREATE VIEW[0m in 1.31s]
[0m12:54:36  102 of 171 START sql view model elementary.alerts_anomaly_detection ............ [RUN]
[0m12:54:36  99 of 171 OK created sql view model elementary.snapshot_run_results ............ [[32mCREATE VIEW[0m in 1.26s]
[0m12:54:36  103 of 171 START sql view model elementary.alerts_dbt_tests .................... [RUN]
[0m12:54:37  100 of 171 OK created sql view model elementary.model_run_results .............. [[32mCREATE VIEW[0m in 1.31s]
[0m12:54:37  104 of 171 START sql view model elementary.alerts_schema_changes ............... [RUN]
[0m12:54:37  101 of 171 OK created sql view model elementary.alerts_dbt_source_freshness .... [[32mCREATE VIEW[0m in 1.32s]
[0m12:54:37  105 of 171 START sql incremental model elementary.test_result_rows ............. [RUN]
[0m12:54:37  102 of 171 OK created sql view model elementary.alerts_anomaly_detection ....... [[32mCREATE VIEW[0m in 1.36s]
[0m12:54:37  106 of 171 SKIP test not_null_stg_workable_jobs_id ............................. [[33mSKIP[0m]
[0m12:54:37  107 of 171 SKIP test not_null_stg_workable_jobs_job_title ...................... [[33mSKIP[0m]
[0m12:54:37  108 of 171 SKIP test not_null_stg_workable_jobs_job_url ........................ [[33mSKIP[0m]
[0m12:54:37  109 of 171 SKIP test unique_stg_workable_jobs_id ............................... [[33mSKIP[0m]
[0m12:54:37  110 of 171 SKIP test unique_stg_workable_jobs_job_url .......................... [[33mSKIP[0m]
[0m12:54:37  111 of 171 START sql view model elementary.dbt_artifacts_hashes ................ [RUN]
[0m12:54:37  103 of 171 OK created sql view model elementary.alerts_dbt_tests ............... [[32mCREATE VIEW[0m in 1.38s]
[0m12:54:37  112 of 171 SKIP relation public.stg_ashby__job_departments ..................... [[33mSKIP[0m]
[0m12:54:37  113 of 171 SKIP relation public.stg_ashby__job_locations ....................... [[33mSKIP[0m]
[0m12:54:37  114 of 171 SKIP relation public.stg_ashby__jobs_outline ........................ [[33mSKIP[0m]
[0m12:54:37  115 of 171 START sql view model public.stg_greenhouse__job_departments ......... [RUN]
[0m12:54:38  104 of 171 OK created sql view model elementary.alerts_schema_changes .......... [[32mCREATE VIEW[0m in 1.30s]
[0m12:54:38  116 of 171 START sql view model public.stg_greenhouse__jobs_outline ............ [RUN]
[0m12:54:38  105 of 171 OK created sql incremental model elementary.test_result_rows ........ [[32mINSERT 0 0[0m in 1.50s]
[0m12:54:38  117 of 171 START sql view model public.stg_lever__jobs_outline ................. [RUN]
[0m12:54:38  115 of 171 ERROR creating sql view model public.stg_greenhouse__job_departments  [[31mERROR[0m in 0.97s]
[0m12:54:38  118 of 171 SKIP relation public.stg_rippling__jobs_outline ..................... [[33mSKIP[0m]
[0m12:54:38  119 of 171 START sql view model elementary.anomaly_threshold_sensitivity ....... [RUN]
[0m12:54:39  111 of 171 OK created sql view model elementary.dbt_artifacts_hashes ........... [[32mCREATE VIEW[0m in 1.30s]
[0m12:54:39  120 of 171 START sql view model elementary.alerts_dbt_models ................... [RUN]
[0m12:54:39  116 of 171 ERROR creating sql view model public.stg_greenhouse__jobs_outline ... [[31mERROR[0m in 0.97s]
[0m12:54:39  121 of 171 SKIP relation public.combined_job_sources ........................... [[33mSKIP[0m]
[0m12:54:39  122 of 171 SKIP relation public.int_ashby_departments_expanded ................. [[33mSKIP[0m]
[0m12:54:39  123 of 171 SKIP relation public.int_ashby_locations_expanded ................... [[33mSKIP[0m]
[0m12:54:39  124 of 171 SKIP test accepted_values_stg_greenhouse__job_departments_job_board__greenhouse  [[33mSKIP[0m]
[0m12:54:39  125 of 171 SKIP test dbt_expectations_expect_table_columns_to_match_set_stg_greenhouse__job_departments_id__levergreen_id__created_at_utc__updated_at_utc__created_date_utc__updated_date_utc__source__company_name__department_category__department_id__department_name__uses_existing__raw_html_file_location__run_hash__job_board  [[33mSKIP[0m]
[0m12:54:39  126 of 171 SKIP test accepted_values_stg_greenhouse__jobs_outline_job_board__greenhouse  [[33mSKIP[0m]
[0m12:54:39  127 of 171 SKIP test dbt_expectations_expect_table_columns_to_match_set_stg_greenhouse__jobs_outline_id__levergreen_id__created_at_utc__updated_at_utc__created_date_utc__updated_date_utc__source__department_ids__location__office_ids__full_opening_link__opening_title__uses_existing__raw_html_file_location__run_hash__job_board__company_name  [[33mSKIP[0m]
[0m12:54:39  128 of 171 SKIP relation public.int_ashby_outline_finalized .................... [[33mSKIP[0m]
[0m12:54:39  129 of 171 SKIP relation public.int_greenhouse_departments_expanded_with_outline  [[33mSKIP[0m]
[0m12:54:39  117 of 171 ERROR creating sql view model public.stg_lever__jobs_outline ........ [[31mERROR[0m in 0.95s]
[0m12:54:39  130 of 171 SKIP test accepted_values_stg_lever__jobs_outline_job_board__lever .. [[33mSKIP[0m]
[0m12:54:39  131 of 171 SKIP test dbt_expectations_expect_table_columns_to_match_set_stg_lever__jobs_outline_id__levergreen_id__created_at_utc__updated_at_utc__source__department_names__location__workplace_type__full_opening_link__opening_title__company_name__uses_existing__raw_html_file_location__run_hash__created_date_utc__updated_date_utc__job_board  [[33mSKIP[0m]
[0m12:54:39  132 of 171 SKIP relation public.int_lever_departments_expanded ................. [[33mSKIP[0m]
[0m12:54:39  133 of 171 SKIP relation core.all_job_postings ................................. [[33mSKIP[0m]
[0m12:54:39  134 of 171 SKIP test accepted_values_all_job_postings_job_board__greenhouse__lever__ashby__rippling  [[33mSKIP[0m]
[0m12:54:39  135 of 171 SKIP test accepted_values_all_job_postings_opening_category__Data__Software_Engineering__Product__Sales__Finance_Accounting__Operations__Other  [[33mSKIP[0m]
[0m12:54:39  136 of 171 SKIP test accepted_values_all_job_postings_posting_length_category__Inactive__Stale__Old__Medium__Recent__New  [[33mSKIP[0m]
[0m12:54:39  137 of 171 SKIP test check_sneaky_returning_job ................................ [[33mSKIP[0m]
[0m12:54:39  138 of 171 SKIP test dbt_expectations_expect_table_columns_to_match_set_all_job_postings_id__levergreen_id__created_date_utc__updated_date_utc__source__company_name__uses_existing__location__full_opening_link__opening_title__is_remote__primary_department__secondary_department__tertiary_department__quaternary_department__run_hash__job_board__is_active__earliest_opening_date__latest_opening_date__days_active__posting_length_category__opening_category  [[33mSKIP[0m]
[0m12:54:39  139 of 171 SKIP test not_null_all_job_postings_id .............................. [[33mSKIP[0m]
[0m12:54:39  140 of 171 SKIP test not_null_all_job_postings_levergreen_id ................... [[33mSKIP[0m]
[0m12:54:39  141 of 171 SKIP test unique_all_job_postings_id ................................ [[33mSKIP[0m]
[0m12:54:39  142 of 171 SKIP test unique_all_job_postings_levergreen_id ..................... [[33mSKIP[0m]
[0m12:54:39  143 of 171 SKIP relation core.active_job_postings .............................. [[33mSKIP[0m]
[0m12:54:39  144 of 171 SKIP test accepted_values_active_job_postings_job_board__greenhouse__lever__ashby__rippling  [[33mSKIP[0m]
[0m12:54:39  145 of 171 SKIP test accepted_values_active_job_postings_opening_category__Data__Software_Engineering__Product__Sales__Finance_Accounting__Operations__Other  [[33mSKIP[0m]
[0m12:54:39  146 of 171 SKIP test accepted_values_active_job_postings_posting_length_category__Inactive__Stale__Old__Medium__Recent__New  [[33mSKIP[0m]
[0m12:54:39  147 of 171 SKIP test check_expected_careers_pages_scraped ...................... [[33mSKIP[0m]
[0m12:54:39  148 of 171 SKIP test confirm_active_jobs_per_company_scraped ................... [[33mSKIP[0m]
[0m12:54:39  149 of 171 SKIP test dbt_expectations_expect_table_columns_to_match_set_active_job_postings_id__levergreen_id__created_date_utc__updated_date_utc__source__company_name__uses_existing__location__full_opening_link__opening_title__is_remote__primary_department__secondary_department__tertiary_department__quaternary_department__run_hash__job_board__is_active__earliest_opening_date__latest_opening_date__days_active__posting_length_category__opening_category  [[33mSKIP[0m]
[0m12:54:39  150 of 171 SKIP test not_null_active_job_postings_id ........................... [[33mSKIP[0m]
[0m12:54:39  151 of 171 SKIP test not_null_active_job_postings_levergreen_id ................ [[33mSKIP[0m]
[0m12:54:39  152 of 171 SKIP test unique_active_job_postings_id ............................. [[33mSKIP[0m]
[0m12:54:39  153 of 171 SKIP test unique_active_job_postings_levergreen_id .................. [[33mSKIP[0m]
[0m12:54:39  154 of 171 SKIP relation core.active_job_postings_default ...................... [[33mSKIP[0m]
[0m12:54:39  155 of 171 SKIP relation core.active_job_postings_prospect ..................... [[33mSKIP[0m]
[0m12:54:39  156 of 171 SKIP test accepted_values_active_job_postings_default_job_board__greenhouse__lever__ashby  [[33mSKIP[0m]
[0m12:54:39  157 of 171 SKIP test accepted_values_active_job_postings_default_opening_category__Data__Software_Engineering__Product__Sales__Finance_Accounting__Operations__Other  [[33mSKIP[0m]
[0m12:54:39  158 of 171 SKIP test accepted_values_active_job_postings_default_posting_length_category__Inactive__Stale__Old__Medium__Recent__New  [[33mSKIP[0m]
[0m12:54:39  159 of 171 SKIP test dbt_expectations_expect_table_columns_to_match_set_active_job_postings_default_id__levergreen_id__created_date_utc__updated_date_utc__source__company_name__uses_existing__location__full_opening_link__opening_title__is_remote__primary_department__secondary_department__tertiary_department__quaternary_department__run_hash__job_board__is_active__earliest_opening_date__latest_opening_date__days_active__posting_length_category__opening_category  [[33mSKIP[0m]
[0m12:54:39  160 of 171 SKIP test not_null_active_job_postings_default_id ................... [[33mSKIP[0m]
[0m12:54:39  161 of 171 SKIP test not_null_active_job_postings_default_levergreen_id ........ [[33mSKIP[0m]
[0m12:54:39  162 of 171 SKIP test unique_active_job_postings_default_id ..................... [[33mSKIP[0m]
[0m12:54:39  163 of 171 SKIP test unique_active_job_postings_default_levergreen_id .......... [[33mSKIP[0m]
[0m12:54:39  164 of 171 SKIP test accepted_values_active_job_postings_prospect_job_board__greenhouse__lever__ashby__rippling  [[33mSKIP[0m]
[0m12:54:39  165 of 171 SKIP test accepted_values_active_job_postings_prospect_opening_category__Data__Software_Engineering__Product__Sales__Finance_Accounting__Operations__Other  [[33mSKIP[0m]
[0m12:54:39  166 of 171 SKIP test accepted_values_active_job_postings_prospect_posting_length_category__Inactive__Stale__Old__Medium__Recent__New  [[33mSKIP[0m]
[0m12:54:39  167 of 171 SKIP test dbt_expectations_expect_table_columns_to_match_set_active_job_postings_prospect_id__levergreen_id__created_date_utc__updated_date_utc__source__company_name__uses_existing__location__full_opening_link__opening_title__is_remote__primary_department__secondary_department__tertiary_department__quaternary_department__run_hash__job_board__is_active__earliest_opening_date__latest_opening_date__days_active__posting_length_category__opening_category  [[33mSKIP[0m]
[0m12:54:39  168 of 171 SKIP test not_null_active_job_postings_prospect_id .................. [[33mSKIP[0m]
[0m12:54:39  169 of 171 SKIP test not_null_active_job_postings_prospect_levergreen_id ....... [[33mSKIP[0m]
[0m12:54:39  170 of 171 SKIP test unique_active_job_postings_prospect_id .................... [[33mSKIP[0m]
[0m12:54:39  171 of 171 SKIP test unique_active_job_postings_prospect_levergreen_id ......... [[33mSKIP[0m]
[0m12:54:40  119 of 171 OK created sql view model elementary.anomaly_threshold_sensitivity .. [[32mCREATE VIEW[0m in 1.20s]
[0m12:54:40  120 of 171 OK created sql view model elementary.alerts_dbt_models .............. [[32mCREATE VIEW[0m in 1.20s]
[0m12:54:41  
[0m12:54:41  Running 1 on-run-end hook
[0m12:54:48  1 of 1 START hook: elementary.on-run-end.0 ..................................... [RUN]
[0m12:54:48  1 of 1 OK hook: elementary.on-run-end.0 ........................................ [[32mOK[0m in 0.00s]
[0m12:54:48  
[0m12:54:48  
[0m12:54:48  Finished running 16 incremental models, 10 table models, 22 view models, 123 data tests, 2 project hooks in 0 hours 0 minutes and 49.90 seconds (49.90s).
[0m12:54:49  
[0m12:54:49  [31mCompleted with 11 errors and 2 warnings:[0m
[0m12:54:49  
[0m12:54:49    Database Error in model stg_workable_jobs (models/staging/stg_workable_jobs.sql)
  cross-database references are not implemented: "your_database.public.workable_jobs"
  LINE 9:     from "your_database"."public"."workable_jobs"
                   ^
  compiled code at target/run/levergreen_dbt/models/staging/stg_workable_jobs.sql
[0m12:54:49  
[0m12:54:49  [31mFailure in test dbt_expectations_source_expect_table_columns_to_match_set_ashby_ashby_jobs_outline_id__levergreen_id__created_at__updated_at__company_name__ashby_job_board_source__run_hash__raw_json_file_location__existing_json_used__opening_id__opening_name__department_id__location_id__location_name__employment_type__compensation_tier__opening_link (models/staging/ashby/_ashby__sources.yml)[0m
[0m12:54:49    Got 2 results, configured to fail if != 0
[0m12:54:49  
[0m12:54:49    compiled code at target/compiled/levergreen_dbt/models/staging/ashby/_ashby__sources.yml/dbt_expectations_source_expect_acb11cca2ccc2ec55d80925de2dfe891.sql
[0m12:54:49  
[0m12:54:49  [31mFailure in test dbt_expectations_source_expect_table_columns_to_match_set_levergreen_job_board_urls_id__company_url__is_enabled__is_prospect__is_web_scraped__ats__company (models/staging/levergreen/_levergreen__sources.yml)[0m
[0m12:54:49    Got 2 results, configured to fail if != 0
[0m12:54:49  
[0m12:54:49    compiled code at target/compiled/levergreen_dbt/models/staging/levergreen/_levergreen__sources.yml/dbt_expectations_source_expect_e20d05a7198ee9a0ca1390263d9da25b.sql
[0m12:54:49  
[0m12:54:49  [31mFailure in test dbt_expectations_source_expect_table_columns_to_match_set_rippling_rippling_jobs_outline_id__job_id__created_at__title__url__location__board_token__department__run_hash__api_endpoint (models/staging/rippling/_rippling__sources.yml)[0m
[0m12:54:49    Got 1 result, configured to fail if != 0
[0m12:54:49  
[0m12:54:49    compiled code at target/compiled/levergreen_dbt/models/staging/rippling/_rippling__sources.yml/dbt_expectations_source_expect_fe65d6ff9a8f8e2096636d19ee6d1fba.sql
[0m12:54:49  
[0m12:54:49  [31mFailure in test source_not_null_ashby_ashby_job_departments_created_at (models/staging/ashby/_ashby__sources.yml)[0m
[0m12:54:49    Got 6 results, configured to fail if != 0
[0m12:54:49  
[0m12:54:49    compiled code at target/compiled/levergreen_dbt/models/staging/ashby/_ashby__sources.yml/source_not_null_ashby_ashby_job_departments_created_at.sql
[0m12:54:49  
[0m12:54:49  [31mFailure in test source_not_null_ashby_ashby_job_locations_created_at (models/staging/ashby/_ashby__sources.yml)[0m
[0m12:54:49    Got 4 results, configured to fail if != 0
[0m12:54:49  
[0m12:54:49    compiled code at target/compiled/levergreen_dbt/models/staging/ashby/_ashby__sources.yml/source_not_null_ashby_ashby_job_locations_created_at.sql
[0m12:54:49  
[0m12:54:49    Database Error in test source_not_null_ashby_ashby_jobs_outline_ashby_job_board_source (models/staging/ashby/_ashby__sources.yml)
  column "ashby_job_board_source" does not exist
  LINE 16: select ashby_job_board_source
                  ^
  compiled code at target/run/levergreen_dbt/models/staging/ashby/_ashby__sources.yml/source_not_null_ashby_ashby_jobs_outline_ashby_job_board_source.sql
[0m12:54:49  
[0m12:54:49  [31mFailure in test source_not_null_ashby_ashby_jobs_outline_created_at (models/staging/ashby/_ashby__sources.yml)[0m
[0m12:54:49    Got 5 results, configured to fail if != 0
[0m12:54:49  
[0m12:54:49    compiled code at target/compiled/levergreen_dbt/models/staging/ashby/_ashby__sources.yml/source_not_null_ashby_ashby_jobs_outline_created_at.sql
[0m12:54:49  
[0m12:54:49    Database Error in model stg_greenhouse__job_departments (models/staging/greenhouse/stg_greenhouse__job_departments.sql)
  function to_timestamp(timestamp with time zone) does not exist
  LINE 10:         to_timestamp(created_at) at time zone 'UTC' as creat...
                   ^
  HINT:  No function matches the given name and argument types. You might need to add explicit type casts.
  compiled code at target/run/levergreen_dbt/models/staging/greenhouse/stg_greenhouse__job_departments.sql
[0m12:54:49  
[0m12:54:49    Database Error in model stg_greenhouse__jobs_outline (models/staging/greenhouse/stg_greenhouse__jobs_outline.sql)
  function to_timestamp(timestamp with time zone) does not exist
  LINE 12:         to_timestamp(created_at) at time zone 'UTC' as creat...
                   ^
  HINT:  No function matches the given name and argument types. You might need to add explicit type casts.
  compiled code at target/run/levergreen_dbt/models/staging/greenhouse/stg_greenhouse__jobs_outline.sql
[0m12:54:49  
[0m12:54:49    Database Error in model stg_lever__jobs_outline (models/staging/lever/stg_lever__jobs_outline.sql)
  function to_timestamp(timestamp with time zone) does not exist
  LINE 10:         to_timestamp(created_at) at time zone 'UTC' as creat...
                   ^
  HINT:  No function matches the given name and argument types. You might need to add explicit type casts.
  compiled code at target/run/levergreen_dbt/models/staging/lever/stg_lever__jobs_outline.sql
[0m12:54:49  
[0m12:54:49  [33mWarning in test source_accepted_values_greenhouse_greenhouse_job_departments_department_category__level_0__level_1__level_2__level_3__level_4__level_5 (models/staging/greenhouse/_greenhouse__sources.yml)[0m
[0m12:54:49  Got 33 results, configured to warn if != 0
[0m12:54:49  
[0m12:54:49    compiled code at target/compiled/levergreen_dbt/models/staging/greenhouse/_greenhouse__sources.yml/source_accepted_values_greenho_c1efa92ea811064d90f3fb6de8813db5.sql
[0m12:54:49  
[0m12:54:49  [33mWarning in test source_not_null_lever_lever_jobs_outline_location (models/staging/lever/_lever__sources.yml)[0m
[0m12:54:49  Got 8 results, configured to warn if != 0
[0m12:54:49  
[0m12:54:49    compiled code at target/compiled/levergreen_dbt/models/staging/lever/_lever__sources.yml/source_not_null_lever_lever_jobs_outline_location.sql
[0m12:54:49  
[0m12:54:49  Done. PASS=98 WARN=2 ERROR=11 SKIP=60 TOTAL=171
