[0m08:04:44  Running with dbt=1.8.9
[0m08:04:44  Registered adapter: postgres=1.8.2
[0m08:04:44  Unable to do partial parsing because saved manifest not found. Starting full parse.
[0m08:04:48  [[33mWARNING[0m]: Deprecated functionality
The `tests` config has been renamed to `data_tests`. Please see
https://docs.getdbt.com/docs/build/data-tests#new-data_tests-syntax for more
information.
[0m08:04:49  Found 47 models, 123 data tests, 2 operations, 12 sources, 1504 macros
[0m08:04:49  
[0m08:04:54  
[0m08:04:54  Running 1 on-run-start hook
[0m08:04:54  1 of 1 START hook: elementary.on-run-start.0 ................................... [RUN]
[0m08:04:54  1 of 1 OK hook: elementary.on-run-start.0 ...................................... [[32mOK[0m in 0.00s]
[0m08:04:54  
[0m08:04:54  Concurrency: 4 threads (target='prod')
[0m08:04:54  
[0m08:04:54  1 of 47 START sql incremental model elementary.data_monitoring_metrics ......... [RUN]
[0m08:04:54  2 of 47 START sql incremental model elementary.dbt_columns ..................... [RUN]
[0m08:04:54  3 of 47 START sql incremental model elementary.dbt_exposures ................... [RUN]
[0m08:04:54  4 of 47 START sql incremental model elementary.dbt_invocations ................. [RUN]
[0m08:04:57  1 of 47 OK created sql incremental model elementary.data_monitoring_metrics .... [[32mINSERT 0 0[0m in 2.78s]
[0m08:04:57  4 of 47 OK created sql incremental model elementary.dbt_invocations ............ [[32mINSERT 0 0[0m in 2.78s]
[0m08:04:57  5 of 47 START sql incremental model elementary.dbt_metrics ..................... [RUN]
[0m08:04:57  6 of 47 START sql incremental model elementary.dbt_models ...................... [RUN]
[0m08:04:57  3 of 47 OK created sql incremental model elementary.dbt_exposures .............. [[32mINSERT 0 0[0m in 3.16s]
[0m08:04:57  7 of 47 START sql incremental model elementary.dbt_run_results ................. [RUN]
[0m08:04:57  2 of 47 OK created sql incremental model elementary.dbt_columns ................ [[32mINSERT 0 0[0m in 3.31s]
[0m08:04:57  8 of 47 START sql incremental model elementary.dbt_seeds ....................... [RUN]
[0m08:04:59  5 of 47 OK created sql incremental model elementary.dbt_metrics ................ [[32mINSERT 0 0[0m in 2.62s]
[0m08:04:59  9 of 47 START sql incremental model elementary.dbt_snapshots ................... [RUN]
[0m08:05:00  7 of 47 OK created sql incremental model elementary.dbt_run_results ............ [[32mINSERT 0 0[0m in 2.33s]
[0m08:05:00  10 of 47 START sql incremental model elementary.dbt_source_freshness_results ... [RUN]
[0m08:05:00  6 of 47 OK created sql incremental model elementary.dbt_models ................. [[32mINSERT 0 0[0m in 2.60s]
[0m08:05:00  11 of 47 START sql incremental model elementary.dbt_sources .................... [RUN]
[0m08:05:00  8 of 47 OK created sql incremental model elementary.dbt_seeds .................. [[32mINSERT 0 0[0m in 2.39s]
[0m08:05:00  12 of 47 START sql incremental model elementary.dbt_tests ...................... [RUN]
[0m08:05:02  10 of 47 OK created sql incremental model elementary.dbt_source_freshness_results  [[32mINSERT 0 0[0m in 2.39s]
[0m08:05:02  13 of 47 START sql incremental model elementary.elementary_test_results ........ [RUN]
[0m08:05:02  9 of 47 OK created sql incremental model elementary.dbt_snapshots .............. [[32mINSERT 0 0[0m in 2.58s]
[0m08:05:02  11 of 47 OK created sql incremental model elementary.dbt_sources ............... [[32mINSERT 0 0[0m in 2.60s]
[0m08:05:02  14 of 47 START sql table model elementary.metadata ............................. [RUN]
[0m08:05:02  15 of 47 START sql incremental model elementary.schema_columns_snapshot ........ [RUN]
[0m08:05:03  12 of 47 OK created sql incremental model elementary.dbt_tests ................. [[32mINSERT 0 0[0m in 3.00s]
[0m08:05:03  16 of 47 START sql view model public.stg_ashby__job_departments ................ [RUN]
[0m08:05:04  16 of 47 ERROR creating sql view model public.stg_ashby__job_departments ....... [[31mERROR[0m in 1.62s]
[0m08:05:04  17 of 47 START sql view model public.stg_ashby__job_locations .................. [RUN]
[0m08:05:04  13 of 47 OK created sql incremental model elementary.elementary_test_results ... [[32mINSERT 0 0[0m in 2.52s]
[0m08:05:04  18 of 47 START sql view model public.stg_ashby__jobs_outline ................... [RUN]
[0m08:05:05  14 of 47 OK created sql table model elementary.metadata ........................ [[32mSELECT 1[0m in 2.26s]
[0m08:05:05  19 of 47 START sql view model public.stg_greenhouse__job_departments ........... [RUN]
[0m08:05:05  15 of 47 OK created sql incremental model elementary.schema_columns_snapshot ... [[32mINSERT 0 0[0m in 2.44s]
[0m08:05:05  20 of 47 START sql view model public.stg_greenhouse__jobs_outline .............. [RUN]
[0m08:05:06  17 of 47 ERROR creating sql view model public.stg_ashby__job_locations ......... [[31mERROR[0m in 1.48s]
[0m08:05:06  21 of 47 START sql view model public.stg_lever__jobs_outline ................... [RUN]
[0m08:05:06  18 of 47 ERROR creating sql view model public.stg_ashby__jobs_outline .......... [[31mERROR[0m in 1.46s]
[0m08:05:06  22 of 47 START sql view model public.stg_rippling__jobs_outline ................ [RUN]
[0m08:05:06  19 of 47 ERROR creating sql view model public.stg_greenhouse__job_departments .. [[31mERROR[0m in 1.47s]
[0m08:05:06  23 of 47 START sql view model public.stg_workable_jobs ......................... [RUN]
[0m08:05:06  20 of 47 ERROR creating sql view model public.stg_greenhouse__jobs_outline ..... [[31mERROR[0m in 1.49s]
[0m08:05:06  24 of 47 START sql view model elementary.metrics_anomaly_score ................. [RUN]
[0m08:05:08  21 of 47 ERROR creating sql view model public.stg_lever__jobs_outline .......... [[31mERROR[0m in 1.49s]
[0m08:05:08  23 of 47 ERROR creating sql view model public.stg_workable_jobs ................ [[31mERROR[0m in 1.50s]
[0m08:05:08  25 of 47 START sql view model elementary.monitors_runs ......................... [RUN]
[0m08:05:08  26 of 47 START sql view model elementary.job_run_results ....................... [RUN]
[0m08:05:08  22 of 47 OK created sql view model public.stg_rippling__jobs_outline ........... [[32mCREATE VIEW[0m in 1.97s]
[0m08:05:08  27 of 47 START sql view model elementary.model_run_results ..................... [RUN]
[0m08:05:08  24 of 47 OK created sql view model elementary.metrics_anomaly_score ............ [[32mCREATE VIEW[0m in 1.90s]
[0m08:05:08  28 of 47 START sql view model elementary.seed_run_results ...................... [RUN]
[0m08:05:10  25 of 47 OK created sql view model elementary.monitors_runs .................... [[32mCREATE VIEW[0m in 1.89s]
[0m08:05:10  29 of 47 START sql view model elementary.snapshot_run_results .................. [RUN]
[0m08:05:10  26 of 47 OK created sql view model elementary.job_run_results .................. [[32mCREATE VIEW[0m in 1.99s]
[0m08:05:10  30 of 47 START sql view model elementary.alerts_dbt_source_freshness ........... [RUN]
[0m08:05:10  27 of 47 OK created sql view model elementary.model_run_results ................ [[32mCREATE VIEW[0m in 2.02s]
[0m08:05:10  31 of 47 START sql view model elementary.dbt_artifacts_hashes .................. [RUN]
[0m08:05:10  28 of 47 OK created sql view model elementary.seed_run_results ................. [[32mCREATE VIEW[0m in 1.96s]
[0m08:05:10  32 of 47 START sql view model elementary.alerts_anomaly_detection .............. [RUN]
[0m08:05:12  29 of 47 OK created sql view model elementary.snapshot_run_results ............. [[32mCREATE VIEW[0m in 2.02s]
[0m08:05:12  33 of 47 START sql view model elementary.alerts_dbt_tests ...................... [RUN]
[0m08:05:12  30 of 47 OK created sql view model elementary.alerts_dbt_source_freshness ...... [[32mCREATE VIEW[0m in 2.10s]
[0m08:05:12  34 of 47 START sql view model elementary.alerts_schema_changes ................. [RUN]
[0m08:05:12  31 of 47 OK created sql view model elementary.dbt_artifacts_hashes ............. [[32mCREATE VIEW[0m in 2.00s]
[0m08:05:12  35 of 47 START sql incremental model elementary.test_result_rows ............... [RUN]
[0m08:05:12  32 of 47 OK created sql view model elementary.alerts_anomaly_detection ......... [[32mCREATE VIEW[0m in 1.93s]
[0m08:05:12  36 of 47 SKIP relation public.int_ashby_departments_expanded ................... [[33mSKIP[0m]
[0m08:05:12  37 of 47 SKIP relation public.int_ashby_locations_expanded ..................... [[33mSKIP[0m]
[0m08:05:12  38 of 47 SKIP relation public.int_greenhouse_departments_expanded_with_outline . [[33mSKIP[0m]
[0m08:05:12  39 of 47 SKIP relation public.int_lever_departments_expanded ................... [[33mSKIP[0m]
[0m08:05:12  40 of 47 SKIP relation public.combined_job_sources ............................. [[33mSKIP[0m]
[0m08:05:12  41 of 47 START sql view model elementary.anomaly_threshold_sensitivity ......... [RUN]
[0m08:05:14  33 of 47 OK created sql view model elementary.alerts_dbt_tests ................. [[32mCREATE VIEW[0m in 2.04s]
[0m08:05:14  42 of 47 START sql view model elementary.alerts_dbt_models ..................... [RUN]
[0m08:05:14  34 of 47 OK created sql view model elementary.alerts_schema_changes ............ [[32mCREATE VIEW[0m in 1.88s]
[0m08:05:14  43 of 47 SKIP relation public.int_ashby_outline_finalized ...................... [[33mSKIP[0m]
[0m08:05:14  44 of 47 SKIP relation core.all_job_postings ................................... [[33mSKIP[0m]
[0m08:05:14  45 of 47 SKIP relation core.active_job_postings ................................ [[33mSKIP[0m]
[0m08:05:14  46 of 47 SKIP relation core.active_job_postings_default ........................ [[33mSKIP[0m]
[0m08:05:14  47 of 47 SKIP relation core.active_job_postings_prospect ....................... [[33mSKIP[0m]
[0m08:05:14  41 of 47 OK created sql view model elementary.anomaly_threshold_sensitivity .... [[32mCREATE VIEW[0m in 1.85s]
[0m08:05:14  35 of 47 OK created sql incremental model elementary.test_result_rows .......... [[32mINSERT 0 0[0m in 2.26s]
[0m08:05:15  42 of 47 OK created sql view model elementary.alerts_dbt_models ................ [[32mCREATE VIEW[0m in 1.78s]
[0m08:05:17  
[0m08:05:17  Running 1 on-run-end hook
[0m08:05:19  1 of 1 START hook: elementary.on-run-end.0 ..................................... [RUN]
[0m08:05:19  1 of 1 OK hook: elementary.on-run-end.0 ........................................ [[32mOK[0m in 0.00s]
[0m08:05:19  
[0m08:05:19  
[0m08:05:19  Finished running 15 incremental models, 22 view models, 10 table models, 2 project hooks in 0 hours 0 minutes and 30.30 seconds (30.30s).
[0m08:05:19  
[0m08:05:19  [31mCompleted with 7 errors and 0 warnings:[0m
[0m08:05:19  
[0m08:05:19    Database Error in model stg_ashby__job_departments (models/staging/ashby/stg_ashby__job_departments.sql)
  function to_timestamp(timestamp with time zone) does not exist
  LINE 10:         to_timestamp(created_at) at time zone 'UTC' as creat...
                   ^
  HINT:  No function matches the given name and argument types. You might need to add explicit type casts.
  compiled code at target/run/levergreen_dbt/models/staging/ashby/stg_ashby__job_departments.sql
[0m08:05:19  
[0m08:05:19    Database Error in model stg_ashby__job_locations (models/staging/ashby/stg_ashby__job_locations.sql)
  function to_timestamp(timestamp with time zone) does not exist
  LINE 10:         to_timestamp(created_at) at time zone 'UTC' as creat...
                   ^
  HINT:  No function matches the given name and argument types. You might need to add explicit type casts.
  compiled code at target/run/levergreen_dbt/models/staging/ashby/stg_ashby__job_locations.sql
[0m08:05:19  
[0m08:05:19    Database Error in model stg_ashby__jobs_outline (models/staging/ashby/stg_ashby__jobs_outline.sql)
  function to_timestamp(timestamp with time zone) does not exist
  LINE 10:         to_timestamp(created_at) at time zone 'UTC' as creat...
                   ^
  HINT:  No function matches the given name and argument types. You might need to add explicit type casts.
  compiled code at target/run/levergreen_dbt/models/staging/ashby/stg_ashby__jobs_outline.sql
[0m08:05:19  
[0m08:05:19    Database Error in model stg_greenhouse__job_departments (models/staging/greenhouse/stg_greenhouse__job_departments.sql)
  function to_timestamp(timestamp with time zone) does not exist
  LINE 10:         to_timestamp(created_at) at time zone 'UTC' as creat...
                   ^
  HINT:  No function matches the given name and argument types. You might need to add explicit type casts.
  compiled code at target/run/levergreen_dbt/models/staging/greenhouse/stg_greenhouse__job_departments.sql
[0m08:05:19  
[0m08:05:19    Database Error in model stg_greenhouse__jobs_outline (models/staging/greenhouse/stg_greenhouse__jobs_outline.sql)
  function to_timestamp(timestamp with time zone) does not exist
  LINE 12:         to_timestamp(created_at) at time zone 'UTC' as creat...
                   ^
  HINT:  No function matches the given name and argument types. You might need to add explicit type casts.
  compiled code at target/run/levergreen_dbt/models/staging/greenhouse/stg_greenhouse__jobs_outline.sql
[0m08:05:19  
[0m08:05:19    Database Error in model stg_lever__jobs_outline (models/staging/lever/stg_lever__jobs_outline.sql)
  function to_timestamp(timestamp with time zone) does not exist
  LINE 10:         to_timestamp(created_at) at time zone 'UTC' as creat...
                   ^
  HINT:  No function matches the given name and argument types. You might need to add explicit type casts.
  compiled code at target/run/levergreen_dbt/models/staging/lever/stg_lever__jobs_outline.sql
[0m08:05:19  
[0m08:05:19    Database Error in model stg_workable_jobs (models/staging/stg_workable_jobs.sql)
  cross-database references are not implemented: "your_database.public.workable_jobs"
  LINE 9:     from "your_database"."public"."workable_jobs"
                   ^
  compiled code at target/run/levergreen_dbt/models/staging/stg_workable_jobs.sql
[0m08:05:19  
[0m08:05:19  Done. PASS=30 WARN=0 ERROR=7 SKIP=10 TOTAL=47
