[0m08:33:47  Running with dbt=1.8.9
[0m08:33:48  Registered adapter: postgres=1.8.2
[0m08:33:48  Unable to do partial parsing because saved manifest not found. Starting full parse.
[0m08:33:52  [[33mWARNING[0m]: Deprecated functionality
The `tests` config has been renamed to `data_tests`. Please see
https://docs.getdbt.com/docs/build/data-tests#new-data_tests-syntax for more
information.
[0m08:33:53  Found 48 models, 123 data tests, 2 operations, 12 sources, 1618 macros
[0m08:33:53  
[0m08:33:57  
[0m08:33:57  Running 1 on-run-start hook
[0m08:33:58  Elementary: Runtime data: {"config": {}, "dbt_version": "1.8.9", "elementary_version": "0.19.4", "database": "postgres", "schema": "elementary"}
[0m08:33:58  1 of 1 START hook: elementary.on-run-start.0 ................................... [RUN]
[0m08:33:58  1 of 1 OK hook: elementary.on-run-start.0 ...................................... [[32mOK[0m in 0.00s]
[0m08:33:58  
[0m08:33:58  Concurrency: 4 threads (target='prod')
[0m08:33:58  
[0m08:33:58  1 of 171 START sql incremental model elementary.data_monitoring_metrics ........ [RUN]
[0m08:33:58  2 of 171 START sql incremental model elementary.dbt_columns .................... [RUN]
[0m08:33:58  3 of 171 START sql incremental model elementary.dbt_exposures .................. [RUN]
[0m08:33:58  4 of 171 START sql incremental model elementary.dbt_groups ..................... [RUN]
[0m08:34:01  1 of 171 OK created sql incremental model elementary.data_monitoring_metrics ... [[32mINSERT 0 0[0m in 2.90s]
[0m08:34:01  5 of 171 START sql incremental model elementary.dbt_invocations ................ [RUN]
[0m08:34:01  4 of 171 OK created sql incremental model elementary.dbt_groups ................ [[32mINSERT 0 0[0m in 3.13s]
[0m08:34:01  6 of 171 START sql incremental model elementary.dbt_metrics .................... [RUN]
[0m08:34:01  3 of 171 OK created sql incremental model elementary.dbt_exposures ............. [[32mINSERT 0 0[0m in 3.16s]
[0m08:34:01  7 of 171 START sql incremental model elementary.dbt_models ..................... [RUN]
[0m08:34:01  2 of 171 OK created sql incremental model elementary.dbt_columns ............... [[32mINSERT 0 0[0m in 3.31s]
[0m08:34:01  8 of 171 START sql incremental model elementary.dbt_run_results ................ [RUN]
[0m08:34:03  5 of 171 OK created sql incremental model elementary.dbt_invocations ........... [[32mINSERT 0 0[0m in 2.09s]
[0m08:34:03  9 of 171 START sql incremental model elementary.dbt_seeds ...................... [RUN]
[0m08:34:03  8 of 171 OK created sql incremental model elementary.dbt_run_results ........... [[32mINSERT 0 0[0m in 2.08s]
[0m08:34:03  10 of 171 START sql incremental model elementary.dbt_snapshots ................. [RUN]
[0m08:34:03  6 of 171 OK created sql incremental model elementary.dbt_metrics ............... [[32mINSERT 0 0[0m in 2.29s]
[0m08:34:03  11 of 171 START sql incremental model elementary.dbt_source_freshness_results .. [RUN]
[0m08:34:03  7 of 171 OK created sql incremental model elementary.dbt_models ................ [[32mINSERT 0 0[0m in 2.36s]
[0m08:34:03  12 of 171 START sql incremental model elementary.dbt_sources ................... [RUN]
[0m08:34:05  9 of 171 OK created sql incremental model elementary.dbt_seeds ................. [[32mINSERT 0 0[0m in 2.35s]
[0m08:34:05  13 of 171 START sql incremental model elementary.dbt_tests ..................... [RUN]
[0m08:34:05  11 of 171 OK created sql incremental model elementary.dbt_source_freshness_results  [[32mINSERT 0 0[0m in 2.17s]
[0m08:34:05  14 of 171 START sql incremental model elementary.elementary_test_results ....... [RUN]
[0m08:34:05  10 of 171 OK created sql incremental model elementary.dbt_snapshots ............ [[32mINSERT 0 0[0m in 2.29s]
[0m08:34:05  15 of 171 START sql table model elementary.metadata ............................ [RUN]
[0m08:34:06  12 of 171 OK created sql incremental model elementary.dbt_sources .............. [[32mINSERT 0 0[0m in 2.43s]
[0m08:34:06  16 of 171 START sql incremental model elementary.schema_columns_snapshot ....... [RUN]
[0m08:34:07  15 of 171 OK created sql table model elementary.metadata ....................... [[32mSELECT 1[0m in 1.98s]
[0m08:34:07  17 of 171 START sql view model public.stg_workable_jobs ........................ [RUN]
[0m08:34:08  14 of 171 OK created sql incremental model elementary.elementary_test_results .. [[32mINSERT 0 0[0m in 2.38s]
[0m08:34:08  18 of 171 START test dbt_expectations_source_expect_table_columns_to_match_set_ashby_ashby_job_departments_id__levergreen_id__created_at__updated_at__company_name__ashby_job_board_source__run_hash__raw_json_file_location__existing_json_used__department_id__department_name__parent_department_id  [RUN]
[0m08:34:08  13 of 171 OK created sql incremental model elementary.dbt_tests ................ [[32mINSERT 0 0[0m in 2.85s]
[0m08:34:08  19 of 171 START test dbt_expectations_source_expect_table_columns_to_match_set_ashby_ashby_job_locations_id__levergreen_id__created_at__updated_at__company_name__ashby_job_board_source__run_hash__raw_json_file_location__existing_json_used__opening_id__secondary_location_id__secondary_location_name  [RUN]
[0m08:34:08  16 of 171 OK created sql incremental model elementary.schema_columns_snapshot .. [[32mINSERT 0 0[0m in 2.36s]
[0m08:34:08  20 of 171 START test dbt_expectations_source_expect_table_columns_to_match_set_ashby_ashby_jobs_outline_id__levergreen_id__created_at__updated_at__company_name__source__run_hash__raw_json_file_location__existing_json_used__opening_id__opening_name__department_id__location_id__location_name__employment_type__compensation_tier__opening_link  [RUN]
[0m08:34:09  [[33mWARNING[0m]: Installed package 'elementary' is overriding the built-in
materialization 'test'. Overrides of built-in materializations from installed
packages will be deprecated in future versions of dbt. Please refer to https://d
ocs.getdbt.com/reference/global-configs/legacy-behaviors#require_explicit_packag
e_overrides_for_builtin_materializations for detailed documentation and
suggested workarounds.
[0m08:34:09  17 of 171 ERROR creating sql view model public.stg_workable_jobs ............... [[31mERROR[0m in 1.63s]
[0m08:34:09  21 of 171 START test dbt_expectations_source_expect_table_columns_to_match_set_greenhouse_greenhouse_job_departments_id__levergreen_id__created_at__updated_at__source__company_name__department_category__department_id__department_name__existing_html_used__raw_html_file_location__run_hash  [RUN]
[0m08:34:09  18 of 171 PASS dbt_expectations_source_expect_table_columns_to_match_set_ashby_ashby_job_departments_id__levergreen_id__created_at__updated_at__company_name__ashby_job_board_source__run_hash__raw_json_file_location__existing_json_used__department_id__department_name__parent_department_id  [[32mPASS[0m in 1.61s]
[0m08:34:09  22 of 171 START test dbt_expectations_source_expect_table_columns_to_match_set_greenhouse_greenhouse_jobs_outline_id__levergreen_id__created_at__updated_at__source__department_ids__location__office_ids__opening_link__opening_title__existing_html_used__run_hash__raw_html_file_location  [RUN]
[0m08:34:10  19 of 171 PASS dbt_expectations_source_expect_table_columns_to_match_set_ashby_ashby_job_locations_id__levergreen_id__created_at__updated_at__company_name__ashby_job_board_source__run_hash__raw_json_file_location__existing_json_used__opening_id__secondary_location_id__secondary_location_name  [[32mPASS[0m in 1.57s]
[0m08:34:10  23 of 171 START test dbt_expectations_source_expect_table_columns_to_match_set_lever_lever_jobs_outline_id__levergreen_id__created_at__updated_at__source__department_names__location__workplace_type__opening_link__opening_title__company_name__existing_html_used__raw_html_file_location__run_hash  [RUN]
[0m08:34:10  20 of 171 PASS dbt_expectations_source_expect_table_columns_to_match_set_ashby_ashby_jobs_outline_id__levergreen_id__created_at__updated_at__company_name__source__run_hash__raw_json_file_location__existing_json_used__opening_id__opening_name__department_id__location_id__location_name__employment_type__compensation_tier__opening_link  [[32mPASS[0m in 1.59s]
[0m08:34:10  24 of 171 START test dbt_expectations_source_expect_table_columns_to_match_set_levergreen_job_board_urls_id__company_url__is_enabled__is_prospect__is_web_scraped__ats__company  [RUN]
[0m08:34:11  21 of 171 PASS dbt_expectations_source_expect_table_columns_to_match_set_greenhouse_greenhouse_job_departments_id__levergreen_id__created_at__updated_at__source__company_name__department_category__department_id__department_name__existing_html_used__raw_html_file_location__run_hash  [[32mPASS[0m in 1.54s]
[0m08:34:11  25 of 171 START test dbt_expectations_source_expect_table_columns_to_match_set_rippling_rippling_jobs_outline_id__job_id__created_at__title__url__location__board_token__department__run_hash__api_endpoint  [RUN]
[0m08:34:11  22 of 171 PASS dbt_expectations_source_expect_table_columns_to_match_set_greenhouse_greenhouse_jobs_outline_id__levergreen_id__created_at__updated_at__source__department_ids__location__office_ids__opening_link__opening_title__existing_html_used__run_hash__raw_html_file_location  [[32mPASS[0m in 1.51s]
[0m08:34:11  26 of 171 START test source_accepted_values_ashby_ashby_jobs_outline_employment_type__Intern__Contract__PartTime__FullTime__Temporary  [RUN]
[0m08:34:11  23 of 171 PASS dbt_expectations_source_expect_table_columns_to_match_set_lever_lever_jobs_outline_id__levergreen_id__created_at__updated_at__source__department_names__location__workplace_type__opening_link__opening_title__company_name__existing_html_used__raw_html_file_location__run_hash  [[32mPASS[0m in 1.64s]
[0m08:34:11  27 of 171 START test source_accepted_values_greenhouse_greenhouse_job_departments_department_category__level_0__level_1__level_2__level_3__level_4__level_5  [RUN]
[0m08:34:11  24 of 171 FAIL 2 dbt_expectations_source_expect_table_columns_to_match_set_levergreen_job_board_urls_id__company_url__is_enabled__is_prospect__is_web_scraped__ats__company  [[31mFAIL 2[0m in 1.69s]
[0m08:34:11  28 of 171 START test source_accepted_values_lever_lever_jobs_outline_workplace_type__On_site__Remote__Hybrid  [RUN]
[0m08:34:12  26 of 171 PASS source_accepted_values_ashby_ashby_jobs_outline_employment_type__Intern__Contract__PartTime__FullTime__Temporary  [[32mPASS[0m in 1.42s]
[0m08:34:12  29 of 171 START test source_not_null_ashby_ashby_job_departments_company_name .. [RUN]
[0m08:34:12  25 of 171 FAIL 1 dbt_expectations_source_expect_table_columns_to_match_set_rippling_rippling_jobs_outline_id__job_id__created_at__title__url__location__board_token__department__run_hash__api_endpoint  [[31mFAIL 1[0m in 1.74s]
[0m08:34:12  30 of 171 START test source_not_null_ashby_ashby_job_departments_created_at .... [RUN]
[0m08:34:13  27 of 171 PASS source_accepted_values_greenhouse_greenhouse_job_departments_department_category__level_0__level_1__level_2__level_3__level_4__level_5  [[32mPASS[0m in 1.36s]
[0m08:34:13  31 of 171 START test source_not_null_ashby_ashby_job_departments_id ............ [RUN]
[0m08:34:13  28 of 171 PASS source_accepted_values_lever_lever_jobs_outline_workplace_type__On_site__Remote__Hybrid  [[32mPASS[0m in 1.41s]
[0m08:34:13  32 of 171 START test source_not_null_ashby_ashby_job_departments_levergreen_id . [RUN]
[0m08:34:14  30 of 171 PASS source_not_null_ashby_ashby_job_departments_created_at .......... [[32mPASS[0m in 1.36s]
[0m08:34:14  33 of 171 START test source_not_null_ashby_ashby_job_departments_source ........ [RUN]
[0m08:34:14  29 of 171 PASS source_not_null_ashby_ashby_job_departments_company_name ........ [[32mPASS[0m in 1.46s]
[0m08:34:14  34 of 171 START test source_not_null_ashby_ashby_job_departments_updated_at .... [RUN]
[0m08:34:14  31 of 171 PASS source_not_null_ashby_ashby_job_departments_id .................. [[32mPASS[0m in 1.41s]
[0m08:34:14  35 of 171 START test source_not_null_ashby_ashby_job_locations_company_name .... [RUN]
[0m08:34:14  32 of 171 PASS source_not_null_ashby_ashby_job_departments_levergreen_id ....... [[32mPASS[0m in 1.41s]
[0m08:34:14  36 of 171 START test source_not_null_ashby_ashby_job_locations_created_at ...... [RUN]
[0m08:34:15  34 of 171 PASS source_not_null_ashby_ashby_job_departments_updated_at .......... [[32mPASS[0m in 1.36s]
[0m08:34:15  37 of 171 START test source_not_null_ashby_ashby_job_locations_id .............. [RUN]
[0m08:34:15  33 of 171 ERROR source_not_null_ashby_ashby_job_departments_source ............. [[31mERROR[0m in 1.45s]
[0m08:34:15  38 of 171 START test source_not_null_ashby_ashby_job_locations_levergreen_id ... [RUN]
[0m08:34:15  35 of 171 PASS source_not_null_ashby_ashby_job_locations_company_name .......... [[32mPASS[0m in 1.42s]
[0m08:34:15  39 of 171 START test source_not_null_ashby_ashby_job_locations_source .......... [RUN]
[0m08:34:16  36 of 171 PASS source_not_null_ashby_ashby_job_locations_created_at ............ [[32mPASS[0m in 1.37s]
[0m08:34:16  40 of 171 START test source_not_null_ashby_ashby_job_locations_updated_at ...... [RUN]
[0m08:34:17  37 of 171 PASS source_not_null_ashby_ashby_job_locations_id .................... [[32mPASS[0m in 1.45s]
[0m08:34:17  41 of 171 START test source_not_null_ashby_ashby_jobs_outline_ashby_job_board_source  [RUN]
[0m08:34:17  38 of 171 PASS source_not_null_ashby_ashby_job_locations_levergreen_id ......... [[32mPASS[0m in 1.48s]
[0m08:34:17  42 of 171 START test source_not_null_ashby_ashby_jobs_outline_company_name ..... [RUN]
[0m08:34:17  39 of 171 ERROR source_not_null_ashby_ashby_job_locations_source ............... [[31mERROR[0m in 1.42s]
[0m08:34:17  43 of 171 START test source_not_null_ashby_ashby_jobs_outline_created_at ....... [RUN]
[0m08:34:17  40 of 171 PASS source_not_null_ashby_ashby_job_locations_updated_at ............ [[32mPASS[0m in 1.44s]
[0m08:34:17  44 of 171 START test source_not_null_ashby_ashby_jobs_outline_id ............... [RUN]
[0m08:34:18  41 of 171 ERROR source_not_null_ashby_ashby_jobs_outline_ashby_job_board_source  [[31mERROR[0m in 1.50s]
[0m08:34:18  45 of 171 START test source_not_null_ashby_ashby_jobs_outline_levergreen_id .... [RUN]
[0m08:34:18  42 of 171 PASS source_not_null_ashby_ashby_jobs_outline_company_name ........... [[32mPASS[0m in 1.42s]
[0m08:34:18  46 of 171 START test source_not_null_ashby_ashby_jobs_outline_location_id ...... [RUN]
[0m08:34:18  43 of 171 PASS source_not_null_ashby_ashby_jobs_outline_created_at ............. [[32mPASS[0m in 1.38s]
[0m08:34:18  47 of 171 START test source_not_null_ashby_ashby_jobs_outline_location_name .... [RUN]
[0m08:34:18  44 of 171 PASS source_not_null_ashby_ashby_jobs_outline_id ..................... [[32mPASS[0m in 1.32s]
[0m08:34:18  48 of 171 START test source_not_null_ashby_ashby_jobs_outline_opening_id ....... [RUN]
[0m08:34:19  45 of 171 PASS source_not_null_ashby_ashby_jobs_outline_levergreen_id .......... [[32mPASS[0m in 1.41s]
[0m08:34:19  49 of 171 START test source_not_null_ashby_ashby_jobs_outline_opening_name ..... [RUN]
[0m08:34:20  46 of 171 PASS source_not_null_ashby_ashby_jobs_outline_location_id ............ [[32mPASS[0m in 1.41s]
[0m08:34:20  50 of 171 START test source_not_null_ashby_ashby_jobs_outline_updated_at ....... [RUN]
[0m08:34:20  47 of 171 PASS source_not_null_ashby_ashby_jobs_outline_location_name .......... [[32mPASS[0m in 1.36s]
[0m08:34:20  51 of 171 START test source_not_null_greenhouse_greenhouse_job_departments_company_name  [RUN]
[0m08:34:20  48 of 171 PASS source_not_null_ashby_ashby_jobs_outline_opening_id ............. [[32mPASS[0m in 1.36s]
[0m08:34:20  52 of 171 START test source_not_null_greenhouse_greenhouse_job_departments_created_at  [RUN]
[0m08:34:21  49 of 171 PASS source_not_null_ashby_ashby_jobs_outline_opening_name ........... [[32mPASS[0m in 1.39s]
[0m08:34:21  53 of 171 START test source_not_null_greenhouse_greenhouse_job_departments_id .. [RUN]
[0m08:34:21  50 of 171 PASS source_not_null_ashby_ashby_jobs_outline_updated_at ............. [[32mPASS[0m in 1.39s]
[0m08:34:21  54 of 171 START test source_not_null_greenhouse_greenhouse_job_departments_levergreen_id  [RUN]
[0m08:34:21  51 of 171 PASS source_not_null_greenhouse_greenhouse_job_departments_company_name  [[32mPASS[0m in 1.44s]
[0m08:34:21  55 of 171 START test source_not_null_greenhouse_greenhouse_job_departments_source  [RUN]
[0m08:34:21  52 of 171 PASS source_not_null_greenhouse_greenhouse_job_departments_created_at  [[32mPASS[0m in 1.41s]
[0m08:34:21  56 of 171 START test source_not_null_greenhouse_greenhouse_job_departments_updated_at  [RUN]
[0m08:34:22  54 of 171 PASS source_not_null_greenhouse_greenhouse_job_departments_levergreen_id  [[32mPASS[0m in 1.37s]
[0m08:34:22  57 of 171 START test source_not_null_greenhouse_greenhouse_jobs_outline_created_at  [RUN]
[0m08:34:22  53 of 171 PASS source_not_null_greenhouse_greenhouse_job_departments_id ........ [[32mPASS[0m in 1.41s]
[0m08:34:22  58 of 171 START test source_not_null_greenhouse_greenhouse_jobs_outline_id ..... [RUN]
[0m08:34:22  55 of 171 PASS source_not_null_greenhouse_greenhouse_job_departments_source .... [[32mPASS[0m in 1.45s]
[0m08:34:22  59 of 171 START test source_not_null_greenhouse_greenhouse_jobs_outline_levergreen_id  [RUN]
[0m08:34:23  56 of 171 PASS source_not_null_greenhouse_greenhouse_job_departments_updated_at  [[32mPASS[0m in 1.41s]
[0m08:34:23  60 of 171 START test source_not_null_greenhouse_greenhouse_jobs_outline_location  [RUN]
[0m08:34:24  57 of 171 PASS source_not_null_greenhouse_greenhouse_jobs_outline_created_at ... [[32mPASS[0m in 1.39s]
[0m08:34:24  61 of 171 START test source_not_null_greenhouse_greenhouse_jobs_outline_opening_link  [RUN]
[0m08:34:24  58 of 171 PASS source_not_null_greenhouse_greenhouse_jobs_outline_id ........... [[32mPASS[0m in 1.41s]
[0m08:34:24  62 of 171 START test source_not_null_greenhouse_greenhouse_jobs_outline_opening_title  [RUN]
[0m08:34:24  59 of 171 PASS source_not_null_greenhouse_greenhouse_jobs_outline_levergreen_id  [[32mPASS[0m in 1.43s]
[0m08:34:24  63 of 171 START test source_not_null_greenhouse_greenhouse_jobs_outline_source . [RUN]
[0m08:34:24  60 of 171 PASS source_not_null_greenhouse_greenhouse_jobs_outline_location ..... [[32mPASS[0m in 1.47s]
[0m08:34:24  64 of 171 START test source_not_null_greenhouse_greenhouse_jobs_outline_updated_at  [RUN]
[0m08:34:25  61 of 171 PASS source_not_null_greenhouse_greenhouse_jobs_outline_opening_link . [[32mPASS[0m in 1.43s]
[0m08:34:25  65 of 171 START test source_not_null_lever_lever_jobs_outline_created_at ....... [RUN]
[0m08:34:25  62 of 171 PASS source_not_null_greenhouse_greenhouse_jobs_outline_opening_title  [[32mPASS[0m in 1.41s]
[0m08:34:25  66 of 171 START test source_not_null_lever_lever_jobs_outline_department_names . [RUN]
[0m08:34:25  63 of 171 PASS source_not_null_greenhouse_greenhouse_jobs_outline_source ....... [[32mPASS[0m in 1.40s]
[0m08:34:25  67 of 171 START test source_not_null_lever_lever_jobs_outline_id ............... [RUN]
[0m08:34:25  64 of 171 PASS source_not_null_greenhouse_greenhouse_jobs_outline_updated_at ... [[32mPASS[0m in 1.43s]
[0m08:34:25  68 of 171 START test source_not_null_lever_lever_jobs_outline_levergreen_id .... [RUN]
[0m08:34:26  65 of 171 PASS source_not_null_lever_lever_jobs_outline_created_at ............. [[32mPASS[0m in 1.36s]
[0m08:34:26  69 of 171 START test source_not_null_lever_lever_jobs_outline_location ......... [RUN]
[0m08:34:27  66 of 171 PASS source_not_null_lever_lever_jobs_outline_department_names ....... [[32mPASS[0m in 1.40s]
[0m08:34:27  70 of 171 START test source_not_null_lever_lever_jobs_outline_opening_link ..... [RUN]
[0m08:34:27  67 of 171 PASS source_not_null_lever_lever_jobs_outline_id ..................... [[32mPASS[0m in 1.44s]
[0m08:34:27  71 of 171 START test source_not_null_lever_lever_jobs_outline_opening_title .... [RUN]
[0m08:34:27  68 of 171 PASS source_not_null_lever_lever_jobs_outline_levergreen_id .......... [[32mPASS[0m in 1.38s]
[0m08:34:27  72 of 171 START test source_not_null_lever_lever_jobs_outline_source ........... [RUN]
[0m08:34:28  69 of 171 PASS source_not_null_lever_lever_jobs_outline_location ............... [[32mPASS[0m in 1.45s]
[0m08:34:28  73 of 171 START test source_not_null_lever_lever_jobs_outline_updated_at ....... [RUN]
[0m08:34:28  70 of 171 PASS source_not_null_lever_lever_jobs_outline_opening_link ........... [[32mPASS[0m in 1.39s]
[0m08:34:28  74 of 171 START test source_not_null_levergreen_job_board_urls_company_url ..... [RUN]
[0m08:34:28  71 of 171 PASS source_not_null_lever_lever_jobs_outline_opening_title .......... [[32mPASS[0m in 1.37s]
[0m08:34:28  75 of 171 START test source_not_null_levergreen_job_board_urls_id .............. [RUN]
[0m08:34:28  72 of 171 PASS source_not_null_lever_lever_jobs_outline_source ................. [[32mPASS[0m in 1.36s]
[0m08:34:28  76 of 171 START test source_not_null_rippling_rippling_jobs_outline_api_endpoint  [RUN]
[0m08:34:29  74 of 171 PASS source_not_null_levergreen_job_board_urls_company_url ........... [[32mPASS[0m in 1.39s]
[0m08:34:29  77 of 171 START test source_not_null_rippling_rippling_jobs_outline_board_token  [RUN]
[0m08:34:29  73 of 171 PASS source_not_null_lever_lever_jobs_outline_updated_at ............. [[32mPASS[0m in 1.46s]
[0m08:34:29  78 of 171 START test source_not_null_rippling_rippling_jobs_outline_created_at . [RUN]
[0m08:34:29  75 of 171 PASS source_not_null_levergreen_job_board_urls_id .................... [[32mPASS[0m in 1.32s]
[0m08:34:29  79 of 171 START test source_not_null_rippling_rippling_jobs_outline_department . [RUN]
[0m08:34:30  76 of 171 PASS source_not_null_rippling_rippling_jobs_outline_api_endpoint ..... [[32mPASS[0m in 1.37s]
[0m08:34:30  80 of 171 START test source_not_null_rippling_rippling_jobs_outline_id ......... [RUN]
[0m08:34:31  78 of 171 PASS source_not_null_rippling_rippling_jobs_outline_created_at ....... [[32mPASS[0m in 1.36s]
[0m08:34:31  81 of 171 START test source_not_null_rippling_rippling_jobs_outline_job_id ..... [RUN]
[0m08:34:31  77 of 171 PASS source_not_null_rippling_rippling_jobs_outline_board_token ...... [[32mPASS[0m in 1.45s]
[0m08:34:31  82 of 171 START test source_not_null_rippling_rippling_jobs_outline_location ... [RUN]
[0m08:34:31  79 of 171 PASS source_not_null_rippling_rippling_jobs_outline_department ....... [[32mPASS[0m in 1.41s]
[0m08:34:31  83 of 171 START test source_not_null_rippling_rippling_jobs_outline_run_hash ... [RUN]
[0m08:34:31  80 of 171 PASS source_not_null_rippling_rippling_jobs_outline_id ............... [[32mPASS[0m in 1.53s]
[0m08:34:31  84 of 171 START test source_not_null_rippling_rippling_jobs_outline_title ...... [RUN]
[0m08:34:32  81 of 171 PASS source_not_null_rippling_rippling_jobs_outline_job_id ........... [[32mPASS[0m in 1.37s]
[0m08:34:32  85 of 171 START test source_not_null_rippling_rippling_jobs_outline_url ........ [RUN]
[0m08:34:32  82 of 171 PASS source_not_null_rippling_rippling_jobs_outline_location ......... [[32mPASS[0m in 1.40s]
[0m08:34:32  86 of 171 START test source_unique_ashby_ashby_job_departments_id .............. [RUN]
[0m08:34:32  83 of 171 PASS source_not_null_rippling_rippling_jobs_outline_run_hash ......... [[32mPASS[0m in 1.39s]
[0m08:34:32  87 of 171 START test source_unique_ashby_ashby_job_locations_id ................ [RUN]
[0m08:34:33  84 of 171 PASS source_not_null_rippling_rippling_jobs_outline_title ............ [[32mPASS[0m in 1.45s]
[0m08:34:33  88 of 171 START test source_unique_ashby_ashby_jobs_outline_id ................. [RUN]
[0m08:34:34  85 of 171 PASS source_not_null_rippling_rippling_jobs_outline_url .............. [[32mPASS[0m in 1.41s]
[0m08:34:34  89 of 171 START test source_unique_greenhouse_greenhouse_job_departments_id .... [RUN]
[0m08:34:34  86 of 171 PASS source_unique_ashby_ashby_job_departments_id .................... [[32mPASS[0m in 1.44s]
[0m08:34:34  90 of 171 START test source_unique_greenhouse_greenhouse_jobs_outline_id ....... [RUN]
[0m08:34:34  87 of 171 PASS source_unique_ashby_ashby_job_locations_id ...................... [[32mPASS[0m in 1.41s]
[0m08:34:34  91 of 171 START test source_unique_lever_lever_jobs_outline_id ................. [RUN]
[0m08:34:34  88 of 171 PASS source_unique_ashby_ashby_jobs_outline_id ....................... [[32mPASS[0m in 1.37s]
[0m08:34:34  92 of 171 START test source_unique_levergreen_job_board_urls_company_url ....... [RUN]
[0m08:34:35  89 of 171 PASS source_unique_greenhouse_greenhouse_job_departments_id .......... [[32mPASS[0m in 1.40s]
[0m08:34:35  93 of 171 START test source_unique_levergreen_job_board_urls_id ................ [RUN]
[0m08:34:35  91 of 171 PASS source_unique_lever_lever_jobs_outline_id ....................... [[32mPASS[0m in 1.37s]
[0m08:34:35  94 of 171 START test source_unique_rippling_rippling_jobs_outline_id ........... [RUN]
[0m08:34:35  90 of 171 PASS source_unique_greenhouse_greenhouse_jobs_outline_id ............. [[32mPASS[0m in 1.45s]
[0m08:34:35  95 of 171 START sql view model elementary.metrics_anomaly_score ................ [RUN]
[0m08:34:35  92 of 171 PASS source_unique_levergreen_job_board_urls_company_url ............. [[32mPASS[0m in 1.35s]
[0m08:34:35  96 of 171 START sql view model elementary.monitors_runs ........................ [RUN]
[0m08:34:36  93 of 171 PASS source_unique_levergreen_job_board_urls_id ...................... [[32mPASS[0m in 1.41s]
[0m08:34:36  97 of 171 START sql view model elementary.job_run_results ...................... [RUN]
[0m08:34:36  94 of 171 PASS source_unique_rippling_rippling_jobs_outline_id ................. [[32mPASS[0m in 1.43s]
[0m08:34:36  98 of 171 START sql view model elementary.model_run_results .................... [RUN]
[0m08:34:37  95 of 171 OK created sql view model elementary.metrics_anomaly_score ........... [[32mCREATE VIEW[0m in 1.77s]
[0m08:34:37  99 of 171 START sql view model elementary.seed_run_results ..................... [RUN]
[0m08:34:37  96 of 171 OK created sql view model elementary.monitors_runs ................... [[32mCREATE VIEW[0m in 1.89s]
[0m08:34:37  100 of 171 START sql view model elementary.snapshot_run_results ................ [RUN]
[0m08:34:38  97 of 171 OK created sql view model elementary.job_run_results ................. [[32mCREATE VIEW[0m in 1.78s]
[0m08:34:38  101 of 171 START sql view model elementary.alerts_dbt_source_freshness ......... [RUN]
[0m08:34:39  98 of 171 OK created sql view model elementary.model_run_results ............... [[32mCREATE VIEW[0m in 1.88s]
[0m08:34:39  102 of 171 START sql view model elementary.alerts_anomaly_detection ............ [RUN]
[0m08:34:39  99 of 171 OK created sql view model elementary.seed_run_results ................ [[32mCREATE VIEW[0m in 1.86s]
[0m08:34:39  103 of 171 START sql view model elementary.alerts_dbt_tests .................... [RUN]
[0m08:34:39  100 of 171 OK created sql view model elementary.snapshot_run_results ........... [[32mCREATE VIEW[0m in 1.89s]
[0m08:34:39  104 of 171 START sql view model elementary.alerts_schema_changes ............... [RUN]
[0m08:34:40  101 of 171 OK created sql view model elementary.alerts_dbt_source_freshness .... [[32mCREATE VIEW[0m in 1.84s]
[0m08:34:40  105 of 171 START sql incremental model elementary.test_result_rows ............. [RUN]
[0m08:34:40  102 of 171 OK created sql view model elementary.alerts_anomaly_detection ....... [[32mCREATE VIEW[0m in 1.87s]
[0m08:34:40  106 of 171 START sql view model elementary.dbt_artifacts_hashes ................ [RUN]
[0m08:34:41  103 of 171 OK created sql view model elementary.alerts_dbt_tests ............... [[32mCREATE VIEW[0m in 1.90s]
[0m08:34:41  107 of 171 SKIP test not_null_stg_workable_jobs_id ............................. [[33mSKIP[0m]
[0m08:34:41  108 of 171 SKIP test not_null_stg_workable_jobs_job_title ...................... [[33mSKIP[0m]
[0m08:34:41  109 of 171 SKIP test not_null_stg_workable_jobs_job_url ........................ [[33mSKIP[0m]
[0m08:34:41  110 of 171 SKIP test unique_stg_workable_jobs_id ............................... [[33mSKIP[0m]
[0m08:34:41  111 of 171 SKIP test unique_stg_workable_jobs_job_url .......................... [[33mSKIP[0m]
[0m08:34:41  112 of 171 SKIP relation public.stg_ashby__job_departments ..................... [[33mSKIP[0m]
[0m08:34:41  113 of 171 SKIP relation public.stg_ashby__job_locations ....................... [[33mSKIP[0m]
[0m08:34:41  114 of 171 SKIP relation public.stg_ashby__jobs_outline ........................ [[33mSKIP[0m]
[0m08:34:41  115 of 171 START sql view model public.stg_greenhouse__job_departments ......... [RUN]
[0m08:34:41  104 of 171 OK created sql view model elementary.alerts_schema_changes .......... [[32mCREATE VIEW[0m in 1.83s]
[0m08:34:41  116 of 171 START sql view model public.stg_lever__jobs_outline ................. [RUN]
[0m08:34:42  105 of 171 OK created sql incremental model elementary.test_result_rows ........ [[32mINSERT 0 0[0m in 2.10s]
[0m08:34:42  117 of 171 START sql view model public.stg_greenhouse__jobs_outline ............ [RUN]
[0m08:34:42  106 of 171 OK created sql view model elementary.dbt_artifacts_hashes ........... [[32mCREATE VIEW[0m in 1.85s]
[0m08:34:42  118 of 171 SKIP relation public.stg_rippling__jobs_outline ..................... [[33mSKIP[0m]
[0m08:34:42  119 of 171 START sql view model elementary.anomaly_threshold_sensitivity ....... [RUN]
[0m08:34:43  115 of 171 OK created sql view model public.stg_greenhouse__job_departments .... [[32mCREATE VIEW[0m in 1.89s]
[0m08:34:43  120 of 171 START sql view model elementary.alerts_dbt_models ................... [RUN]
[0m08:34:43  116 of 171 OK created sql view model public.stg_lever__jobs_outline ............ [[32mCREATE VIEW[0m in 1.87s]
[0m08:34:43  121 of 171 SKIP relation public.combined_job_sources ........................... [[33mSKIP[0m]
[0m08:34:43  122 of 171 SKIP relation public.int_ashby_departments_expanded ................. [[33mSKIP[0m]
[0m08:34:43  123 of 171 SKIP relation public.int_ashby_locations_expanded ................... [[33mSKIP[0m]
[0m08:34:43  124 of 171 START test accepted_values_stg_greenhouse__job_departments_job_board__greenhouse  [RUN]
[0m08:34:44  117 of 171 OK created sql view model public.stg_greenhouse__jobs_outline ....... [[32mCREATE VIEW[0m in 1.89s]
[0m08:34:44  125 of 171 START test dbt_expectations_expect_table_columns_to_match_set_stg_greenhouse__job_departments_id__levergreen_id__created_at_utc__updated_at_utc__created_date_utc__updated_date_utc__source__company_name__department_category__department_id__department_name__uses_existing__raw_html_file_location__run_hash__job_board  [RUN]
[0m08:34:44  119 of 171 OK created sql view model elementary.anomaly_threshold_sensitivity .. [[32mCREATE VIEW[0m in 1.68s]
[0m08:34:44  126 of 171 START test accepted_values_stg_lever__jobs_outline_job_board__lever . [RUN]
[0m08:34:44  124 of 171 PASS accepted_values_stg_greenhouse__job_departments_job_board__greenhouse  [[32mPASS[0m in 1.39s]
[0m08:34:44  127 of 171 START test dbt_expectations_expect_table_columns_to_match_set_stg_lever__jobs_outline_id__levergreen_id__created_at_utc__updated_at_utc__source__department_names__location__workplace_type__full_opening_link__opening_title__company_name__uses_existing__raw_html_file_location__run_hash__created_date_utc__updated_date_utc__job_board  [RUN]
[0m08:34:44  120 of 171 OK created sql view model elementary.alerts_dbt_models .............. [[32mCREATE VIEW[0m in 1.66s]
[0m08:34:44  128 of 171 SKIP relation public.int_ashby_outline_finalized .................... [[33mSKIP[0m]
[0m08:34:44  129 of 171 START test accepted_values_stg_greenhouse__jobs_outline_job_board__greenhouse  [RUN]
[0m08:34:45  126 of 171 PASS accepted_values_stg_lever__jobs_outline_job_board__lever ....... [[32mPASS[0m in 1.40s]
[0m08:34:45  130 of 171 START test dbt_expectations_expect_table_columns_to_match_set_stg_greenhouse__jobs_outline_id__levergreen_id__created_at_utc__updated_at_utc__created_date_utc__updated_date_utc__source__department_ids__location__office_ids__full_opening_link__opening_title__uses_existing__raw_html_file_location__run_hash__job_board__company_name  [RUN]
[0m08:34:46  129 of 171 PASS accepted_values_stg_greenhouse__jobs_outline_job_board__greenhouse  [[32mPASS[0m in 1.34s]
[0m08:34:46  125 of 171 PASS dbt_expectations_expect_table_columns_to_match_set_stg_greenhouse__job_departments_id__levergreen_id__created_at_utc__updated_at_utc__created_date_utc__updated_date_utc__source__company_name__department_category__department_id__department_name__uses_existing__raw_html_file_location__run_hash__job_board  [[32mPASS[0m in 1.56s]
[0m08:34:46  127 of 171 PASS dbt_expectations_expect_table_columns_to_match_set_stg_lever__jobs_outline_id__levergreen_id__created_at_utc__updated_at_utc__source__department_names__location__workplace_type__full_opening_link__opening_title__company_name__uses_existing__raw_html_file_location__run_hash__created_date_utc__updated_date_utc__job_board  [[32mPASS[0m in 1.69s]
[0m08:34:46  131 of 171 START sql table model public.int_lever_departments_expanded ......... [RUN]
[0m08:34:47  130 of 171 PASS dbt_expectations_expect_table_columns_to_match_set_stg_greenhouse__jobs_outline_id__levergreen_id__created_at_utc__updated_at_utc__created_date_utc__updated_date_utc__source__department_ids__location__office_ids__full_opening_link__opening_title__uses_existing__raw_html_file_location__run_hash__job_board__company_name  [[32mPASS[0m in 1.70s]
[0m08:34:47  132 of 171 START sql table model public.int_greenhouse_departments_expanded_with_outline  [RUN]
[0m08:34:48  131 of 171 OK created sql table model public.int_lever_departments_expanded .... [[32mSELECT 0[0m in 1.86s]
[0m08:34:49  132 of 171 OK created sql table model public.int_greenhouse_departments_expanded_with_outline  [[32mSELECT 0[0m in 1.84s]
[0m08:34:49  133 of 171 SKIP relation core.all_job_postings ................................. [[33mSKIP[0m]
[0m08:34:49  134 of 171 SKIP test accepted_values_all_job_postings_job_board__greenhouse__lever__ashby__rippling  [[33mSKIP[0m]
[0m08:34:49  135 of 171 SKIP test accepted_values_all_job_postings_opening_category__Data__Software_Engineering__Product__Sales__Finance_Accounting__Operations__Other  [[33mSKIP[0m]
[0m08:34:49  136 of 171 SKIP test accepted_values_all_job_postings_posting_length_category__Inactive__Stale__Old__Medium__Recent__New  [[33mSKIP[0m]
[0m08:34:49  137 of 171 SKIP test check_sneaky_returning_job ................................ [[33mSKIP[0m]
[0m08:34:49  138 of 171 SKIP test dbt_expectations_expect_table_columns_to_match_set_all_job_postings_id__levergreen_id__created_date_utc__updated_date_utc__source__company_name__uses_existing__location__full_opening_link__opening_title__is_remote__primary_department__secondary_department__tertiary_department__quaternary_department__run_hash__job_board__is_active__earliest_opening_date__latest_opening_date__days_active__posting_length_category__opening_category  [[33mSKIP[0m]
[0m08:34:49  139 of 171 SKIP test not_null_all_job_postings_id .............................. [[33mSKIP[0m]
[0m08:34:49  140 of 171 SKIP test not_null_all_job_postings_levergreen_id ................... [[33mSKIP[0m]
[0m08:34:49  141 of 171 SKIP test unique_all_job_postings_id ................................ [[33mSKIP[0m]
[0m08:34:49  142 of 171 SKIP test unique_all_job_postings_levergreen_id ..................... [[33mSKIP[0m]
[0m08:34:49  143 of 171 SKIP relation core.active_job_postings .............................. [[33mSKIP[0m]
[0m08:34:49  144 of 171 SKIP test accepted_values_active_job_postings_job_board__greenhouse__lever__ashby__rippling  [[33mSKIP[0m]
[0m08:34:49  145 of 171 SKIP test accepted_values_active_job_postings_opening_category__Data__Software_Engineering__Product__Sales__Finance_Accounting__Operations__Other  [[33mSKIP[0m]
[0m08:34:49  146 of 171 SKIP test accepted_values_active_job_postings_posting_length_category__Inactive__Stale__Old__Medium__Recent__New  [[33mSKIP[0m]
[0m08:34:49  147 of 171 SKIP test check_expected_careers_pages_scraped ...................... [[33mSKIP[0m]
[0m08:34:49  148 of 171 SKIP test confirm_active_jobs_per_company_scraped ................... [[33mSKIP[0m]
[0m08:34:49  149 of 171 SKIP test dbt_expectations_expect_table_columns_to_match_set_active_job_postings_id__levergreen_id__created_date_utc__updated_date_utc__source__company_name__uses_existing__location__full_opening_link__opening_title__is_remote__primary_department__secondary_department__tertiary_department__quaternary_department__run_hash__job_board__is_active__earliest_opening_date__latest_opening_date__days_active__posting_length_category__opening_category  [[33mSKIP[0m]
[0m08:34:49  150 of 171 SKIP test not_null_active_job_postings_id ........................... [[33mSKIP[0m]
[0m08:34:49  151 of 171 SKIP test not_null_active_job_postings_levergreen_id ................ [[33mSKIP[0m]
[0m08:34:49  152 of 171 SKIP test unique_active_job_postings_id ............................. [[33mSKIP[0m]
[0m08:34:49  153 of 171 SKIP test unique_active_job_postings_levergreen_id .................. [[33mSKIP[0m]
[0m08:34:49  154 of 171 SKIP relation core.active_job_postings_default ...................... [[33mSKIP[0m]
[0m08:34:49  155 of 171 SKIP relation core.active_job_postings_prospect ..................... [[33mSKIP[0m]
[0m08:34:49  156 of 171 SKIP test accepted_values_active_job_postings_default_job_board__greenhouse__lever__ashby  [[33mSKIP[0m]
[0m08:34:49  157 of 171 SKIP test accepted_values_active_job_postings_default_opening_category__Data__Software_Engineering__Product__Sales__Finance_Accounting__Operations__Other  [[33mSKIP[0m]
[0m08:34:49  158 of 171 SKIP test accepted_values_active_job_postings_default_posting_length_category__Inactive__Stale__Old__Medium__Recent__New  [[33mSKIP[0m]
[0m08:34:49  159 of 171 SKIP test accepted_values_active_job_postings_prospect_job_board__greenhouse__lever__ashby__rippling  [[33mSKIP[0m]
[0m08:34:49  160 of 171 SKIP test accepted_values_active_job_postings_prospect_opening_category__Data__Software_Engineering__Product__Sales__Finance_Accounting__Operations__Other  [[33mSKIP[0m]
[0m08:34:49  161 of 171 SKIP test accepted_values_active_job_postings_prospect_posting_length_category__Inactive__Stale__Old__Medium__Recent__New  [[33mSKIP[0m]
[0m08:34:49  162 of 171 SKIP test dbt_expectations_expect_table_columns_to_match_set_active_job_postings_default_id__levergreen_id__created_date_utc__updated_date_utc__source__company_name__uses_existing__location__full_opening_link__opening_title__is_remote__primary_department__secondary_department__tertiary_department__quaternary_department__run_hash__job_board__is_active__earliest_opening_date__latest_opening_date__days_active__posting_length_category__opening_category  [[33mSKIP[0m]
[0m08:34:49  163 of 171 SKIP test dbt_expectations_expect_table_columns_to_match_set_active_job_postings_prospect_id__levergreen_id__created_date_utc__updated_date_utc__source__company_name__uses_existing__location__full_opening_link__opening_title__is_remote__primary_department__secondary_department__tertiary_department__quaternary_department__run_hash__job_board__is_active__earliest_opening_date__latest_opening_date__days_active__posting_length_category__opening_category  [[33mSKIP[0m]
[0m08:34:49  164 of 171 SKIP test not_null_active_job_postings_default_id ................... [[33mSKIP[0m]
[0m08:34:49  165 of 171 SKIP test not_null_active_job_postings_default_levergreen_id ........ [[33mSKIP[0m]
[0m08:34:49  166 of 171 SKIP test not_null_active_job_postings_prospect_id .................. [[33mSKIP[0m]
[0m08:34:49  167 of 171 SKIP test not_null_active_job_postings_prospect_levergreen_id ....... [[33mSKIP[0m]
[0m08:34:49  168 of 171 SKIP test unique_active_job_postings_default_id ..................... [[33mSKIP[0m]
[0m08:34:49  169 of 171 SKIP test unique_active_job_postings_default_levergreen_id .......... [[33mSKIP[0m]
[0m08:34:49  170 of 171 SKIP test unique_active_job_postings_prospect_id .................... [[33mSKIP[0m]
[0m08:34:49  171 of 171 SKIP test unique_active_job_postings_prospect_levergreen_id ......... [[33mSKIP[0m]
[0m08:34:50  
[0m08:34:50  Running 1 on-run-end hook
[0m08:34:58  1 of 1 START hook: elementary.on-run-end.0 ..................................... [RUN]
[0m08:34:58  1 of 1 OK hook: elementary.on-run-end.0 ........................................ [[32mOK[0m in 0.00s]
[0m08:34:58  
[0m08:34:58  
[0m08:34:58  Finished running 16 incremental models, 10 table models, 22 view models, 123 data tests, 2 project hooks in 0 hours 1 minutes and 5.31 seconds (65.31s).
[0m08:34:58  
[0m08:34:58  [31mCompleted with 6 errors and 0 warnings:[0m
[0m08:34:58  
[0m08:34:58    Database Error in model stg_workable_jobs (models/staging/stg_workable_jobs.sql)
  cross-database references are not implemented: "your_database.public.workable_jobs"
  LINE 9:     from "your_database"."public"."workable_jobs"
                   ^
  compiled code at target/run/levergreen_dbt/models/staging/stg_workable_jobs.sql
[0m08:34:58  
[0m08:34:58  [31mFailure in test dbt_expectations_source_expect_table_columns_to_match_set_levergreen_job_board_urls_id__company_url__is_enabled__is_prospect__is_web_scraped__ats__company (models/staging/levergreen/_levergreen__sources.yml)[0m
[0m08:34:58    Got 2 results, configured to fail if != 0
[0m08:34:58  
[0m08:34:58    compiled code at target/compiled/levergreen_dbt/models/staging/levergreen/_levergreen__sources.yml/dbt_expectations_source_expect_e20d05a7198ee9a0ca1390263d9da25b.sql
[0m08:34:58  
[0m08:34:58  [31mFailure in test dbt_expectations_source_expect_table_columns_to_match_set_rippling_rippling_jobs_outline_id__job_id__created_at__title__url__location__board_token__department__run_hash__api_endpoint (models/staging/rippling/_rippling__sources.yml)[0m
[0m08:34:58    Got 1 result, configured to fail if != 0
[0m08:34:58  
[0m08:34:58    compiled code at target/compiled/levergreen_dbt/models/staging/rippling/_rippling__sources.yml/dbt_expectations_source_expect_fe65d6ff9a8f8e2096636d19ee6d1fba.sql
[0m08:34:58  
[0m08:34:58    Database Error in test source_not_null_ashby_ashby_job_departments_source (models/staging/ashby/_ashby__sources.yml)
  column "source" does not exist
  LINE 16: select source
                  ^
  compiled code at target/run/levergreen_dbt/models/staging/ashby/_ashby__sources.yml/source_not_null_ashby_ashby_job_departments_source.sql
[0m08:34:58  
[0m08:34:58    Database Error in test source_not_null_ashby_ashby_job_locations_source (models/staging/ashby/_ashby__sources.yml)
  column "source" does not exist
  LINE 16: select source
                  ^
  compiled code at target/run/levergreen_dbt/models/staging/ashby/_ashby__sources.yml/source_not_null_ashby_ashby_job_locations_source.sql
[0m08:34:58  
[0m08:34:58    Database Error in test source_not_null_ashby_ashby_jobs_outline_ashby_job_board_source (models/staging/ashby/_ashby__sources.yml)
  column "ashby_job_board_source" does not exist
  LINE 16: select ashby_job_board_source
                  ^
  compiled code at target/run/levergreen_dbt/models/staging/ashby/_ashby__sources.yml/source_not_null_ashby_ashby_jobs_outline_ashby_job_board_source.sql
[0m08:34:58  
[0m08:34:58  Done. PASS=113 WARN=0 ERROR=6 SKIP=52 TOTAL=171
