[0m08:05:51  Running with dbt=1.8.9
[0m08:05:51  Registered adapter: postgres=1.8.2
[0m08:05:51  Unable to do partial parsing because saved manifest not found. Starting full parse.
[0m08:05:55  [[33mWARNING[0m]: Deprecated functionality
The `tests` config has been renamed to `data_tests`. Please see
https://docs.getdbt.com/docs/build/data-tests#new-data_tests-syntax for more
information.
[0m08:05:56  Found 47 models, 123 data tests, 2 operations, 12 sources, 1504 macros
[0m08:05:56  
[0m08:05:59  
[0m08:05:59  Running 1 on-run-start hook
[0m08:05:59  1 of 1 START hook: elementary.on-run-start.0 ................................... [RUN]
[0m08:05:59  1 of 1 OK hook: elementary.on-run-start.0 ...................................... [[32mOK[0m in 0.00s]
[0m08:05:59  
[0m08:05:59  Concurrency: 4 threads (target='prod')
[0m08:05:59  
[0m08:05:59  1 of 47 START sql incremental model elementary.data_monitoring_metrics ......... [RUN]
[0m08:05:59  2 of 47 START sql incremental model elementary.dbt_columns ..................... [RUN]
[0m08:05:59  3 of 47 START sql incremental model elementary.dbt_exposures ................... [RUN]
[0m08:05:59  4 of 47 START sql incremental model elementary.dbt_invocations ................. [RUN]
[0m08:06:02  1 of 47 OK created sql incremental model elementary.data_monitoring_metrics .... [[32mINSERT 0 0[0m in 2.06s]
[0m08:06:02  4 of 47 OK created sql incremental model elementary.dbt_invocations ............ [[32mINSERT 0 0[0m in 2.07s]
[0m08:06:02  5 of 47 START sql incremental model elementary.dbt_metrics ..................... [RUN]
[0m08:06:02  6 of 47 START sql incremental model elementary.dbt_models ...................... [RUN]
[0m08:06:02  3 of 47 OK created sql incremental model elementary.dbt_exposures .............. [[32mINSERT 0 0[0m in 2.43s]
[0m08:06:02  7 of 47 START sql incremental model elementary.dbt_run_results ................. [RUN]
[0m08:06:02  2 of 47 OK created sql incremental model elementary.dbt_columns ................ [[32mINSERT 0 0[0m in 2.54s]
[0m08:06:02  8 of 47 START sql incremental model elementary.dbt_seeds ....................... [RUN]
[0m08:06:03  7 of 47 OK created sql incremental model elementary.dbt_run_results ............ [[32mINSERT 0 0[0m in 1.58s]
[0m08:06:03  9 of 47 START sql incremental model elementary.dbt_snapshots ................... [RUN]
[0m08:06:03  5 of 47 OK created sql incremental model elementary.dbt_metrics ................ [[32mINSERT 0 0[0m in 1.88s]
[0m08:06:03  10 of 47 START sql incremental model elementary.dbt_source_freshness_results ... [RUN]
[0m08:06:04  6 of 47 OK created sql incremental model elementary.dbt_models ................. [[32mINSERT 0 0[0m in 1.92s]
[0m08:06:04  11 of 47 START sql incremental model elementary.dbt_sources .................... [RUN]
[0m08:06:04  8 of 47 OK created sql incremental model elementary.dbt_seeds .................. [[32mINSERT 0 0[0m in 1.76s]
[0m08:06:04  12 of 47 START sql incremental model elementary.dbt_tests ...................... [RUN]
[0m08:06:05  10 of 47 OK created sql incremental model elementary.dbt_source_freshness_results  [[32mINSERT 0 0[0m in 1.56s]
[0m08:06:05  13 of 47 START sql incremental model elementary.elementary_test_results ........ [RUN]
[0m08:06:05  9 of 47 OK created sql incremental model elementary.dbt_snapshots .............. [[32mINSERT 0 0[0m in 1.87s]
[0m08:06:05  14 of 47 START sql table model elementary.metadata ............................. [RUN]
[0m08:06:06  11 of 47 OK created sql incremental model elementary.dbt_sources ............... [[32mINSERT 0 0[0m in 2.02s]
[0m08:06:06  15 of 47 START sql incremental model elementary.schema_columns_snapshot ........ [RUN]
[0m08:06:06  12 of 47 OK created sql incremental model elementary.dbt_tests ................. [[32mINSERT 0 0[0m in 2.12s]
[0m08:06:06  16 of 47 START sql view model public.stg_ashby__job_departments ................ [RUN]
[0m08:06:07  13 of 47 OK created sql incremental model elementary.elementary_test_results ... [[32mINSERT 0 0[0m in 1.56s]
[0m08:06:07  17 of 47 START sql view model public.stg_ashby__job_locations .................. [RUN]
[0m08:06:07  16 of 47 ERROR creating sql view model public.stg_ashby__job_departments ....... [[31mERROR[0m in 1.07s]
[0m08:06:07  18 of 47 START sql view model public.stg_ashby__jobs_outline ................... [RUN]
[0m08:06:07  14 of 47 OK created sql table model elementary.metadata ........................ [[32mSELECT 1[0m in 1.59s]
[0m08:06:07  19 of 47 START sql view model public.stg_greenhouse__job_departments ........... [RUN]
[0m08:06:07  15 of 47 OK created sql incremental model elementary.schema_columns_snapshot ... [[32mINSERT 0 0[0m in 1.54s]
[0m08:06:07  20 of 47 START sql view model public.stg_greenhouse__jobs_outline .............. [RUN]
[0m08:06:08  17 of 47 ERROR creating sql view model public.stg_ashby__job_locations ......... [[31mERROR[0m in 1.02s]
[0m08:06:08  21 of 47 START sql view model public.stg_lever__jobs_outline ................... [RUN]
[0m08:06:08  18 of 47 ERROR creating sql view model public.stg_ashby__jobs_outline .......... [[31mERROR[0m in 1.00s]
[0m08:06:08  22 of 47 START sql view model public.stg_rippling__jobs_outline ................ [RUN]
[0m08:06:08  19 of 47 ERROR creating sql view model public.stg_greenhouse__job_departments .. [[31mERROR[0m in 1.05s]
[0m08:06:08  23 of 47 START sql view model public.stg_workable_jobs ......................... [RUN]
[0m08:06:08  20 of 47 ERROR creating sql view model public.stg_greenhouse__jobs_outline ..... [[31mERROR[0m in 1.00s]
[0m08:06:08  24 of 47 START sql view model elementary.metrics_anomaly_score ................. [RUN]
[0m08:06:09  21 of 47 ERROR creating sql view model public.stg_lever__jobs_outline .......... [[31mERROR[0m in 1.02s]
[0m08:06:09  25 of 47 START sql view model elementary.monitors_runs ......................... [RUN]
[0m08:06:09  23 of 47 ERROR creating sql view model public.stg_workable_jobs ................ [[31mERROR[0m in 0.99s]
[0m08:06:09  26 of 47 START sql view model elementary.job_run_results ....................... [RUN]
[0m08:06:09  22 of 47 OK created sql view model public.stg_rippling__jobs_outline ........... [[32mCREATE VIEW[0m in 1.39s]
[0m08:06:09  27 of 47 START sql view model elementary.model_run_results ..................... [RUN]
[0m08:06:10  24 of 47 OK created sql view model elementary.metrics_anomaly_score ............ [[32mCREATE VIEW[0m in 1.43s]
[0m08:06:10  28 of 47 START sql view model elementary.seed_run_results ...................... [RUN]
[0m08:06:10  25 of 47 OK created sql view model elementary.monitors_runs .................... [[32mCREATE VIEW[0m in 1.33s]
[0m08:06:10  29 of 47 START sql view model elementary.snapshot_run_results .................. [RUN]
[0m08:06:10  26 of 47 OK created sql view model elementary.job_run_results .................. [[32mCREATE VIEW[0m in 1.36s]
[0m08:06:10  30 of 47 START sql view model elementary.alerts_dbt_source_freshness ........... [RUN]
[0m08:06:11  27 of 47 OK created sql view model elementary.model_run_results ................ [[32mCREATE VIEW[0m in 1.39s]
[0m08:06:11  31 of 47 START sql view model elementary.dbt_artifacts_hashes .................. [RUN]
[0m08:06:11  28 of 47 OK created sql view model elementary.seed_run_results ................. [[32mCREATE VIEW[0m in 1.31s]
[0m08:06:11  32 of 47 START sql view model elementary.alerts_anomaly_detection .............. [RUN]
[0m08:06:11  29 of 47 OK created sql view model elementary.snapshot_run_results ............. [[32mCREATE VIEW[0m in 1.30s]
[0m08:06:11  33 of 47 START sql view model elementary.alerts_dbt_tests ...................... [RUN]
[0m08:06:12  30 of 47 OK created sql view model elementary.alerts_dbt_source_freshness ...... [[32mCREATE VIEW[0m in 1.36s]
[0m08:06:12  34 of 47 START sql view model elementary.alerts_schema_changes ................. [RUN]
[0m08:06:12  31 of 47 OK created sql view model elementary.dbt_artifacts_hashes ............. [[32mCREATE VIEW[0m in 1.35s]
[0m08:06:12  35 of 47 START sql incremental model elementary.test_result_rows ............... [RUN]
[0m08:06:12  32 of 47 OK created sql view model elementary.alerts_anomaly_detection ......... [[32mCREATE VIEW[0m in 1.32s]
[0m08:06:12  36 of 47 SKIP relation public.int_ashby_departments_expanded ................... [[33mSKIP[0m]
[0m08:06:12  37 of 47 SKIP relation public.int_ashby_locations_expanded ..................... [[33mSKIP[0m]
[0m08:06:12  38 of 47 SKIP relation public.int_greenhouse_departments_expanded_with_outline . [[33mSKIP[0m]
[0m08:06:12  39 of 47 SKIP relation public.int_lever_departments_expanded ................... [[33mSKIP[0m]
[0m08:06:12  40 of 47 SKIP relation public.combined_job_sources ............................. [[33mSKIP[0m]
[0m08:06:12  41 of 47 START sql view model elementary.anomaly_threshold_sensitivity ......... [RUN]
[0m08:06:13  33 of 47 OK created sql view model elementary.alerts_dbt_tests ................. [[32mCREATE VIEW[0m in 1.31s]
[0m08:06:13  42 of 47 START sql view model elementary.alerts_dbt_models ..................... [RUN]
[0m08:06:13  34 of 47 OK created sql view model elementary.alerts_schema_changes ............ [[32mCREATE VIEW[0m in 1.37s]
[0m08:06:13  43 of 47 SKIP relation public.int_ashby_outline_finalized ...................... [[33mSKIP[0m]
[0m08:06:13  44 of 47 SKIP relation core.all_job_postings ................................... [[33mSKIP[0m]
[0m08:06:13  45 of 47 SKIP relation core.active_job_postings ................................ [[33mSKIP[0m]
[0m08:06:13  46 of 47 SKIP relation core.active_job_postings_default ........................ [[33mSKIP[0m]
[0m08:06:13  47 of 47 SKIP relation core.active_job_postings_prospect ....................... [[33mSKIP[0m]
[0m08:06:13  41 of 47 OK created sql view model elementary.anomaly_threshold_sensitivity .... [[32mCREATE VIEW[0m in 1.22s]
[0m08:06:14  35 of 47 OK created sql incremental model elementary.test_result_rows .......... [[32mINSERT 0 0[0m in 1.65s]
[0m08:06:14  42 of 47 OK created sql view model elementary.alerts_dbt_models ................ [[32mCREATE VIEW[0m in 1.24s]
[0m08:06:15  
[0m08:06:15  Running 1 on-run-end hook
[0m08:06:17  1 of 1 START hook: elementary.on-run-end.0 ..................................... [RUN]
[0m08:06:17  1 of 1 OK hook: elementary.on-run-end.0 ........................................ [[32mOK[0m in 0.00s]
[0m08:06:17  
[0m08:06:17  
[0m08:06:17  Finished running 15 incremental models, 22 view models, 10 table models, 2 project hooks in 0 hours 0 minutes and 20.96 seconds (20.96s).
[0m08:06:17  
[0m08:06:17  [31mCompleted with 7 errors and 0 warnings:[0m
[0m08:06:17  
[0m08:06:17    Database Error in model stg_ashby__job_departments (models/staging/ashby/stg_ashby__job_departments.sql)
  function to_timestamp(timestamp with time zone) does not exist
  LINE 10:         to_timestamp(created_at) at time zone 'UTC' as creat...
                   ^
  HINT:  No function matches the given name and argument types. You might need to add explicit type casts.
  compiled code at target/run/levergreen_dbt/models/staging/ashby/stg_ashby__job_departments.sql
[0m08:06:17  
[0m08:06:17    Database Error in model stg_ashby__job_locations (models/staging/ashby/stg_ashby__job_locations.sql)
  function to_timestamp(timestamp with time zone) does not exist
  LINE 10:         to_timestamp(created_at) at time zone 'UTC' as creat...
                   ^
  HINT:  No function matches the given name and argument types. You might need to add explicit type casts.
  compiled code at target/run/levergreen_dbt/models/staging/ashby/stg_ashby__job_locations.sql
[0m08:06:17  
[0m08:06:17    Database Error in model stg_ashby__jobs_outline (models/staging/ashby/stg_ashby__jobs_outline.sql)
  function to_timestamp(timestamp with time zone) does not exist
  LINE 10:         to_timestamp(created_at) at time zone 'UTC' as creat...
                   ^
  HINT:  No function matches the given name and argument types. You might need to add explicit type casts.
  compiled code at target/run/levergreen_dbt/models/staging/ashby/stg_ashby__jobs_outline.sql
[0m08:06:17  
[0m08:06:17    Database Error in model stg_greenhouse__job_departments (models/staging/greenhouse/stg_greenhouse__job_departments.sql)
  function to_timestamp(timestamp with time zone) does not exist
  LINE 10:         to_timestamp(created_at) at time zone 'UTC' as creat...
                   ^
  HINT:  No function matches the given name and argument types. You might need to add explicit type casts.
  compiled code at target/run/levergreen_dbt/models/staging/greenhouse/stg_greenhouse__job_departments.sql
[0m08:06:17  
[0m08:06:17    Database Error in model stg_greenhouse__jobs_outline (models/staging/greenhouse/stg_greenhouse__jobs_outline.sql)
  function to_timestamp(timestamp with time zone) does not exist
  LINE 12:         to_timestamp(created_at) at time zone 'UTC' as creat...
                   ^
  HINT:  No function matches the given name and argument types. You might need to add explicit type casts.
  compiled code at target/run/levergreen_dbt/models/staging/greenhouse/stg_greenhouse__jobs_outline.sql
[0m08:06:17  
[0m08:06:17    Database Error in model stg_lever__jobs_outline (models/staging/lever/stg_lever__jobs_outline.sql)
  function to_timestamp(timestamp with time zone) does not exist
  LINE 10:         to_timestamp(created_at) at time zone 'UTC' as creat...
                   ^
  HINT:  No function matches the given name and argument types. You might need to add explicit type casts.
  compiled code at target/run/levergreen_dbt/models/staging/lever/stg_lever__jobs_outline.sql
[0m08:06:17  
[0m08:06:17    Database Error in model stg_workable_jobs (models/staging/stg_workable_jobs.sql)
  cross-database references are not implemented: "your_database.public.workable_jobs"
  LINE 9:     from "your_database"."public"."workable_jobs"
                   ^
  compiled code at target/run/levergreen_dbt/models/staging/stg_workable_jobs.sql
[0m08:06:17  
[0m08:06:17  Done. PASS=30 WARN=0 ERROR=7 SKIP=10 TOTAL=47
