[0m08:05:49  Running with dbt=1.8.9
[0m08:05:50  Registered adapter: postgres=1.8.2
[0m08:05:50  Unable to do partial parsing because saved manifest not found. Starting full parse.
[0m08:05:54  [[33mWARNING[0m]: Deprecated functionality
The `tests` config has been renamed to `data_tests`. Please see
https://docs.getdbt.com/docs/build/data-tests#new-data_tests-syntax for more
information.
[0m08:05:55  Found 48 models, 123 data tests, 2 operations, 12 sources, 1618 macros
[0m08:05:55  
[0m08:05:59  
[0m08:05:59  Running 1 on-run-start hook
[0m08:05:59  Elementary: Runtime data: {"config": {}, "dbt_version": "1.8.9", "elementary_version": "0.19.4", "database": "postgres", "schema": "elementary"}
[0m08:05:59  1 of 1 START hook: elementary.on-run-start.0 ................................... [RUN]
[0m08:05:59  1 of 1 OK hook: elementary.on-run-start.0 ...................................... [[32mOK[0m in 0.00s]
[0m08:05:59  
[0m08:05:59  Concurrency: 4 threads (target='prod')
[0m08:05:59  
[0m08:05:59  1 of 171 START sql incremental model elementary.data_monitoring_metrics ........ [RUN]
[0m08:05:59  2 of 171 START sql incremental model elementary.dbt_columns .................... [RUN]
[0m08:05:59  3 of 171 START sql incremental model elementary.dbt_exposures .................. [RUN]
[0m08:05:59  4 of 171 START sql incremental model elementary.dbt_groups ..................... [RUN]
[0m08:06:01  1 of 171 OK created sql incremental model elementary.data_monitoring_metrics ... [[32mINSERT 0 0[0m in 2.29s]
[0m08:06:01  5 of 171 START sql incremental model elementary.dbt_invocations ................ [RUN]
[0m08:06:01  4 of 171 OK created sql incremental model elementary.dbt_groups ................ [[32mINSERT 0 0[0m in 2.38s]
[0m08:06:01  6 of 171 START sql incremental model elementary.dbt_metrics .................... [RUN]
[0m08:06:01  3 of 171 OK created sql incremental model elementary.dbt_exposures ............. [[32mINSERT 0 0[0m in 2.50s]
[0m08:06:01  7 of 171 START sql incremental model elementary.dbt_models ..................... [RUN]
[0m08:06:02  2 of 171 OK created sql incremental model elementary.dbt_columns ............... [[32mINSERT 0 0[0m in 2.85s]
[0m08:06:02  8 of 171 START sql incremental model elementary.dbt_run_results ................ [RUN]
[0m08:06:03  5 of 171 OK created sql incremental model elementary.dbt_invocations ........... [[32mINSERT 0 0[0m in 1.58s]
[0m08:06:03  9 of 171 START sql incremental model elementary.dbt_seeds ...................... [RUN]
[0m08:06:03  6 of 171 OK created sql incremental model elementary.dbt_metrics ............... [[32mINSERT 0 0[0m in 1.61s]
[0m08:06:03  10 of 171 START sql incremental model elementary.dbt_snapshots ................. [RUN]
[0m08:06:03  7 of 171 OK created sql incremental model elementary.dbt_models ................ [[32mINSERT 0 0[0m in 1.88s]
[0m08:06:03  8 of 171 OK created sql incremental model elementary.dbt_run_results ........... [[32mINSERT 0 0[0m in 1.58s]
[0m08:06:03  11 of 171 START sql incremental model elementary.dbt_source_freshness_results .. [RUN]
[0m08:06:03  12 of 171 START sql incremental model elementary.dbt_sources ................... [RUN]
[0m08:06:04  9 of 171 OK created sql incremental model elementary.dbt_seeds ................. [[32mINSERT 0 0[0m in 1.67s]
[0m08:06:04  13 of 171 START sql incremental model elementary.dbt_tests ..................... [RUN]
[0m08:06:04  10 of 171 OK created sql incremental model elementary.dbt_snapshots ............ [[32mINSERT 0 0[0m in 1.57s]
[0m08:06:04  14 of 171 START sql incremental model elementary.elementary_test_results ....... [RUN]
[0m08:06:05  11 of 171 OK created sql incremental model elementary.dbt_source_freshness_results  [[32mINSERT 0 0[0m in 1.64s]
[0m08:06:05  15 of 171 START sql table model elementary.metadata ............................ [RUN]
[0m08:06:05  12 of 171 OK created sql incremental model elementary.dbt_sources .............. [[32mINSERT 0 0[0m in 1.73s]
[0m08:06:05  16 of 171 START sql incremental model elementary.schema_columns_snapshot ....... [RUN]
[0m08:06:06  14 of 171 OK created sql incremental model elementary.elementary_test_results .. [[32mINSERT 0 0[0m in 1.85s]
[0m08:06:06  17 of 171 START sql view model public.stg_workable_jobs ........................ [RUN]
[0m08:06:06  13 of 171 OK created sql incremental model elementary.dbt_tests ................ [[32mINSERT 0 0[0m in 2.08s]
[0m08:06:06  18 of 171 START test dbt_expectations_source_expect_table_columns_to_match_set_ashby_ashby_job_departments_id__levergreen_id__created_at__updated_at__company_name__ashby_job_board_source__run_hash__raw_json_file_location__existing_json_used__department_id__department_name__parent_department_id  [RUN]
[0m08:06:06  15 of 171 OK created sql table model elementary.metadata ....................... [[32mSELECT 1[0m in 1.62s]
[0m08:06:06  19 of 171 START test dbt_expectations_source_expect_table_columns_to_match_set_ashby_ashby_job_locations_id__levergreen_id__created_at__updated_at__company_name__ashby_job_board_source__run_hash__raw_json_file_location__existing_json_used__opening_id__secondary_location_id__secondary_location_name  [RUN]
[0m08:06:07  16 of 171 OK created sql incremental model elementary.schema_columns_snapshot .. [[32mINSERT 0 0[0m in 1.65s]
[0m08:06:07  20 of 171 START test dbt_expectations_source_expect_table_columns_to_match_set_ashby_ashby_jobs_outline_id__levergreen_id__created_at__updated_at__company_name__source__run_hash__raw_json_file_location__existing_json_used__opening_id__opening_name__department_id__location_id__location_name__employment_type__compensation_tier__opening_link  [RUN]
[0m08:06:07  17 of 171 ERROR creating sql view model public.stg_workable_jobs ............... [[31mERROR[0m in 1.02s]
[0m08:06:07  21 of 171 START test dbt_expectations_source_expect_table_columns_to_match_set_greenhouse_greenhouse_job_departments_id__levergreen_id__created_at__updated_at__source__company_name__department_category__department_id__department_name__existing_html_used__raw_html_file_location__run_hash  [RUN]
[0m08:06:07  [[33mWARNING[0m]: Installed package 'elementary' is overriding the built-in
materialization 'test'. Overrides of built-in materializations from installed
packages will be deprecated in future versions of dbt. Please refer to https://d
ocs.getdbt.com/reference/global-configs/legacy-behaviors#require_explicit_packag
e_overrides_for_builtin_materializations for detailed documentation and
suggested workarounds.
[0m08:06:08  18 of 171 PASS dbt_expectations_source_expect_table_columns_to_match_set_ashby_ashby_job_departments_id__levergreen_id__created_at__updated_at__company_name__ashby_job_board_source__run_hash__raw_json_file_location__existing_json_used__department_id__department_name__parent_department_id  [[32mPASS[0m in 1.27s]
[0m08:06:08  22 of 171 START test dbt_expectations_source_expect_table_columns_to_match_set_greenhouse_greenhouse_jobs_outline_id__levergreen_id__created_at__updated_at__source__department_ids__location__office_ids__opening_link__opening_title__existing_html_used__run_hash__raw_html_file_location  [RUN]
[0m08:06:08  19 of 171 PASS dbt_expectations_source_expect_table_columns_to_match_set_ashby_ashby_job_locations_id__levergreen_id__created_at__updated_at__company_name__ashby_job_board_source__run_hash__raw_json_file_location__existing_json_used__opening_id__secondary_location_id__secondary_location_name  [[32mPASS[0m in 1.23s]
[0m08:06:08  23 of 171 START test dbt_expectations_source_expect_table_columns_to_match_set_lever_lever_jobs_outline_id__levergreen_id__created_at__updated_at__source__department_names__location__workplace_type__opening_link__opening_title__company_name__existing_html_used__raw_html_file_location__run_hash  [RUN]
[0m08:06:08  20 of 171 PASS dbt_expectations_source_expect_table_columns_to_match_set_ashby_ashby_jobs_outline_id__levergreen_id__created_at__updated_at__company_name__source__run_hash__raw_json_file_location__existing_json_used__opening_id__opening_name__department_id__location_id__location_name__employment_type__compensation_tier__opening_link  [[32mPASS[0m in 1.17s]
[0m08:06:08  24 of 171 START test dbt_expectations_source_expect_table_columns_to_match_set_levergreen_job_board_urls_id__company_url__is_enabled__is_prospect__is_web_scraped__ats__company  [RUN]
[0m08:06:08  21 of 171 PASS dbt_expectations_source_expect_table_columns_to_match_set_greenhouse_greenhouse_job_departments_id__levergreen_id__created_at__updated_at__source__company_name__department_category__department_id__department_name__existing_html_used__raw_html_file_location__run_hash  [[32mPASS[0m in 1.19s]
[0m08:06:08  25 of 171 START test dbt_expectations_source_expect_table_columns_to_match_set_rippling_rippling_jobs_outline_id__job_id__created_at__title__url__location__board_token__department__run_hash__api_endpoint  [RUN]
[0m08:06:09  22 of 171 PASS dbt_expectations_source_expect_table_columns_to_match_set_greenhouse_greenhouse_jobs_outline_id__levergreen_id__created_at__updated_at__source__department_ids__location__office_ids__opening_link__opening_title__existing_html_used__run_hash__raw_html_file_location  [[32mPASS[0m in 1.09s]
[0m08:06:09  26 of 171 START test source_accepted_values_ashby_ashby_jobs_outline_employment_type__Intern__Contract__PartTime__FullTime__Temporary  [RUN]
[0m08:06:09  23 of 171 PASS dbt_expectations_source_expect_table_columns_to_match_set_lever_lever_jobs_outline_id__levergreen_id__created_at__updated_at__source__department_names__location__workplace_type__opening_link__opening_title__company_name__existing_html_used__raw_html_file_location__run_hash  [[32mPASS[0m in 1.09s]
[0m08:06:09  27 of 171 START test source_accepted_values_greenhouse_greenhouse_job_departments_department_category__level_0__level_1__level_2__level_3__level_4__level_5  [RUN]
[0m08:06:09  24 of 171 FAIL 2 dbt_expectations_source_expect_table_columns_to_match_set_levergreen_job_board_urls_id__company_url__is_enabled__is_prospect__is_web_scraped__ats__company  [[31mFAIL 2[0m in 1.13s]
[0m08:06:09  28 of 171 START test source_accepted_values_lever_lever_jobs_outline_workplace_type__On_site__Remote__Hybrid  [RUN]
[0m08:06:10  25 of 171 FAIL 1 dbt_expectations_source_expect_table_columns_to_match_set_rippling_rippling_jobs_outline_id__job_id__created_at__title__url__location__board_token__department__run_hash__api_endpoint  [[31mFAIL 1[0m in 1.15s]
[0m08:06:10  29 of 171 START test source_not_null_ashby_ashby_job_departments_company_name .. [RUN]
[0m08:06:11  26 of 171 PASS source_accepted_values_ashby_ashby_jobs_outline_employment_type__Intern__Contract__PartTime__FullTime__Temporary  [[32mPASS[0m in 1.72s]
[0m08:06:11  30 of 171 START test source_not_null_ashby_ashby_job_departments_created_at .... [RUN]
[0m08:06:11  29 of 171 PASS source_not_null_ashby_ashby_job_departments_company_name ........ [[32mPASS[0m in 1.12s]
[0m08:06:11  31 of 171 START test source_not_null_ashby_ashby_job_departments_id ............ [RUN]
[0m08:06:11  28 of 171 PASS source_accepted_values_lever_lever_jobs_outline_workplace_type__On_site__Remote__Hybrid  [[32mPASS[0m in 2.12s]
[0m08:06:11  32 of 171 START test source_not_null_ashby_ashby_job_departments_levergreen_id . [RUN]
[0m08:06:11  27 of 171 WARN 33 source_accepted_values_greenhouse_greenhouse_job_departments_department_category__level_0__level_1__level_2__level_3__level_4__level_5  [[33mWARN 33[0m in 2.42s]
[0m08:06:11  33 of 171 START test source_not_null_ashby_ashby_job_departments_source ........ [RUN]
[0m08:06:12  31 of 171 PASS source_not_null_ashby_ashby_job_departments_id .................. [[32mPASS[0m in 0.97s]
[0m08:06:12  34 of 171 START test source_not_null_ashby_ashby_job_departments_updated_at .... [RUN]
[0m08:06:12  30 of 171 FAIL 6 source_not_null_ashby_ashby_job_departments_created_at ........ [[31mFAIL 6[0m in 1.21s]
[0m08:06:12  35 of 171 START test source_not_null_ashby_ashby_job_locations_company_name .... [RUN]
[0m08:06:12  32 of 171 PASS source_not_null_ashby_ashby_job_departments_levergreen_id ....... [[32mPASS[0m in 0.98s]
[0m08:06:12  36 of 171 START test source_not_null_ashby_ashby_job_locations_created_at ...... [RUN]
[0m08:06:12  33 of 171 ERROR source_not_null_ashby_ashby_job_departments_source ............. [[31mERROR[0m in 0.98s]
[0m08:06:12  37 of 171 START test source_not_null_ashby_ashby_job_locations_id .............. [RUN]
[0m08:06:13  34 of 171 PASS source_not_null_ashby_ashby_job_departments_updated_at .......... [[32mPASS[0m in 1.02s]
[0m08:06:13  38 of 171 START test source_not_null_ashby_ashby_job_locations_levergreen_id ... [RUN]
[0m08:06:13  35 of 171 PASS source_not_null_ashby_ashby_job_locations_company_name .......... [[32mPASS[0m in 1.37s]
[0m08:06:13  39 of 171 START test source_not_null_ashby_ashby_job_locations_source .......... [RUN]
[0m08:06:13  36 of 171 FAIL 4 source_not_null_ashby_ashby_job_locations_created_at .......... [[31mFAIL 4[0m in 1.15s]
[0m08:06:13  40 of 171 START test source_not_null_ashby_ashby_job_locations_updated_at ...... [RUN]
[0m08:06:13  37 of 171 PASS source_not_null_ashby_ashby_job_locations_id .................... [[32mPASS[0m in 1.00s]
[0m08:06:13  41 of 171 START test source_not_null_ashby_ashby_jobs_outline_ashby_job_board_source  [RUN]
[0m08:06:14  38 of 171 PASS source_not_null_ashby_ashby_job_locations_levergreen_id ......... [[32mPASS[0m in 0.96s]
[0m08:06:14  42 of 171 START test source_not_null_ashby_ashby_jobs_outline_company_name ..... [RUN]
[0m08:06:14  39 of 171 ERROR source_not_null_ashby_ashby_job_locations_source ............... [[31mERROR[0m in 0.98s]
[0m08:06:14  43 of 171 START test source_not_null_ashby_ashby_jobs_outline_created_at ....... [RUN]
[0m08:06:14  40 of 171 PASS source_not_null_ashby_ashby_job_locations_updated_at ............ [[32mPASS[0m in 0.99s]
[0m08:06:14  44 of 171 START test source_not_null_ashby_ashby_jobs_outline_id ............... [RUN]
[0m08:06:14  41 of 171 ERROR source_not_null_ashby_ashby_jobs_outline_ashby_job_board_source  [[31mERROR[0m in 1.01s]
[0m08:06:14  45 of 171 START test source_not_null_ashby_ashby_jobs_outline_levergreen_id .... [RUN]
[0m08:06:15  42 of 171 PASS source_not_null_ashby_ashby_jobs_outline_company_name ........... [[32mPASS[0m in 1.02s]
[0m08:06:15  46 of 171 START test source_not_null_ashby_ashby_jobs_outline_location_id ...... [RUN]
[0m08:06:15  45 of 171 PASS source_not_null_ashby_ashby_jobs_outline_levergreen_id .......... [[32mPASS[0m in 0.95s]
[0m08:06:15  47 of 171 START test source_not_null_ashby_ashby_jobs_outline_location_name .... [RUN]
[0m08:06:15  43 of 171 FAIL 5 source_not_null_ashby_ashby_jobs_outline_created_at ........... [[31mFAIL 5[0m in 1.13s]
[0m08:06:15  48 of 171 START test source_not_null_ashby_ashby_jobs_outline_opening_id ....... [RUN]
[0m08:06:15  44 of 171 PASS source_not_null_ashby_ashby_jobs_outline_id ..................... [[32mPASS[0m in 1.08s]
[0m08:06:15  49 of 171 START test source_not_null_ashby_ashby_jobs_outline_opening_name ..... [RUN]
[0m08:06:16  46 of 171 PASS source_not_null_ashby_ashby_jobs_outline_location_id ............ [[32mPASS[0m in 0.99s]
[0m08:06:16  50 of 171 START test source_not_null_ashby_ashby_jobs_outline_updated_at ....... [RUN]
[0m08:06:16  48 of 171 PASS source_not_null_ashby_ashby_jobs_outline_opening_id ............. [[32mPASS[0m in 0.98s]
[0m08:06:16  51 of 171 START test source_not_null_greenhouse_greenhouse_job_departments_company_name  [RUN]
[0m08:06:16  47 of 171 PASS source_not_null_ashby_ashby_jobs_outline_location_name .......... [[32mPASS[0m in 1.04s]
[0m08:06:16  52 of 171 START test source_not_null_greenhouse_greenhouse_job_departments_created_at  [RUN]
[0m08:06:16  49 of 171 PASS source_not_null_ashby_ashby_jobs_outline_opening_name ........... [[32mPASS[0m in 1.07s]
[0m08:06:16  53 of 171 START test source_not_null_greenhouse_greenhouse_job_departments_id .. [RUN]
[0m08:06:17  50 of 171 PASS source_not_null_ashby_ashby_jobs_outline_updated_at ............. [[32mPASS[0m in 0.94s]
[0m08:06:17  54 of 171 START test source_not_null_greenhouse_greenhouse_job_departments_levergreen_id  [RUN]
[0m08:06:17  52 of 171 PASS source_not_null_greenhouse_greenhouse_job_departments_created_at  [[32mPASS[0m in 0.99s]
[0m08:06:17  55 of 171 START test source_not_null_greenhouse_greenhouse_job_departments_source  [RUN]
[0m08:06:17  51 of 171 PASS source_not_null_greenhouse_greenhouse_job_departments_company_name  [[32mPASS[0m in 1.06s]
[0m08:06:17  56 of 171 START test source_not_null_greenhouse_greenhouse_job_departments_updated_at  [RUN]
[0m08:06:17  53 of 171 PASS source_not_null_greenhouse_greenhouse_job_departments_id ........ [[32mPASS[0m in 1.06s]
[0m08:06:17  57 of 171 START test source_not_null_greenhouse_greenhouse_jobs_outline_created_at  [RUN]
[0m08:06:18  54 of 171 PASS source_not_null_greenhouse_greenhouse_job_departments_levergreen_id  [[32mPASS[0m in 0.96s]
[0m08:06:18  58 of 171 START test source_not_null_greenhouse_greenhouse_jobs_outline_id ..... [RUN]
[0m08:06:18  55 of 171 PASS source_not_null_greenhouse_greenhouse_job_departments_source .... [[32mPASS[0m in 0.99s]
[0m08:06:18  59 of 171 START test source_not_null_greenhouse_greenhouse_jobs_outline_levergreen_id  [RUN]
[0m08:06:18  56 of 171 PASS source_not_null_greenhouse_greenhouse_job_departments_updated_at  [[32mPASS[0m in 0.99s]
[0m08:06:18  60 of 171 START test source_not_null_greenhouse_greenhouse_jobs_outline_location  [RUN]
[0m08:06:19  58 of 171 PASS source_not_null_greenhouse_greenhouse_jobs_outline_id ........... [[32mPASS[0m in 0.95s]
[0m08:06:19  61 of 171 START test source_not_null_greenhouse_greenhouse_jobs_outline_opening_link  [RUN]
[0m08:06:19  57 of 171 PASS source_not_null_greenhouse_greenhouse_jobs_outline_created_at ... [[32mPASS[0m in 1.19s]
[0m08:06:19  62 of 171 START test source_not_null_greenhouse_greenhouse_jobs_outline_opening_title  [RUN]
[0m08:06:19  59 of 171 PASS source_not_null_greenhouse_greenhouse_jobs_outline_levergreen_id  [[32mPASS[0m in 0.94s]
[0m08:06:19  63 of 171 START test source_not_null_greenhouse_greenhouse_jobs_outline_source . [RUN]
[0m08:06:19  60 of 171 PASS source_not_null_greenhouse_greenhouse_jobs_outline_location ..... [[32mPASS[0m in 1.06s]
[0m08:06:19  64 of 171 START test source_not_null_greenhouse_greenhouse_jobs_outline_updated_at  [RUN]
[0m08:06:20  62 of 171 PASS source_not_null_greenhouse_greenhouse_jobs_outline_opening_title  [[32mPASS[0m in 1.00s]
[0m08:06:20  65 of 171 START test source_not_null_lever_lever_jobs_outline_created_at ....... [RUN]
[0m08:06:20  61 of 171 PASS source_not_null_greenhouse_greenhouse_jobs_outline_opening_link . [[32mPASS[0m in 1.06s]
[0m08:06:20  66 of 171 START test source_not_null_lever_lever_jobs_outline_department_names . [RUN]
[0m08:06:20  63 of 171 PASS source_not_null_greenhouse_greenhouse_jobs_outline_source ....... [[32mPASS[0m in 0.93s]
[0m08:06:20  67 of 171 START test source_not_null_lever_lever_jobs_outline_id ............... [RUN]
[0m08:06:20  64 of 171 PASS source_not_null_greenhouse_greenhouse_jobs_outline_updated_at ... [[32mPASS[0m in 0.93s]
[0m08:06:20  68 of 171 START test source_not_null_lever_lever_jobs_outline_levergreen_id .... [RUN]
[0m08:06:21  65 of 171 PASS source_not_null_lever_lever_jobs_outline_created_at ............. [[32mPASS[0m in 0.99s]
[0m08:06:21  69 of 171 START test source_not_null_lever_lever_jobs_outline_location ......... [RUN]
[0m08:06:21  66 of 171 PASS source_not_null_lever_lever_jobs_outline_department_names ....... [[32mPASS[0m in 0.99s]
[0m08:06:21  70 of 171 START test source_not_null_lever_lever_jobs_outline_opening_link ..... [RUN]
[0m08:06:21  67 of 171 PASS source_not_null_lever_lever_jobs_outline_id ..................... [[32mPASS[0m in 0.98s]
[0m08:06:21  71 of 171 START test source_not_null_lever_lever_jobs_outline_opening_title .... [RUN]
[0m08:06:21  68 of 171 PASS source_not_null_lever_lever_jobs_outline_levergreen_id .......... [[32mPASS[0m in 0.98s]
[0m08:06:21  72 of 171 START test source_not_null_lever_lever_jobs_outline_source ........... [RUN]
[0m08:06:22  70 of 171 PASS source_not_null_lever_lever_jobs_outline_opening_link ........... [[32mPASS[0m in 0.99s]
[0m08:06:22  73 of 171 START test source_not_null_lever_lever_jobs_outline_updated_at ....... [RUN]
[0m08:06:22  69 of 171 WARN 8 source_not_null_lever_lever_jobs_outline_location ............. [[33mWARN 8[0m in 1.09s]
[0m08:06:22  74 of 171 START test source_not_null_levergreen_job_board_urls_company_url ..... [RUN]
[0m08:06:22  71 of 171 PASS source_not_null_lever_lever_jobs_outline_opening_title .......... [[32mPASS[0m in 0.99s]
[0m08:06:22  75 of 171 START test source_not_null_levergreen_job_board_urls_id .............. [RUN]
[0m08:06:22  72 of 171 PASS source_not_null_lever_lever_jobs_outline_source ................. [[32mPASS[0m in 0.99s]
[0m08:06:22  76 of 171 START test source_not_null_rippling_rippling_jobs_outline_api_endpoint  [RUN]
[0m08:06:23  73 of 171 PASS source_not_null_lever_lever_jobs_outline_updated_at ............. [[32mPASS[0m in 0.98s]
[0m08:06:23  77 of 171 START test source_not_null_rippling_rippling_jobs_outline_board_token  [RUN]
[0m08:06:23  74 of 171 PASS source_not_null_levergreen_job_board_urls_company_url ........... [[32mPASS[0m in 0.99s]
[0m08:06:23  78 of 171 START test source_not_null_rippling_rippling_jobs_outline_created_at . [RUN]
[0m08:06:23  75 of 171 PASS source_not_null_levergreen_job_board_urls_id .................... [[32mPASS[0m in 1.05s]
[0m08:06:23  79 of 171 START test source_not_null_rippling_rippling_jobs_outline_department . [RUN]
[0m08:06:23  76 of 171 PASS source_not_null_rippling_rippling_jobs_outline_api_endpoint ..... [[32mPASS[0m in 0.98s]
[0m08:06:23  80 of 171 START test source_not_null_rippling_rippling_jobs_outline_id ......... [RUN]
[0m08:06:24  77 of 171 PASS source_not_null_rippling_rippling_jobs_outline_board_token ...... [[32mPASS[0m in 0.94s]
[0m08:06:24  81 of 171 START test source_not_null_rippling_rippling_jobs_outline_job_id ..... [RUN]
[0m08:06:24  78 of 171 PASS source_not_null_rippling_rippling_jobs_outline_created_at ....... [[32mPASS[0m in 0.98s]
[0m08:06:24  82 of 171 START test source_not_null_rippling_rippling_jobs_outline_location ... [RUN]
[0m08:06:24  79 of 171 PASS source_not_null_rippling_rippling_jobs_outline_department ....... [[32mPASS[0m in 0.98s]
[0m08:06:24  83 of 171 START test source_not_null_rippling_rippling_jobs_outline_run_hash ... [RUN]
[0m08:06:24  80 of 171 PASS source_not_null_rippling_rippling_jobs_outline_id ............... [[32mPASS[0m in 0.99s]
[0m08:06:24  84 of 171 START test source_not_null_rippling_rippling_jobs_outline_title ...... [RUN]
[0m08:06:24  81 of 171 PASS source_not_null_rippling_rippling_jobs_outline_job_id ........... [[32mPASS[0m in 0.94s]
[0m08:06:24  85 of 171 START test source_not_null_rippling_rippling_jobs_outline_url ........ [RUN]
[0m08:06:25  82 of 171 PASS source_not_null_rippling_rippling_jobs_outline_location ......... [[32mPASS[0m in 0.98s]
[0m08:06:25  86 of 171 START test source_unique_ashby_ashby_job_departments_id .............. [RUN]
[0m08:06:25  83 of 171 PASS source_not_null_rippling_rippling_jobs_outline_run_hash ......... [[32mPASS[0m in 0.94s]
[0m08:06:25  87 of 171 START test source_unique_ashby_ashby_job_locations_id ................ [RUN]
[0m08:06:25  84 of 171 PASS source_not_null_rippling_rippling_jobs_outline_title ............ [[32mPASS[0m in 0.96s]
[0m08:06:25  88 of 171 START test source_unique_ashby_ashby_jobs_outline_id ................. [RUN]
[0m08:06:25  85 of 171 PASS source_not_null_rippling_rippling_jobs_outline_url .............. [[32mPASS[0m in 0.98s]
[0m08:06:25  89 of 171 START test source_unique_greenhouse_greenhouse_job_departments_id .... [RUN]
[0m08:06:26  86 of 171 PASS source_unique_ashby_ashby_job_departments_id .................... [[32mPASS[0m in 1.01s]
[0m08:06:26  90 of 171 START test source_unique_greenhouse_greenhouse_jobs_outline_id ....... [RUN]
[0m08:06:26  87 of 171 PASS source_unique_ashby_ashby_job_locations_id ...................... [[32mPASS[0m in 1.06s]
[0m08:06:26  91 of 171 START test source_unique_lever_lever_jobs_outline_id ................. [RUN]
[0m08:06:26  88 of 171 PASS source_unique_ashby_ashby_jobs_outline_id ....................... [[32mPASS[0m in 1.06s]
[0m08:06:26  92 of 171 START test source_unique_levergreen_job_board_urls_company_url ....... [RUN]
[0m08:06:27  90 of 171 PASS source_unique_greenhouse_greenhouse_jobs_outline_id ............. [[32mPASS[0m in 1.05s]
[0m08:06:27  93 of 171 START test source_unique_levergreen_job_board_urls_id ................ [RUN]
[0m08:06:27  89 of 171 PASS source_unique_greenhouse_greenhouse_job_departments_id .......... [[32mPASS[0m in 1.29s]
[0m08:06:27  94 of 171 START test source_unique_rippling_rippling_jobs_outline_id ........... [RUN]
[0m08:06:27  91 of 171 PASS source_unique_lever_lever_jobs_outline_id ....................... [[32mPASS[0m in 1.33s]
[0m08:06:27  95 of 171 START sql view model elementary.metrics_anomaly_score ................ [RUN]
[0m08:06:28  94 of 171 PASS source_unique_rippling_rippling_jobs_outline_id ................. [[32mPASS[0m in 0.98s]
[0m08:06:28  96 of 171 START sql view model elementary.monitors_runs ........................ [RUN]
[0m08:06:28  93 of 171 PASS source_unique_levergreen_job_board_urls_id ...................... [[32mPASS[0m in 1.27s]
[0m08:06:28  97 of 171 START sql view model elementary.job_run_results ...................... [RUN]
[0m08:06:28  92 of 171 PASS source_unique_levergreen_job_board_urls_company_url ............. [[32mPASS[0m in 1.85s]
[0m08:06:28  98 of 171 START sql view model elementary.model_run_results .................... [RUN]
[0m08:06:29  95 of 171 OK created sql view model elementary.metrics_anomaly_score ........... [[32mCREATE VIEW[0m in 1.28s]
[0m08:06:29  99 of 171 START sql view model elementary.seed_run_results ..................... [RUN]
[0m08:06:29  96 of 171 OK created sql view model elementary.monitors_runs ................... [[32mCREATE VIEW[0m in 1.32s]
[0m08:06:29  100 of 171 START sql view model elementary.snapshot_run_results ................ [RUN]
[0m08:06:29  97 of 171 OK created sql view model elementary.job_run_results ................. [[32mCREATE VIEW[0m in 1.25s]
[0m08:06:29  101 of 171 START sql view model elementary.alerts_dbt_source_freshness ......... [RUN]
[0m08:06:29  98 of 171 OK created sql view model elementary.model_run_results ............... [[32mCREATE VIEW[0m in 1.30s]
[0m08:06:29  102 of 171 START sql view model elementary.alerts_anomaly_detection ............ [RUN]
[0m08:06:30  99 of 171 OK created sql view model elementary.seed_run_results ................ [[32mCREATE VIEW[0m in 1.29s]
[0m08:06:30  103 of 171 START sql view model elementary.alerts_dbt_tests .................... [RUN]
[0m08:06:30  100 of 171 OK created sql view model elementary.snapshot_run_results ........... [[32mCREATE VIEW[0m in 1.31s]
[0m08:06:30  104 of 171 START sql view model elementary.alerts_schema_changes ............... [RUN]
[0m08:06:30  101 of 171 OK created sql view model elementary.alerts_dbt_source_freshness .... [[32mCREATE VIEW[0m in 1.23s]
[0m08:06:30  105 of 171 START sql incremental model elementary.test_result_rows ............. [RUN]
[0m08:06:31  102 of 171 OK created sql view model elementary.alerts_anomaly_detection ....... [[32mCREATE VIEW[0m in 1.26s]
[0m08:06:31  106 of 171 START sql view model elementary.dbt_artifacts_hashes ................ [RUN]
[0m08:06:31  103 of 171 OK created sql view model elementary.alerts_dbt_tests ............... [[32mCREATE VIEW[0m in 1.29s]
[0m08:06:31  107 of 171 SKIP test not_null_stg_workable_jobs_id ............................. [[33mSKIP[0m]
[0m08:06:31  108 of 171 SKIP test not_null_stg_workable_jobs_job_title ...................... [[33mSKIP[0m]
[0m08:06:31  109 of 171 SKIP test not_null_stg_workable_jobs_job_url ........................ [[33mSKIP[0m]
[0m08:06:31  110 of 171 SKIP test unique_stg_workable_jobs_id ............................... [[33mSKIP[0m]
[0m08:06:31  111 of 171 SKIP test unique_stg_workable_jobs_job_url .......................... [[33mSKIP[0m]
[0m08:06:31  112 of 171 SKIP relation public.stg_ashby__job_departments ..................... [[33mSKIP[0m]
[0m08:06:31  113 of 171 SKIP relation public.stg_ashby__job_locations ....................... [[33mSKIP[0m]
[0m08:06:31  114 of 171 SKIP relation public.stg_ashby__jobs_outline ........................ [[33mSKIP[0m]
[0m08:06:31  115 of 171 START sql view model public.stg_greenhouse__jobs_outline ............ [RUN]
[0m08:06:32  104 of 171 OK created sql view model elementary.alerts_schema_changes .......... [[32mCREATE VIEW[0m in 1.34s]
[0m08:06:32  116 of 171 START sql view model public.stg_greenhouse__job_departments ......... [RUN]
[0m08:06:32  106 of 171 OK created sql view model elementary.dbt_artifacts_hashes ........... [[32mCREATE VIEW[0m in 1.24s]
[0m08:06:32  117 of 171 START sql view model public.stg_lever__jobs_outline ................. [RUN]
[0m08:06:32  105 of 171 OK created sql incremental model elementary.test_result_rows ........ [[32mINSERT 0 0[0m in 1.54s]
[0m08:06:32  118 of 171 SKIP relation public.stg_rippling__jobs_outline ..................... [[33mSKIP[0m]
[0m08:06:32  119 of 171 START sql view model elementary.anomaly_threshold_sensitivity ....... [RUN]
[0m08:06:33  115 of 171 OK created sql view model public.stg_greenhouse__jobs_outline ....... [[32mCREATE VIEW[0m in 1.39s]
[0m08:06:33  120 of 171 START sql view model elementary.alerts_dbt_models ................... [RUN]
[0m08:06:33  116 of 171 OK created sql view model public.stg_greenhouse__job_departments .... [[32mCREATE VIEW[0m in 1.24s]
[0m08:06:33  121 of 171 SKIP relation public.combined_job_sources ........................... [[33mSKIP[0m]
[0m08:06:33  122 of 171 SKIP relation public.int_ashby_departments_expanded ................. [[33mSKIP[0m]
[0m08:06:33  123 of 171 SKIP relation public.int_ashby_locations_expanded ................... [[33mSKIP[0m]
[0m08:06:33  124 of 171 START test accepted_values_stg_greenhouse__jobs_outline_job_board__greenhouse  [RUN]
[0m08:06:33  119 of 171 OK created sql view model elementary.anomaly_threshold_sensitivity .. [[32mCREATE VIEW[0m in 1.17s]
[0m08:06:33  125 of 171 START test dbt_expectations_expect_table_columns_to_match_set_stg_greenhouse__jobs_outline_id__levergreen_id__created_at_utc__updated_at_utc__created_date_utc__updated_date_utc__source__department_ids__location__office_ids__full_opening_link__opening_title__uses_existing__raw_html_file_location__run_hash__job_board__company_name  [RUN]
[0m08:06:33  117 of 171 OK created sql view model public.stg_lever__jobs_outline ............ [[32mCREATE VIEW[0m in 1.28s]
[0m08:06:33  126 of 171 START test accepted_values_stg_greenhouse__job_departments_job_board__greenhouse  [RUN]
[0m08:06:34  120 of 171 OK created sql view model elementary.alerts_dbt_models .............. [[32mCREATE VIEW[0m in 1.18s]
[0m08:06:34  127 of 171 START test dbt_expectations_expect_table_columns_to_match_set_stg_greenhouse__job_departments_id__levergreen_id__created_at_utc__updated_at_utc__created_date_utc__updated_date_utc__source__company_name__department_category__department_id__department_name__uses_existing__raw_html_file_location__run_hash__job_board  [RUN]
[0m08:06:34  124 of 171 PASS accepted_values_stg_greenhouse__jobs_outline_job_board__greenhouse  [[32mPASS[0m in 1.12s]
[0m08:06:34  128 of 171 SKIP relation public.int_ashby_outline_finalized .................... [[33mSKIP[0m]
[0m08:06:34  129 of 171 START test accepted_values_stg_lever__jobs_outline_job_board__lever . [RUN]
[0m08:06:34  125 of 171 PASS dbt_expectations_expect_table_columns_to_match_set_stg_greenhouse__jobs_outline_id__levergreen_id__created_at_utc__updated_at_utc__created_date_utc__updated_date_utc__source__department_ids__location__office_ids__full_opening_link__opening_title__uses_existing__raw_html_file_location__run_hash__job_board__company_name  [[32mPASS[0m in 1.08s]
[0m08:06:34  130 of 171 START test dbt_expectations_expect_table_columns_to_match_set_stg_lever__jobs_outline_id__levergreen_id__created_at_utc__updated_at_utc__source__department_names__location__workplace_type__full_opening_link__opening_title__company_name__uses_existing__raw_html_file_location__run_hash__created_date_utc__updated_date_utc__job_board  [RUN]
[0m08:06:35  126 of 171 PASS accepted_values_stg_greenhouse__job_departments_job_board__greenhouse  [[32mPASS[0m in 1.36s]
[0m08:06:35  127 of 171 PASS dbt_expectations_expect_table_columns_to_match_set_stg_greenhouse__job_departments_id__levergreen_id__created_at_utc__updated_at_utc__created_date_utc__updated_date_utc__source__company_name__department_category__department_id__department_name__uses_existing__raw_html_file_location__run_hash__job_board  [[32mPASS[0m in 1.08s]
[0m08:06:35  131 of 171 START sql table model public.int_greenhouse_departments_expanded_with_outline  [RUN]
[0m08:06:35  130 of 171 PASS dbt_expectations_expect_table_columns_to_match_set_stg_lever__jobs_outline_id__levergreen_id__created_at_utc__updated_at_utc__source__department_names__location__workplace_type__full_opening_link__opening_title__company_name__uses_existing__raw_html_file_location__run_hash__created_date_utc__updated_date_utc__job_board  [[32mPASS[0m in 1.15s]
[0m08:06:36  129 of 171 PASS accepted_values_stg_lever__jobs_outline_job_board__lever ....... [[32mPASS[0m in 1.65s]
[0m08:06:36  132 of 171 START sql table model public.int_lever_departments_expanded ......... [RUN]
[0m08:06:38  131 of 171 OK created sql table model public.int_greenhouse_departments_expanded_with_outline  [[32mSELECT 14560[0m in 2.91s]
[0m08:06:40  132 of 171 OK created sql table model public.int_lever_departments_expanded .... [[32mSELECT 43084[0m in 4.60s]
[0m08:06:40  133 of 171 SKIP relation core.all_job_postings ................................. [[33mSKIP[0m]
[0m08:06:40  134 of 171 SKIP test accepted_values_all_job_postings_job_board__greenhouse__lever__ashby__rippling  [[33mSKIP[0m]
[0m08:06:40  135 of 171 SKIP test accepted_values_all_job_postings_opening_category__Data__Software_Engineering__Product__Sales__Finance_Accounting__Operations__Other  [[33mSKIP[0m]
[0m08:06:40  136 of 171 SKIP test accepted_values_all_job_postings_posting_length_category__Inactive__Stale__Old__Medium__Recent__New  [[33mSKIP[0m]
[0m08:06:40  137 of 171 SKIP test check_sneaky_returning_job ................................ [[33mSKIP[0m]
[0m08:06:40  138 of 171 SKIP test dbt_expectations_expect_table_columns_to_match_set_all_job_postings_id__levergreen_id__created_date_utc__updated_date_utc__source__company_name__uses_existing__location__full_opening_link__opening_title__is_remote__primary_department__secondary_department__tertiary_department__quaternary_department__run_hash__job_board__is_active__earliest_opening_date__latest_opening_date__days_active__posting_length_category__opening_category  [[33mSKIP[0m]
[0m08:06:40  139 of 171 SKIP test not_null_all_job_postings_id .............................. [[33mSKIP[0m]
[0m08:06:40  140 of 171 SKIP test not_null_all_job_postings_levergreen_id ................... [[33mSKIP[0m]
[0m08:06:40  141 of 171 SKIP test unique_all_job_postings_id ................................ [[33mSKIP[0m]
[0m08:06:40  142 of 171 SKIP test unique_all_job_postings_levergreen_id ..................... [[33mSKIP[0m]
[0m08:06:40  143 of 171 SKIP relation core.active_job_postings .............................. [[33mSKIP[0m]
[0m08:06:40  144 of 171 SKIP test accepted_values_active_job_postings_job_board__greenhouse__lever__ashby__rippling  [[33mSKIP[0m]
[0m08:06:40  145 of 171 SKIP test accepted_values_active_job_postings_opening_category__Data__Software_Engineering__Product__Sales__Finance_Accounting__Operations__Other  [[33mSKIP[0m]
[0m08:06:40  146 of 171 SKIP test accepted_values_active_job_postings_posting_length_category__Inactive__Stale__Old__Medium__Recent__New  [[33mSKIP[0m]
[0m08:06:40  147 of 171 SKIP test check_expected_careers_pages_scraped ...................... [[33mSKIP[0m]
[0m08:06:40  148 of 171 SKIP test confirm_active_jobs_per_company_scraped ................... [[33mSKIP[0m]
[0m08:06:40  149 of 171 SKIP test dbt_expectations_expect_table_columns_to_match_set_active_job_postings_id__levergreen_id__created_date_utc__updated_date_utc__source__company_name__uses_existing__location__full_opening_link__opening_title__is_remote__primary_department__secondary_department__tertiary_department__quaternary_department__run_hash__job_board__is_active__earliest_opening_date__latest_opening_date__days_active__posting_length_category__opening_category  [[33mSKIP[0m]
[0m08:06:40  150 of 171 SKIP test not_null_active_job_postings_id ........................... [[33mSKIP[0m]
[0m08:06:40  151 of 171 SKIP test not_null_active_job_postings_levergreen_id ................ [[33mSKIP[0m]
[0m08:06:40  152 of 171 SKIP test unique_active_job_postings_id ............................. [[33mSKIP[0m]
[0m08:06:40  153 of 171 SKIP test unique_active_job_postings_levergreen_id .................. [[33mSKIP[0m]
[0m08:06:40  154 of 171 SKIP relation core.active_job_postings_default ...................... [[33mSKIP[0m]
[0m08:06:40  155 of 171 SKIP relation core.active_job_postings_prospect ..................... [[33mSKIP[0m]
[0m08:06:40  156 of 171 SKIP test accepted_values_active_job_postings_default_job_board__greenhouse__lever__ashby  [[33mSKIP[0m]
[0m08:06:40  157 of 171 SKIP test accepted_values_active_job_postings_default_opening_category__Data__Software_Engineering__Product__Sales__Finance_Accounting__Operations__Other  [[33mSKIP[0m]
[0m08:06:40  158 of 171 SKIP test accepted_values_active_job_postings_default_posting_length_category__Inactive__Stale__Old__Medium__Recent__New  [[33mSKIP[0m]
[0m08:06:40  159 of 171 SKIP test accepted_values_active_job_postings_prospect_job_board__greenhouse__lever__ashby__rippling  [[33mSKIP[0m]
[0m08:06:40  160 of 171 SKIP test accepted_values_active_job_postings_prospect_opening_category__Data__Software_Engineering__Product__Sales__Finance_Accounting__Operations__Other  [[33mSKIP[0m]
[0m08:06:40  161 of 171 SKIP test accepted_values_active_job_postings_prospect_posting_length_category__Inactive__Stale__Old__Medium__Recent__New  [[33mSKIP[0m]
[0m08:06:40  162 of 171 SKIP test dbt_expectations_expect_table_columns_to_match_set_active_job_postings_default_id__levergreen_id__created_date_utc__updated_date_utc__source__company_name__uses_existing__location__full_opening_link__opening_title__is_remote__primary_department__secondary_department__tertiary_department__quaternary_department__run_hash__job_board__is_active__earliest_opening_date__latest_opening_date__days_active__posting_length_category__opening_category  [[33mSKIP[0m]
[0m08:06:40  163 of 171 SKIP test dbt_expectations_expect_table_columns_to_match_set_active_job_postings_prospect_id__levergreen_id__created_date_utc__updated_date_utc__source__company_name__uses_existing__location__full_opening_link__opening_title__is_remote__primary_department__secondary_department__tertiary_department__quaternary_department__run_hash__job_board__is_active__earliest_opening_date__latest_opening_date__days_active__posting_length_category__opening_category  [[33mSKIP[0m]
[0m08:06:40  164 of 171 SKIP test not_null_active_job_postings_default_id ................... [[33mSKIP[0m]
[0m08:06:40  165 of 171 SKIP test not_null_active_job_postings_default_levergreen_id ........ [[33mSKIP[0m]
[0m08:06:40  166 of 171 SKIP test not_null_active_job_postings_prospect_id .................. [[33mSKIP[0m]
[0m08:06:40  167 of 171 SKIP test not_null_active_job_postings_prospect_levergreen_id ....... [[33mSKIP[0m]
[0m08:06:40  168 of 171 SKIP test unique_active_job_postings_default_id ..................... [[33mSKIP[0m]
[0m08:06:40  169 of 171 SKIP test unique_active_job_postings_default_levergreen_id .......... [[33mSKIP[0m]
[0m08:06:40  170 of 171 SKIP test unique_active_job_postings_prospect_id .................... [[33mSKIP[0m]
[0m08:06:40  171 of 171 SKIP test unique_active_job_postings_prospect_levergreen_id ......... [[33mSKIP[0m]
[0m08:06:41  
[0m08:06:41  Running 1 on-run-end hook
[0m08:06:48  1 of 1 START hook: elementary.on-run-end.0 ..................................... [RUN]
[0m08:06:48  1 of 1 OK hook: elementary.on-run-end.0 ........................................ [[32mOK[0m in 0.00s]
[0m08:06:48  
[0m08:06:48  
[0m08:06:48  Finished running 16 incremental models, 10 table models, 22 view models, 123 data tests, 2 project hooks in 0 hours 0 minutes and 53.34 seconds (53.34s).
[0m08:06:49  
[0m08:06:49  [31mCompleted with 9 errors and 2 warnings:[0m
[0m08:06:49  
[0m08:06:49    Database Error in model stg_workable_jobs (models/staging/stg_workable_jobs.sql)
  cross-database references are not implemented: "your_database.public.workable_jobs"
  LINE 9:     from "your_database"."public"."workable_jobs"
                   ^
  compiled code at target/run/levergreen_dbt/models/staging/stg_workable_jobs.sql
[0m08:06:49  
[0m08:06:49  [31mFailure in test dbt_expectations_source_expect_table_columns_to_match_set_levergreen_job_board_urls_id__company_url__is_enabled__is_prospect__is_web_scraped__ats__company (models/staging/levergreen/_levergreen__sources.yml)[0m
[0m08:06:49    Got 2 results, configured to fail if != 0
[0m08:06:49  
[0m08:06:49    compiled code at target/compiled/levergreen_dbt/models/staging/levergreen/_levergreen__sources.yml/dbt_expectations_source_expect_e20d05a7198ee9a0ca1390263d9da25b.sql
[0m08:06:49  
[0m08:06:49  [31mFailure in test dbt_expectations_source_expect_table_columns_to_match_set_rippling_rippling_jobs_outline_id__job_id__created_at__title__url__location__board_token__department__run_hash__api_endpoint (models/staging/rippling/_rippling__sources.yml)[0m
[0m08:06:49    Got 1 result, configured to fail if != 0
[0m08:06:49  
[0m08:06:49    compiled code at target/compiled/levergreen_dbt/models/staging/rippling/_rippling__sources.yml/dbt_expectations_source_expect_fe65d6ff9a8f8e2096636d19ee6d1fba.sql
[0m08:06:49  
[0m08:06:49  [31mFailure in test source_not_null_ashby_ashby_job_departments_created_at (models/staging/ashby/_ashby__sources.yml)[0m
[0m08:06:49    Got 6 results, configured to fail if != 0
[0m08:06:49  
[0m08:06:49    compiled code at target/compiled/levergreen_dbt/models/staging/ashby/_ashby__sources.yml/source_not_null_ashby_ashby_job_departments_created_at.sql
[0m08:06:49  
[0m08:06:49    Database Error in test source_not_null_ashby_ashby_job_departments_source (models/staging/ashby/_ashby__sources.yml)
  column "source" does not exist
  LINE 16: select source
                  ^
  compiled code at target/run/levergreen_dbt/models/staging/ashby/_ashby__sources.yml/source_not_null_ashby_ashby_job_departments_source.sql
[0m08:06:49  
[0m08:06:49  [31mFailure in test source_not_null_ashby_ashby_job_locations_created_at (models/staging/ashby/_ashby__sources.yml)[0m
[0m08:06:49    Got 4 results, configured to fail if != 0
[0m08:06:49  
[0m08:06:49    compiled code at target/compiled/levergreen_dbt/models/staging/ashby/_ashby__sources.yml/source_not_null_ashby_ashby_job_locations_created_at.sql
[0m08:06:49  
[0m08:06:49    Database Error in test source_not_null_ashby_ashby_job_locations_source (models/staging/ashby/_ashby__sources.yml)
  column "source" does not exist
  LINE 16: select source
                  ^
  compiled code at target/run/levergreen_dbt/models/staging/ashby/_ashby__sources.yml/source_not_null_ashby_ashby_job_locations_source.sql
[0m08:06:49  
[0m08:06:49    Database Error in test source_not_null_ashby_ashby_jobs_outline_ashby_job_board_source (models/staging/ashby/_ashby__sources.yml)
  column "ashby_job_board_source" does not exist
  LINE 16: select ashby_job_board_source
                  ^
  compiled code at target/run/levergreen_dbt/models/staging/ashby/_ashby__sources.yml/source_not_null_ashby_ashby_jobs_outline_ashby_job_board_source.sql
[0m08:06:49  
[0m08:06:49  [31mFailure in test source_not_null_ashby_ashby_jobs_outline_created_at (models/staging/ashby/_ashby__sources.yml)[0m
[0m08:06:49    Got 5 results, configured to fail if != 0
[0m08:06:49  
[0m08:06:49    compiled code at target/compiled/levergreen_dbt/models/staging/ashby/_ashby__sources.yml/source_not_null_ashby_ashby_jobs_outline_created_at.sql
[0m08:06:49  
[0m08:06:49  [33mWarning in test source_accepted_values_greenhouse_greenhouse_job_departments_department_category__level_0__level_1__level_2__level_3__level_4__level_5 (models/staging/greenhouse/_greenhouse__sources.yml)[0m
[0m08:06:49  Got 33 results, configured to warn if != 0
[0m08:06:49  
[0m08:06:49    compiled code at target/compiled/levergreen_dbt/models/staging/greenhouse/_greenhouse__sources.yml/source_accepted_values_greenho_c1efa92ea811064d90f3fb6de8813db5.sql
[0m08:06:49  
[0m08:06:49  [33mWarning in test source_not_null_lever_lever_jobs_outline_location (models/staging/lever/_lever__sources.yml)[0m
[0m08:06:49  Got 8 results, configured to warn if != 0
[0m08:06:49  
[0m08:06:49    compiled code at target/compiled/levergreen_dbt/models/staging/lever/_lever__sources.yml/source_not_null_lever_lever_jobs_outline_location.sql
[0m08:06:49  
[0m08:06:49  Done. PASS=108 WARN=2 ERROR=9 SKIP=52 TOTAL=171
