[0m08:05:29  Running with dbt=1.8.9
[0m08:05:29  Registered adapter: postgres=1.8.2
[0m08:05:29  Unable to do partial parsing because saved manifest not found. Starting full parse.
[0m08:05:33  [[33mWARNING[0m]: Deprecated functionality
The `tests` config has been renamed to `data_tests`. Please see
https://docs.getdbt.com/docs/build/data-tests#new-data_tests-syntax for more
information.
[0m08:05:34  Found 48 models, 123 data tests, 2 operations, 12 sources, 1618 macros
[0m08:05:34  
[0m08:05:40  
[0m08:05:40  Running 1 on-run-start hook
[0m08:05:40  Elementary: Runtime data: {"config": {}, "dbt_version": "1.8.9", "elementary_version": "0.19.4", "database": "postgres", "schema": "elementary"}
[0m08:05:41  1 of 1 START hook: elementary.on-run-start.0 ................................... [RUN]
[0m08:05:41  1 of 1 OK hook: elementary.on-run-start.0 ...................................... [[32mOK[0m in 0.00s]
[0m08:05:41  
[0m08:05:41  Concurrency: 4 threads (target='prod')
[0m08:05:41  
[0m08:05:41  1 of 171 START sql incremental model elementary.data_monitoring_metrics ........ [RUN]
[0m08:05:41  2 of 171 START sql incremental model elementary.dbt_columns .................... [RUN]
[0m08:05:41  3 of 171 START sql incremental model elementary.dbt_exposures .................. [RUN]
[0m08:05:41  4 of 171 START sql incremental model elementary.dbt_groups ..................... [RUN]
[0m08:05:44  1 of 171 OK created sql incremental model elementary.data_monitoring_metrics ... [[32mINSERT 0 0[0m in 3.15s]
[0m08:05:44  5 of 171 START sql incremental model elementary.dbt_invocations ................ [RUN]
[0m08:05:44  3 of 171 OK created sql incremental model elementary.dbt_exposures ............. [[32mINSERT 0 0[0m in 3.47s]
[0m08:05:44  6 of 171 START sql incremental model elementary.dbt_metrics .................... [RUN]
[0m08:05:44  2 of 171 OK created sql incremental model elementary.dbt_columns ............... [[32mINSERT 0 0[0m in 3.81s]
[0m08:05:44  7 of 171 START sql incremental model elementary.dbt_models ..................... [RUN]
[0m08:05:46  4 of 171 OK created sql incremental model elementary.dbt_groups ................ [[32mINSERT 0 0[0m in 5.43s]
[0m08:05:46  8 of 171 START sql incremental model elementary.dbt_run_results ................ [RUN]
[0m08:05:47  5 of 171 OK created sql incremental model elementary.dbt_invocations ........... [[32mINSERT 0 0[0m in 2.69s]
[0m08:05:47  9 of 171 START sql incremental model elementary.dbt_seeds ...................... [RUN]
[0m08:05:47  6 of 171 OK created sql incremental model elementary.dbt_metrics ............... [[32mINSERT 0 0[0m in 2.97s]
[0m08:05:47  10 of 171 START sql incremental model elementary.dbt_snapshots ................. [RUN]
[0m08:05:47  7 of 171 OK created sql incremental model elementary.dbt_models ................ [[32mINSERT 0 0[0m in 2.94s]
[0m08:05:47  11 of 171 START sql incremental model elementary.dbt_source_freshness_results .. [RUN]
[0m08:05:49  8 of 171 OK created sql incremental model elementary.dbt_run_results ........... [[32mINSERT 0 0[0m in 2.57s]
[0m08:05:49  12 of 171 START sql incremental model elementary.dbt_sources ................... [RUN]
[0m08:05:50  9 of 171 OK created sql incremental model elementary.dbt_seeds ................. [[32mINSERT 0 0[0m in 3.14s]
[0m08:05:50  13 of 171 START sql incremental model elementary.dbt_tests ..................... [RUN]
[0m08:05:50  10 of 171 OK created sql incremental model elementary.dbt_snapshots ............ [[32mINSERT 0 0[0m in 2.79s]
[0m08:05:50  14 of 171 START sql incremental model elementary.elementary_test_results ....... [RUN]
[0m08:05:50  11 of 171 OK created sql incremental model elementary.dbt_source_freshness_results  [[32mINSERT 0 0[0m in 2.64s]
[0m08:05:50  15 of 171 START sql table model elementary.metadata ............................ [RUN]
[0m08:05:51  12 of 171 OK created sql incremental model elementary.dbt_sources .............. [[32mINSERT 0 0[0m in 2.71s]
[0m08:05:51  16 of 171 START sql incremental model elementary.schema_columns_snapshot ....... [RUN]
[0m08:05:52  15 of 171 OK created sql table model elementary.metadata ....................... [[32mSELECT 1[0m in 2.35s]
[0m08:05:52  17 of 171 START sql view model public.stg_workable_jobs ........................ [RUN]
[0m08:05:53  14 of 171 OK created sql incremental model elementary.elementary_test_results .. [[32mINSERT 0 0[0m in 2.72s]
[0m08:05:53  18 of 171 START test dbt_expectations_source_expect_table_columns_to_match_set_ashby_ashby_job_departments_id__levergreen_id__created_at__updated_at__company_name__ashby_job_board_source__run_hash__raw_json_file_location__existing_json_used__department_id__department_name__parent_department_id  [RUN]
[0m08:05:53  13 of 171 OK created sql incremental model elementary.dbt_tests ................ [[32mINSERT 0 0[0m in 3.27s]
[0m08:05:53  19 of 171 START test dbt_expectations_source_expect_table_columns_to_match_set_ashby_ashby_job_locations_id__levergreen_id__created_at__updated_at__company_name__ashby_job_board_source__run_hash__raw_json_file_location__existing_json_used__opening_id__secondary_location_id__secondary_location_name  [RUN]
[0m08:05:54  [[33mWARNING[0m]: Installed package 'elementary' is overriding the built-in
materialization 'test'. Overrides of built-in materializations from installed
packages will be deprecated in future versions of dbt. Please refer to https://d
ocs.getdbt.com/reference/global-configs/legacy-behaviors#require_explicit_packag
e_overrides_for_builtin_materializations for detailed documentation and
suggested workarounds.
[0m08:05:54  16 of 171 OK created sql incremental model elementary.schema_columns_snapshot .. [[32mINSERT 0 0[0m in 2.76s]
[0m08:05:54  20 of 171 START test dbt_expectations_source_expect_table_columns_to_match_set_ashby_ashby_jobs_outline_id__levergreen_id__created_at__updated_at__company_name__source__run_hash__raw_json_file_location__existing_json_used__opening_id__opening_name__department_id__location_id__location_name__employment_type__compensation_tier__opening_link  [RUN]
[0m08:05:54  17 of 171 ERROR creating sql view model public.stg_workable_jobs ............... [[31mERROR[0m in 2.03s]
[0m08:05:54  21 of 171 START test dbt_expectations_source_expect_table_columns_to_match_set_greenhouse_greenhouse_job_departments_id__levergreen_id__created_at__updated_at__source__company_name__department_category__department_id__department_name__existing_html_used__raw_html_file_location__run_hash  [RUN]
[0m08:05:55  18 of 171 PASS dbt_expectations_source_expect_table_columns_to_match_set_ashby_ashby_job_departments_id__levergreen_id__created_at__updated_at__company_name__ashby_job_board_source__run_hash__raw_json_file_location__existing_json_used__department_id__department_name__parent_department_id  [[32mPASS[0m in 1.88s]
[0m08:05:55  22 of 171 START test dbt_expectations_source_expect_table_columns_to_match_set_greenhouse_greenhouse_jobs_outline_id__levergreen_id__created_at__updated_at__source__department_ids__location__office_ids__opening_link__opening_title__existing_html_used__run_hash__raw_html_file_location  [RUN]
[0m08:05:55  19 of 171 PASS dbt_expectations_source_expect_table_columns_to_match_set_ashby_ashby_job_locations_id__levergreen_id__created_at__updated_at__company_name__ashby_job_board_source__run_hash__raw_json_file_location__existing_json_used__opening_id__secondary_location_id__secondary_location_name  [[32mPASS[0m in 1.89s]
[0m08:05:55  23 of 171 START test dbt_expectations_source_expect_table_columns_to_match_set_lever_lever_jobs_outline_id__levergreen_id__created_at__updated_at__source__department_names__location__workplace_type__opening_link__opening_title__company_name__existing_html_used__raw_html_file_location__run_hash  [RUN]
[0m08:05:56  20 of 171 PASS dbt_expectations_source_expect_table_columns_to_match_set_ashby_ashby_jobs_outline_id__levergreen_id__created_at__updated_at__company_name__source__run_hash__raw_json_file_location__existing_json_used__opening_id__opening_name__department_id__location_id__location_name__employment_type__compensation_tier__opening_link  [[32mPASS[0m in 1.80s]
[0m08:05:56  24 of 171 START test dbt_expectations_source_expect_table_columns_to_match_set_levergreen_job_board_urls_id__company_url__is_enabled__is_prospect__is_web_scraped__ats__company  [RUN]
[0m08:05:56  21 of 171 PASS dbt_expectations_source_expect_table_columns_to_match_set_greenhouse_greenhouse_job_departments_id__levergreen_id__created_at__updated_at__source__company_name__department_category__department_id__department_name__existing_html_used__raw_html_file_location__run_hash  [[32mPASS[0m in 1.89s]
[0m08:05:56  25 of 171 START test dbt_expectations_source_expect_table_columns_to_match_set_rippling_rippling_jobs_outline_id__job_id__created_at__title__url__location__board_token__department__run_hash__api_endpoint  [RUN]
[0m08:05:57  22 of 171 PASS dbt_expectations_source_expect_table_columns_to_match_set_greenhouse_greenhouse_jobs_outline_id__levergreen_id__created_at__updated_at__source__department_ids__location__office_ids__opening_link__opening_title__existing_html_used__run_hash__raw_html_file_location  [[32mPASS[0m in 2.01s]
[0m08:05:57  26 of 171 START test source_accepted_values_ashby_ashby_jobs_outline_employment_type__Intern__Contract__PartTime__FullTime__Temporary  [RUN]
[0m08:05:57  23 of 171 PASS dbt_expectations_source_expect_table_columns_to_match_set_lever_lever_jobs_outline_id__levergreen_id__created_at__updated_at__source__department_names__location__workplace_type__opening_link__opening_title__company_name__existing_html_used__raw_html_file_location__run_hash  [[32mPASS[0m in 1.84s]
[0m08:05:57  27 of 171 START test source_accepted_values_greenhouse_greenhouse_job_departments_department_category__level_0__level_1__level_2__level_3__level_4__level_5  [RUN]
[0m08:05:58  24 of 171 FAIL 2 dbt_expectations_source_expect_table_columns_to_match_set_levergreen_job_board_urls_id__company_url__is_enabled__is_prospect__is_web_scraped__ats__company  [[31mFAIL 2[0m in 1.93s]
[0m08:05:58  28 of 171 START test source_accepted_values_lever_lever_jobs_outline_workplace_type__On_site__Remote__Hybrid  [RUN]
[0m08:05:58  25 of 171 FAIL 1 dbt_expectations_source_expect_table_columns_to_match_set_rippling_rippling_jobs_outline_id__job_id__created_at__title__url__location__board_token__department__run_hash__api_endpoint  [[31mFAIL 1[0m in 2.00s]
[0m08:05:58  29 of 171 START test source_not_null_ashby_ashby_job_departments_company_name .. [RUN]
[0m08:05:59  26 of 171 PASS source_accepted_values_ashby_ashby_jobs_outline_employment_type__Intern__Contract__PartTime__FullTime__Temporary  [[32mPASS[0m in 2.28s]
[0m08:05:59  30 of 171 START test source_not_null_ashby_ashby_job_departments_created_at .... [RUN]
[0m08:06:00  29 of 171 PASS source_not_null_ashby_ashby_job_departments_company_name ........ [[32mPASS[0m in 1.80s]
[0m08:06:00  31 of 171 START test source_not_null_ashby_ashby_job_departments_id ............ [RUN]
[0m08:06:00  27 of 171 WARN 33 source_accepted_values_greenhouse_greenhouse_job_departments_department_category__level_0__level_1__level_2__level_3__level_4__level_5  [[33mWARN 33[0m in 3.64s]
[0m08:06:00  32 of 171 START test source_not_null_ashby_ashby_job_departments_levergreen_id . [RUN]
[0m08:06:01  30 of 171 FAIL 6 source_not_null_ashby_ashby_job_departments_created_at ........ [[31mFAIL 6[0m in 1.92s]
[0m08:06:01  33 of 171 START test source_not_null_ashby_ashby_job_departments_source ........ [RUN]
[0m08:06:01  28 of 171 PASS source_accepted_values_lever_lever_jobs_outline_workplace_type__On_site__Remote__Hybrid  [[32mPASS[0m in 3.49s]
[0m08:06:01  34 of 171 START test source_not_null_ashby_ashby_job_departments_updated_at .... [RUN]
[0m08:06:02  31 of 171 PASS source_not_null_ashby_ashby_job_departments_id .................. [[32mPASS[0m in 1.63s]
[0m08:06:02  35 of 171 START test source_not_null_ashby_ashby_job_locations_company_name .... [RUN]
[0m08:06:02  32 of 171 PASS source_not_null_ashby_ashby_job_departments_levergreen_id ....... [[32mPASS[0m in 1.67s]
[0m08:06:02  36 of 171 START test source_not_null_ashby_ashby_job_locations_created_at ...... [RUN]
[0m08:06:02  33 of 171 ERROR source_not_null_ashby_ashby_job_departments_source ............. [[31mERROR[0m in 1.61s]
[0m08:06:02  37 of 171 START test source_not_null_ashby_ashby_job_locations_id .............. [RUN]
[0m08:06:03  34 of 171 PASS source_not_null_ashby_ashby_job_departments_updated_at .......... [[32mPASS[0m in 1.69s]
[0m08:06:03  38 of 171 START test source_not_null_ashby_ashby_job_locations_levergreen_id ... [RUN]
[0m08:06:04  37 of 171 PASS source_not_null_ashby_ashby_job_locations_id .................... [[32mPASS[0m in 1.64s]
[0m08:06:04  39 of 171 START test source_not_null_ashby_ashby_job_locations_source .......... [RUN]
[0m08:06:04  35 of 171 PASS source_not_null_ashby_ashby_job_locations_company_name .......... [[32mPASS[0m in 2.26s]
[0m08:06:04  40 of 171 START test source_not_null_ashby_ashby_job_locations_updated_at ...... [RUN]
[0m08:06:04  36 of 171 FAIL 4 source_not_null_ashby_ashby_job_locations_created_at .......... [[31mFAIL 4[0m in 2.18s]
[0m08:06:04  41 of 171 START test source_not_null_ashby_ashby_jobs_outline_ashby_job_board_source  [RUN]
[0m08:06:05  38 of 171 PASS source_not_null_ashby_ashby_job_locations_levergreen_id ......... [[32mPASS[0m in 1.64s]
[0m08:06:05  42 of 171 START test source_not_null_ashby_ashby_jobs_outline_company_name ..... [RUN]
[0m08:06:06  39 of 171 ERROR source_not_null_ashby_ashby_job_locations_source ............... [[31mERROR[0m in 1.75s]
[0m08:06:06  43 of 171 START test source_not_null_ashby_ashby_jobs_outline_created_at ....... [RUN]
[0m08:06:06  40 of 171 PASS source_not_null_ashby_ashby_job_locations_updated_at ............ [[32mPASS[0m in 1.69s]
[0m08:06:06  44 of 171 START test source_not_null_ashby_ashby_jobs_outline_id ............... [RUN]
[0m08:06:06  41 of 171 ERROR source_not_null_ashby_ashby_jobs_outline_ashby_job_board_source  [[31mERROR[0m in 1.74s]
[0m08:06:06  45 of 171 START test source_not_null_ashby_ashby_jobs_outline_levergreen_id .... [RUN]
[0m08:06:07  42 of 171 PASS source_not_null_ashby_ashby_jobs_outline_company_name ........... [[32mPASS[0m in 1.80s]
[0m08:06:07  46 of 171 START test source_not_null_ashby_ashby_jobs_outline_location_id ...... [RUN]
[0m08:06:07  44 of 171 PASS source_not_null_ashby_ashby_jobs_outline_id ..................... [[32mPASS[0m in 1.65s]
[0m08:06:07  47 of 171 START test source_not_null_ashby_ashby_jobs_outline_location_name .... [RUN]
[0m08:06:07  43 of 171 FAIL 5 source_not_null_ashby_ashby_jobs_outline_created_at ........... [[31mFAIL 5[0m in 1.77s]
[0m08:06:08  48 of 171 START test source_not_null_ashby_ashby_jobs_outline_opening_id ....... [RUN]
[0m08:06:08  45 of 171 PASS source_not_null_ashby_ashby_jobs_outline_levergreen_id .......... [[32mPASS[0m in 1.64s]
[0m08:06:08  49 of 171 START test source_not_null_ashby_ashby_jobs_outline_opening_name ..... [RUN]
[0m08:06:08  46 of 171 PASS source_not_null_ashby_ashby_jobs_outline_location_id ............ [[32mPASS[0m in 1.72s]
[0m08:06:08  50 of 171 START test source_not_null_ashby_ashby_jobs_outline_updated_at ....... [RUN]
[0m08:06:09  47 of 171 PASS source_not_null_ashby_ashby_jobs_outline_location_name .......... [[32mPASS[0m in 1.70s]
[0m08:06:09  51 of 171 START test source_not_null_greenhouse_greenhouse_job_departments_company_name  [RUN]
[0m08:06:09  48 of 171 PASS source_not_null_ashby_ashby_jobs_outline_opening_id ............. [[32mPASS[0m in 1.69s]
[0m08:06:09  52 of 171 START test source_not_null_greenhouse_greenhouse_job_departments_created_at  [RUN]
[0m08:06:09  49 of 171 PASS source_not_null_ashby_ashby_jobs_outline_opening_name ........... [[32mPASS[0m in 1.66s]
[0m08:06:09  53 of 171 START test source_not_null_greenhouse_greenhouse_job_departments_id .. [RUN]
[0m08:06:10  50 of 171 PASS source_not_null_ashby_ashby_jobs_outline_updated_at ............. [[32mPASS[0m in 1.61s]
[0m08:06:10  54 of 171 START test source_not_null_greenhouse_greenhouse_job_departments_levergreen_id  [RUN]
[0m08:06:11  51 of 171 PASS source_not_null_greenhouse_greenhouse_job_departments_company_name  [[32mPASS[0m in 1.63s]
[0m08:06:11  55 of 171 START test source_not_null_greenhouse_greenhouse_job_departments_source  [RUN]
[0m08:06:11  52 of 171 PASS source_not_null_greenhouse_greenhouse_job_departments_created_at  [[32mPASS[0m in 1.62s]
[0m08:06:11  56 of 171 START test source_not_null_greenhouse_greenhouse_job_departments_updated_at  [RUN]
[0m08:06:12  54 of 171 PASS source_not_null_greenhouse_greenhouse_job_departments_levergreen_id  [[32mPASS[0m in 1.90s]
[0m08:06:12  57 of 171 START test source_not_null_greenhouse_greenhouse_jobs_outline_created_at  [RUN]
[0m08:06:12  53 of 171 PASS source_not_null_greenhouse_greenhouse_job_departments_id ........ [[32mPASS[0m in 3.08s]
[0m08:06:12  58 of 171 START test source_not_null_greenhouse_greenhouse_jobs_outline_id ..... [RUN]
[0m08:06:12  55 of 171 PASS source_not_null_greenhouse_greenhouse_job_departments_source .... [[32mPASS[0m in 1.67s]
[0m08:06:12  59 of 171 START test source_not_null_greenhouse_greenhouse_jobs_outline_levergreen_id  [RUN]
[0m08:06:12  56 of 171 PASS source_not_null_greenhouse_greenhouse_job_departments_updated_at  [[32mPASS[0m in 1.67s]
[0m08:06:12  60 of 171 START test source_not_null_greenhouse_greenhouse_jobs_outline_location  [RUN]
[0m08:06:14  57 of 171 PASS source_not_null_greenhouse_greenhouse_jobs_outline_created_at ... [[32mPASS[0m in 2.15s]
[0m08:06:14  61 of 171 START test source_not_null_greenhouse_greenhouse_jobs_outline_opening_link  [RUN]
[0m08:06:14  59 of 171 PASS source_not_null_greenhouse_greenhouse_jobs_outline_levergreen_id  [[32mPASS[0m in 1.64s]
[0m08:06:14  62 of 171 START test source_not_null_greenhouse_greenhouse_jobs_outline_opening_title  [RUN]
[0m08:06:14  58 of 171 PASS source_not_null_greenhouse_greenhouse_jobs_outline_id ........... [[32mPASS[0m in 1.75s]
[0m08:06:14  63 of 171 START test source_not_null_greenhouse_greenhouse_jobs_outline_source . [RUN]
[0m08:06:14  60 of 171 PASS source_not_null_greenhouse_greenhouse_jobs_outline_location ..... [[32mPASS[0m in 1.76s]
[0m08:06:14  64 of 171 START test source_not_null_greenhouse_greenhouse_jobs_outline_updated_at  [RUN]
[0m08:06:16  61 of 171 PASS source_not_null_greenhouse_greenhouse_jobs_outline_opening_link . [[32mPASS[0m in 1.67s]
[0m08:06:16  65 of 171 START test source_not_null_lever_lever_jobs_outline_created_at ....... [RUN]
[0m08:06:16  62 of 171 PASS source_not_null_greenhouse_greenhouse_jobs_outline_opening_title  [[32mPASS[0m in 1.63s]
[0m08:06:16  66 of 171 START test source_not_null_lever_lever_jobs_outline_department_names . [RUN]
[0m08:06:16  63 of 171 PASS source_not_null_greenhouse_greenhouse_jobs_outline_source ....... [[32mPASS[0m in 1.70s]
[0m08:06:16  67 of 171 START test source_not_null_lever_lever_jobs_outline_id ............... [RUN]
[0m08:06:16  64 of 171 PASS source_not_null_greenhouse_greenhouse_jobs_outline_updated_at ... [[32mPASS[0m in 1.63s]
[0m08:06:16  68 of 171 START test source_not_null_lever_lever_jobs_outline_levergreen_id .... [RUN]
[0m08:06:17  65 of 171 PASS source_not_null_lever_lever_jobs_outline_created_at ............. [[32mPASS[0m in 1.68s]
[0m08:06:17  69 of 171 START test source_not_null_lever_lever_jobs_outline_location ......... [RUN]
[0m08:06:17  66 of 171 PASS source_not_null_lever_lever_jobs_outline_department_names ....... [[32mPASS[0m in 1.70s]
[0m08:06:17  70 of 171 START test source_not_null_lever_lever_jobs_outline_opening_link ..... [RUN]
[0m08:06:17  67 of 171 PASS source_not_null_lever_lever_jobs_outline_id ..................... [[32mPASS[0m in 1.61s]
[0m08:06:17  71 of 171 START test source_not_null_lever_lever_jobs_outline_opening_title .... [RUN]
[0m08:06:17  68 of 171 PASS source_not_null_lever_lever_jobs_outline_levergreen_id .......... [[32mPASS[0m in 1.61s]
[0m08:06:17  72 of 171 START test source_not_null_lever_lever_jobs_outline_source ........... [RUN]
[0m08:06:19  70 of 171 PASS source_not_null_lever_lever_jobs_outline_opening_link ........... [[32mPASS[0m in 1.66s]
[0m08:06:19  73 of 171 START test source_not_null_lever_lever_jobs_outline_updated_at ....... [RUN]
[0m08:06:19  71 of 171 PASS source_not_null_lever_lever_jobs_outline_opening_title .......... [[32mPASS[0m in 1.68s]
[0m08:06:19  74 of 171 START test source_not_null_levergreen_job_board_urls_company_url ..... [RUN]
[0m08:06:19  69 of 171 WARN 8 source_not_null_lever_lever_jobs_outline_location ............. [[33mWARN 8[0m in 1.86s]
[0m08:06:19  75 of 171 START test source_not_null_levergreen_job_board_urls_id .............. [RUN]
[0m08:06:19  72 of 171 PASS source_not_null_lever_lever_jobs_outline_source ................. [[32mPASS[0m in 1.65s]
[0m08:06:19  76 of 171 START test source_not_null_rippling_rippling_jobs_outline_api_endpoint  [RUN]
[0m08:06:21  74 of 171 PASS source_not_null_levergreen_job_board_urls_company_url ........... [[32mPASS[0m in 1.64s]
[0m08:06:21  77 of 171 START test source_not_null_rippling_rippling_jobs_outline_board_token  [RUN]
[0m08:06:21  75 of 171 PASS source_not_null_levergreen_job_board_urls_id .................... [[32mPASS[0m in 1.62s]
[0m08:06:21  78 of 171 START test source_not_null_rippling_rippling_jobs_outline_created_at . [RUN]
[0m08:06:21  73 of 171 PASS source_not_null_lever_lever_jobs_outline_updated_at ............. [[32mPASS[0m in 1.90s]
[0m08:06:21  79 of 171 START test source_not_null_rippling_rippling_jobs_outline_department . [RUN]
[0m08:06:22  76 of 171 PASS source_not_null_rippling_rippling_jobs_outline_api_endpoint ..... [[32mPASS[0m in 3.12s]
[0m08:06:22  80 of 171 START test source_not_null_rippling_rippling_jobs_outline_id ......... [RUN]
[0m08:06:22  77 of 171 PASS source_not_null_rippling_rippling_jobs_outline_board_token ...... [[32mPASS[0m in 1.64s]
[0m08:06:22  81 of 171 START test source_not_null_rippling_rippling_jobs_outline_job_id ..... [RUN]
[0m08:06:22  78 of 171 PASS source_not_null_rippling_rippling_jobs_outline_created_at ....... [[32mPASS[0m in 1.66s]
[0m08:06:22  82 of 171 START test source_not_null_rippling_rippling_jobs_outline_location ... [RUN]
[0m08:06:23  79 of 171 PASS source_not_null_rippling_rippling_jobs_outline_department ....... [[32mPASS[0m in 1.84s]
[0m08:06:23  83 of 171 START test source_not_null_rippling_rippling_jobs_outline_run_hash ... [RUN]
[0m08:06:24  80 of 171 PASS source_not_null_rippling_rippling_jobs_outline_id ............... [[32mPASS[0m in 1.72s]
[0m08:06:24  84 of 171 START test source_not_null_rippling_rippling_jobs_outline_title ...... [RUN]
[0m08:06:24  81 of 171 PASS source_not_null_rippling_rippling_jobs_outline_job_id ........... [[32mPASS[0m in 1.66s]
[0m08:06:24  85 of 171 START test source_not_null_rippling_rippling_jobs_outline_url ........ [RUN]
[0m08:06:24  82 of 171 PASS source_not_null_rippling_rippling_jobs_outline_location ......... [[32mPASS[0m in 1.65s]
[0m08:06:24  86 of 171 START test source_unique_ashby_ashby_job_departments_id .............. [RUN]
[0m08:06:24  83 of 171 PASS source_not_null_rippling_rippling_jobs_outline_run_hash ......... [[32mPASS[0m in 1.68s]
[0m08:06:24  87 of 171 START test source_unique_ashby_ashby_job_locations_id ................ [RUN]
[0m08:06:26  84 of 171 PASS source_not_null_rippling_rippling_jobs_outline_title ............ [[32mPASS[0m in 1.62s]
[0m08:06:26  88 of 171 START test source_unique_ashby_ashby_jobs_outline_id ................. [RUN]
[0m08:06:26  85 of 171 PASS source_not_null_rippling_rippling_jobs_outline_url .............. [[32mPASS[0m in 1.64s]
[0m08:06:26  89 of 171 START test source_unique_greenhouse_greenhouse_job_departments_id .... [RUN]
[0m08:06:26  86 of 171 PASS source_unique_ashby_ashby_job_departments_id .................... [[32mPASS[0m in 1.63s]
[0m08:06:26  90 of 171 START test source_unique_greenhouse_greenhouse_jobs_outline_id ....... [RUN]
[0m08:06:26  87 of 171 PASS source_unique_ashby_ashby_job_locations_id ...................... [[32mPASS[0m in 1.64s]
[0m08:06:26  91 of 171 START test source_unique_lever_lever_jobs_outline_id ................. [RUN]
[0m08:06:27  88 of 171 PASS source_unique_ashby_ashby_jobs_outline_id ....................... [[32mPASS[0m in 1.70s]
[0m08:06:27  92 of 171 START test source_unique_levergreen_job_board_urls_company_url ....... [RUN]
[0m08:06:27  90 of 171 PASS source_unique_greenhouse_greenhouse_jobs_outline_id ............. [[32mPASS[0m in 1.63s]
[0m08:06:27  93 of 171 START test source_unique_levergreen_job_board_urls_id ................ [RUN]
[0m08:06:28  89 of 171 PASS source_unique_greenhouse_greenhouse_job_departments_id .......... [[32mPASS[0m in 1.90s]
[0m08:06:28  94 of 171 START test source_unique_rippling_rippling_jobs_outline_id ........... [RUN]
[0m08:06:28  91 of 171 PASS source_unique_lever_lever_jobs_outline_id ....................... [[32mPASS[0m in 1.65s]
[0m08:06:28  95 of 171 START sql view model elementary.metrics_anomaly_score ................ [RUN]
[0m08:06:29  94 of 171 PASS source_unique_rippling_rippling_jobs_outline_id ................. [[32mPASS[0m in 1.63s]
[0m08:06:29  96 of 171 START sql view model elementary.monitors_runs ........................ [RUN]
[0m08:06:30  93 of 171 PASS source_unique_levergreen_job_board_urls_id ...................... [[32mPASS[0m in 2.49s]
[0m08:06:30  97 of 171 START sql view model elementary.job_run_results ...................... [RUN]
[0m08:06:30  95 of 171 OK created sql view model elementary.metrics_anomaly_score ........... [[32mCREATE VIEW[0m in 2.27s]
[0m08:06:30  98 of 171 START sql view model elementary.model_run_results .................... [RUN]
[0m08:06:31  92 of 171 PASS source_unique_levergreen_job_board_urls_company_url ............. [[32mPASS[0m in 3.35s]
[0m08:06:31  99 of 171 START sql view model elementary.seed_run_results ..................... [RUN]
[0m08:06:31  96 of 171 OK created sql view model elementary.monitors_runs ................... [[32mCREATE VIEW[0m in 2.20s]
[0m08:06:31  100 of 171 START sql view model elementary.snapshot_run_results ................ [RUN]
[0m08:06:32  97 of 171 OK created sql view model elementary.job_run_results ................. [[32mCREATE VIEW[0m in 2.16s]
[0m08:06:32  101 of 171 START sql view model elementary.alerts_dbt_source_freshness ......... [RUN]
[0m08:06:33  98 of 171 OK created sql view model elementary.model_run_results ............... [[32mCREATE VIEW[0m in 2.12s]
[0m08:06:33  102 of 171 START sql view model elementary.alerts_anomaly_detection ............ [RUN]
[0m08:06:33  99 of 171 OK created sql view model elementary.seed_run_results ................ [[32mCREATE VIEW[0m in 2.14s]
[0m08:06:33  103 of 171 START sql view model elementary.alerts_dbt_tests .................... [RUN]
[0m08:06:34  100 of 171 OK created sql view model elementary.snapshot_run_results ........... [[32mCREATE VIEW[0m in 2.11s]
[0m08:06:34  104 of 171 START sql view model elementary.alerts_schema_changes ............... [RUN]
[0m08:06:34  101 of 171 OK created sql view model elementary.alerts_dbt_source_freshness .... [[32mCREATE VIEW[0m in 2.11s]
[0m08:06:34  105 of 171 START sql incremental model elementary.test_result_rows ............. [RUN]
[0m08:06:35  102 of 171 OK created sql view model elementary.alerts_anomaly_detection ....... [[32mCREATE VIEW[0m in 2.14s]
[0m08:06:35  106 of 171 START sql view model elementary.dbt_artifacts_hashes ................ [RUN]
[0m08:06:35  103 of 171 OK created sql view model elementary.alerts_dbt_tests ............... [[32mCREATE VIEW[0m in 2.15s]
[0m08:06:35  107 of 171 SKIP test not_null_stg_workable_jobs_id ............................. [[33mSKIP[0m]
[0m08:06:35  108 of 171 SKIP test not_null_stg_workable_jobs_job_title ...................... [[33mSKIP[0m]
[0m08:06:35  109 of 171 SKIP test not_null_stg_workable_jobs_job_url ........................ [[33mSKIP[0m]
[0m08:06:35  110 of 171 SKIP test unique_stg_workable_jobs_id ............................... [[33mSKIP[0m]
[0m08:06:35  111 of 171 SKIP test unique_stg_workable_jobs_job_url .......................... [[33mSKIP[0m]
[0m08:06:35  112 of 171 SKIP relation public.stg_ashby__job_departments ..................... [[33mSKIP[0m]
[0m08:06:35  113 of 171 SKIP relation public.stg_ashby__job_locations ....................... [[33mSKIP[0m]
[0m08:06:35  114 of 171 SKIP relation public.stg_ashby__jobs_outline ........................ [[33mSKIP[0m]
[0m08:06:35  115 of 171 START sql view model public.stg_greenhouse__jobs_outline ............ [RUN]
[0m08:06:36  104 of 171 OK created sql view model elementary.alerts_schema_changes .......... [[32mCREATE VIEW[0m in 2.19s]
[0m08:06:36  116 of 171 START sql view model public.stg_greenhouse__job_departments ......... [RUN]
[0m08:06:37  105 of 171 OK created sql incremental model elementary.test_result_rows ........ [[32mINSERT 0 0[0m in 2.57s]
[0m08:06:37  117 of 171 START sql view model public.stg_lever__jobs_outline ................. [RUN]
[0m08:06:37  106 of 171 OK created sql view model elementary.dbt_artifacts_hashes ........... [[32mCREATE VIEW[0m in 2.25s]
[0m08:06:37  118 of 171 SKIP relation public.stg_rippling__jobs_outline ..................... [[33mSKIP[0m]
[0m08:06:37  119 of 171 START sql view model elementary.anomaly_threshold_sensitivity ....... [RUN]
[0m08:06:37  115 of 171 OK created sql view model public.stg_greenhouse__jobs_outline ....... [[32mCREATE VIEW[0m in 2.27s]
[0m08:06:37  120 of 171 START sql view model elementary.alerts_dbt_models ................... [RUN]
[0m08:06:38  116 of 171 OK created sql view model public.stg_greenhouse__job_departments .... [[32mCREATE VIEW[0m in 2.13s]
[0m08:06:38  121 of 171 SKIP relation public.combined_job_sources ........................... [[33mSKIP[0m]
[0m08:06:38  122 of 171 SKIP relation public.int_ashby_departments_expanded ................. [[33mSKIP[0m]
[0m08:06:38  123 of 171 SKIP relation public.int_ashby_locations_expanded ................... [[33mSKIP[0m]
[0m08:06:38  124 of 171 START test accepted_values_stg_greenhouse__jobs_outline_job_board__greenhouse  [RUN]
[0m08:06:39  117 of 171 OK created sql view model public.stg_lever__jobs_outline ............ [[32mCREATE VIEW[0m in 2.16s]
[0m08:06:39  125 of 171 START test dbt_expectations_expect_table_columns_to_match_set_stg_greenhouse__jobs_outline_id__levergreen_id__created_at_utc__updated_at_utc__created_date_utc__updated_date_utc__source__department_ids__location__office_ids__full_opening_link__opening_title__uses_existing__raw_html_file_location__run_hash__job_board__company_name  [RUN]
[0m08:06:39  119 of 171 OK created sql view model elementary.anomaly_threshold_sensitivity .. [[32mCREATE VIEW[0m in 1.95s]
[0m08:06:39  126 of 171 START test accepted_values_stg_greenhouse__job_departments_job_board__greenhouse  [RUN]
[0m08:06:39  120 of 171 OK created sql view model elementary.alerts_dbt_models .............. [[32mCREATE VIEW[0m in 1.96s]
[0m08:06:39  127 of 171 START test dbt_expectations_expect_table_columns_to_match_set_stg_greenhouse__job_departments_id__levergreen_id__created_at_utc__updated_at_utc__created_date_utc__updated_date_utc__source__company_name__department_category__department_id__department_name__uses_existing__raw_html_file_location__run_hash__job_board  [RUN]
[0m08:06:40  124 of 171 PASS accepted_values_stg_greenhouse__jobs_outline_job_board__greenhouse  [[32mPASS[0m in 1.77s]
[0m08:06:40  128 of 171 SKIP relation public.int_ashby_outline_finalized .................... [[33mSKIP[0m]
[0m08:06:40  129 of 171 START test accepted_values_stg_lever__jobs_outline_job_board__lever . [RUN]
[0m08:06:41  125 of 171 PASS dbt_expectations_expect_table_columns_to_match_set_stg_greenhouse__jobs_outline_id__levergreen_id__created_at_utc__updated_at_utc__created_date_utc__updated_date_utc__source__department_ids__location__office_ids__full_opening_link__opening_title__uses_existing__raw_html_file_location__run_hash__job_board__company_name  [[32mPASS[0m in 1.85s]
[0m08:06:41  130 of 171 START test dbt_expectations_expect_table_columns_to_match_set_stg_lever__jobs_outline_id__levergreen_id__created_at_utc__updated_at_utc__source__department_names__location__workplace_type__full_opening_link__opening_title__company_name__uses_existing__raw_html_file_location__run_hash__created_date_utc__updated_date_utc__job_board  [RUN]
[0m08:06:41  126 of 171 PASS accepted_values_stg_greenhouse__job_departments_job_board__greenhouse  [[32mPASS[0m in 2.01s]
[0m08:06:41  127 of 171 PASS dbt_expectations_expect_table_columns_to_match_set_stg_greenhouse__job_departments_id__levergreen_id__created_at_utc__updated_at_utc__created_date_utc__updated_date_utc__source__company_name__department_category__department_id__department_name__uses_existing__raw_html_file_location__run_hash__job_board  [[32mPASS[0m in 2.05s]
[0m08:06:41  131 of 171 START sql table model public.int_greenhouse_departments_expanded_with_outline  [RUN]
[0m08:06:42  129 of 171 PASS accepted_values_stg_lever__jobs_outline_job_board__lever ....... [[32mPASS[0m in 2.29s]
[0m08:06:43  130 of 171 PASS dbt_expectations_expect_table_columns_to_match_set_stg_lever__jobs_outline_id__levergreen_id__created_at_utc__updated_at_utc__source__department_names__location__workplace_type__full_opening_link__opening_title__company_name__uses_existing__raw_html_file_location__run_hash__created_date_utc__updated_date_utc__job_board  [[32mPASS[0m in 1.86s]
[0m08:06:43  132 of 171 START sql table model public.int_lever_departments_expanded ......... [RUN]
[0m08:06:45  131 of 171 OK created sql table model public.int_greenhouse_departments_expanded_with_outline  [[32mSELECT 14560[0m in 4.08s]
[0m08:06:48  132 of 171 OK created sql table model public.int_lever_departments_expanded .... [[32mSELECT 43084[0m in 5.64s]
[0m08:06:48  133 of 171 SKIP relation core.all_job_postings ................................. [[33mSKIP[0m]
[0m08:06:48  134 of 171 SKIP test accepted_values_all_job_postings_job_board__greenhouse__lever__ashby__rippling  [[33mSKIP[0m]
[0m08:06:48  135 of 171 SKIP test accepted_values_all_job_postings_opening_category__Data__Software_Engineering__Product__Sales__Finance_Accounting__Operations__Other  [[33mSKIP[0m]
[0m08:06:48  136 of 171 SKIP test accepted_values_all_job_postings_posting_length_category__Inactive__Stale__Old__Medium__Recent__New  [[33mSKIP[0m]
[0m08:06:48  137 of 171 SKIP test check_sneaky_returning_job ................................ [[33mSKIP[0m]
[0m08:06:48  138 of 171 SKIP test dbt_expectations_expect_table_columns_to_match_set_all_job_postings_id__levergreen_id__created_date_utc__updated_date_utc__source__company_name__uses_existing__location__full_opening_link__opening_title__is_remote__primary_department__secondary_department__tertiary_department__quaternary_department__run_hash__job_board__is_active__earliest_opening_date__latest_opening_date__days_active__posting_length_category__opening_category  [[33mSKIP[0m]
[0m08:06:48  139 of 171 SKIP test not_null_all_job_postings_id .............................. [[33mSKIP[0m]
[0m08:06:48  140 of 171 SKIP test not_null_all_job_postings_levergreen_id ................... [[33mSKIP[0m]
[0m08:06:48  141 of 171 SKIP test unique_all_job_postings_id ................................ [[33mSKIP[0m]
[0m08:06:48  142 of 171 SKIP test unique_all_job_postings_levergreen_id ..................... [[33mSKIP[0m]
[0m08:06:48  143 of 171 SKIP relation core.active_job_postings .............................. [[33mSKIP[0m]
[0m08:06:48  144 of 171 SKIP test accepted_values_active_job_postings_job_board__greenhouse__lever__ashby__rippling  [[33mSKIP[0m]
[0m08:06:48  145 of 171 SKIP test accepted_values_active_job_postings_opening_category__Data__Software_Engineering__Product__Sales__Finance_Accounting__Operations__Other  [[33mSKIP[0m]
[0m08:06:48  146 of 171 SKIP test accepted_values_active_job_postings_posting_length_category__Inactive__Stale__Old__Medium__Recent__New  [[33mSKIP[0m]
[0m08:06:48  147 of 171 SKIP test check_expected_careers_pages_scraped ...................... [[33mSKIP[0m]
[0m08:06:48  148 of 171 SKIP test confirm_active_jobs_per_company_scraped ................... [[33mSKIP[0m]
[0m08:06:48  149 of 171 SKIP test dbt_expectations_expect_table_columns_to_match_set_active_job_postings_id__levergreen_id__created_date_utc__updated_date_utc__source__company_name__uses_existing__location__full_opening_link__opening_title__is_remote__primary_department__secondary_department__tertiary_department__quaternary_department__run_hash__job_board__is_active__earliest_opening_date__latest_opening_date__days_active__posting_length_category__opening_category  [[33mSKIP[0m]
[0m08:06:48  150 of 171 SKIP test not_null_active_job_postings_id ........................... [[33mSKIP[0m]
[0m08:06:48  151 of 171 SKIP test not_null_active_job_postings_levergreen_id ................ [[33mSKIP[0m]
[0m08:06:48  152 of 171 SKIP test unique_active_job_postings_id ............................. [[33mSKIP[0m]
[0m08:06:48  153 of 171 SKIP test unique_active_job_postings_levergreen_id .................. [[33mSKIP[0m]
[0m08:06:48  154 of 171 SKIP relation core.active_job_postings_default ...................... [[33mSKIP[0m]
[0m08:06:48  155 of 171 SKIP relation core.active_job_postings_prospect ..................... [[33mSKIP[0m]
[0m08:06:48  156 of 171 SKIP test accepted_values_active_job_postings_default_job_board__greenhouse__lever__ashby  [[33mSKIP[0m]
[0m08:06:48  157 of 171 SKIP test accepted_values_active_job_postings_default_opening_category__Data__Software_Engineering__Product__Sales__Finance_Accounting__Operations__Other  [[33mSKIP[0m]
[0m08:06:48  158 of 171 SKIP test accepted_values_active_job_postings_default_posting_length_category__Inactive__Stale__Old__Medium__Recent__New  [[33mSKIP[0m]
[0m08:06:48  159 of 171 SKIP test accepted_values_active_job_postings_prospect_job_board__greenhouse__lever__ashby__rippling  [[33mSKIP[0m]
[0m08:06:48  160 of 171 SKIP test accepted_values_active_job_postings_prospect_opening_category__Data__Software_Engineering__Product__Sales__Finance_Accounting__Operations__Other  [[33mSKIP[0m]
[0m08:06:48  161 of 171 SKIP test accepted_values_active_job_postings_prospect_posting_length_category__Inactive__Stale__Old__Medium__Recent__New  [[33mSKIP[0m]
[0m08:06:48  162 of 171 SKIP test dbt_expectations_expect_table_columns_to_match_set_active_job_postings_default_id__levergreen_id__created_date_utc__updated_date_utc__source__company_name__uses_existing__location__full_opening_link__opening_title__is_remote__primary_department__secondary_department__tertiary_department__quaternary_department__run_hash__job_board__is_active__earliest_opening_date__latest_opening_date__days_active__posting_length_category__opening_category  [[33mSKIP[0m]
[0m08:06:48  163 of 171 SKIP test dbt_expectations_expect_table_columns_to_match_set_active_job_postings_prospect_id__levergreen_id__created_date_utc__updated_date_utc__source__company_name__uses_existing__location__full_opening_link__opening_title__is_remote__primary_department__secondary_department__tertiary_department__quaternary_department__run_hash__job_board__is_active__earliest_opening_date__latest_opening_date__days_active__posting_length_category__opening_category  [[33mSKIP[0m]
[0m08:06:48  164 of 171 SKIP test not_null_active_job_postings_default_id ................... [[33mSKIP[0m]
[0m08:06:48  165 of 171 SKIP test not_null_active_job_postings_default_levergreen_id ........ [[33mSKIP[0m]
[0m08:06:48  166 of 171 SKIP test not_null_active_job_postings_prospect_id .................. [[33mSKIP[0m]
[0m08:06:48  167 of 171 SKIP test not_null_active_job_postings_prospect_levergreen_id ....... [[33mSKIP[0m]
[0m08:06:48  168 of 171 SKIP test unique_active_job_postings_default_id ..................... [[33mSKIP[0m]
[0m08:06:48  169 of 171 SKIP test unique_active_job_postings_default_levergreen_id .......... [[33mSKIP[0m]
[0m08:06:48  170 of 171 SKIP test unique_active_job_postings_prospect_id .................... [[33mSKIP[0m]
[0m08:06:48  171 of 171 SKIP test unique_active_job_postings_prospect_levergreen_id ......... [[33mSKIP[0m]
[0m08:06:50  
[0m08:06:50  Running 1 on-run-end hook
[0m08:06:59  1 of 1 START hook: elementary.on-run-end.0 ..................................... [RUN]
[0m08:06:59  1 of 1 OK hook: elementary.on-run-end.0 ........................................ [[32mOK[0m in 0.00s]
[0m08:06:59  
[0m08:06:59  
[0m08:06:59  Finished running 16 incremental models, 10 table models, 22 view models, 123 data tests, 2 project hooks in 0 hours 1 minutes and 24.73 seconds (84.73s).
[0m08:06:59  
[0m08:06:59  [31mCompleted with 9 errors and 2 warnings:[0m
[0m08:06:59  
[0m08:06:59    Database Error in model stg_workable_jobs (models/staging/stg_workable_jobs.sql)
  cross-database references are not implemented: "your_database.public.workable_jobs"
  LINE 9:     from "your_database"."public"."workable_jobs"
                   ^
  compiled code at target/run/levergreen_dbt/models/staging/stg_workable_jobs.sql
[0m08:06:59  
[0m08:06:59  [31mFailure in test dbt_expectations_source_expect_table_columns_to_match_set_levergreen_job_board_urls_id__company_url__is_enabled__is_prospect__is_web_scraped__ats__company (models/staging/levergreen/_levergreen__sources.yml)[0m
[0m08:06:59    Got 2 results, configured to fail if != 0
[0m08:06:59  
[0m08:06:59    compiled code at target/compiled/levergreen_dbt/models/staging/levergreen/_levergreen__sources.yml/dbt_expectations_source_expect_e20d05a7198ee9a0ca1390263d9da25b.sql
[0m08:06:59  
[0m08:06:59  [31mFailure in test dbt_expectations_source_expect_table_columns_to_match_set_rippling_rippling_jobs_outline_id__job_id__created_at__title__url__location__board_token__department__run_hash__api_endpoint (models/staging/rippling/_rippling__sources.yml)[0m
[0m08:06:59    Got 1 result, configured to fail if != 0
[0m08:06:59  
[0m08:06:59    compiled code at target/compiled/levergreen_dbt/models/staging/rippling/_rippling__sources.yml/dbt_expectations_source_expect_fe65d6ff9a8f8e2096636d19ee6d1fba.sql
[0m08:06:59  
[0m08:06:59  [31mFailure in test source_not_null_ashby_ashby_job_departments_created_at (models/staging/ashby/_ashby__sources.yml)[0m
[0m08:06:59    Got 6 results, configured to fail if != 0
[0m08:06:59  
[0m08:06:59    compiled code at target/compiled/levergreen_dbt/models/staging/ashby/_ashby__sources.yml/source_not_null_ashby_ashby_job_departments_created_at.sql
[0m08:06:59  
[0m08:06:59    Database Error in test source_not_null_ashby_ashby_job_departments_source (models/staging/ashby/_ashby__sources.yml)
  column "source" does not exist
  LINE 16: select source
                  ^
  compiled code at target/run/levergreen_dbt/models/staging/ashby/_ashby__sources.yml/source_not_null_ashby_ashby_job_departments_source.sql
[0m08:06:59  
[0m08:06:59  [31mFailure in test source_not_null_ashby_ashby_job_locations_created_at (models/staging/ashby/_ashby__sources.yml)[0m
[0m08:06:59    Got 4 results, configured to fail if != 0
[0m08:06:59  
[0m08:06:59    compiled code at target/compiled/levergreen_dbt/models/staging/ashby/_ashby__sources.yml/source_not_null_ashby_ashby_job_locations_created_at.sql
[0m08:06:59  
[0m08:06:59    Database Error in test source_not_null_ashby_ashby_job_locations_source (models/staging/ashby/_ashby__sources.yml)
  column "source" does not exist
  LINE 16: select source
                  ^
  compiled code at target/run/levergreen_dbt/models/staging/ashby/_ashby__sources.yml/source_not_null_ashby_ashby_job_locations_source.sql
[0m08:06:59  
[0m08:06:59    Database Error in test source_not_null_ashby_ashby_jobs_outline_ashby_job_board_source (models/staging/ashby/_ashby__sources.yml)
  column "ashby_job_board_source" does not exist
  LINE 16: select ashby_job_board_source
                  ^
  compiled code at target/run/levergreen_dbt/models/staging/ashby/_ashby__sources.yml/source_not_null_ashby_ashby_jobs_outline_ashby_job_board_source.sql
[0m08:06:59  
[0m08:06:59  [31mFailure in test source_not_null_ashby_ashby_jobs_outline_created_at (models/staging/ashby/_ashby__sources.yml)[0m
[0m08:06:59    Got 5 results, configured to fail if != 0
[0m08:06:59  
[0m08:06:59    compiled code at target/compiled/levergreen_dbt/models/staging/ashby/_ashby__sources.yml/source_not_null_ashby_ashby_jobs_outline_created_at.sql
[0m08:06:59  
[0m08:06:59  [33mWarning in test source_accepted_values_greenhouse_greenhouse_job_departments_department_category__level_0__level_1__level_2__level_3__level_4__level_5 (models/staging/greenhouse/_greenhouse__sources.yml)[0m
[0m08:06:59  Got 33 results, configured to warn if != 0
[0m08:06:59  
[0m08:06:59    compiled code at target/compiled/levergreen_dbt/models/staging/greenhouse/_greenhouse__sources.yml/source_accepted_values_greenho_c1efa92ea811064d90f3fb6de8813db5.sql
[0m08:06:59  
[0m08:06:59  [33mWarning in test source_not_null_lever_lever_jobs_outline_location (models/staging/lever/_lever__sources.yml)[0m
[0m08:06:59  Got 8 results, configured to warn if != 0
[0m08:06:59  
[0m08:06:59    compiled code at target/compiled/levergreen_dbt/models/staging/lever/_lever__sources.yml/source_not_null_lever_lever_jobs_outline_location.sql
[0m08:06:59  
[0m08:06:59  Done. PASS=108 WARN=2 ERROR=9 SKIP=52 TOTAL=171
