[0m08:04:36  Running with dbt=1.8.9
[0m08:04:36  Registered adapter: postgres=1.8.2
[0m08:04:37  Unable to do partial parsing because saved manifest not found. Starting full parse.
[0m08:04:41  [[33mWARNING[0m]: Deprecated functionality
The `tests` config has been renamed to `data_tests`. Please see
https://docs.getdbt.com/docs/build/data-tests#new-data_tests-syntax for more
information.
[0m08:04:42  Found 47 models, 123 data tests, 2 operations, 12 sources, 1504 macros
[0m08:04:42  
[0m08:04:45  
[0m08:04:45  Running 1 on-run-start hook
[0m08:04:45  1 of 1 START hook: elementary.on-run-start.0 ................................... [RUN]
[0m08:04:45  1 of 1 OK hook: elementary.on-run-start.0 ...................................... [[32mOK[0m in 0.00s]
[0m08:04:45  
[0m08:04:45  Concurrency: 4 threads (target='prod')
[0m08:04:45  
[0m08:04:45  1 of 47 START sql incremental model elementary.data_monitoring_metrics ......... [RUN]
[0m08:04:45  2 of 47 START sql incremental model elementary.dbt_columns ..................... [RUN]
[0m08:04:45  3 of 47 START sql incremental model elementary.dbt_exposures ................... [RUN]
[0m08:04:45  4 of 47 START sql incremental model elementary.dbt_invocations ................. [RUN]
[0m08:04:47  1 of 47 OK created sql incremental model elementary.data_monitoring_metrics .... [[32mINSERT 0 0[0m in 2.14s]
[0m08:04:47  4 of 47 OK created sql incremental model elementary.dbt_invocations ............ [[32mINSERT 0 0[0m in 2.17s]
[0m08:04:47  5 of 47 START sql incremental model elementary.dbt_metrics ..................... [RUN]
[0m08:04:47  6 of 47 START sql incremental model elementary.dbt_models ...................... [RUN]
[0m08:04:47  3 of 47 OK created sql incremental model elementary.dbt_exposures .............. [[32mINSERT 0 0[0m in 2.47s]
[0m08:04:47  7 of 47 START sql incremental model elementary.dbt_run_results ................. [RUN]
[0m08:04:48  2 of 47 OK created sql incremental model elementary.dbt_columns ................ [[32mINSERT 0 0[0m in 2.60s]
[0m08:04:48  8 of 47 START sql incremental model elementary.dbt_seeds ....................... [RUN]
[0m08:04:49  7 of 47 OK created sql incremental model elementary.dbt_run_results ............ [[32mINSERT 0 0[0m in 1.70s]
[0m08:04:49  9 of 47 START sql incremental model elementary.dbt_snapshots ................... [RUN]
[0m08:04:49  5 of 47 OK created sql incremental model elementary.dbt_metrics ................ [[32mINSERT 0 0[0m in 1.85s]
[0m08:04:49  10 of 47 START sql incremental model elementary.dbt_source_freshness_results ... [RUN]
[0m08:04:49  6 of 47 OK created sql incremental model elementary.dbt_models ................. [[32mINSERT 0 0[0m in 1.86s]
[0m08:04:49  11 of 47 START sql incremental model elementary.dbt_sources .................... [RUN]
[0m08:04:49  8 of 47 OK created sql incremental model elementary.dbt_seeds .................. [[32mINSERT 0 0[0m in 1.77s]
[0m08:04:49  12 of 47 START sql incremental model elementary.dbt_tests ...................... [RUN]
[0m08:04:51  10 of 47 OK created sql incremental model elementary.dbt_source_freshness_results  [[32mINSERT 0 0[0m in 1.63s]
[0m08:04:51  13 of 47 START sql incremental model elementary.elementary_test_results ........ [RUN]
[0m08:04:51  9 of 47 OK created sql incremental model elementary.dbt_snapshots .............. [[32mINSERT 0 0[0m in 1.68s]
[0m08:04:51  14 of 47 START sql table model elementary.metadata ............................. [RUN]
[0m08:04:51  11 of 47 OK created sql incremental model elementary.dbt_sources ............... [[32mINSERT 0 0[0m in 1.71s]
[0m08:04:51  15 of 47 START sql incremental model elementary.schema_columns_snapshot ........ [RUN]
[0m08:04:52  12 of 47 OK created sql incremental model elementary.dbt_tests ................. [[32mINSERT 0 0[0m in 2.28s]
[0m08:04:52  16 of 47 START sql view model public.stg_ashby__job_departments ................ [RUN]
[0m08:04:52  14 of 47 OK created sql table model elementary.metadata ........................ [[32mSELECT 1[0m in 1.36s]
[0m08:04:52  17 of 47 START sql view model public.stg_ashby__job_locations .................. [RUN]
[0m08:04:52  13 of 47 OK created sql incremental model elementary.elementary_test_results ... [[32mINSERT 0 0[0m in 1.54s]
[0m08:04:52  18 of 47 START sql view model public.stg_ashby__jobs_outline ................... [RUN]
[0m08:04:52  15 of 47 OK created sql incremental model elementary.schema_columns_snapshot ... [[32mINSERT 0 0[0m in 1.54s]
[0m08:04:52  19 of 47 START sql view model public.stg_greenhouse__job_departments ........... [RUN]
[0m08:04:53  16 of 47 ERROR creating sql view model public.stg_ashby__job_departments ....... [[31mERROR[0m in 1.39s]
[0m08:04:53  20 of 47 START sql view model public.stg_greenhouse__jobs_outline .............. [RUN]
[0m08:04:53  17 of 47 ERROR creating sql view model public.stg_ashby__job_locations ......... [[31mERROR[0m in 0.96s]
[0m08:04:53  21 of 47 START sql view model public.stg_lever__jobs_outline ................... [RUN]
[0m08:04:53  18 of 47 ERROR creating sql view model public.stg_ashby__jobs_outline .......... [[31mERROR[0m in 0.96s]
[0m08:04:53  22 of 47 START sql view model public.stg_rippling__jobs_outline ................ [RUN]
[0m08:04:53  19 of 47 ERROR creating sql view model public.stg_greenhouse__job_departments .. [[31mERROR[0m in 0.97s]
[0m08:04:53  23 of 47 START sql view model public.stg_workable_jobs ......................... [RUN]
[0m08:04:54  20 of 47 ERROR creating sql view model public.stg_greenhouse__jobs_outline ..... [[31mERROR[0m in 0.97s]
[0m08:04:54  24 of 47 START sql view model elementary.metrics_anomaly_score ................. [RUN]
[0m08:04:54  21 of 47 ERROR creating sql view model public.stg_lever__jobs_outline .......... [[31mERROR[0m in 1.03s]
[0m08:04:54  25 of 47 START sql view model elementary.monitors_runs ......................... [RUN]
[0m08:04:54  23 of 47 ERROR creating sql view model public.stg_workable_jobs ................ [[31mERROR[0m in 0.96s]
[0m08:04:54  26 of 47 START sql view model elementary.job_run_results ....................... [RUN]
[0m08:04:55  22 of 47 OK created sql view model public.stg_rippling__jobs_outline ........... [[32mCREATE VIEW[0m in 1.33s]
[0m08:04:55  27 of 47 START sql view model elementary.model_run_results ..................... [RUN]
[0m08:04:55  24 of 47 OK created sql view model elementary.metrics_anomaly_score ............ [[32mCREATE VIEW[0m in 1.45s]
[0m08:04:55  28 of 47 START sql view model elementary.seed_run_results ...................... [RUN]
[0m08:04:56  25 of 47 OK created sql view model elementary.monitors_runs .................... [[32mCREATE VIEW[0m in 1.44s]
[0m08:04:56  29 of 47 START sql view model elementary.snapshot_run_results .................. [RUN]
[0m08:04:56  26 of 47 OK created sql view model elementary.job_run_results .................. [[32mCREATE VIEW[0m in 1.37s]
[0m08:04:56  30 of 47 START sql view model elementary.alerts_dbt_source_freshness ........... [RUN]
[0m08:04:56  27 of 47 OK created sql view model elementary.model_run_results ................ [[32mCREATE VIEW[0m in 1.38s]
[0m08:04:56  31 of 47 START sql view model elementary.dbt_artifacts_hashes .................. [RUN]
[0m08:04:57  28 of 47 OK created sql view model elementary.seed_run_results ................. [[32mCREATE VIEW[0m in 1.32s]
[0m08:04:57  32 of 47 START sql view model elementary.alerts_anomaly_detection .............. [RUN]
[0m08:04:57  29 of 47 OK created sql view model elementary.snapshot_run_results ............. [[32mCREATE VIEW[0m in 1.33s]
[0m08:04:57  33 of 47 START sql view model elementary.alerts_dbt_tests ...................... [RUN]
[0m08:04:57  30 of 47 OK created sql view model elementary.alerts_dbt_source_freshness ...... [[32mCREATE VIEW[0m in 1.35s]
[0m08:04:57  34 of 47 START sql view model elementary.alerts_schema_changes ................. [RUN]
[0m08:04:57  31 of 47 OK created sql view model elementary.dbt_artifacts_hashes ............. [[32mCREATE VIEW[0m in 1.27s]
[0m08:04:57  35 of 47 START sql incremental model elementary.test_result_rows ............... [RUN]
[0m08:04:58  32 of 47 OK created sql view model elementary.alerts_anomaly_detection ......... [[32mCREATE VIEW[0m in 1.30s]
[0m08:04:58  36 of 47 SKIP relation public.int_ashby_departments_expanded ................... [[33mSKIP[0m]
[0m08:04:58  37 of 47 SKIP relation public.int_ashby_locations_expanded ..................... [[33mSKIP[0m]
[0m08:04:58  38 of 47 SKIP relation public.int_greenhouse_departments_expanded_with_outline . [[33mSKIP[0m]
[0m08:04:58  39 of 47 SKIP relation public.int_lever_departments_expanded ................... [[33mSKIP[0m]
[0m08:04:58  40 of 47 SKIP relation public.combined_job_sources ............................. [[33mSKIP[0m]
[0m08:04:58  41 of 47 START sql view model elementary.anomaly_threshold_sensitivity ......... [RUN]
[0m08:04:58  33 of 47 OK created sql view model elementary.alerts_dbt_tests ................. [[32mCREATE VIEW[0m in 1.36s]
[0m08:04:58  42 of 47 START sql view model elementary.alerts_dbt_models ..................... [RUN]
[0m08:04:58  34 of 47 OK created sql view model elementary.alerts_schema_changes ............ [[32mCREATE VIEW[0m in 1.32s]
[0m08:04:58  43 of 47 SKIP relation public.int_ashby_outline_finalized ...................... [[33mSKIP[0m]
[0m08:04:58  44 of 47 SKIP relation core.all_job_postings ................................... [[33mSKIP[0m]
[0m08:04:58  45 of 47 SKIP relation core.active_job_postings ................................ [[33mSKIP[0m]
[0m08:04:58  46 of 47 SKIP relation core.active_job_postings_default ........................ [[33mSKIP[0m]
[0m08:04:58  47 of 47 SKIP relation core.active_job_postings_prospect ....................... [[33mSKIP[0m]
[0m08:04:59  35 of 47 OK created sql incremental model elementary.test_result_rows .......... [[32mINSERT 0 0[0m in 1.64s]
[0m08:04:59  41 of 47 OK created sql view model elementary.anomaly_threshold_sensitivity .... [[32mCREATE VIEW[0m in 1.23s]
[0m08:05:00  42 of 47 OK created sql view model elementary.alerts_dbt_models ................ [[32mCREATE VIEW[0m in 1.19s]
[0m08:05:00  
[0m08:05:00  Running 1 on-run-end hook
[0m08:05:03  1 of 1 START hook: elementary.on-run-end.0 ..................................... [RUN]
[0m08:05:03  1 of 1 OK hook: elementary.on-run-end.0 ........................................ [[32mOK[0m in 0.00s]
[0m08:05:03  
[0m08:05:03  
[0m08:05:03  Finished running 15 incremental models, 10 table models, 22 view models, 2 project hooks in 0 hours 0 minutes and 20.94 seconds (20.94s).
[0m08:05:03  
[0m08:05:03  [31mCompleted with 7 errors and 0 warnings:[0m
[0m08:05:03  
[0m08:05:03    Database Error in model stg_ashby__job_departments (models/staging/ashby/stg_ashby__job_departments.sql)
  function to_timestamp(timestamp with time zone) does not exist
  LINE 10:         to_timestamp(created_at) at time zone 'UTC' as creat...
                   ^
  HINT:  No function matches the given name and argument types. You might need to add explicit type casts.
  compiled code at target/run/levergreen_dbt/models/staging/ashby/stg_ashby__job_departments.sql
[0m08:05:03  
[0m08:05:03    Database Error in model stg_ashby__job_locations (models/staging/ashby/stg_ashby__job_locations.sql)
  function to_timestamp(timestamp with time zone) does not exist
  LINE 10:         to_timestamp(created_at) at time zone 'UTC' as creat...
                   ^
  HINT:  No function matches the given name and argument types. You might need to add explicit type casts.
  compiled code at target/run/levergreen_dbt/models/staging/ashby/stg_ashby__job_locations.sql
[0m08:05:03  
[0m08:05:03    Database Error in model stg_ashby__jobs_outline (models/staging/ashby/stg_ashby__jobs_outline.sql)
  function to_timestamp(timestamp with time zone) does not exist
  LINE 10:         to_timestamp(created_at) at time zone 'UTC' as creat...
                   ^
  HINT:  No function matches the given name and argument types. You might need to add explicit type casts.
  compiled code at target/run/levergreen_dbt/models/staging/ashby/stg_ashby__jobs_outline.sql
[0m08:05:03  
[0m08:05:03    Database Error in model stg_greenhouse__job_departments (models/staging/greenhouse/stg_greenhouse__job_departments.sql)
  function to_timestamp(timestamp with time zone) does not exist
  LINE 10:         to_timestamp(created_at) at time zone 'UTC' as creat...
                   ^
  HINT:  No function matches the given name and argument types. You might need to add explicit type casts.
  compiled code at target/run/levergreen_dbt/models/staging/greenhouse/stg_greenhouse__job_departments.sql
[0m08:05:03  
[0m08:05:03    Database Error in model stg_greenhouse__jobs_outline (models/staging/greenhouse/stg_greenhouse__jobs_outline.sql)
  function to_timestamp(timestamp with time zone) does not exist
  LINE 12:         to_timestamp(created_at) at time zone 'UTC' as creat...
                   ^
  HINT:  No function matches the given name and argument types. You might need to add explicit type casts.
  compiled code at target/run/levergreen_dbt/models/staging/greenhouse/stg_greenhouse__jobs_outline.sql
[0m08:05:03  
[0m08:05:03    Database Error in model stg_lever__jobs_outline (models/staging/lever/stg_lever__jobs_outline.sql)
  function to_timestamp(timestamp with time zone) does not exist
  LINE 10:         to_timestamp(created_at) at time zone 'UTC' as creat...
                   ^
  HINT:  No function matches the given name and argument types. You might need to add explicit type casts.
  compiled code at target/run/levergreen_dbt/models/staging/lever/stg_lever__jobs_outline.sql
[0m08:05:03  
[0m08:05:03    Database Error in model stg_workable_jobs (models/staging/stg_workable_jobs.sql)
  cross-database references are not implemented: "your_database.public.workable_jobs"
  LINE 9:     from "your_database"."public"."workable_jobs"
                   ^
  compiled code at target/run/levergreen_dbt/models/staging/stg_workable_jobs.sql
[0m08:05:03  
[0m08:05:03  Done. PASS=30 WARN=0 ERROR=7 SKIP=10 TOTAL=47
