2026-04-06 07:41:55 [INFO] logger: Processing ATS: greenhouse
2026-04-06 07:41:56 [INFO] postgres_wrapper: PostgreSQL connection pool created successfully for process 2800
2026-04-06 07:41:56 [INFO] logger: Found 0 URLs for ATS: greenhouse
2026-04-06 07:41:56 [INFO] logger: Completed processing ATS: greenhouse
2026-04-06 07:41:56 [INFO] logger: Processing ATS: lever
2026-04-06 07:41:56 [INFO] logger: Found 0 URLs for ATS: lever
2026-04-06 07:41:57 [INFO] logger: Completed processing ATS: lever
2026-04-06 07:41:57 [INFO] logger: Processing ATS: ashbyhq
2026-04-06 07:41:57 [INFO] logger: Found 0 URLs for ATS: ashbyhq
2026-04-06 07:41:57 [INFO] logger: Completed processing ATS: ashbyhq
2026-04-06 07:41:57 [INFO] logger: Processing ATS: recruitee
2026-04-06 07:41:57 [INFO] logger: Found 0 URLs for ATS: recruitee
2026-04-06 07:41:58 [INFO] logger: Completed processing ATS: recruitee
2026-04-06 07:41:58 [INFO] logger: Processing ATS: teamtailor
2026-04-06 07:41:58 [INFO] logger: Found 0 URLs for ATS: teamtailor
2026-04-06 07:41:58 [INFO] logger: Completed processing ATS: teamtailor
2026-04-06 07:41:58 [INFO] logger: Processing ATS: smartrecruiters
2026-04-06 07:41:58 [INFO] logger: Found 0 URLs for ATS: smartrecruiters
2026-04-06 07:41:58 [INFO] logger: Completed processing ATS: smartrecruiters
2026-04-06 07:41:58 [INFO] logger: Processing ATS: jobvite
2026-04-06 07:41:59 [INFO] logger: Found 0 URLs for ATS: jobvite
2026-04-06 07:41:59 [INFO] logger: Completed processing ATS: jobvite
2026-04-06 07:41:59 [INFO] logger: Processing ATS: workable
2026-04-06 07:41:59 [INFO] logger: Found 0 URLs for ATS: workable
2026-04-06 07:41:59 [INFO] logger: Completed processing ATS: workable
2026-04-06 07:41:59 [INFO] logger: Processing ATS: rippling
2026-04-06 07:42:00 [INFO] logger: Found 0 URLs for ATS: rippling
2026-04-06 07:42:00 [INFO] logger: Completed processing ATS: rippling
