2026-03-03 07:26:14 [INFO] logger: Processing ATS: greenhouse
2026-03-03 07:26:15 [INFO] postgres_wrapper: PostgreSQL connection pool created successfully for process 2867
2026-03-03 07:26:15 [INFO] logger: Found 0 URLs for ATS: greenhouse
2026-03-03 07:26:15 [INFO] logger: Completed processing ATS: greenhouse
2026-03-03 07:26:15 [INFO] logger: Processing ATS: lever
2026-03-03 07:26:16 [INFO] logger: Found 0 URLs for ATS: lever
2026-03-03 07:26:16 [INFO] logger: Completed processing ATS: lever
2026-03-03 07:26:16 [INFO] logger: Processing ATS: ashbyhq
2026-03-03 07:26:16 [INFO] logger: Found 0 URLs for ATS: ashbyhq
2026-03-03 07:26:16 [INFO] logger: Completed processing ATS: ashbyhq
2026-03-03 07:26:16 [INFO] logger: Processing ATS: recruitee
2026-03-03 07:26:17 [INFO] logger: Found 0 URLs for ATS: recruitee
2026-03-03 07:26:17 [INFO] logger: Completed processing ATS: recruitee
2026-03-03 07:26:17 [INFO] logger: Processing ATS: teamtailor
2026-03-03 07:26:17 [INFO] logger: Found 0 URLs for ATS: teamtailor
2026-03-03 07:26:17 [INFO] logger: Completed processing ATS: teamtailor
2026-03-03 07:26:17 [INFO] logger: Processing ATS: smartrecruiters
2026-03-03 07:26:18 [INFO] logger: Found 0 URLs for ATS: smartrecruiters
2026-03-03 07:26:18 [INFO] logger: Completed processing ATS: smartrecruiters
2026-03-03 07:26:18 [INFO] logger: Processing ATS: jobvite
2026-03-03 07:26:18 [INFO] logger: Found 0 URLs for ATS: jobvite
2026-03-03 07:26:18 [INFO] logger: Completed processing ATS: jobvite
2026-03-03 07:26:18 [INFO] logger: Processing ATS: workable
2026-03-03 07:26:19 [INFO] logger: Found 0 URLs for ATS: workable
2026-03-03 07:26:19 [INFO] logger: Completed processing ATS: workable
2026-03-03 07:26:19 [INFO] logger: Processing ATS: rippling
2026-03-03 07:26:19 [INFO] logger: Found 0 URLs for ATS: rippling
2026-03-03 07:26:19 [INFO] logger: Completed processing ATS: rippling
