2025-12-13 07:10:28 [INFO] logger: Processing ATS: greenhouse
2025-12-13 07:10:29 [INFO] postgres_wrapper: PostgreSQL connection pool created successfully for process 2828
2025-12-13 07:10:29 [INFO] logger: Found 0 URLs for ATS: greenhouse
2025-12-13 07:10:30 [INFO] logger: Completed processing ATS: greenhouse
2025-12-13 07:10:30 [INFO] logger: Processing ATS: lever
2025-12-13 07:10:30 [INFO] logger: Found 0 URLs for ATS: lever
2025-12-13 07:10:30 [INFO] logger: Completed processing ATS: lever
2025-12-13 07:10:30 [INFO] logger: Processing ATS: ashbyhq
2025-12-13 07:10:30 [INFO] logger: Found 0 URLs for ATS: ashbyhq
2025-12-13 07:10:30 [INFO] logger: Completed processing ATS: ashbyhq
2025-12-13 07:10:30 [INFO] logger: Processing ATS: recruitee
2025-12-13 07:10:30 [INFO] logger: Found 0 URLs for ATS: recruitee
2025-12-13 07:10:30 [INFO] logger: Completed processing ATS: recruitee
2025-12-13 07:10:30 [INFO] logger: Processing ATS: teamtailor
2025-12-13 07:10:30 [INFO] logger: Found 0 URLs for ATS: teamtailor
2025-12-13 07:10:31 [INFO] logger: Completed processing ATS: teamtailor
2025-12-13 07:10:31 [INFO] logger: Processing ATS: smartrecruiters
2025-12-13 07:10:31 [INFO] logger: Found 0 URLs for ATS: smartrecruiters
2025-12-13 07:10:31 [INFO] logger: Completed processing ATS: smartrecruiters
2025-12-13 07:10:31 [INFO] logger: Processing ATS: jobvite
2025-12-13 07:10:31 [INFO] logger: Found 0 URLs for ATS: jobvite
2025-12-13 07:10:31 [INFO] logger: Completed processing ATS: jobvite
2025-12-13 07:10:31 [INFO] logger: Processing ATS: workable
2025-12-13 07:10:31 [INFO] logger: Found 0 URLs for ATS: workable
2025-12-13 07:10:31 [INFO] logger: Completed processing ATS: workable
2025-12-13 07:10:31 [INFO] logger: Processing ATS: rippling
2025-12-13 07:10:32 [INFO] logger: Found 0 URLs for ATS: rippling
2025-12-13 07:10:32 [INFO] logger: Completed processing ATS: rippling
