2026-01-10 07:10:39 [INFO] logger: Processing ATS: greenhouse
2026-01-10 07:10:40 [INFO] postgres_wrapper: PostgreSQL connection pool created successfully for process 2726
2026-01-10 07:10:40 [INFO] logger: Found 0 URLs for ATS: greenhouse
2026-01-10 07:10:41 [INFO] logger: Completed processing ATS: greenhouse
2026-01-10 07:10:41 [INFO] logger: Processing ATS: lever
2026-01-10 07:10:41 [INFO] logger: Found 0 URLs for ATS: lever
2026-01-10 07:10:41 [INFO] logger: Completed processing ATS: lever
2026-01-10 07:10:41 [INFO] logger: Processing ATS: ashbyhq
2026-01-10 07:10:41 [INFO] logger: Found 0 URLs for ATS: ashbyhq
2026-01-10 07:10:42 [INFO] logger: Completed processing ATS: ashbyhq
2026-01-10 07:10:42 [INFO] logger: Processing ATS: recruitee
2026-01-10 07:10:42 [INFO] logger: Found 0 URLs for ATS: recruitee
2026-01-10 07:10:42 [INFO] logger: Completed processing ATS: recruitee
2026-01-10 07:10:42 [INFO] logger: Processing ATS: teamtailor
2026-01-10 07:10:42 [INFO] logger: Found 0 URLs for ATS: teamtailor
2026-01-10 07:10:42 [INFO] logger: Completed processing ATS: teamtailor
2026-01-10 07:10:42 [INFO] logger: Processing ATS: smartrecruiters
2026-01-10 07:10:43 [INFO] logger: Found 0 URLs for ATS: smartrecruiters
2026-01-10 07:10:43 [INFO] logger: Completed processing ATS: smartrecruiters
2026-01-10 07:10:43 [INFO] logger: Processing ATS: jobvite
2026-01-10 07:10:43 [INFO] logger: Found 0 URLs for ATS: jobvite
2026-01-10 07:10:43 [INFO] logger: Completed processing ATS: jobvite
2026-01-10 07:10:43 [INFO] logger: Processing ATS: workable
2026-01-10 07:10:44 [INFO] logger: Found 0 URLs for ATS: workable
2026-01-10 07:10:44 [INFO] logger: Completed processing ATS: workable
2026-01-10 07:10:44 [INFO] logger: Processing ATS: rippling
2026-01-10 07:10:44 [INFO] logger: Found 0 URLs for ATS: rippling
2026-01-10 07:10:44 [INFO] logger: Completed processing ATS: rippling
