2026-02-10 07:32:52 [INFO] logger: Processing ATS: greenhouse
2026-02-10 07:32:53 [INFO] postgres_wrapper: PostgreSQL connection pool created successfully for process 2763
2026-02-10 07:32:54 [INFO] logger: Found 0 URLs for ATS: greenhouse
2026-02-10 07:32:54 [INFO] logger: Completed processing ATS: greenhouse
2026-02-10 07:32:54 [INFO] logger: Processing ATS: lever
2026-02-10 07:32:54 [INFO] logger: Found 0 URLs for ATS: lever
2026-02-10 07:32:54 [INFO] logger: Completed processing ATS: lever
2026-02-10 07:32:54 [INFO] logger: Processing ATS: ashbyhq
2026-02-10 07:32:55 [INFO] logger: Found 0 URLs for ATS: ashbyhq
2026-02-10 07:32:55 [INFO] logger: Completed processing ATS: ashbyhq
2026-02-10 07:32:55 [INFO] logger: Processing ATS: recruitee
2026-02-10 07:32:55 [INFO] logger: Found 0 URLs for ATS: recruitee
2026-02-10 07:32:55 [INFO] logger: Completed processing ATS: recruitee
2026-02-10 07:32:55 [INFO] logger: Processing ATS: teamtailor
2026-02-10 07:32:55 [INFO] logger: Found 0 URLs for ATS: teamtailor
2026-02-10 07:32:56 [INFO] logger: Completed processing ATS: teamtailor
2026-02-10 07:32:56 [INFO] logger: Processing ATS: smartrecruiters
2026-02-10 07:32:56 [INFO] logger: Found 0 URLs for ATS: smartrecruiters
2026-02-10 07:32:56 [INFO] logger: Completed processing ATS: smartrecruiters
2026-02-10 07:32:56 [INFO] logger: Processing ATS: jobvite
2026-02-10 07:32:56 [INFO] logger: Found 0 URLs for ATS: jobvite
2026-02-10 07:32:56 [INFO] logger: Completed processing ATS: jobvite
2026-02-10 07:32:56 [INFO] logger: Processing ATS: workable
2026-02-10 07:32:57 [INFO] logger: Found 0 URLs for ATS: workable
2026-02-10 07:32:57 [INFO] logger: Completed processing ATS: workable
2026-02-10 07:32:57 [INFO] logger: Processing ATS: rippling
2026-02-10 07:32:57 [INFO] logger: Found 0 URLs for ATS: rippling
2026-02-10 07:32:57 [INFO] logger: Completed processing ATS: rippling
