2026-02-26 07:29:58 [INFO] logger: Processing ATS: greenhouse
2026-02-26 07:29:59 [INFO] postgres_wrapper: PostgreSQL connection pool created successfully for process 2851
2026-02-26 07:30:00 [INFO] logger: Found 0 URLs for ATS: greenhouse
2026-02-26 07:30:00 [INFO] logger: Completed processing ATS: greenhouse
2026-02-26 07:30:00 [INFO] logger: Processing ATS: lever
2026-02-26 07:30:00 [INFO] logger: Found 0 URLs for ATS: lever
2026-02-26 07:30:01 [INFO] logger: Completed processing ATS: lever
2026-02-26 07:30:01 [INFO] logger: Processing ATS: ashbyhq
2026-02-26 07:30:01 [INFO] logger: Found 0 URLs for ATS: ashbyhq
2026-02-26 07:30:01 [INFO] logger: Completed processing ATS: ashbyhq
2026-02-26 07:30:01 [INFO] logger: Processing ATS: recruitee
2026-02-26 07:30:01 [INFO] logger: Found 0 URLs for ATS: recruitee
2026-02-26 07:30:01 [INFO] logger: Completed processing ATS: recruitee
2026-02-26 07:30:01 [INFO] logger: Processing ATS: teamtailor
2026-02-26 07:30:02 [INFO] logger: Found 0 URLs for ATS: teamtailor
2026-02-26 07:30:02 [INFO] logger: Completed processing ATS: teamtailor
2026-02-26 07:30:02 [INFO] logger: Processing ATS: smartrecruiters
2026-02-26 07:30:02 [INFO] logger: Found 0 URLs for ATS: smartrecruiters
2026-02-26 07:30:02 [INFO] logger: Completed processing ATS: smartrecruiters
2026-02-26 07:30:02 [INFO] logger: Processing ATS: jobvite
2026-02-26 07:30:02 [INFO] logger: Found 0 URLs for ATS: jobvite
2026-02-26 07:30:03 [INFO] logger: Completed processing ATS: jobvite
2026-02-26 07:30:03 [INFO] logger: Processing ATS: workable
2026-02-26 07:30:03 [INFO] logger: Found 0 URLs for ATS: workable
2026-02-26 07:30:03 [INFO] logger: Completed processing ATS: workable
2026-02-26 07:30:03 [INFO] logger: Processing ATS: rippling
2026-02-26 07:30:03 [INFO] logger: Found 0 URLs for ATS: rippling
2026-02-26 07:30:03 [INFO] logger: Completed processing ATS: rippling
