2026-02-02 07:30:21 [INFO] logger: Processing ATS: greenhouse
2026-02-02 07:30:23 [INFO] postgres_wrapper: PostgreSQL connection pool created successfully for process 2781
2026-02-02 07:30:23 [INFO] logger: Found 0 URLs for ATS: greenhouse
2026-02-02 07:30:23 [INFO] logger: Completed processing ATS: greenhouse
2026-02-02 07:30:23 [INFO] logger: Processing ATS: lever
2026-02-02 07:30:23 [INFO] logger: Found 0 URLs for ATS: lever
2026-02-02 07:30:24 [INFO] logger: Completed processing ATS: lever
2026-02-02 07:30:24 [INFO] logger: Processing ATS: ashbyhq
2026-02-02 07:30:24 [INFO] logger: Found 0 URLs for ATS: ashbyhq
2026-02-02 07:30:24 [INFO] logger: Completed processing ATS: ashbyhq
2026-02-02 07:30:24 [INFO] logger: Processing ATS: recruitee
2026-02-02 07:30:24 [INFO] logger: Found 0 URLs for ATS: recruitee
2026-02-02 07:30:25 [INFO] logger: Completed processing ATS: recruitee
2026-02-02 07:30:25 [INFO] logger: Processing ATS: teamtailor
2026-02-02 07:30:25 [INFO] logger: Found 0 URLs for ATS: teamtailor
2026-02-02 07:30:25 [INFO] logger: Completed processing ATS: teamtailor
2026-02-02 07:30:25 [INFO] logger: Processing ATS: smartrecruiters
2026-02-02 07:30:25 [INFO] logger: Found 0 URLs for ATS: smartrecruiters
2026-02-02 07:30:25 [INFO] logger: Completed processing ATS: smartrecruiters
2026-02-02 07:30:25 [INFO] logger: Processing ATS: jobvite
2026-02-02 07:30:26 [INFO] logger: Found 0 URLs for ATS: jobvite
2026-02-02 07:30:26 [INFO] logger: Completed processing ATS: jobvite
2026-02-02 07:30:26 [INFO] logger: Processing ATS: workable
2026-02-02 07:30:26 [INFO] logger: Found 0 URLs for ATS: workable
2026-02-02 07:30:26 [INFO] logger: Completed processing ATS: workable
2026-02-02 07:30:26 [INFO] logger: Processing ATS: rippling
2026-02-02 07:30:27 [INFO] logger: Found 0 URLs for ATS: rippling
2026-02-02 07:30:27 [INFO] logger: Completed processing ATS: rippling
