2026-04-12 07:38:41 [INFO] logger: Processing ATS: greenhouse
2026-04-12 07:38:42 [INFO] postgres_wrapper: PostgreSQL connection pool created successfully for process 2859
2026-04-12 07:38:42 [INFO] logger: Found 0 URLs for ATS: greenhouse
2026-04-12 07:38:42 [INFO] logger: Completed processing ATS: greenhouse
2026-04-12 07:38:42 [INFO] logger: Processing ATS: lever
2026-04-12 07:38:43 [INFO] logger: Found 0 URLs for ATS: lever
2026-04-12 07:38:43 [INFO] logger: Completed processing ATS: lever
2026-04-12 07:38:43 [INFO] logger: Processing ATS: ashbyhq
2026-04-12 07:38:43 [INFO] logger: Found 0 URLs for ATS: ashbyhq
2026-04-12 07:38:43 [INFO] logger: Completed processing ATS: ashbyhq
2026-04-12 07:38:43 [INFO] logger: Processing ATS: recruitee
2026-04-12 07:38:44 [INFO] logger: Found 0 URLs for ATS: recruitee
2026-04-12 07:38:44 [INFO] logger: Completed processing ATS: recruitee
2026-04-12 07:38:44 [INFO] logger: Processing ATS: teamtailor
2026-04-12 07:38:44 [INFO] logger: Found 0 URLs for ATS: teamtailor
2026-04-12 07:38:44 [INFO] logger: Completed processing ATS: teamtailor
2026-04-12 07:38:44 [INFO] logger: Processing ATS: smartrecruiters
2026-04-12 07:38:45 [INFO] logger: Found 0 URLs for ATS: smartrecruiters
2026-04-12 07:38:45 [INFO] logger: Completed processing ATS: smartrecruiters
2026-04-12 07:38:45 [INFO] logger: Processing ATS: jobvite
2026-04-12 07:38:45 [INFO] logger: Found 0 URLs for ATS: jobvite
2026-04-12 07:38:45 [INFO] logger: Completed processing ATS: jobvite
2026-04-12 07:38:45 [INFO] logger: Processing ATS: workable
2026-04-12 07:38:45 [INFO] logger: Found 0 URLs for ATS: workable
2026-04-12 07:38:46 [INFO] logger: Completed processing ATS: workable
2026-04-12 07:38:46 [INFO] logger: Processing ATS: rippling
2026-04-12 07:38:46 [INFO] logger: Found 0 URLs for ATS: rippling
2026-04-12 07:38:46 [INFO] logger: Completed processing ATS: rippling
