2025-12-18 07:12:38 [INFO] logger: Processing ATS: greenhouse
2025-12-18 07:12:39 [INFO] postgres_wrapper: PostgreSQL connection pool created successfully for process 2691
2025-12-18 07:12:40 [INFO] logger: Found 0 URLs for ATS: greenhouse
2025-12-18 07:12:40 [INFO] logger: Completed processing ATS: greenhouse
2025-12-18 07:12:40 [INFO] logger: Processing ATS: lever
2025-12-18 07:12:40 [INFO] logger: Found 0 URLs for ATS: lever
2025-12-18 07:12:40 [INFO] logger: Completed processing ATS: lever
2025-12-18 07:12:40 [INFO] logger: Processing ATS: ashbyhq
2025-12-18 07:12:40 [INFO] logger: Found 0 URLs for ATS: ashbyhq
2025-12-18 07:12:40 [INFO] logger: Completed processing ATS: ashbyhq
2025-12-18 07:12:40 [INFO] logger: Processing ATS: recruitee
2025-12-18 07:12:41 [INFO] logger: Found 0 URLs for ATS: recruitee
2025-12-18 07:12:41 [INFO] logger: Completed processing ATS: recruitee
2025-12-18 07:12:41 [INFO] logger: Processing ATS: teamtailor
2025-12-18 07:12:41 [INFO] logger: Found 0 URLs for ATS: teamtailor
2025-12-18 07:12:41 [INFO] logger: Completed processing ATS: teamtailor
2025-12-18 07:12:41 [INFO] logger: Processing ATS: smartrecruiters
2025-12-18 07:12:41 [INFO] logger: Found 0 URLs for ATS: smartrecruiters
2025-12-18 07:12:41 [INFO] logger: Completed processing ATS: smartrecruiters
2025-12-18 07:12:41 [INFO] logger: Processing ATS: jobvite
2025-12-18 07:12:42 [INFO] logger: Found 0 URLs for ATS: jobvite
2025-12-18 07:12:42 [INFO] logger: Completed processing ATS: jobvite
2025-12-18 07:12:42 [INFO] logger: Processing ATS: workable
2025-12-18 07:12:42 [INFO] logger: Found 0 URLs for ATS: workable
2025-12-18 07:12:42 [INFO] logger: Completed processing ATS: workable
2025-12-18 07:12:42 [INFO] logger: Processing ATS: rippling
2025-12-18 07:12:42 [INFO] logger: Found 0 URLs for ATS: rippling
2025-12-18 07:12:42 [INFO] logger: Completed processing ATS: rippling
