2026-05-13 08:06:32 [INFO] logger: Processing ATS: greenhouse
2026-05-13 08:06:33 [INFO] postgres_wrapper: PostgreSQL connection pool created successfully for process 2910
2026-05-13 08:06:34 [INFO] logger: Found 0 URLs for ATS: greenhouse
2026-05-13 08:06:34 [INFO] logger: Completed processing ATS: greenhouse
2026-05-13 08:06:34 [INFO] logger: Processing ATS: lever
2026-05-13 08:06:34 [INFO] logger: Found 0 URLs for ATS: lever
2026-05-13 08:06:34 [INFO] logger: Completed processing ATS: lever
2026-05-13 08:06:34 [INFO] logger: Processing ATS: ashbyhq
2026-05-13 08:06:34 [INFO] logger: Found 0 URLs for ATS: ashbyhq
2026-05-13 08:06:34 [INFO] logger: Completed processing ATS: ashbyhq
2026-05-13 08:06:34 [INFO] logger: Processing ATS: recruitee
2026-05-13 08:06:34 [INFO] logger: Found 0 URLs for ATS: recruitee
2026-05-13 08:06:35 [INFO] logger: Completed processing ATS: recruitee
2026-05-13 08:06:35 [INFO] logger: Processing ATS: teamtailor
2026-05-13 08:06:35 [INFO] logger: Found 0 URLs for ATS: teamtailor
2026-05-13 08:06:35 [INFO] logger: Completed processing ATS: teamtailor
2026-05-13 08:06:35 [INFO] logger: Processing ATS: smartrecruiters
2026-05-13 08:06:35 [INFO] logger: Found 0 URLs for ATS: smartrecruiters
2026-05-13 08:06:35 [INFO] logger: Completed processing ATS: smartrecruiters
2026-05-13 08:06:35 [INFO] logger: Processing ATS: jobvite
2026-05-13 08:06:35 [INFO] logger: Found 0 URLs for ATS: jobvite
2026-05-13 08:06:35 [INFO] logger: Completed processing ATS: jobvite
2026-05-13 08:06:35 [INFO] logger: Processing ATS: workable
2026-05-13 08:06:36 [INFO] logger: Found 0 URLs for ATS: workable
2026-05-13 08:06:36 [INFO] logger: Completed processing ATS: workable
2026-05-13 08:06:36 [INFO] logger: Processing ATS: rippling
2026-05-13 08:06:36 [INFO] logger: Found 0 URLs for ATS: rippling
2026-05-13 08:06:36 [INFO] logger: Completed processing ATS: rippling
