2025-12-26 07:12:49 [INFO] logger: Processing ATS: greenhouse
2025-12-26 07:12:49 [INFO] postgres_wrapper: PostgreSQL connection pool created successfully for process 2686
2025-12-26 07:12:50 [INFO] logger: Found 0 URLs for ATS: greenhouse
2025-12-26 07:12:50 [INFO] logger: Completed processing ATS: greenhouse
2025-12-26 07:12:50 [INFO] logger: Processing ATS: lever
2025-12-26 07:12:50 [INFO] logger: Found 0 URLs for ATS: lever
2025-12-26 07:12:50 [INFO] logger: Completed processing ATS: lever
2025-12-26 07:12:50 [INFO] logger: Processing ATS: ashbyhq
2025-12-26 07:12:51 [INFO] logger: Found 0 URLs for ATS: ashbyhq
2025-12-26 07:12:51 [INFO] logger: Completed processing ATS: ashbyhq
2025-12-26 07:12:51 [INFO] logger: Processing ATS: recruitee
2025-12-26 07:12:51 [INFO] logger: Found 0 URLs for ATS: recruitee
2025-12-26 07:12:51 [INFO] logger: Completed processing ATS: recruitee
2025-12-26 07:12:51 [INFO] logger: Processing ATS: teamtailor
2025-12-26 07:12:51 [INFO] logger: Found 0 URLs for ATS: teamtailor
2025-12-26 07:12:51 [INFO] logger: Completed processing ATS: teamtailor
2025-12-26 07:12:51 [INFO] logger: Processing ATS: smartrecruiters
2025-12-26 07:12:52 [INFO] logger: Found 0 URLs for ATS: smartrecruiters
2025-12-26 07:12:52 [INFO] logger: Completed processing ATS: smartrecruiters
2025-12-26 07:12:52 [INFO] logger: Processing ATS: jobvite
2025-12-26 07:12:52 [INFO] logger: Found 0 URLs for ATS: jobvite
2025-12-26 07:12:52 [INFO] logger: Completed processing ATS: jobvite
2025-12-26 07:12:52 [INFO] logger: Processing ATS: workable
2025-12-26 07:12:52 [INFO] logger: Found 0 URLs for ATS: workable
2025-12-26 07:12:52 [INFO] logger: Completed processing ATS: workable
2025-12-26 07:12:52 [INFO] logger: Processing ATS: rippling
2025-12-26 07:12:53 [INFO] logger: Found 0 URLs for ATS: rippling
2025-12-26 07:12:53 [INFO] logger: Completed processing ATS: rippling
