2025-12-27 07:10:19 [INFO] logger: Processing ATS: greenhouse
2025-12-27 07:10:20 [INFO] postgres_wrapper: PostgreSQL connection pool created successfully for process 2807
2025-12-27 07:10:20 [INFO] logger: Found 0 URLs for ATS: greenhouse
2025-12-27 07:10:20 [INFO] logger: Completed processing ATS: greenhouse
2025-12-27 07:10:20 [INFO] logger: Processing ATS: lever
2025-12-27 07:10:21 [INFO] logger: Found 0 URLs for ATS: lever
2025-12-27 07:10:21 [INFO] logger: Completed processing ATS: lever
2025-12-27 07:10:21 [INFO] logger: Processing ATS: ashbyhq
2025-12-27 07:10:21 [INFO] logger: Found 0 URLs for ATS: ashbyhq
2025-12-27 07:10:21 [INFO] logger: Completed processing ATS: ashbyhq
2025-12-27 07:10:21 [INFO] logger: Processing ATS: recruitee
2025-12-27 07:10:21 [INFO] logger: Found 0 URLs for ATS: recruitee
2025-12-27 07:10:21 [INFO] logger: Completed processing ATS: recruitee
2025-12-27 07:10:21 [INFO] logger: Processing ATS: teamtailor
2025-12-27 07:10:21 [INFO] logger: Found 0 URLs for ATS: teamtailor
2025-12-27 07:10:21 [INFO] logger: Completed processing ATS: teamtailor
2025-12-27 07:10:21 [INFO] logger: Processing ATS: smartrecruiters
2025-12-27 07:10:22 [INFO] logger: Found 0 URLs for ATS: smartrecruiters
2025-12-27 07:10:22 [INFO] logger: Completed processing ATS: smartrecruiters
2025-12-27 07:10:22 [INFO] logger: Processing ATS: jobvite
2025-12-27 07:10:22 [INFO] logger: Found 0 URLs for ATS: jobvite
2025-12-27 07:10:22 [INFO] logger: Completed processing ATS: jobvite
2025-12-27 07:10:22 [INFO] logger: Processing ATS: workable
2025-12-27 07:10:22 [INFO] logger: Found 0 URLs for ATS: workable
2025-12-27 07:10:22 [INFO] logger: Completed processing ATS: workable
2025-12-27 07:10:22 [INFO] logger: Processing ATS: rippling
2025-12-27 07:10:23 [INFO] logger: Found 0 URLs for ATS: rippling
2025-12-27 07:10:23 [INFO] logger: Completed processing ATS: rippling
